[Dec 15 15:28]  acl paket mevcut -- geciliyor
[Dec 15 15:28]  attr paket mevcut -- geciliyor
[Dec 15 15:28]  autoconf paket mevcut -- geciliyor
[Dec 15 15:28]  automake paket mevcut -- geciliyor
[Dec 15 15:28]  bash paket mevcut -- geciliyor
[Dec 15 15:28]  bc paket mevcut -- geciliyor
[Dec 15 15:28]  binutils derleme basarisiz
[Dec 15 15:28]  bison paket mevcut -- geciliyor
[Dec 15 15:28]  bzip2 paket mevcut -- geciliyor
[Dec 15 15:28]  ca-certificates paket mevcut -- geciliyor
[Dec 15 15:28]  coreutils paket mevcut -- geciliyor
[Dec 15 15:28]  cpio paket mevcut -- geciliyor
[Dec 15 15:28]  curl paket mevcut -- geciliyor
[Dec 15 15:28]  dhcpcd paket mevcut -- geciliyor
[Dec 15 15:28]  dialog paket mevcut -- geciliyor
[Dec 15 15:28]  diffutils paket mevcut -- geciliyor
[Dec 15 15:28]  e2fsprogs paket mevcut -- geciliyor
[Dec 15 15:28]  eudev paket mevcut -- geciliyor
[Dec 15 15:28]  expat paket mevcut -- geciliyor
[Dec 15 15:28]  file paket mevcut -- geciliyor
[Dec 15 15:28]  findutils paket mevcut -- geciliyor
[Dec 15 15:28]  flex paket mevcut -- geciliyor
[Dec 15 15:28]  gawk paket mevcut -- geciliyor
[Dec 15 15:28]  gdbm paket mevcut -- geciliyor
[Dec 15 15:28]  gmp paket mevcut -- geciliyor
[Dec 15 15:28]  gperf paket mevcut -- geciliyor
[Dec 15 15:28]  gpm derleme basarisiz
[Dec 15 15:28]  grep paket mevcut -- geciliyor
[Dec 15 15:28]  groff paket mevcut -- geciliyor
[Dec 15 15:28]  gzip paket mevcut -- geciliyor
[Dec 15 15:28]  iana-etc paket mevcut -- geciliyor
[Dec 15 15:28]  inetutils paket mevcut -- geciliyor
[Dec 15 15:28]  iproute2 paket mevcut -- geciliyor
[Dec 15 15:28]  kbd paket mevcut -- geciliyor
[Dec 15 15:28]  kmod paket mevcut -- geciliyor
[Dec 15 15:28]  less paket mevcut -- geciliyor
[Dec 15 15:28]  libarchive paket mevcut -- geciliyor
[Dec 15 15:28]  libcap paket mevcut -- geciliyor
[Dec 15 15:28]  libpipeline paket mevcut -- geciliyor
[Dec 15 15:28]  libtool paket mevcut -- geciliyor
[Dec 15 15:35]  lvm2 derleme basarili
[Dec 15 15:35]  lz4 paket mevcut -- geciliyor
[Dec 15 15:35]  lzip derleme basarisiz
[Dec 15 15:35]  lzo paket mevcut -- geciliyor
[Dec 15 15:35]  m4 paket mevcut -- geciliyor
[Dec 15 15:35]  make paket mevcut -- geciliyor
[Dec 15 15:35]  man-db paket mevcut -- geciliyor
[Dec 15 15:35]  mpc paket mevcut -- geciliyor
[Dec 15 15:35]  mpfr paket mevcut -- geciliyor
[Dec 15 15:35]  nano paket mevcut -- geciliyor
[Dec 15 15:35]  nasm derleme basarisiz
[Dec 15 15:40]  ncurses derleme basarisiz
[Dec 15 15:59]  acl paket mevcut -- geciliyor
[Dec 15 15:59]  attr paket mevcut -- geciliyor
[Dec 15 15:59]  autoconf paket mevcut -- geciliyor
[Dec 15 15:59]  automake paket mevcut -- geciliyor
[Dec 15 15:59]  bash paket mevcut -- geciliyor
[Dec 15 15:59]  bc paket mevcut -- geciliyor
[Dec 15 15:59]  acl paket mevcut -- geciliyor
[Dec 15 15:59]  attr paket mevcut -- geciliyor
[Dec 15 15:59]  autoconf paket mevcut -- geciliyor
[Dec 15 15:59]  automake paket mevcut -- geciliyor
[Dec 15 15:59]  bash paket mevcut -- geciliyor
[Dec 15 15:59]  bc paket mevcut -- geciliyor
[Dec 15 16:00]  acl paket mevcut -- geciliyor
[Dec 15 16:00]  attr paket mevcut -- geciliyor
[Dec 15 16:00]  autoconf paket mevcut -- geciliyor
[Dec 15 16:00]  automake paket mevcut -- geciliyor
[Dec 15 16:00]  bash paket mevcut -- geciliyor
[Dec 15 16:00]  bc paket mevcut -- geciliyor
[Dec 15 16:00]  binutils derleme basarisiz
[Dec 15 16:00]  bison paket mevcut -- geciliyor
[Dec 15 16:00]  bzip2 paket mevcut -- geciliyor
[Dec 15 16:00]  ca-certificates paket mevcut -- geciliyor
[Dec 15 16:00]  coreutils paket mevcut -- geciliyor
[Dec 15 16:00]  cpio paket mevcut -- geciliyor
[Dec 15 16:00]  curl paket mevcut -- geciliyor
[Dec 15 16:00]  dhcpcd paket mevcut -- geciliyor
[Dec 15 16:00]  dialog paket mevcut -- geciliyor
[Dec 15 16:00]  diffutils paket mevcut -- geciliyor
[Dec 15 16:00]  e2fsprogs paket mevcut -- geciliyor
[Dec 15 16:00]  eudev paket mevcut -- geciliyor
[Dec 15 16:00]  expat paket mevcut -- geciliyor
[Dec 15 16:00]  file paket mevcut -- geciliyor
[Dec 15 16:00]  findutils paket mevcut -- geciliyor
[Dec 15 16:00]  flex paket mevcut -- geciliyor
[Dec 15 16:00]  gawk paket mevcut -- geciliyor
[Dec 15 16:00]  gdbm paket mevcut -- geciliyor
[Dec 15 16:00]  gmp paket mevcut -- geciliyor
[Dec 15 16:00]  gperf paket mevcut -- geciliyor
[Dec 15 16:00]  gpm derleme basarisiz
[Dec 15 16:00]  grep paket mevcut -- geciliyor
[Dec 15 16:00]  groff paket mevcut -- geciliyor
[Dec 15 16:00]  gzip paket mevcut -- geciliyor
[Dec 15 16:00]  iana-etc paket mevcut -- geciliyor
[Dec 15 16:00]  inetutils paket mevcut -- geciliyor
[Dec 15 16:00]  iproute2 paket mevcut -- geciliyor
[Dec 15 16:00]  kbd paket mevcut -- geciliyor
[Dec 15 16:00]  kmod paket mevcut -- geciliyor
[Dec 15 16:00]  less paket mevcut -- geciliyor
[Dec 15 16:00]  libarchive paket mevcut -- geciliyor
[Dec 15 16:00]  libcap paket mevcut -- geciliyor
[Dec 15 16:00]  libpipeline paket mevcut -- geciliyor
[Dec 15 16:00]  libtool paket mevcut -- geciliyor
[Dec 15 16:00]  lvm2 paket mevcut -- geciliyor
[Dec 15 16:00]  lz4 paket mevcut -- geciliyor
[Dec 15 16:00]  lzip derleme basarisiz
[Dec 15 16:00]  lzo paket mevcut -- geciliyor
[Dec 15 16:00]  m4 paket mevcut -- geciliyor
[Dec 15 16:00]  make paket mevcut -- geciliyor
[Dec 15 16:00]  man-db paket mevcut -- geciliyor
[Dec 15 16:00]  mpc paket mevcut -- geciliyor
[Dec 15 16:00]  mpfr paket mevcut -- geciliyor
[Dec 15 16:00]  nano paket mevcut -- geciliyor
[Dec 15 16:00]  nasm derleme basarisiz
[Dec 15 16:01]  acl paket mevcut -- geciliyor
[Dec 15 16:01]  attr paket mevcut -- geciliyor
[Dec 15 16:01]  autoconf paket mevcut -- geciliyor
[Dec 15 16:01]  automake paket mevcut -- geciliyor
[Dec 15 16:01]  bash paket mevcut -- geciliyor
[Dec 15 16:01]  bc paket mevcut -- geciliyor
[Dec 15 16:01]  binutils derleme basarisiz
[Dec 15 16:01]  bison paket mevcut -- geciliyor
[Dec 15 16:01]  bzip2 paket mevcut -- geciliyor
[Dec 15 16:01]  ca-certificates paket mevcut -- geciliyor
[Dec 15 16:01]  coreutils paket mevcut -- geciliyor
[Dec 15 16:01]  cpio paket mevcut -- geciliyor
[Dec 15 16:01]  curl paket mevcut -- geciliyor
[Dec 15 16:01]  dhcpcd paket mevcut -- geciliyor
[Dec 15 16:01]  dialog paket mevcut -- geciliyor
[Dec 15 16:01]  diffutils paket mevcut -- geciliyor
[Dec 15 16:01]  e2fsprogs paket mevcut -- geciliyor
[Dec 15 16:01]  eudev paket mevcut -- geciliyor
[Dec 15 16:01]  expat paket mevcut -- geciliyor
[Dec 15 16:01]  file paket mevcut -- geciliyor
[Dec 15 16:01]  findutils paket mevcut -- geciliyor
[Dec 15 16:01]  flex paket mevcut -- geciliyor
[Dec 15 16:01]  gawk paket mevcut -- geciliyor
[Dec 15 16:01]  gdbm paket mevcut -- geciliyor
[Dec 15 16:01]  gmp paket mevcut -- geciliyor
[Dec 15 16:01]  gperf paket mevcut -- geciliyor
[Dec 15 16:01]  gpm derleme basarisiz
[Dec 15 16:01]  grep paket mevcut -- geciliyor
[Dec 15 16:01]  groff paket mevcut -- geciliyor
[Dec 15 16:01]  gzip paket mevcut -- geciliyor
[Dec 15 16:01]  iana-etc paket mevcut -- geciliyor
[Dec 15 16:01]  inetutils paket mevcut -- geciliyor
[Dec 15 16:01]  iproute2 paket mevcut -- geciliyor
[Dec 15 16:01]  kbd paket mevcut -- geciliyor
[Dec 15 16:01]  kmod paket mevcut -- geciliyor
[Dec 15 16:01]  less paket mevcut -- geciliyor
[Dec 15 16:01]  libarchive paket mevcut -- geciliyor
[Dec 15 16:01]  libcap paket mevcut -- geciliyor
[Dec 15 16:01]  libpipeline paket mevcut -- geciliyor
[Dec 15 16:01]  libtool paket mevcut -- geciliyor
[Dec 15 16:01]  lvm2 paket mevcut -- geciliyor
[Dec 15 16:01]  lz4 paket mevcut -- geciliyor
[Dec 15 16:01]  lzip derleme basarisiz
[Dec 15 16:01]  lzo paket mevcut -- geciliyor
[Dec 15 16:01]  m4 paket mevcut -- geciliyor
[Dec 15 16:01]  make paket mevcut -- geciliyor
[Dec 15 16:01]  man-db paket mevcut -- geciliyor
[Dec 15 16:01]  mpc paket mevcut -- geciliyor
[Dec 15 16:01]  mpfr paket mevcut -- geciliyor
[Dec 15 16:01]  nano paket mevcut -- geciliyor
[Dec 15 16:01]  nasm derleme basarisiz
[Dec 15 16:12]  acl paket mevcut -- geciliyor
[Dec 15 16:12]  attr paket mevcut -- geciliyor
[Dec 15 16:12]  autoconf paket mevcut -- geciliyor
[Dec 15 16:12]  automake paket mevcut -- geciliyor
[Dec 15 16:12]  bash paket mevcut -- geciliyor
[Dec 15 16:12]  bc paket mevcut -- geciliyor
[Dec 15 16:12]  bison paket mevcut -- geciliyor
[Dec 15 16:12]  bzip2 paket mevcut -- geciliyor
[Dec 15 16:12]  ca-certificates paket mevcut -- geciliyor
[Dec 15 16:12]  coreutils paket mevcut -- geciliyor
[Dec 15 16:12]  cpio paket mevcut -- geciliyor
[Dec 15 16:12]  curl paket mevcut -- geciliyor
[Dec 15 16:12]  dhcpcd paket mevcut -- geciliyor
[Dec 15 16:12]  dialog paket mevcut -- geciliyor
[Dec 15 16:12]  diffutils paket mevcut -- geciliyor
[Dec 15 16:12]  e2fsprogs paket mevcut -- geciliyor
[Dec 15 16:12]  eudev paket mevcut -- geciliyor
[Dec 15 16:12]  expat paket mevcut -- geciliyor
[Dec 15 16:12]  file paket mevcut -- geciliyor
[Dec 15 16:12]  findutils paket mevcut -- geciliyor
[Dec 15 16:12]  flex paket mevcut -- geciliyor
[Dec 15 16:12]  gawk paket mevcut -- geciliyor
[Dec 15 16:12]  gdbm paket mevcut -- geciliyor
[Dec 15 16:54]  gettext derleme basarili
[Dec 15 16:54]  gmp paket mevcut -- geciliyor
[Dec 15 16:54]  gperf paket mevcut -- geciliyor
[Dec 15 16:54]  grep paket mevcut -- geciliyor
[Dec 15 16:54]  groff paket mevcut -- geciliyor
[Dec 15 16:54]  gzip paket mevcut -- geciliyor
[Dec 15 16:54]  iana-etc paket mevcut -- geciliyor
[Dec 15 16:54]  inetutils paket mevcut -- geciliyor
[Dec 15 16:54]  iproute2 paket mevcut -- geciliyor
[Dec 15 16:54]  kbd paket mevcut -- geciliyor
[Dec 15 16:54]  kmod paket mevcut -- geciliyor
[Dec 15 16:54]  less paket mevcut -- geciliyor
[Dec 15 16:54]  libarchive paket mevcut -- geciliyor
[Dec 15 16:54]  libcap paket mevcut -- geciliyor
[Dec 15 16:54]  libpipeline paket mevcut -- geciliyor
[Dec 15 16:54]  libtool paket mevcut -- geciliyor
[Dec 15 16:54]  lvm2 paket mevcut -- geciliyor
[Dec 15 16:54]  lz4 paket mevcut -- geciliyor
[Dec 15 16:54]  lzo paket mevcut -- geciliyor
[Dec 15 16:54]  m4 paket mevcut -- geciliyor
[Dec 15 16:54]  make paket mevcut -- geciliyor
[Dec 15 16:54]  man-db paket mevcut -- geciliyor
[Dec 15 16:54]  mpc paket mevcut -- geciliyor
[Dec 15 16:54]  mpfr paket mevcut -- geciliyor
[Dec 15 16:54]  nano paket mevcut -- geciliyor
