=======> isim: eudev
=======> surum: 3.1.5
=======> devir: 1
=======> İndiriliyor http://dev.gentoo.org/~blueness/eudev/eudev-3.1.5.tar.gz
=======> kayıt:/sources/eudev-3.1.5.tar.gz
=======> İndiriliyor http://anduin.linuxfromscratch.org/sources/other/udev-lfs-20140408.tar.bz2
=======> kayıt:/sources/udev-lfs-20140408.tar.bz2
hash kontrol dosyası yok-hash kontrolü yapılmayacak.
=======> Derleniyor '/root/milis-arm/temel/eudev/eudev#3.1.5-armv7l.mps.lz'.
tar -p -C /tmp/work/src -xf /sources/eudev-3.1.5.tar.gz
tar -p -C /tmp/work/src -xf /sources/udev-lfs-20140408.tar.bz2
configure: creating cache config.cache
checking for gcc... gcc
checking whether the C compiler works... yes
checking for C compiler default output file name... a.out
checking for suffix of executables... 
checking whether we are cross compiling... no
checking for suffix of object files... o
checking whether we are using the GNU C compiler... yes
checking whether gcc accepts -g... yes
checking for gcc option to accept ISO C89... none needed
checking how to run the C preprocessor... gcc -E
checking for grep that handles long lines and -e... /bin/grep
checking for egrep... /bin/grep -E
checking for ANSI C header files... yes
checking for sys/types.h... yes
checking for sys/stat.h... yes
checking for stdlib.h... yes
checking for string.h... yes
checking for memory.h... yes
checking for strings.h... yes
checking for inttypes.h... yes
checking for stdint.h... yes
checking for unistd.h... yes
checking minix/config.h usability... no
checking minix/config.h presence... no
checking for minix/config.h... no
checking whether it is safe to define __EXTENSIONS__... yes
checking for special C compiler options needed for large files... no
checking for _FILE_OFFSET_BITS value needed for large files... 64
checking for a BSD-compatible install... /usr/bin/install -c
checking whether build environment is sane... yes
checking for a thread-safe mkdir -p... /bin/mkdir -p
checking for gawk... gawk
checking whether make sets $(MAKE)... yes
checking for style of include used by make... GNU
checking whether make supports nested variables... yes
checking dependency style of gcc... gcc3
checking whether make supports nested variables... (cached) yes
checking build system type... armv7l-unknown-linux-gnueabihf
checking host system type... armv7l-unknown-linux-gnueabihf
checking how to print strings... printf
checking for a sed that does not truncate output... /bin/sed
checking for fgrep... /bin/grep -F
checking for ld used by gcc... /usr/bin/ld
checking if the linker (/usr/bin/ld) is GNU ld... yes
checking for BSD- or MS-compatible name lister (nm)... /usr/bin/nm -B
checking the name lister (/usr/bin/nm -B) interface... BSD nm
checking whether ln -s works... yes
checking the maximum length of command line arguments... 1572864
checking how to convert armv7l-unknown-linux-gnueabihf file names to armv7l-unknown-linux-gnueabihf format... func_convert_file_noop
checking how to convert armv7l-unknown-linux-gnueabihf file names to toolchain format... func_convert_file_noop
checking for /usr/bin/ld option to reload object files... -r
checking for objdump... objdump
checking how to recognize dependent libraries... pass_all
checking for dlltool... no
checking how to associate runtime and link libraries... printf %s\n
checking for ar... ar
checking for archiver @FILE support... @
checking for strip... strip
checking for ranlib... ranlib
checking command to parse /usr/bin/nm -B output from gcc object... ok
checking for sysroot... no
checking for a working dd... /bin/dd
checking how to truncate binary pipes... /bin/dd bs=4096 count=1
checking for mt... no
checking if : is a manifest tool... no
checking for dlfcn.h... yes
checking for objdir... .libs
checking if gcc supports -fno-rtti -fno-exceptions... no
checking for gcc option to produce PIC... -fPIC -DPIC
checking if gcc PIC flag -fPIC -DPIC works... yes
checking if gcc static flag -static works... yes
checking if gcc supports -c -o file.o... yes
checking if gcc supports -c -o file.o... (cached) yes
checking whether the gcc linker (/usr/bin/ld) supports shared libraries... yes
checking whether -lc should be explicitly linked in... no
checking dynamic linker characteristics... GNU/Linux ld.so
checking how to hardcode library paths into programs... immediate
checking whether stripping libraries is possible... yes
checking if libtool supports shared libraries... yes
checking whether to build shared libraries... yes
checking whether to build static libraries... no
checking whether ln -s works... yes
checking for a sed that does not truncate output... (cached) /bin/sed
checking for grep that handles long lines and -e... (cached) /bin/grep
checking for gawk... (cached) gawk
checking for gcc option to accept ISO C99... none needed
checking for g++... g++
checking whether we are using the GNU C++ compiler... yes
checking whether g++ accepts -g... yes
checking dependency style of g++... gcc3
checking how to run the C++ preprocessor... g++ -E
checking for ld used by g++... /usr/bin/ld
checking if the linker (/usr/bin/ld) is GNU ld... yes
checking whether the g++ linker (/usr/bin/ld) supports shared libraries... yes
checking for g++ option to produce PIC... -fPIC -DPIC
checking if g++ PIC flag -fPIC -DPIC works... yes
checking if g++ static flag -static works... yes
checking if g++ supports -c -o file.o... yes
checking if g++ supports -c -o file.o... (cached) yes
checking whether the g++ linker (/usr/bin/ld) supports shared libraries... yes
checking dynamic linker characteristics... (cached) GNU/Linux ld.so
checking how to hardcode library paths into programs... immediate
checking how to run the C preprocessor... gcc -E
checking whether ln -s works... yes
checking whether make sets $(MAKE)... (cached) yes
checking for m4... /usr/bin/m4
checking for xsltproc... /usr/bin/xsltproc
checking arpa/inet.h usability... yes
checking arpa/inet.h presence... yes
checking for arpa/inet.h... yes
checking fcntl.h usability... yes
checking fcntl.h presence... yes
checking for fcntl.h... yes
checking for inttypes.h... (cached) yes
checking langinfo.h usability... yes
checking langinfo.h presence... yes
checking for langinfo.h... yes
checking limits.h usability... yes
checking limits.h presence... yes
checking for limits.h... yes
checking locale.h usability... yes
checking locale.h presence... yes
checking for locale.h... yes
checking netinet/in.h usability... yes
checking netinet/in.h presence... yes
checking for netinet/in.h... yes
checking sys/ioctl.h usability... yes
checking sys/ioctl.h presence... yes
checking for sys/ioctl.h... yes
checking sys/mount.h usability... yes
checking sys/mount.h presence... yes
checking for sys/mount.h... yes
checking sys/param.h usability... yes
checking sys/param.h presence... yes
checking for sys/param.h... yes
checking sys/socket.h usability... yes
checking sys/socket.h presence... yes
checking for sys/socket.h... yes
checking sys/statvfs.h usability... yes
checking sys/statvfs.h presence... yes
checking for sys/statvfs.h... yes
checking sys/time.h usability... yes
checking sys/time.h presence... yes
checking for sys/time.h... yes
checking sys/vfs.h usability... yes
checking sys/vfs.h presence... yes
checking for sys/vfs.h... yes
checking syslog.h usability... yes
checking syslog.h presence... yes
checking for syslog.h... yes
checking termios.h usability... yes
checking termios.h presence... yes
checking for termios.h... yes
checking for unistd.h... (cached) yes
checking mtd/mtd-user.h usability... yes
checking mtd/mtd-user.h presence... yes
checking for mtd/mtd-user.h... yes
checking linux/btrfs.h usability... yes
checking linux/btrfs.h presence... yes
checking for linux/btrfs.h... yes
checking for uid_t in sys/types.h... yes
checking for inline... inline
checking for mode_t... yes
checking for pid_t... yes
checking for struct stat.st_rdev... yes
checking whether getrandom is declared... no
checking whether gettid is declared... no
checking whether name_to_handle_at is declared... yes
checking whether accept4 is declared... yes
checking whether mkostemp is declared... no
checking whether strndupa is declared... yes
checking size of pid_t... 4
checking size of uid_t... 4
checking size of gid_t... 4
checking size of dev_t... 8
checking size of time_t... 4
checking size of rlim_t... 8
checking for unistd.h... (cached) yes
checking for working chown... yes
checking vfork.h usability... no
checking vfork.h presence... no
checking for vfork.h... no
checking for fork... yes
checking for vfork... yes
checking for working fork... yes
checking for working vfork... (cached) yes
checking for _LARGEFILE_SOURCE value needed for large files... no
checking type of array argument to getgroups... gid_t
checking for size_t... yes
checking for getgroups... yes
checking for working getgroups... yes
checking whether lstat correctly handles trailing slash... yes
checking whether sys/types.h defines makedev... yes
checking for stdlib.h... (cached) yes
checking for unistd.h... (cached) yes
checking for sys/param.h... (cached) yes
checking for getpagesize... yes
checking for working mmap... yes
checking for alarm... yes
checking for dup2... yes
checking for ftruncate... yes
checking for localtime_r... yes
checking for mempcpy... yes
checking for mkdir... yes
checking for munmap... yes
checking for nl_langinfo... yes
checking for rmdir... yes
checking for setlocale... yes
checking for socket... yes
checking for stpcpy... yes
checking for uname... yes
checking for library containing clock_gettime... none required
checking for cos in -lm... yes
checking for pkg-config... /usr/bin/pkg-config
checking pkg-config is at least version 0.9.0... yes
checking for gobject-introspection... no (disabled, use --enable-introspection to enable)
checking for BLKID... yes
checking for SELINUX... no
checking for mallinfo... yes
checking whether unshare is declared... yes
checking for gperf... /usr/bin/gperf
checking for KMOD... yes
configure: updating cache config.cache
checking that generated files are newer than configure... done
configure: creating ./config.status
config.status: creating Makefile
config.status: creating hwdb/Makefile
config.status: creating man/Makefile
config.status: creating rule_generator/Makefile
config.status: creating rule_generator/write_net_rules
config.status: creating rules/Makefile
config.status: creating src/Makefile
config.status: creating src/ata_id/Makefile
config.status: creating src/cdrom_id/Makefile
config.status: creating src/collect/Makefile
config.status: creating src/mtd_probe/Makefile
config.status: creating src/scsi_id/Makefile
config.status: creating src/v4l_id/Makefile
config.status: creating src/shared/Makefile
config.status: creating src/libudev/Makefile
config.status: creating src/libudev/libudev.pc
config.status: creating src/udev/Makefile
config.status: creating src/udev/udev.pc
config.status: creating test/Makefile
config.status: creating config.h
config.status: executing depfiles commands
config.status: executing libtool commands

        prefix:                  /usr
        exec_prefix:             ${prefix}
        sysconfdir:              /etc
        datadir:                 ${datarootdir}
        includedir:              ${prefix}/include
        libdir:                  /usr/lib

        rootprefix:              
        rootlibdir:              /lib
        rootlibexecdir:          /lib/udev
        datarootdir:             ${prefix}/share
        rootrundir:              /run

        udevconfdir:             /etc/udev
        udevconffile:            /etc/udev/udev.conf
        udevhwdbdir:             /etc/udev/hwdb.d
        udevhwdbbin:             /etc/udev/hwdb.bin
        udevlibexecdir:          /lib/udev
        udevkeymapdir:           /lib/udev/keymaps
        udevkeymapforceredir:    /lib/udev/keymaps/force-release
        udevrulesdir:            /lib/udev/rules.d

        pkgconfiglibdir:         /usr/lib/pkgconfig
        sharepkgconfigdir        ${datarootdir}/pkgconfig

        girdir                   ${datarootdir}/gir-1.0
        typelibsdir              /usr/lib/girepository-1.0

/usr/bin/make  all-recursive
make[1]: Entering directory '/tmp/work/src/eudev-3.1.5'
Making all in src
make[2]: Entering directory '/tmp/work/src/eudev-3.1.5/src'
Making all in shared
make[3]: Entering directory '/tmp/work/src/eudev-3.1.5/src/shared'
  CC       conf-files.lo
  CC       dev-setup.lo
  CC       cgroup-util.lo
  CC       device-nodes.lo
  CC       exit-status.lo
  CC       fileio.lo
  CC       hashmap.lo
  CC       label.lo
  CC       log.lo
  CC       mempool.lo
  CC       mkdir.lo
  CC       mkdir-label.lo
  CC       MurmurHash2.lo
  CC       path-util.lo
  CC       process-util.lo
  CC       random-util.lo
  CC       selinux-util.lo
  CC       siphash24.lo
  CC       smack-util.lo
  CC       strbuf.lo
  CC       strv.lo
  CC       strxcpyx.lo
  CC       sysctl-util.lo
  CC       terminal-util.lo
  CC       time-util.lo
  CC       util.lo
  CC       utf8.lo
  CC       virt.lo
  CCLD     libudev_shared.la
make[3]: Leaving directory '/tmp/work/src/eudev-3.1.5/src/shared'
Making all in libudev
make[3]: Entering directory '/tmp/work/src/eudev-3.1.5/src/libudev'
  CC       libudev_la-libudev-enumerate.lo
  CC       libudev_la-libudev.lo
  CC       libudev_la-libudev-util.lo
  CC       libudev_la-libudev-list.lo
  CC       libudev_la-libudev-device.lo
  CC       libudev_la-libudev-monitor.lo
  CC       libudev_la-libudev-queue.lo
  CC       libudev_la-libudev-hwdb.lo
  CC       libudev_private_la-libudev.lo
  CC       libudev_private_la-libudev-list.lo
  CC       libudev_private_la-libudev-util.lo
  CC       libudev_private_la-libudev-device.lo
  CC       libudev_private_la-libudev-enumerate.lo
  CC       libudev_private_la-libudev-monitor.lo
  CC       libudev_private_la-libudev-queue.lo
  CC       libudev_private_la-libudev-hwdb.lo
  CC       libudev_private_la-libudev-device-private.lo
  CCLD     libudev.la
  CCLD     libudev-private.la
make[3]: Leaving directory '/tmp/work/src/eudev-3.1.5/src/libudev'
Making all in udev
make[3]: Entering directory '/tmp/work/src/eudev-3.1.5/src/udev'
  GEN      keyboard-keys.txt
  GEN      keyboard-keys-from-name.gperf
  GEN      keyboard-keys-to-name.h
/usr/bin/gperf -L ANSI-C -t -N keyboard_lookup_key -H hash_key_name -p -C < keyboard-keys-from-name.gperf > keyboard-keys-from-name.h
/usr/bin/make  all-am
make[4]: Entering directory '/tmp/work/src/eudev-3.1.5/src/udev'
  CC       libudev_core_la-udev-event.lo
  CC       libudev_core_la-udev-watch.lo
  CC       libudev_core_la-udev-rules.lo
  CC       libudev_core_la-udev-ctrl.lo
  CC       libudev_core_la-udev-node.lo
  CC       libudev_core_la-udev-builtin.lo
  CC       libudev_core_la-udev-builtin-btrfs.lo
  CC       libudev_core_la-udev-builtin-hwdb.lo
  CC       libudev_core_la-udev-builtin-input_id.lo
  CC       libudev_core_la-udev-builtin-net_id.lo
  CC       libudev_core_la-udev-builtin-path_id.lo
  CC       libudev_core_la-udev-builtin-usb_id.lo
  CC       libudev_core_la-udev-builtin-blkid.lo
  CC       libudev_core_la-udev-builtin-kmod.lo
  CC       libudev_core_la-udev-builtin-keyboard.lo
  CC       udevadm.o
  CC       udevadm-info.o
  CC       udevadm-control.o
  CC       udevadm-monitor.o
  CC       udevadm-hwdb.o
  CC       udevadm-settle.o
  CC       udevadm-trigger.o
  CC       udevadm-test.o
  CC       udevadm-test-builtin.o
  CC       udevadm-util.o
  CC       udevd.o
  CCLD     libudev-core.la
  CCLD     udevadm
  CCLD     udevd
make[4]: Leaving directory '/tmp/work/src/eudev-3.1.5/src/udev'
make[3]: Leaving directory '/tmp/work/src/eudev-3.1.5/src/udev'
Making all in ata_id
make[3]: Entering directory '/tmp/work/src/eudev-3.1.5/src/ata_id'
  CC       ata_id.o
  CCLD     ata_id
make[3]: Leaving directory '/tmp/work/src/eudev-3.1.5/src/ata_id'
Making all in cdrom_id
make[3]: Entering directory '/tmp/work/src/eudev-3.1.5/src/cdrom_id'
  CC       cdrom_id.o
  CCLD     cdrom_id
make[3]: Leaving directory '/tmp/work/src/eudev-3.1.5/src/cdrom_id'
Making all in collect
make[3]: Entering directory '/tmp/work/src/eudev-3.1.5/src/collect'
  CC       collect.o
  CCLD     collect
make[3]: Leaving directory '/tmp/work/src/eudev-3.1.5/src/collect'
Making all in mtd_probe
make[3]: Entering directory '/tmp/work/src/eudev-3.1.5/src/mtd_probe'
  CC       mtd_probe.o
  CC       probe_smartmedia.o
  CCLD     mtd_probe
make[3]: Leaving directory '/tmp/work/src/eudev-3.1.5/src/mtd_probe'
Making all in scsi_id
make[3]: Entering directory '/tmp/work/src/eudev-3.1.5/src/scsi_id'
  CC       scsi_id.o
  CC       scsi_serial.o
  CCLD     scsi_id
make[3]: Leaving directory '/tmp/work/src/eudev-3.1.5/src/scsi_id'
Making all in v4l_id
make[3]: Entering directory '/tmp/work/src/eudev-3.1.5/src/v4l_id'
  CC       v4l_id.o
  CCLD     v4l_id
make[3]: Leaving directory '/tmp/work/src/eudev-3.1.5/src/v4l_id'
make[3]: Entering directory '/tmp/work/src/eudev-3.1.5/src'
make[3]: Nothing to be done for 'all-am'.
make[3]: Leaving directory '/tmp/work/src/eudev-3.1.5/src'
make[2]: Leaving directory '/tmp/work/src/eudev-3.1.5/src'
Making all in rules
make[2]: Entering directory '/tmp/work/src/eudev-3.1.5/rules'
make[2]: Nothing to be done for 'all'.
make[2]: Leaving directory '/tmp/work/src/eudev-3.1.5/rules'
Making all in test
make[2]: Entering directory '/tmp/work/src/eudev-3.1.5/test'
  CC       test_libudev-test-libudev.o
  CC       test_udev-test-udev.o
  CCLD     test-udev
  CCLD     test-libudev
make[2]: Leaving directory '/tmp/work/src/eudev-3.1.5/test'
Making all in hwdb
make[2]: Entering directory '/tmp/work/src/eudev-3.1.5/hwdb'
make[2]: Nothing to be done for 'all'.
make[2]: Leaving directory '/tmp/work/src/eudev-3.1.5/hwdb'
make[2]: Entering directory '/tmp/work/src/eudev-3.1.5'
make[2]: Nothing to be done for 'all-am'.
make[2]: Leaving directory '/tmp/work/src/eudev-3.1.5'
make[1]: Leaving directory '/tmp/work/src/eudev-3.1.5'
/bin/mkdir: created directory '/tmp/work/pkg/lib'
/bin/mkdir: created directory '/tmp/work/pkg/lib/firmware'
/bin/mkdir: created directory '/tmp/work/pkg/lib/udev'
/bin/mkdir: created directory '/tmp/work/pkg/lib/udev/devices'
/bin/mkdir: created directory '/tmp/work/pkg/lib/udev/devices/pts'
/bin/mkdir: created directory '/tmp/work/pkg/lib/udev/rules.d'
/bin/mkdir: created directory '/tmp/work/pkg/etc'
/bin/mkdir: created directory '/tmp/work/pkg/etc/udev'
/bin/mkdir: created directory '/tmp/work/pkg/etc/udev/rules.d'
Making install in src
make[1]: Entering directory '/tmp/work/src/eudev-3.1.5/src'
Making install in shared
make[2]: Entering directory '/tmp/work/src/eudev-3.1.5/src/shared'
make[3]: Entering directory '/tmp/work/src/eudev-3.1.5/src/shared'
make[3]: Nothing to be done for 'install-exec-am'.
make[3]: Nothing to be done for 'install-data-am'.
make[3]: Leaving directory '/tmp/work/src/eudev-3.1.5/src/shared'
make[2]: Leaving directory '/tmp/work/src/eudev-3.1.5/src/shared'
Making install in libudev
make[2]: Entering directory '/tmp/work/src/eudev-3.1.5/src/libudev'
make[3]: Entering directory '/tmp/work/src/eudev-3.1.5/src/libudev'
 /bin/mkdir -p '/tmp/work/pkg/usr/lib'
 /bin/mkdir -p '/tmp/work/pkg/usr/include'
 /bin/mkdir -p '/tmp/work/pkg/usr/lib/pkgconfig'
 /bin/sh ../../libtool   --mode=install /usr/bin/install -c   libudev.la '/tmp/work/pkg/usr/lib'
 /usr/bin/install -c -m 644 libudev.h '/tmp/work/pkg/usr/include'
 /usr/bin/install -c -m 644 libudev.pc '/tmp/work/pkg/usr/lib/pkgconfig'
libtool: install: /usr/bin/install -c .libs/libudev.so.1.6.3 /tmp/work/pkg/usr/lib/libudev.so.1.6.3
libtool: install: (cd /tmp/work/pkg/usr/lib && { ln -s -f libudev.so.1.6.3 libudev.so.1 || { rm -f libudev.so.1 && ln -s libudev.so.1.6.3 libudev.so.1; }; })
libtool: install: (cd /tmp/work/pkg/usr/lib && { ln -s -f libudev.so.1.6.3 libudev.so || { rm -f libudev.so && ln -s libudev.so.1.6.3 libudev.so; }; })
libtool: install: /usr/bin/install -c .libs/libudev.lai /tmp/work/pkg/usr/lib/libudev.la
/usr/bin/make  install-exec-hook
make[4]: Entering directory '/tmp/work/src/eudev-3.1.5/src/libudev'
libname=libudev.so && 	if test "/usr/lib" != "/lib"; then /bin/mkdir -p /tmp/work/pkg/lib && so_img_name=$(readlink /tmp/work/pkg/usr/lib/$libname) && so_img_rel_target_prefix=$(echo /usr/lib | sed 's,\(^/\|\)[^/][^/]*,..,g') && ln -s -f $so_img_rel_target_prefix/lib/$so_img_name /tmp/work/pkg/usr/lib/$libname && mv /tmp/work/pkg/usr/lib/$libname.* /tmp/work/pkg/lib; fi
make[4]: Leaving directory '/tmp/work/src/eudev-3.1.5/src/libudev'
make[3]: Leaving directory '/tmp/work/src/eudev-3.1.5/src/libudev'
make[2]: Leaving directory '/tmp/work/src/eudev-3.1.5/src/libudev'
Making install in udev
make[2]: Entering directory '/tmp/work/src/eudev-3.1.5/src/udev'
/usr/bin/make  install-am
make[3]: Entering directory '/tmp/work/src/eudev-3.1.5/src/udev'
make[4]: Entering directory '/tmp/work/src/eudev-3.1.5/src/udev'
 /bin/mkdir -p '/tmp/work/pkg/sbin'
 /bin/mkdir -p '/tmp/work/pkg/sbin'
 /bin/mkdir -p '/tmp/work/pkg/usr/include'
 /bin/mkdir -p '/tmp/work/pkg/usr/share/pkgconfig'
 /bin/mkdir -p '/tmp/work/pkg/etc/udev'
 /usr/bin/install -c -m 644 udev.h '/tmp/work/pkg/usr/include'
 /usr/bin/install -c -m 644 udev.pc '/tmp/work/pkg/usr/share/pkgconfig'
  /bin/sh ../../libtool   --mode=install /usr/bin/install -c udevadm '/tmp/work/pkg/sbin'
  /bin/sh ../../libtool   --mode=install /usr/bin/install -c udevd '/tmp/work/pkg/sbin'
 /usr/bin/install -c -m 644 udev.conf '/tmp/work/pkg/etc/udev'
libtool: install: /usr/bin/install -c udevadm /tmp/work/pkg/sbin/udevadm
libtool: install: /usr/bin/install -c udevd /tmp/work/pkg/sbin/udevd
/usr/bin/make  install-exec-hook
make[5]: Entering directory '/tmp/work/src/eudev-3.1.5/src/udev'
if test "/sbin" != "/sbin"; then \
	ln -s -n -f /sbin/udevadm /tmp/work/pkg/sbin/udevadm; \
fi
make[5]: Leaving directory '/tmp/work/src/eudev-3.1.5/src/udev'
make[4]: Leaving directory '/tmp/work/src/eudev-3.1.5/src/udev'
make[3]: Leaving directory '/tmp/work/src/eudev-3.1.5/src/udev'
make[2]: Leaving directory '/tmp/work/src/eudev-3.1.5/src/udev'
Making install in ata_id
make[2]: Entering directory '/tmp/work/src/eudev-3.1.5/src/ata_id'
make[3]: Entering directory '/tmp/work/src/eudev-3.1.5/src/ata_id'
make[3]: Nothing to be done for 'install-data-am'.
 /bin/mkdir -p '/tmp/work/pkg/lib/udev'
  /bin/sh ../../libtool   --mode=install /usr/bin/install -c ata_id '/tmp/work/pkg/lib/udev'
libtool: install: /usr/bin/install -c ata_id /tmp/work/pkg/lib/udev/ata_id
make[3]: Leaving directory '/tmp/work/src/eudev-3.1.5/src/ata_id'
make[2]: Leaving directory '/tmp/work/src/eudev-3.1.5/src/ata_id'
Making install in cdrom_id
make[2]: Entering directory '/tmp/work/src/eudev-3.1.5/src/cdrom_id'
make[3]: Entering directory '/tmp/work/src/eudev-3.1.5/src/cdrom_id'
make[3]: Nothing to be done for 'install-data-am'.
 /bin/mkdir -p '/tmp/work/pkg/lib/udev'
  /bin/sh ../../libtool   --mode=install /usr/bin/install -c cdrom_id '/tmp/work/pkg/lib/udev'
libtool: install: /usr/bin/install -c cdrom_id /tmp/work/pkg/lib/udev/cdrom_id
make[3]: Leaving directory '/tmp/work/src/eudev-3.1.5/src/cdrom_id'
make[2]: Leaving directory '/tmp/work/src/eudev-3.1.5/src/cdrom_id'
Making install in collect
make[2]: Entering directory '/tmp/work/src/eudev-3.1.5/src/collect'
make[3]: Entering directory '/tmp/work/src/eudev-3.1.5/src/collect'
make[3]: Nothing to be done for 'install-data-am'.
 /bin/mkdir -p '/tmp/work/pkg/lib/udev'
  /bin/sh ../../libtool   --mode=install /usr/bin/install -c collect '/tmp/work/pkg/lib/udev'
libtool: install: /usr/bin/install -c collect /tmp/work/pkg/lib/udev/collect
make[3]: Leaving directory '/tmp/work/src/eudev-3.1.5/src/collect'
make[2]: Leaving directory '/tmp/work/src/eudev-3.1.5/src/collect'
Making install in mtd_probe
make[2]: Entering directory '/tmp/work/src/eudev-3.1.5/src/mtd_probe'
make[3]: Entering directory '/tmp/work/src/eudev-3.1.5/src/mtd_probe'
make[3]: Nothing to be done for 'install-data-am'.
 /bin/mkdir -p '/tmp/work/pkg/lib/udev'
  /bin/sh ../../libtool   --mode=install /usr/bin/install -c mtd_probe '/tmp/work/pkg/lib/udev'
libtool: install: /usr/bin/install -c mtd_probe /tmp/work/pkg/lib/udev/mtd_probe
make[3]: Leaving directory '/tmp/work/src/eudev-3.1.5/src/mtd_probe'
make[2]: Leaving directory '/tmp/work/src/eudev-3.1.5/src/mtd_probe'
Making install in scsi_id
make[2]: Entering directory '/tmp/work/src/eudev-3.1.5/src/scsi_id'
make[3]: Entering directory '/tmp/work/src/eudev-3.1.5/src/scsi_id'
make[3]: Nothing to be done for 'install-data-am'.
 /bin/mkdir -p '/tmp/work/pkg/lib/udev'
  /bin/sh ../../libtool   --mode=install /usr/bin/install -c scsi_id '/tmp/work/pkg/lib/udev'
libtool: install: /usr/bin/install -c scsi_id /tmp/work/pkg/lib/udev/scsi_id
make[3]: Leaving directory '/tmp/work/src/eudev-3.1.5/src/scsi_id'
make[2]: Leaving directory '/tmp/work/src/eudev-3.1.5/src/scsi_id'
Making install in v4l_id
make[2]: Entering directory '/tmp/work/src/eudev-3.1.5/src/v4l_id'
make[3]: Entering directory '/tmp/work/src/eudev-3.1.5/src/v4l_id'
make[3]: Nothing to be done for 'install-data-am'.
 /bin/mkdir -p '/tmp/work/pkg/lib/udev'
  /bin/sh ../../libtool   --mode=install /usr/bin/install -c v4l_id '/tmp/work/pkg/lib/udev'
libtool: install: /usr/bin/install -c v4l_id /tmp/work/pkg/lib/udev/v4l_id
make[3]: Leaving directory '/tmp/work/src/eudev-3.1.5/src/v4l_id'
make[2]: Leaving directory '/tmp/work/src/eudev-3.1.5/src/v4l_id'
make[2]: Entering directory '/tmp/work/src/eudev-3.1.5/src'
make[3]: Entering directory '/tmp/work/src/eudev-3.1.5/src'
make[3]: Nothing to be done for 'install-exec-am'.
make[3]: Nothing to be done for 'install-data-am'.
make[3]: Leaving directory '/tmp/work/src/eudev-3.1.5/src'
make[2]: Leaving directory '/tmp/work/src/eudev-3.1.5/src'
make[1]: Leaving directory '/tmp/work/src/eudev-3.1.5/src'
Making install in rules
make[1]: Entering directory '/tmp/work/src/eudev-3.1.5/rules'
make[2]: Entering directory '/tmp/work/src/eudev-3.1.5/rules'
make[2]: Nothing to be done for 'install-exec-am'.
/bin/mkdir -p /tmp/work/pkg/etc/udev/rules.d
 /bin/mkdir -p '/tmp/work/pkg/lib/udev/rules.d'
 /usr/bin/install -c -m 644 50-udev-default.rules 60-block.rules 60-cdrom_id.rules 60-drm.rules 60-evdev.rules 60-persistent-alsa.rules 60-persistent-input.rules 60-persistent-storage-tape.rules 60-persistent-v4l.rules 60-serial.rules 64-btrfs.rules 70-mouse.rules 75-net-description.rules 75-probe_mtd.rules 78-sound-card.rules 80-net-name-slot.rules 60-persistent-storage.rules 80-drivers.rules '/tmp/work/pkg/lib/udev/rules.d'
make[2]: Leaving directory '/tmp/work/src/eudev-3.1.5/rules'
make[1]: Leaving directory '/tmp/work/src/eudev-3.1.5/rules'
Making install in test
make[1]: Entering directory '/tmp/work/src/eudev-3.1.5/test'
make[2]: Entering directory '/tmp/work/src/eudev-3.1.5/test'
make[2]: Nothing to be done for 'install-exec-am'.
make[2]: Nothing to be done for 'install-data-am'.
make[2]: Leaving directory '/tmp/work/src/eudev-3.1.5/test'
make[1]: Leaving directory '/tmp/work/src/eudev-3.1.5/test'
Making install in hwdb
make[1]: Entering directory '/tmp/work/src/eudev-3.1.5/hwdb'
make[2]: Entering directory '/tmp/work/src/eudev-3.1.5/hwdb'
make[2]: Nothing to be done for 'install-exec-am'.
 /bin/mkdir -p '/tmp/work/pkg/etc/udev/hwdb.d'
 /usr/bin/install -c -m 644 20-OUI.hwdb 20-acpi-vendor.hwdb 20-bluetooth-vendor-product.hwdb 20-net-ifname.hwdb 20-pci-classes.hwdb 20-pci-vendor-model.hwdb 20-sdio-classes.hwdb 20-sdio-vendor-model.hwdb 20-usb-classes.hwdb 20-usb-vendor-model.hwdb 60-evdev.hwdb 60-keyboard.hwdb 70-mouse.hwdb 70-pointingstick.hwdb '/tmp/work/pkg/etc/udev/hwdb.d'
make[2]: Leaving directory '/tmp/work/src/eudev-3.1.5/hwdb'
make[1]: Leaving directory '/tmp/work/src/eudev-3.1.5/hwdb'
make[1]: Entering directory '/tmp/work/src/eudev-3.1.5'
make[2]: Entering directory '/tmp/work/src/eudev-3.1.5'
make[2]: Nothing to be done for 'install-exec-am'.
make[2]: Nothing to be done for 'install-data-am'.
make[2]: Leaving directory '/tmp/work/src/eudev-3.1.5'
make[1]: Leaving directory '/tmp/work/src/eudev-3.1.5'
/tmp/work/src/eudev-3.1.5/man /tmp/work/src/eudev-3.1.5
 /bin/mkdir -p '/tmp/work/pkg/usr/share/man/man7'
 /bin/mkdir -p '/tmp/work/pkg/usr/share/man/man8'
 /usr/bin/install -c -m 644 udev.7 '/tmp/work/pkg/usr/share/man/man7'
 /usr/bin/install -c -m 644 udevd.8 udevadm.8 '/tmp/work/pkg/usr/share/man/man8'
/bin/mkdir: created directory '/tmp/work/pkg/usr/share/doc'
/bin/mkdir: created directory '/tmp/work/pkg/usr/share/doc/udev-20140408'
/bin/mkdir: created directory '/tmp/work/pkg/usr/share/doc/udev-20140408/lfs'
'udev-lfs-20140408/55-lfs.rules' -> '/tmp/work/pkg/etc/udev/rules.d/55-lfs.rules'
'udev-lfs-20140408/81-cdrom.rules' -> '/tmp/work/pkg/etc/udev/rules.d/81-cdrom.rules'
'udev-lfs-20140408/83-cdrom-symlinks.rules' -> '/tmp/work/pkg/etc/udev/rules.d/83-cdrom-symlinks.rules'
'udev-lfs-20140408/write_cd_rules' -> '/tmp/work/pkg/lib/udev/write_cd_rules'
'udev-lfs-20140408/write_net_rules' -> '/tmp/work/pkg/lib/udev/write_net_rules'
'udev-lfs-20140408/init-net-rules.sh' -> '/tmp/work/pkg/lib/udev/init-net-rules.sh'
'udev-lfs-20140408/rule_generator.functions' -> '/tmp/work/pkg/lib/udev/rule_generator.functions'
'udev-lfs-20140408/README' -> '/tmp/work/pkg/usr/share/doc/udev-20140408/lfs/README'
'udev-lfs-20140408/55-lfs.txt' -> '/tmp/work/pkg/usr/share/doc/udev-20140408/lfs/55-lfs.txt'
=======> eudev arşivine üstbilgiler ekleniyor.
=======> eudev#3.1.5-armv7l.mps sıkıştırılıyor.
