=======> isim: expat
=======> surum: 2.1.0
=======> devir: 1
=======> İndiriliyor http://downloads.sourceforge.net/expat/expat-2.1.0.tar.gz
=======> kayıt:/sources/expat-2.1.0.tar.gz
hash kontrol dosyası yok-hash kontrolü yapılmayacak.
=======> Derleniyor '/root/milis-arm/temel/expat/expat#2.1.0-armv7l.mps.lz'.
tar -p -C /tmp/work/src -xf /sources/expat-2.1.0.tar.gz
checking build system type... armv7l-unknown-linux-gnueabihf
checking host system type... armv7l-unknown-linux-gnueabihf
checking how to print strings... printf
checking for gcc... gcc
checking whether the C compiler works... yes
checking for C compiler default output file name... a.out
checking for suffix of executables... 
checking whether we are cross compiling... no
checking for suffix of object files... o
checking whether we are using the GNU C compiler... yes
checking whether gcc accepts -g... yes
checking for gcc option to accept ISO C89... none needed
checking for a sed that does not truncate output... /bin/sed
checking for grep that handles long lines and -e... /bin/grep
checking for egrep... /bin/grep -E
checking for fgrep... /bin/grep -F
checking for ld used by gcc... /usr/bin/ld
checking if the linker (/usr/bin/ld) is GNU ld... yes
checking for BSD- or MS-compatible name lister (nm)... /usr/bin/nm -B
checking the name lister (/usr/bin/nm -B) interface... BSD nm
checking whether ln -s works... yes
checking the maximum length of command line arguments... 1572864
checking whether the shell understands some XSI constructs... yes
checking whether the shell understands "+="... yes
checking how to convert armv7l-unknown-linux-gnueabihf file names to armv7l-unknown-linux-gnueabihf format... func_convert_file_noop
checking how to convert armv7l-unknown-linux-gnueabihf file names to toolchain format... func_convert_file_noop
checking for /usr/bin/ld option to reload object files... -r
checking for objdump... objdump
checking how to recognize dependent libraries... pass_all
checking for dlltool... dlltool
checking how to associate runtime and link libraries... printf %s\n
checking for ar... ar
checking for archiver @FILE support... @
checking for strip... strip
checking for ranlib... ranlib
checking for gawk... gawk
checking command to parse /usr/bin/nm -B output from gcc object... ok
checking for sysroot... no
checking for mt... no
checking if : is a manifest tool... no
checking how to run the C preprocessor... gcc -E
checking for ANSI C header files... yes
checking for sys/types.h... yes
checking for sys/stat.h... yes
checking for stdlib.h... yes
checking for string.h... yes
checking for memory.h... yes
checking for strings.h... yes
checking for inttypes.h... yes
checking for stdint.h... yes
checking for unistd.h... yes
checking for dlfcn.h... yes
checking for objdir... .libs
checking if gcc supports -fno-rtti -fno-exceptions... no
checking for gcc option to produce PIC... -fPIC -DPIC
checking if gcc PIC flag -fPIC -DPIC works... yes
checking if gcc static flag -static works... yes
checking if gcc supports -c -o file.o... yes
checking if gcc supports -c -o file.o... (cached) yes
checking whether the gcc linker (/usr/bin/ld) supports shared libraries... yes
checking whether -lc should be explicitly linked in... no
checking dynamic linker characteristics... GNU/Linux ld.so
checking how to hardcode library paths into programs... immediate
checking whether stripping libraries is possible... yes
checking if libtool supports shared libraries... yes
checking whether to build shared libraries... yes
checking whether to build static libraries... yes
checking for gcc... (cached) gcc
checking whether we are using the GNU C compiler... (cached) yes
checking whether gcc accepts -g... (cached) yes
checking for gcc option to accept ISO C89... (cached) none needed
checking for g++... g++
checking whether we are using the GNU C++ compiler... yes
checking whether g++ accepts -g... yes
checking how to run the C++ preprocessor... g++ -E
checking for ld used by g++... /usr/bin/ld
checking if the linker (/usr/bin/ld) is GNU ld... yes
checking whether the g++ linker (/usr/bin/ld) supports shared libraries... yes
checking for g++ option to produce PIC... -fPIC -DPIC
checking if g++ PIC flag -fPIC -DPIC works... yes
checking if g++ static flag -static works... yes
checking if g++ supports -c -o file.o... yes
checking if g++ supports -c -o file.o... (cached) yes
checking whether the g++ linker (/usr/bin/ld) supports shared libraries... yes
checking dynamic linker characteristics... (cached) GNU/Linux ld.so
checking how to hardcode library paths into programs... immediate
checking for a BSD-compatible install... /usr/bin/install -c
checking whether gcc accepts -fexceptions... yes
checking for ANSI C header files... (cached) yes
checking whether byte ordering is bigendian... no
checking for an ANSI C-conforming const... yes
checking for size_t... yes
checking for memmove... yes
checking for bcopy... yes
checking fcntl.h usability... yes
checking fcntl.h presence... yes
checking for fcntl.h... yes
checking for unistd.h... (cached) yes
checking for off_t... yes
checking for stdlib.h... (cached) yes
checking for unistd.h... (cached) yes
checking for sys/param.h... yes
checking for getpagesize... yes
checking for working mmap... yes
checking for gcc option to accept ISO C99... none needed
checking for gcc option to accept ISO Standard C... (cached) none needed
checking for an ANSI C99-conforming __func__... yes
configure: creating ./config.status
config.status: creating Makefile
config.status: creating expat.pc
config.status: creating expat_config.h
config.status: executing libtool commands
/bin/sh ./libtool --silent --mode=compile gcc -I./lib -I. -U_FORTIFY_SOURCE -march=armv7-a -mfloat-abi=hard -mfpu=vfpv3-d16 -O2 -pipe  -Wall -Wmissing-prototypes -Wstrict-prototypes -fexceptions  -DHAVE_EXPAT_CONFIG_H -o lib/xmlparse.lo -c lib/xmlparse.c
/bin/sh ./libtool --silent --mode=compile gcc -I./lib -I. -U_FORTIFY_SOURCE -march=armv7-a -mfloat-abi=hard -mfpu=vfpv3-d16 -O2 -pipe  -Wall -Wmissing-prototypes -Wstrict-prototypes -fexceptions  -DHAVE_EXPAT_CONFIG_H -o lib/xmltok.lo -c lib/xmltok.c
/bin/sh ./libtool --silent --mode=compile gcc -I./lib -I. -U_FORTIFY_SOURCE -march=armv7-a -mfloat-abi=hard -mfpu=vfpv3-d16 -O2 -pipe  -Wall -Wmissing-prototypes -Wstrict-prototypes -fexceptions  -DHAVE_EXPAT_CONFIG_H -o lib/xmlrole.lo -c lib/xmlrole.c
gcc -I./lib -I. -U_FORTIFY_SOURCE -march=armv7-a -mfloat-abi=hard -mfpu=vfpv3-d16 -O2 -pipe  -Wall -Wmissing-prototypes -Wstrict-prototypes -fexceptions  -DHAVE_EXPAT_CONFIG_H -o xmlwf/xmlwf.o -c xmlwf/xmlwf.c
gcc -I./lib -I. -U_FORTIFY_SOURCE -march=armv7-a -mfloat-abi=hard -mfpu=vfpv3-d16 -O2 -pipe  -Wall -Wmissing-prototypes -Wstrict-prototypes -fexceptions  -DHAVE_EXPAT_CONFIG_H -o xmlwf/xmlfile.o -c xmlwf/xmlfile.c
gcc -I./lib -I. -U_FORTIFY_SOURCE -march=armv7-a -mfloat-abi=hard -mfpu=vfpv3-d16 -O2 -pipe  -Wall -Wmissing-prototypes -Wstrict-prototypes -fexceptions  -DHAVE_EXPAT_CONFIG_H -o xmlwf/codepage.o -c xmlwf/codepage.c
gcc -I./lib -I. -U_FORTIFY_SOURCE -march=armv7-a -mfloat-abi=hard -mfpu=vfpv3-d16 -O2 -pipe  -Wall -Wmissing-prototypes -Wstrict-prototypes -fexceptions  -DHAVE_EXPAT_CONFIG_H -o xmlwf/unixfilemap.o -c xmlwf/unixfilemap.c
/bin/sh ./libtool --silent --mode=link gcc -I./lib -I. -U_FORTIFY_SOURCE -march=armv7-a -mfloat-abi=hard -mfpu=vfpv3-d16 -O2 -pipe  -Wall -Wmissing-prototypes -Wstrict-prototypes -fexceptions  -DHAVE_EXPAT_CONFIG_H -no-undefined -version-info 7:0:6 -rpath /usr/lib  -o libexpat.la lib/xmlparse.lo lib/xmltok.lo lib/xmlrole.lo
/bin/sh ./libtool --silent --mode=link gcc -I./lib -I. -U_FORTIFY_SOURCE -march=armv7-a -mfloat-abi=hard -mfpu=vfpv3-d16 -O2 -pipe  -Wall -Wmissing-prototypes -Wstrict-prototypes -fexceptions  -DHAVE_EXPAT_CONFIG_H  -o xmlwf/xmlwf xmlwf/xmlwf.o xmlwf/xmlfile.o xmlwf/codepage.o xmlwf/unixfilemap.o libexpat.la
/bin/sh ./conftools/mkinstalldirs /tmp/work/pkg/usr/lib /tmp/work/pkg/usr/include /tmp/work/pkg/usr/lib/pkgconfig
mkdir /tmp/work/pkg/usr
mkdir /tmp/work/pkg/usr/lib
mkdir /tmp/work/pkg/usr/include
mkdir /tmp/work/pkg/usr/lib/pkgconfig
/bin/sh ./libtool --mode=install /usr/bin/install -c libexpat.la /tmp/work/pkg/usr/lib/libexpat.la
libtool: install: /usr/bin/install -c .libs/libexpat.so.1.6.0 /tmp/work/pkg/usr/lib/libexpat.so.1.6.0
libtool: install: (cd /tmp/work/pkg/usr/lib && { ln -s -f libexpat.so.1.6.0 libexpat.so.1 || { rm -f libexpat.so.1 && ln -s libexpat.so.1.6.0 libexpat.so.1; }; })
libtool: install: (cd /tmp/work/pkg/usr/lib && { ln -s -f libexpat.so.1.6.0 libexpat.so || { rm -f libexpat.so && ln -s libexpat.so.1.6.0 libexpat.so; }; })
libtool: install: /usr/bin/install -c .libs/libexpat.lai /tmp/work/pkg/usr/lib/libexpat.la
libtool: install: /usr/bin/install -c .libs/libexpat.a /tmp/work/pkg/usr/lib/libexpat.a
libtool: install: chmod 644 /tmp/work/pkg/usr/lib/libexpat.a
libtool: install: ranlib /tmp/work/pkg/usr/lib/libexpat.a
for FN in ./lib/expat.h ./lib/expat_external.h ; do /usr/bin/install -c -m 644 $FN /tmp/work/pkg/usr/include ; done
/usr/bin/install -c -m 644 expat.pc /tmp/work/pkg/usr/lib/pkgconfig/expat.pc
/bin/sh ./conftools/mkinstalldirs /tmp/work/pkg/usr/bin /tmp/work/pkg/usr/share/man/man1
mkdir /tmp/work/pkg/usr/bin
mkdir /tmp/work/pkg/usr/share
mkdir /tmp/work/pkg/usr/share/man
mkdir /tmp/work/pkg/usr/share/man/man1
/bin/sh ./libtool --mode=install /usr/bin/install -c xmlwf/xmlwf /tmp/work/pkg/usr/bin/xmlwf
libtool: install: /usr/bin/install -c xmlwf/.libs/xmlwf /tmp/work/pkg/usr/bin/xmlwf
/usr/bin/install -c -m 644 ./doc/xmlwf.1 /tmp/work/pkg/usr/share/man/man1
=======> expat arşivine üstbilgiler ekleniyor.
=======> expat#2.1.0-armv7l.mps sıkıştırılıyor.
