=======> isim: flex
=======> surum: 2.5.39
=======> devir: 1
=======> İndiriliyor http://prdownloads.sourceforge.net/flex/flex-2.5.39.tar.xz
=======> kayıt:/sources/flex-2.5.39.tar.xz
hash kontrol dosyası yok-hash kontrolü yapılmayacak.
=======> Derleniyor '/root/milis-arm/temel/flex/flex#2.5.39-armv7l.mps.lz'.
tar -p -C /tmp/work/src -xf /sources/flex-2.5.39.tar.xz
checking for a BSD-compatible install... /usr/bin/install -c
checking whether build environment is sane... yes
checking for a thread-safe mkdir -p... /bin/mkdir -p
checking for gawk... gawk
checking whether make sets $(MAKE)... yes
checking whether NLS is requested... yes
checking for msgfmt... /usr/bin/msgfmt
checking for gmsgfmt... /usr/bin/msgfmt
checking for xgettext... /usr/bin/xgettext
checking for msgmerge... /usr/bin/msgmerge
checking for style of include used by make... GNU
checking for gcc... gcc
checking whether the C compiler works... yes
checking for C compiler default output file name... a.out
checking for suffix of executables... 
checking whether we are cross compiling... no
checking for suffix of object files... o
checking whether we are using the GNU C compiler... yes
checking whether gcc accepts -g... yes
checking for gcc option to accept ISO C89... none needed
checking dependency style of gcc... gcc3
checking build system type... armv7l-unknown-linux-gnueabihf
checking host system type... armv7l-unknown-linux-gnueabihf
checking for ld used by GCC... /usr/bin/ld
checking if the linker (/usr/bin/ld) is GNU ld... yes
checking for shared library run path origin... done
checking how to run the C preprocessor... gcc -E
checking for grep that handles long lines and -e... /bin/grep
checking for egrep... /bin/grep -E
checking for CFPreferencesCopyAppValue... no
checking for CFLocaleCopyCurrent... no
checking for GNU gettext in libc... yes
checking whether to use NLS... yes
checking where the gettext function comes from... libc
checking for bison... bison -y
checking for flex... flex
checking lex output file root... lex.yy
checking lex library... -lfl
checking whether yytext is a pointer... yes
checking for gcc... (cached) gcc
checking whether we are using the GNU C compiler... (cached) yes
checking whether gcc accepts -g... (cached) yes
checking for gcc option to accept ISO C89... (cached) none needed
checking dependency style of gcc... (cached) gcc3
checking for g++... g++
checking whether we are using the GNU C++ compiler... yes
checking whether g++ accepts -g... yes
checking dependency style of g++... gcc3
checking whether gcc and cc understand -c and -o together... yes
checking whether ln -s works... yes
checking how to print strings... printf
checking for a sed that does not truncate output... /bin/sed
checking for fgrep... /bin/grep -F
checking for ld used by gcc... /usr/bin/ld
checking if the linker (/usr/bin/ld) is GNU ld... yes
checking for BSD- or MS-compatible name lister (nm)... /usr/bin/nm -B
checking the name lister (/usr/bin/nm -B) interface... BSD nm
checking the maximum length of command line arguments... 1572864
checking whether the shell understands some XSI constructs... yes
checking whether the shell understands "+="... yes
checking how to convert armv7l-unknown-linux-gnueabihf file names to armv7l-unknown-linux-gnueabihf format... func_convert_file_noop
checking how to convert armv7l-unknown-linux-gnueabihf file names to toolchain format... func_convert_file_noop
checking for /usr/bin/ld option to reload object files... -r
checking for objdump... objdump
checking how to recognize dependent libraries... pass_all
checking for dlltool... no
checking how to associate runtime and link libraries... printf %s\n
checking for ar... ar
checking for archiver @FILE support... @
checking for strip... strip
checking for ranlib... ranlib
checking command to parse /usr/bin/nm -B output from gcc object... ok
checking for sysroot... no
checking for mt... no
checking if : is a manifest tool... no
checking for ANSI C header files... yes
checking for sys/types.h... yes
checking for sys/stat.h... yes
checking for stdlib.h... yes
checking for string.h... yes
checking for memory.h... yes
checking for strings.h... yes
checking for inttypes.h... yes
checking for stdint.h... yes
checking for unistd.h... yes
checking for dlfcn.h... yes
checking for objdir... .libs
checking if gcc supports -fno-rtti -fno-exceptions... no
checking for gcc option to produce PIC... -fPIC -DPIC
checking if gcc PIC flag -fPIC -DPIC works... yes
checking if gcc static flag -static works... yes
checking if gcc supports -c -o file.o... yes
checking if gcc supports -c -o file.o... (cached) yes
checking whether the gcc linker (/usr/bin/ld) supports shared libraries... yes
checking whether -lc should be explicitly linked in... no
checking dynamic linker characteristics... GNU/Linux ld.so
checking how to hardcode library paths into programs... immediate
checking whether stripping libraries is possible... yes
checking if libtool supports shared libraries... yes
checking whether to build shared libraries... yes
checking whether to build static libraries... yes
checking how to run the C++ preprocessor... g++ -E
checking for ld used by g++... /usr/bin/ld
checking if the linker (/usr/bin/ld) is GNU ld... yes
checking whether the g++ linker (/usr/bin/ld) supports shared libraries... yes
checking for g++ option to produce PIC... -fPIC -DPIC
checking if g++ PIC flag -fPIC -DPIC works... yes
checking if g++ static flag -static works... yes
checking if g++ supports -c -o file.o... yes
checking if g++ supports -c -o file.o... (cached) yes
checking whether the g++ linker (/usr/bin/ld) supports shared libraries... yes
checking dynamic linker characteristics... (cached) GNU/Linux ld.so
checking how to hardcode library paths into programs... immediate
checking for gawk... (cached) gawk
checking for bison... /usr/bin/bison
checking for help2man... /usr/bin/help2man
checking for m4 that supports -P... /usr/bin/m4
checking for indent... indent
checking for ANSI C header files... (cached) yes
checking for sys/wait.h that is POSIX.1 compatible... yes
checking for inttypes.h... (cached) yes
checking libintl.h usability... yes
checking libintl.h presence... yes
checking for libintl.h... yes
checking limits.h usability... yes
checking limits.h presence... yes
checking for limits.h... yes
checking locale.h usability... yes
checking locale.h presence... yes
checking for locale.h... yes
checking malloc.h usability... yes
checking malloc.h presence... yes
checking for malloc.h... yes
checking netinet/in.h usability... yes
checking netinet/in.h presence... yes
checking for netinet/in.h... yes
checking regex.h usability... yes
checking regex.h presence... yes
checking for regex.h... yes
checking stddef.h usability... yes
checking stddef.h presence... yes
checking for stddef.h... yes
checking for stdlib.h... (cached) yes
checking for string.h... (cached) yes
checking for strings.h... (cached) yes
checking for unistd.h... (cached) yes
checking for pthread_mutex_lock in -lpthread... yes
checking pthread.h usability... yes
checking pthread.h presence... yes
checking for pthread.h... yes
checking for log10 in -lm... yes
checking for stdbool.h that conforms to C99... yes
checking for _Bool... yes
checking for an ANSI C-conforming const... yes
checking for size_t... yes
checking for working alloca.h... yes
checking for alloca... yes
checking for pid_t... yes
checking vfork.h usability... no
checking vfork.h presence... no
checking for vfork.h... no
checking for fork... yes
checking for vfork... yes
checking for working fork... yes
checking for working vfork... (cached) yes
checking for stdlib.h... (cached) yes
checking for GNU libc compatible malloc... yes
checking for stdlib.h... (cached) yes
checking for GNU libc compatible realloc... yes
checking for dup2... yes
checking for isascii... yes
checking for memset... yes
checking for pow... yes
checking for regcomp... yes
checking for setlocale... yes
checking for strchr... yes
checking for strtol... yes
configure: creating ./config.status
config.status: creating Makefile
config.status: creating doc/Makefile
config.status: creating examples/Makefile
config.status: creating examples/fastwc/Makefile
config.status: creating examples/manual/Makefile
config.status: creating lib/Makefile
config.status: creating po/Makefile.in
config.status: creating tests/Makefile
config.status: creating tests/TEMPLATE/Makefile
config.status: creating tests/test-array-nr/Makefile
config.status: creating tests/test-array-r/Makefile
config.status: creating tests/test-basic-nr/Makefile
config.status: creating tests/test-basic-r/Makefile
config.status: creating tests/test-bison-yylloc/Makefile
config.status: creating tests/test-bison-yylval/Makefile
config.status: creating tests/test-c-cpp-nr/Makefile
config.status: creating tests/test-c-cpp-r/Makefile
config.status: creating tests/test-header-nr/Makefile
config.status: creating tests/test-header-r/Makefile
config.status: creating tests/test-include-by-buffer/Makefile
config.status: creating tests/test-include-by-push/Makefile
config.status: creating tests/test-include-by-reentrant/Makefile
config.status: creating tests/test-multiple-scanners-nr/Makefile
config.status: creating tests/test-multiple-scanners-r/Makefile
config.status: creating tests/test-noansi-nr/Makefile
config.status: creating tests/test-noansi-r/Makefile
config.status: creating tests/test-prefix-nr/Makefile
config.status: creating tests/test-prefix-r/Makefile
config.status: creating tests/test-pthread/Makefile
config.status: creating tests/test-string-nr/Makefile
config.status: creating tests/test-string-r/Makefile
config.status: creating tests/test-yyextra/Makefile
config.status: creating tests/test-alloc-extra/Makefile
config.status: creating tests/test-lineno-nr/Makefile
config.status: creating tests/test-lineno-trailing/Makefile
config.status: creating tests/test-lineno-r/Makefile
config.status: creating tests/test-linedir-r/Makefile
config.status: creating tests/test-debug-r/Makefile
config.status: creating tests/test-debug-nr/Makefile
config.status: creating tests/test-mem-nr/Makefile
config.status: creating tests/test-mem-r/Makefile
config.status: creating tests/test-posix/Makefile
config.status: creating tests/test-posixly-correct/Makefile
config.status: creating tests/test-table-opts/Makefile
config.status: creating tests/test-c++-basic/Makefile
config.status: creating tests/test-bison-nr/Makefile
config.status: creating tests/test-reject/Makefile
config.status: creating tests/test-c++-multiple-scanners/Makefile
config.status: creating tests/test-top/Makefile
config.status: creating tests/test-rescan-nr/Makefile
config.status: creating tests/test-rescan-r/Makefile
config.status: creating tests/test-quotes/Makefile
config.status: creating tests/test-ccl/Makefile
config.status: creating tests/test-extended/Makefile
config.status: creating tests/test-c++-yywrap/Makefile
config.status: creating tests/test-concatenated-options/Makefile
config.status: creating config.h
config.status: executing po-directories commands
config.status: creating po/POTFILES
config.status: creating po/Makefile
config.status: executing depfiles commands
config.status: executing libtool commands
/usr/bin/make  all-recursive
make[1]: Entering directory '/tmp/work/src/flex-2.5.39'
Making all in lib
make[2]: Entering directory '/tmp/work/src/flex-2.5.39/lib'
/bin/sh ../libtool --tag=CC   --mode=compile gcc -DHAVE_CONFIG_H -I. -I..     -U_FORTIFY_SOURCE -march=armv7-a -mfloat-abi=hard -mfpu=vfpv3-d16 -O2 -pipe  -MT lib.lo -MD -MP -MF .deps/lib.Tpo -c -o lib.lo lib.c
libtool: compile:  gcc -DHAVE_CONFIG_H -I. -I.. -U_FORTIFY_SOURCE -march=armv7-a -mfloat-abi=hard -mfpu=vfpv3-d16 -O2 -pipe -MT lib.lo -MD -MP -MF .deps/lib.Tpo -c lib.c  -fPIC -DPIC -o .libs/lib.o
libtool: compile:  gcc -DHAVE_CONFIG_H -I. -I.. -U_FORTIFY_SOURCE -march=armv7-a -mfloat-abi=hard -mfpu=vfpv3-d16 -O2 -pipe -MT lib.lo -MD -MP -MF .deps/lib.Tpo -c lib.c -o lib.o >/dev/null 2>&1
mv -f .deps/lib.Tpo .deps/lib.Plo
/bin/sh ../libtool --tag=CC   --mode=link gcc  -U_FORTIFY_SOURCE -march=armv7-a -mfloat-abi=hard -mfpu=vfpv3-d16 -O2 -pipe    -o libcompat.la  lib.lo  -lm 
libtool: link: ar cru .libs/libcompat.a .libs/lib.o 
libtool: link: ranlib .libs/libcompat.a
libtool: link: ( cd ".libs" && rm -f "libcompat.la" && ln -s "../libcompat.la" "libcompat.la" )
make[2]: Leaving directory '/tmp/work/src/flex-2.5.39/lib'
Making all in .
make[2]: Entering directory '/tmp/work/src/flex-2.5.39'
/bin/sh ./libtool --tag=CC   --mode=compile gcc -DHAVE_CONFIG_H -I.  -DLOCALEDIR=\"/usr/share/locale\" -I./intl   -U_FORTIFY_SOURCE -march=armv7-a -mfloat-abi=hard -mfpu=vfpv3-d16 -O2 -pipe  -MT libmain.lo -MD -MP -MF .deps/libmain.Tpo -c -o libmain.lo libmain.c
/bin/sh ./libtool --tag=CC   --mode=compile gcc -DHAVE_CONFIG_H -I.  -DLOCALEDIR=\"/usr/share/locale\" -I./intl   -U_FORTIFY_SOURCE -march=armv7-a -mfloat-abi=hard -mfpu=vfpv3-d16 -O2 -pipe  -MT libyywrap.lo -MD -MP -MF .deps/libyywrap.Tpo -c -o libyywrap.lo libyywrap.c
gcc -DHAVE_CONFIG_H -I.  -DLOCALEDIR=\"/usr/share/locale\" -I./intl   -U_FORTIFY_SOURCE -march=armv7-a -mfloat-abi=hard -mfpu=vfpv3-d16 -O2 -pipe  -MT ccl.o -MD -MP -MF .deps/ccl.Tpo -c -o ccl.o ccl.c
gcc -DHAVE_CONFIG_H -I.  -DLOCALEDIR=\"/usr/share/locale\" -I./intl   -U_FORTIFY_SOURCE -march=armv7-a -mfloat-abi=hard -mfpu=vfpv3-d16 -O2 -pipe  -MT dfa.o -MD -MP -MF .deps/dfa.Tpo -c -o dfa.o dfa.c
gcc -DHAVE_CONFIG_H -I.  -DLOCALEDIR=\"/usr/share/locale\" -I./intl   -U_FORTIFY_SOURCE -march=armv7-a -mfloat-abi=hard -mfpu=vfpv3-d16 -O2 -pipe  -MT ecs.o -MD -MP -MF .deps/ecs.Tpo -c -o ecs.o ecs.c
libtool: compile:  gcc -DHAVE_CONFIG_H -I. -DLOCALEDIR=\"/usr/share/locale\" -I./intl -U_FORTIFY_SOURCE -march=armv7-a -mfloat-abi=hard -mfpu=vfpv3-d16 -O2 -pipe -MT libmain.lo -MD -MP -MF .deps/libmain.Tpo -c libmain.c  -fPIC -DPIC -o .libs/libmain.o
libtool: compile:  gcc -DHAVE_CONFIG_H -I. -DLOCALEDIR=\"/usr/share/locale\" -I./intl -U_FORTIFY_SOURCE -march=armv7-a -mfloat-abi=hard -mfpu=vfpv3-d16 -O2 -pipe -MT libyywrap.lo -MD -MP -MF .deps/libyywrap.Tpo -c libyywrap.c  -fPIC -DPIC -o .libs/libyywrap.o
libtool: compile:  gcc -DHAVE_CONFIG_H -I. -DLOCALEDIR=\"/usr/share/locale\" -I./intl -U_FORTIFY_SOURCE -march=armv7-a -mfloat-abi=hard -mfpu=vfpv3-d16 -O2 -pipe -MT libyywrap.lo -MD -MP -MF .deps/libyywrap.Tpo -c libyywrap.c -o libyywrap.o >/dev/null 2>&1
libtool: compile:  gcc -DHAVE_CONFIG_H -I. -DLOCALEDIR=\"/usr/share/locale\" -I./intl -U_FORTIFY_SOURCE -march=armv7-a -mfloat-abi=hard -mfpu=vfpv3-d16 -O2 -pipe -MT libmain.lo -MD -MP -MF .deps/libmain.Tpo -c libmain.c -o libmain.o >/dev/null 2>&1
mv -f .deps/ecs.Tpo .deps/ecs.Po
mv -f .deps/libyywrap.Tpo .deps/libyywrap.Plo
gcc -DHAVE_CONFIG_H -I.  -DLOCALEDIR=\"/usr/share/locale\" -I./intl   -U_FORTIFY_SOURCE -march=armv7-a -mfloat-abi=hard -mfpu=vfpv3-d16 -O2 -pipe  -MT scanflags.o -MD -MP -MF .deps/scanflags.Tpo -c -o scanflags.o scanflags.c
gcc -DHAVE_CONFIG_H -I.  -DLOCALEDIR=\"/usr/share/locale\" -I./intl   -U_FORTIFY_SOURCE -march=armv7-a -mfloat-abi=hard -mfpu=vfpv3-d16 -O2 -pipe  -MT gen.o -MD -MP -MF .deps/gen.Tpo -c -o gen.o gen.c
mv -f .deps/libmain.Tpo .deps/libmain.Plo
gcc -DHAVE_CONFIG_H -I.  -DLOCALEDIR=\"/usr/share/locale\" -I./intl   -U_FORTIFY_SOURCE -march=armv7-a -mfloat-abi=hard -mfpu=vfpv3-d16 -O2 -pipe  -MT main.o -MD -MP -MF .deps/main.Tpo -c -o main.o main.c
mv -f .deps/ccl.Tpo .deps/ccl.Po
gcc -DHAVE_CONFIG_H -I.  -DLOCALEDIR=\"/usr/share/locale\" -I./intl   -U_FORTIFY_SOURCE -march=armv7-a -mfloat-abi=hard -mfpu=vfpv3-d16 -O2 -pipe  -MT misc.o -MD -MP -MF .deps/misc.Tpo -c -o misc.o misc.c
mv -f .deps/scanflags.Tpo .deps/scanflags.Po
gcc -DHAVE_CONFIG_H -I.  -DLOCALEDIR=\"/usr/share/locale\" -I./intl   -U_FORTIFY_SOURCE -march=armv7-a -mfloat-abi=hard -mfpu=vfpv3-d16 -O2 -pipe  -MT nfa.o -MD -MP -MF .deps/nfa.Tpo -c -o nfa.o nfa.c
mv -f .deps/dfa.Tpo .deps/dfa.Po
gcc -DHAVE_CONFIG_H -I.  -DLOCALEDIR=\"/usr/share/locale\" -I./intl   -U_FORTIFY_SOURCE -march=armv7-a -mfloat-abi=hard -mfpu=vfpv3-d16 -O2 -pipe  -MT parse.o -MD -MP -MF .deps/parse.Tpo -c -o parse.o parse.c
mv -f .deps/nfa.Tpo .deps/nfa.Po
mv -f .deps/misc.Tpo .deps/misc.Po
gcc -DHAVE_CONFIG_H -I.  -DLOCALEDIR=\"/usr/share/locale\" -I./intl   -U_FORTIFY_SOURCE -march=armv7-a -mfloat-abi=hard -mfpu=vfpv3-d16 -O2 -pipe  -MT skel.o -MD -MP -MF .deps/skel.Tpo -c -o skel.o skel.c
gcc -DHAVE_CONFIG_H -I.  -DLOCALEDIR=\"/usr/share/locale\" -I./intl   -U_FORTIFY_SOURCE -march=armv7-a -mfloat-abi=hard -mfpu=vfpv3-d16 -O2 -pipe  -MT sym.o -MD -MP -MF .deps/sym.Tpo -c -o sym.o sym.c
mv -f .deps/skel.Tpo .deps/skel.Po
gcc -DHAVE_CONFIG_H -I.  -DLOCALEDIR=\"/usr/share/locale\" -I./intl   -U_FORTIFY_SOURCE -march=armv7-a -mfloat-abi=hard -mfpu=vfpv3-d16 -O2 -pipe  -MT tblcmp.o -MD -MP -MF .deps/tblcmp.Tpo -c -o tblcmp.o tblcmp.c
mv -f .deps/sym.Tpo .deps/sym.Po
mv -f .deps/main.Tpo .deps/main.Po
gcc -DHAVE_CONFIG_H -I.  -DLOCALEDIR=\"/usr/share/locale\" -I./intl   -U_FORTIFY_SOURCE -march=armv7-a -mfloat-abi=hard -mfpu=vfpv3-d16 -O2 -pipe  -MT yylex.o -MD -MP -MF .deps/yylex.Tpo -c -o yylex.o yylex.c
gcc -DHAVE_CONFIG_H -I.  -DLOCALEDIR=\"/usr/share/locale\" -I./intl   -U_FORTIFY_SOURCE -march=armv7-a -mfloat-abi=hard -mfpu=vfpv3-d16 -O2 -pipe  -MT options.o -MD -MP -MF .deps/options.Tpo -c -o options.o options.c
mv -f .deps/options.Tpo .deps/options.Po
gcc -DHAVE_CONFIG_H -I.  -DLOCALEDIR=\"/usr/share/locale\" -I./intl   -U_FORTIFY_SOURCE -march=armv7-a -mfloat-abi=hard -mfpu=vfpv3-d16 -O2 -pipe  -MT scanopt.o -MD -MP -MF .deps/scanopt.Tpo -c -o scanopt.o scanopt.c
mv -f .deps/yylex.Tpo .deps/yylex.Po
gcc -DHAVE_CONFIG_H -I.  -DLOCALEDIR=\"/usr/share/locale\" -I./intl   -U_FORTIFY_SOURCE -march=armv7-a -mfloat-abi=hard -mfpu=vfpv3-d16 -O2 -pipe  -MT buf.o -MD -MP -MF .deps/buf.Tpo -c -o buf.o buf.c
mv -f .deps/gen.Tpo .deps/gen.Po
gcc -DHAVE_CONFIG_H -I.  -DLOCALEDIR=\"/usr/share/locale\" -I./intl   -U_FORTIFY_SOURCE -march=armv7-a -mfloat-abi=hard -mfpu=vfpv3-d16 -O2 -pipe  -MT tables.o -MD -MP -MF .deps/tables.Tpo -c -o tables.o tables.c
mv -f .deps/tblcmp.Tpo .deps/tblcmp.Po
gcc -DHAVE_CONFIG_H -I.  -DLOCALEDIR=\"/usr/share/locale\" -I./intl   -U_FORTIFY_SOURCE -march=armv7-a -mfloat-abi=hard -mfpu=vfpv3-d16 -O2 -pipe  -MT tables_shared.o -MD -MP -MF .deps/tables_shared.Tpo -c -o tables_shared.o tables_shared.c
mv -f .deps/buf.Tpo .deps/buf.Po
gcc -DHAVE_CONFIG_H -I.  -DLOCALEDIR=\"/usr/share/locale\" -I./intl   -U_FORTIFY_SOURCE -march=armv7-a -mfloat-abi=hard -mfpu=vfpv3-d16 -O2 -pipe  -MT filter.o -MD -MP -MF .deps/filter.Tpo -c -o filter.o filter.c
mv -f .deps/parse.Tpo .deps/parse.Po
gcc -DHAVE_CONFIG_H -I.  -DLOCALEDIR=\"/usr/share/locale\" -I./intl   -U_FORTIFY_SOURCE -march=armv7-a -mfloat-abi=hard -mfpu=vfpv3-d16 -O2 -pipe  -MT regex.o -MD -MP -MF .deps/regex.Tpo -c -o regex.o regex.c
mv -f .deps/tables_shared.Tpo .deps/tables_shared.Po
/bin/sh ./libtool --tag=CC   --mode=link gcc  -U_FORTIFY_SOURCE -march=armv7-a -mfloat-abi=hard -mfpu=vfpv3-d16 -O2 -pipe  -no-undefined -version-info 2:0:0  -o libfl.la -rpath /lib libmain.lo libyywrap.lo  -lm 
mv -f .deps/scanopt.Tpo .deps/scanopt.Po
/bin/sh ./libtool --tag=CC   --mode=link gcc  -U_FORTIFY_SOURCE -march=armv7-a -mfloat-abi=hard -mfpu=vfpv3-d16 -O2 -pipe  -no-undefined -version-info 2:0:0  -o libfl_pic.la -rpath /lib libmain.lo libyywrap.lo  -lm 
mv -f .deps/tables.Tpo .deps/tables.Po
gcc -DHAVE_CONFIG_H -I.  -DLOCALEDIR=\"/usr/share/locale\" -I./intl   -U_FORTIFY_SOURCE -march=armv7-a -mfloat-abi=hard -mfpu=vfpv3-d16 -O2 -pipe  -MT scan.o -MD -MP -MF .deps/scan.Tpo -c -o scan.o scan.c
mv -f .deps/regex.Tpo .deps/regex.Po
libtool: link: gcc -shared  -fPIC -DPIC  .libs/libmain.o .libs/libyywrap.o   -lm  -march=armv7-a -mfloat-abi=hard -mfpu=vfpv3-d16 -O2   -Wl,-soname -Wl,libfl.so.2 -o .libs/libfl.so.2.0.0
mv -f .deps/filter.Tpo .deps/filter.Po
libtool: link: gcc -shared  -fPIC -DPIC  .libs/libmain.o .libs/libyywrap.o   -lm  -march=armv7-a -mfloat-abi=hard -mfpu=vfpv3-d16 -O2   -Wl,-soname -Wl,libfl_pic.so.2 -o .libs/libfl_pic.so.2.0.0
libtool: link: (cd ".libs" && rm -f "libfl.so.2" && ln -s "libfl.so.2.0.0" "libfl.so.2")
libtool: link: (cd ".libs" && rm -f "libfl.so" && ln -s "libfl.so.2.0.0" "libfl.so")
libtool: link: ar cru .libs/libfl.a  libmain.o libyywrap.o
libtool: link: (cd ".libs" && rm -f "libfl_pic.so.2" && ln -s "libfl_pic.so.2.0.0" "libfl_pic.so.2")
libtool: link: ranlib .libs/libfl.a
libtool: link: (cd ".libs" && rm -f "libfl_pic.so" && ln -s "libfl_pic.so.2.0.0" "libfl_pic.so")
libtool: link: ar cru .libs/libfl_pic.a  libmain.o libyywrap.o
libtool: link: ( cd ".libs" && rm -f "libfl.la" && ln -s "../libfl.la" "libfl.la" )
libtool: link: ranlib .libs/libfl_pic.a
libtool: link: ( cd ".libs" && rm -f "libfl_pic.la" && ln -s "../libfl_pic.la" "libfl_pic.la" )
mv -f .deps/scan.Tpo .deps/scan.Po
/bin/sh ./libtool --tag=CC   --mode=link gcc  -U_FORTIFY_SOURCE -march=armv7-a -mfloat-abi=hard -mfpu=vfpv3-d16 -O2 -pipe    -o flex ccl.o dfa.o ecs.o scanflags.o gen.o main.o misc.o nfa.o parse.o scan.o skel.o sym.o tblcmp.o yylex.o options.o scanopt.o buf.o tables.o tables_shared.o filter.o regex.o lib/libcompat.la -lm 
libtool: link: gcc -U_FORTIFY_SOURCE -march=armv7-a -mfloat-abi=hard -mfpu=vfpv3-d16 -O2 -pipe -o flex ccl.o dfa.o ecs.o scanflags.o gen.o main.o misc.o nfa.o parse.o scan.o skel.o sym.o tblcmp.o yylex.o options.o scanopt.o buf.o tables.o tables_shared.o filter.o regex.o  lib/.libs/libcompat.a -lm
make[2]: Leaving directory '/tmp/work/src/flex-2.5.39'
Making all in doc
make[2]: Entering directory '/tmp/work/src/flex-2.5.39/doc'
make[2]: Nothing to be done for 'all'.
make[2]: Leaving directory '/tmp/work/src/flex-2.5.39/doc'
Making all in examples
make[2]: Entering directory '/tmp/work/src/flex-2.5.39/examples'
Making all in manual
make[3]: Entering directory '/tmp/work/src/flex-2.5.39/examples/manual'
make[3]: Nothing to be done for 'all'.
make[3]: Leaving directory '/tmp/work/src/flex-2.5.39/examples/manual'
Making all in fastwc
make[3]: Entering directory '/tmp/work/src/flex-2.5.39/examples/fastwc'
make[3]: Nothing to be done for 'all'.
make[3]: Leaving directory '/tmp/work/src/flex-2.5.39/examples/fastwc'
make[3]: Entering directory '/tmp/work/src/flex-2.5.39/examples'
make[3]: Nothing to be done for 'all-am'.
make[3]: Leaving directory '/tmp/work/src/flex-2.5.39/examples'
make[2]: Leaving directory '/tmp/work/src/flex-2.5.39/examples'
Making all in po
make[2]: Entering directory '/tmp/work/src/flex-2.5.39/po'
make[2]: Leaving directory '/tmp/work/src/flex-2.5.39/po'
Making all in tests
make[2]: Entering directory '/tmp/work/src/flex-2.5.39/tests'
Making all in test-concatenated-options
make[3]: Entering directory '/tmp/work/src/flex-2.5.39/tests/test-concatenated-options'
make[3]: Nothing to be done for 'all'.
make[3]: Leaving directory '/tmp/work/src/flex-2.5.39/tests/test-concatenated-options'
Making all in test-c++-yywrap
make[3]: Entering directory '/tmp/work/src/flex-2.5.39/tests/test-c++-yywrap'
make[3]: Nothing to be done for 'all'.
make[3]: Leaving directory '/tmp/work/src/flex-2.5.39/tests/test-c++-yywrap'
Making all in test-extended
make[3]: Entering directory '/tmp/work/src/flex-2.5.39/tests/test-extended'
make[3]: Nothing to be done for 'all'.
make[3]: Leaving directory '/tmp/work/src/flex-2.5.39/tests/test-extended'
Making all in test-ccl
make[3]: Entering directory '/tmp/work/src/flex-2.5.39/tests/test-ccl'
make[3]: Nothing to be done for 'all'.
make[3]: Leaving directory '/tmp/work/src/flex-2.5.39/tests/test-ccl'
Making all in test-quotes
make[3]: Entering directory '/tmp/work/src/flex-2.5.39/tests/test-quotes'
make[3]: Nothing to be done for 'all'.
make[3]: Leaving directory '/tmp/work/src/flex-2.5.39/tests/test-quotes'
Making all in test-rescan-r
make[3]: Entering directory '/tmp/work/src/flex-2.5.39/tests/test-rescan-r'
make[3]: Nothing to be done for 'all'.
make[3]: Leaving directory '/tmp/work/src/flex-2.5.39/tests/test-rescan-r'
Making all in test-rescan-nr
make[3]: Entering directory '/tmp/work/src/flex-2.5.39/tests/test-rescan-nr'
make[3]: Nothing to be done for 'all'.
make[3]: Leaving directory '/tmp/work/src/flex-2.5.39/tests/test-rescan-nr'
Making all in test-basic-nr
make[3]: Entering directory '/tmp/work/src/flex-2.5.39/tests/test-basic-nr'
make[3]: Nothing to be done for 'all'.
make[3]: Leaving directory '/tmp/work/src/flex-2.5.39/tests/test-basic-nr'
Making all in test-basic-r
make[3]: Entering directory '/tmp/work/src/flex-2.5.39/tests/test-basic-r'
make[3]: Nothing to be done for 'all'.
make[3]: Leaving directory '/tmp/work/src/flex-2.5.39/tests/test-basic-r'
Making all in test-multiple-scanners-nr
make[3]: Entering directory '/tmp/work/src/flex-2.5.39/tests/test-multiple-scanners-nr'
make[3]: Nothing to be done for 'all'.
make[3]: Leaving directory '/tmp/work/src/flex-2.5.39/tests/test-multiple-scanners-nr'
Making all in test-multiple-scanners-r
make[3]: Entering directory '/tmp/work/src/flex-2.5.39/tests/test-multiple-scanners-r'
make[3]: Nothing to be done for 'all'.
make[3]: Leaving directory '/tmp/work/src/flex-2.5.39/tests/test-multiple-scanners-r'
Making all in test-header-nr
make[3]: Entering directory '/tmp/work/src/flex-2.5.39/tests/test-header-nr'
make[3]: Nothing to be done for 'all'.
make[3]: Leaving directory '/tmp/work/src/flex-2.5.39/tests/test-header-nr'
Making all in test-header-r
make[3]: Entering directory '/tmp/work/src/flex-2.5.39/tests/test-header-r'
make[3]: Nothing to be done for 'all'.
make[3]: Leaving directory '/tmp/work/src/flex-2.5.39/tests/test-header-r'
Making all in test-reject
make[3]: Entering directory '/tmp/work/src/flex-2.5.39/tests/test-reject'
make[3]: Nothing to be done for 'all'.
make[3]: Leaving directory '/tmp/work/src/flex-2.5.39/tests/test-reject'
Making all in test-c++-multiple-scanners
make[3]: Entering directory '/tmp/work/src/flex-2.5.39/tests/test-c++-multiple-scanners'
make[3]: Nothing to be done for 'all'.
make[3]: Leaving directory '/tmp/work/src/flex-2.5.39/tests/test-c++-multiple-scanners'
Making all in test-c++-basic
make[3]: Entering directory '/tmp/work/src/flex-2.5.39/tests/test-c++-basic'
make[3]: Nothing to be done for 'all'.
make[3]: Leaving directory '/tmp/work/src/flex-2.5.39/tests/test-c++-basic'
Making all in test-posixly-correct
make[3]: Entering directory '/tmp/work/src/flex-2.5.39/tests/test-posixly-correct'
make[3]: Nothing to be done for 'all'.
make[3]: Leaving directory '/tmp/work/src/flex-2.5.39/tests/test-posixly-correct'
Making all in test-posix
make[3]: Entering directory '/tmp/work/src/flex-2.5.39/tests/test-posix'
make[3]: Nothing to be done for 'all'.
make[3]: Leaving directory '/tmp/work/src/flex-2.5.39/tests/test-posix'
Making all in test-mem-r
make[3]: Entering directory '/tmp/work/src/flex-2.5.39/tests/test-mem-r'
make[3]: Nothing to be done for 'all'.
make[3]: Leaving directory '/tmp/work/src/flex-2.5.39/tests/test-mem-r'
Making all in test-mem-nr
make[3]: Entering directory '/tmp/work/src/flex-2.5.39/tests/test-mem-nr'
make[3]: Nothing to be done for 'all'.
make[3]: Leaving directory '/tmp/work/src/flex-2.5.39/tests/test-mem-nr'
Making all in test-debug-nr
make[3]: Entering directory '/tmp/work/src/flex-2.5.39/tests/test-debug-nr'
make[3]: Nothing to be done for 'all'.
make[3]: Leaving directory '/tmp/work/src/flex-2.5.39/tests/test-debug-nr'
Making all in test-debug-r
make[3]: Entering directory '/tmp/work/src/flex-2.5.39/tests/test-debug-r'
make[3]: Nothing to be done for 'all'.
make[3]: Leaving directory '/tmp/work/src/flex-2.5.39/tests/test-debug-r'
Making all in test-lineno-r
make[3]: Entering directory '/tmp/work/src/flex-2.5.39/tests/test-lineno-r'
make[3]: Nothing to be done for 'all'.
make[3]: Leaving directory '/tmp/work/src/flex-2.5.39/tests/test-lineno-r'
Making all in test-lineno-nr
make[3]: Entering directory '/tmp/work/src/flex-2.5.39/tests/test-lineno-nr'
make[3]: Nothing to be done for 'all'.
make[3]: Leaving directory '/tmp/work/src/flex-2.5.39/tests/test-lineno-nr'
Making all in test-lineno-trailing
make[3]: Entering directory '/tmp/work/src/flex-2.5.39/tests/test-lineno-trailing'
make[3]: Nothing to be done for 'all'.
make[3]: Leaving directory '/tmp/work/src/flex-2.5.39/tests/test-lineno-trailing'
Making all in test-linedir-r
make[3]: Entering directory '/tmp/work/src/flex-2.5.39/tests/test-linedir-r'
make[3]: Nothing to be done for 'all'.
make[3]: Leaving directory '/tmp/work/src/flex-2.5.39/tests/test-linedir-r'
Making all in test-array-nr
make[3]: Entering directory '/tmp/work/src/flex-2.5.39/tests/test-array-nr'
make[3]: Nothing to be done for 'all'.
make[3]: Leaving directory '/tmp/work/src/flex-2.5.39/tests/test-array-nr'
Making all in test-array-r
make[3]: Entering directory '/tmp/work/src/flex-2.5.39/tests/test-array-r'
make[3]: Nothing to be done for 'all'.
make[3]: Leaving directory '/tmp/work/src/flex-2.5.39/tests/test-array-r'
Making all in test-c-cpp-nr
make[3]: Entering directory '/tmp/work/src/flex-2.5.39/tests/test-c-cpp-nr'
make[3]: Nothing to be done for 'all'.
make[3]: Leaving directory '/tmp/work/src/flex-2.5.39/tests/test-c-cpp-nr'
Making all in test-c-cpp-r
make[3]: Entering directory '/tmp/work/src/flex-2.5.39/tests/test-c-cpp-r'
make[3]: Nothing to be done for 'all'.
make[3]: Leaving directory '/tmp/work/src/flex-2.5.39/tests/test-c-cpp-r'
Making all in test-include-by-buffer
make[3]: Entering directory '/tmp/work/src/flex-2.5.39/tests/test-include-by-buffer'
make[3]: Nothing to be done for 'all'.
make[3]: Leaving directory '/tmp/work/src/flex-2.5.39/tests/test-include-by-buffer'
Making all in test-include-by-push
make[3]: Entering directory '/tmp/work/src/flex-2.5.39/tests/test-include-by-push'
make[3]: Nothing to be done for 'all'.
make[3]: Leaving directory '/tmp/work/src/flex-2.5.39/tests/test-include-by-push'
Making all in test-include-by-reentrant
make[3]: Entering directory '/tmp/work/src/flex-2.5.39/tests/test-include-by-reentrant'
make[3]: Nothing to be done for 'all'.
make[3]: Leaving directory '/tmp/work/src/flex-2.5.39/tests/test-include-by-reentrant'
Making all in test-prefix-nr
make[3]: Entering directory '/tmp/work/src/flex-2.5.39/tests/test-prefix-nr'
make[3]: Nothing to be done for 'all'.
make[3]: Leaving directory '/tmp/work/src/flex-2.5.39/tests/test-prefix-nr'
Making all in test-prefix-r
make[3]: Entering directory '/tmp/work/src/flex-2.5.39/tests/test-prefix-r'
make[3]: Nothing to be done for 'all'.
make[3]: Leaving directory '/tmp/work/src/flex-2.5.39/tests/test-prefix-r'
Making all in test-pthread
make[3]: Entering directory '/tmp/work/src/flex-2.5.39/tests/test-pthread'
make[3]: Nothing to be done for 'all'.
make[3]: Leaving directory '/tmp/work/src/flex-2.5.39/tests/test-pthread'
Making all in test-string-nr
make[3]: Entering directory '/tmp/work/src/flex-2.5.39/tests/test-string-nr'
make[3]: Nothing to be done for 'all'.
make[3]: Leaving directory '/tmp/work/src/flex-2.5.39/tests/test-string-nr'
Making all in test-string-r
make[3]: Entering directory '/tmp/work/src/flex-2.5.39/tests/test-string-r'
make[3]: Nothing to be done for 'all'.
make[3]: Leaving directory '/tmp/work/src/flex-2.5.39/tests/test-string-r'
Making all in test-yyextra
make[3]: Entering directory '/tmp/work/src/flex-2.5.39/tests/test-yyextra'
make[3]: Nothing to be done for 'all'.
make[3]: Leaving directory '/tmp/work/src/flex-2.5.39/tests/test-yyextra'
Making all in test-alloc-extra
make[3]: Entering directory '/tmp/work/src/flex-2.5.39/tests/test-alloc-extra'
make[3]: Nothing to be done for 'all'.
make[3]: Leaving directory '/tmp/work/src/flex-2.5.39/tests/test-alloc-extra'
Making all in test-noansi-nr
make[3]: Entering directory '/tmp/work/src/flex-2.5.39/tests/test-noansi-nr'
make[3]: Nothing to be done for 'all'.
make[3]: Leaving directory '/tmp/work/src/flex-2.5.39/tests/test-noansi-nr'
Making all in test-noansi-r
make[3]: Entering directory '/tmp/work/src/flex-2.5.39/tests/test-noansi-r'
make[3]: Nothing to be done for 'all'.
make[3]: Leaving directory '/tmp/work/src/flex-2.5.39/tests/test-noansi-r'
Making all in test-top
make[3]: Entering directory '/tmp/work/src/flex-2.5.39/tests/test-top'
make[3]: Nothing to be done for 'all'.
make[3]: Leaving directory '/tmp/work/src/flex-2.5.39/tests/test-top'
Making all in test-table-opts
make[3]: Entering directory '/tmp/work/src/flex-2.5.39/tests/test-table-opts'
make[3]: Nothing to be done for 'all'.
make[3]: Leaving directory '/tmp/work/src/flex-2.5.39/tests/test-table-opts'
make[3]: Entering directory '/tmp/work/src/flex-2.5.39/tests'
make[3]: Nothing to be done for 'all-am'.
make[3]: Leaving directory '/tmp/work/src/flex-2.5.39/tests'
make[2]: Leaving directory '/tmp/work/src/flex-2.5.39/tests'
make[1]: Leaving directory '/tmp/work/src/flex-2.5.39'
/usr/bin/make  install-recursive
make[1]: Entering directory '/tmp/work/src/flex-2.5.39'
Making install in lib
make[2]: Entering directory '/tmp/work/src/flex-2.5.39/lib'
make[3]: Entering directory '/tmp/work/src/flex-2.5.39/lib'
make[3]: Nothing to be done for 'install-exec-am'.
make[3]: Nothing to be done for 'install-data-am'.
make[3]: Leaving directory '/tmp/work/src/flex-2.5.39/lib'
make[2]: Leaving directory '/tmp/work/src/flex-2.5.39/lib'
Making install in .
make[2]: Entering directory '/tmp/work/src/flex-2.5.39'
make[3]: Entering directory '/tmp/work/src/flex-2.5.39'
 /bin/mkdir -p '/tmp/work/pkg/lib'
 /bin/mkdir -p '/tmp/work/pkg/usr/include'
 /bin/mkdir -p '/tmp/work/pkg/usr/share/doc/flex-2.5.39'
 /bin/sh ./libtool   --mode=install /usr/bin/install -c   libfl.la libfl_pic.la '/tmp/work/pkg/lib'
 /usr/bin/install -c -m 644 FlexLexer.h '/tmp/work/pkg/usr/include'
 /usr/bin/install -c -m 644 AUTHORS COPYING NEWS ONEWS README TODO '/tmp/work/pkg/usr/share/doc/flex-2.5.39'
libtool: install: /usr/bin/install -c .libs/libfl.so.2.0.0 /tmp/work/pkg/lib/libfl.so.2.0.0
libtool: install: (cd /tmp/work/pkg/lib && { ln -s -f libfl.so.2.0.0 libfl.so.2 || { rm -f libfl.so.2 && ln -s libfl.so.2.0.0 libfl.so.2; }; })
libtool: install: (cd /tmp/work/pkg/lib && { ln -s -f libfl.so.2.0.0 libfl.so || { rm -f libfl.so && ln -s libfl.so.2.0.0 libfl.so; }; })
libtool: install: /usr/bin/install -c .libs/libfl.lai /tmp/work/pkg/lib/libfl.la
libtool: install: /usr/bin/install -c .libs/libfl_pic.so.2.0.0 /tmp/work/pkg/lib/libfl_pic.so.2.0.0
libtool: install: (cd /tmp/work/pkg/lib && { ln -s -f libfl_pic.so.2.0.0 libfl_pic.so.2 || { rm -f libfl_pic.so.2 && ln -s libfl_pic.so.2.0.0 libfl_pic.so.2; }; })
libtool: install: (cd /tmp/work/pkg/lib && { ln -s -f libfl_pic.so.2.0.0 libfl_pic.so || { rm -f libfl_pic.so && ln -s libfl_pic.so.2.0.0 libfl_pic.so; }; })
libtool: install: /usr/bin/install -c .libs/libfl_pic.lai /tmp/work/pkg/lib/libfl_pic.la
libtool: install: /usr/bin/install -c .libs/libfl.a /tmp/work/pkg/lib/libfl.a
libtool: install: chmod 644 /tmp/work/pkg/lib/libfl.a
libtool: install: ranlib /tmp/work/pkg/lib/libfl.a
libtool: install: /usr/bin/install -c .libs/libfl_pic.a /tmp/work/pkg/lib/libfl_pic.a
libtool: install: chmod 644 /tmp/work/pkg/lib/libfl_pic.a
libtool: install: ranlib /tmp/work/pkg/lib/libfl_pic.a
 /bin/mkdir -p '/tmp/work/pkg/bin'
  /bin/sh ./libtool   --mode=install /usr/bin/install -c flex '/tmp/work/pkg/bin'
libtool: install: /usr/bin/install -c flex /tmp/work/pkg/bin/flex
/usr/bin/make  install-exec-hook
make[4]: Entering directory '/tmp/work/src/flex-2.5.39'
cd /tmp/work/pkg/bin && \
	ln -s -f flex flex++
make[4]: Leaving directory '/tmp/work/src/flex-2.5.39'
make[3]: Leaving directory '/tmp/work/src/flex-2.5.39'
make[2]: Leaving directory '/tmp/work/src/flex-2.5.39'
Making install in doc
make[2]: Entering directory '/tmp/work/src/flex-2.5.39/doc'
make[3]: Entering directory '/tmp/work/src/flex-2.5.39/doc'
make[3]: Nothing to be done for 'install-exec-am'.
 /bin/mkdir -p '/tmp/work/pkg/usr/share/man/man1'
 /bin/mkdir -p '/tmp/work/pkg/usr/share/doc/flex-2.5.39'
 /usr/bin/install -c -m 644 flex.pdf '/tmp/work/pkg/usr/share/doc/flex-2.5.39'
 /bin/mkdir -p '/tmp/work/pkg/usr/share/info'
 /usr/bin/install -c -m 644 flex.1 '/tmp/work/pkg/usr/share/man/man1'
 /usr/bin/install -c -m 644 ./flex.info ./flex.info-1 ./flex.info-2 '/tmp/work/pkg/usr/share/info'
 install-info --info-dir='/tmp/work/pkg/usr/share/info' '/tmp/work/pkg/usr/share/info/flex.info'
make[3]: Leaving directory '/tmp/work/src/flex-2.5.39/doc'
make[2]: Leaving directory '/tmp/work/src/flex-2.5.39/doc'
Making install in examples
make[2]: Entering directory '/tmp/work/src/flex-2.5.39/examples'
Making install in manual
make[3]: Entering directory '/tmp/work/src/flex-2.5.39/examples/manual'
make[4]: Entering directory '/tmp/work/src/flex-2.5.39/examples/manual'
make[4]: Nothing to be done for 'install-exec-am'.
make[4]: Nothing to be done for 'install-data-am'.
make[4]: Leaving directory '/tmp/work/src/flex-2.5.39/examples/manual'
make[3]: Leaving directory '/tmp/work/src/flex-2.5.39/examples/manual'
Making install in fastwc
make[3]: Entering directory '/tmp/work/src/flex-2.5.39/examples/fastwc'
make[4]: Entering directory '/tmp/work/src/flex-2.5.39/examples/fastwc'
make[4]: Nothing to be done for 'install-exec-am'.
make[4]: Nothing to be done for 'install-data-am'.
make[4]: Leaving directory '/tmp/work/src/flex-2.5.39/examples/fastwc'
make[3]: Leaving directory '/tmp/work/src/flex-2.5.39/examples/fastwc'
make[3]: Entering directory '/tmp/work/src/flex-2.5.39/examples'
make[4]: Entering directory '/tmp/work/src/flex-2.5.39/examples'
make[4]: Nothing to be done for 'install-exec-am'.
make[4]: Nothing to be done for 'install-data-am'.
make[4]: Leaving directory '/tmp/work/src/flex-2.5.39/examples'
make[3]: Leaving directory '/tmp/work/src/flex-2.5.39/examples'
make[2]: Leaving directory '/tmp/work/src/flex-2.5.39/examples'
Making install in po
make[2]: Entering directory '/tmp/work/src/flex-2.5.39/po'
installing ca.gmo as /tmp/work/pkg/usr/share/locale/ca/LC_MESSAGES/flex.mo
installing da.gmo as /tmp/work/pkg/usr/share/locale/da/LC_MESSAGES/flex.mo
installing de.gmo as /tmp/work/pkg/usr/share/locale/de/LC_MESSAGES/flex.mo
installing en@quot.gmo as /tmp/work/pkg/usr/share/locale/en@quot/LC_MESSAGES/flex.mo
installing en@boldquot.gmo as /tmp/work/pkg/usr/share/locale/en@boldquot/LC_MESSAGES/flex.mo
installing eo.gmo as /tmp/work/pkg/usr/share/locale/eo/LC_MESSAGES/flex.mo
installing es.gmo as /tmp/work/pkg/usr/share/locale/es/LC_MESSAGES/flex.mo
installing fi.gmo as /tmp/work/pkg/usr/share/locale/fi/LC_MESSAGES/flex.mo
installing fr.gmo as /tmp/work/pkg/usr/share/locale/fr/LC_MESSAGES/flex.mo
installing ga.gmo as /tmp/work/pkg/usr/share/locale/ga/LC_MESSAGES/flex.mo
installing hr.gmo as /tmp/work/pkg/usr/share/locale/hr/LC_MESSAGES/flex.mo
installing ko.gmo as /tmp/work/pkg/usr/share/locale/ko/LC_MESSAGES/flex.mo
installing nl.gmo as /tmp/work/pkg/usr/share/locale/nl/LC_MESSAGES/flex.mo
installing pl.gmo as /tmp/work/pkg/usr/share/locale/pl/LC_MESSAGES/flex.mo
installing pt_BR.gmo as /tmp/work/pkg/usr/share/locale/pt_BR/LC_MESSAGES/flex.mo
installing ro.gmo as /tmp/work/pkg/usr/share/locale/ro/LC_MESSAGES/flex.mo
installing ru.gmo as /tmp/work/pkg/usr/share/locale/ru/LC_MESSAGES/flex.mo
installing sr.gmo as /tmp/work/pkg/usr/share/locale/sr/LC_MESSAGES/flex.mo
installing sv.gmo as /tmp/work/pkg/usr/share/locale/sv/LC_MESSAGES/flex.mo
installing tr.gmo as /tmp/work/pkg/usr/share/locale/tr/LC_MESSAGES/flex.mo
installing vi.gmo as /tmp/work/pkg/usr/share/locale/vi/LC_MESSAGES/flex.mo
installing zh_CN.gmo as /tmp/work/pkg/usr/share/locale/zh_CN/LC_MESSAGES/flex.mo
installing zh_TW.gmo as /tmp/work/pkg/usr/share/locale/zh_TW/LC_MESSAGES/flex.mo
if test "flex" = "gettext-tools"; then \
  /bin/mkdir -p /tmp/work/pkg/usr/share/gettext/po; \
  for file in Makefile.in.in remove-potcdate.sin quot.sed boldquot.sed en@quot.header en@boldquot.header insert-header.sin Rules-quot   Makevars.template; do \
    /usr/bin/install -c -m 644 ./$file \
		    /tmp/work/pkg/usr/share/gettext/po/$file; \
  done; \
  for file in Makevars; do \
    rm -f /tmp/work/pkg/usr/share/gettext/po/$file; \
  done; \
else \
  : ; \
fi
make[2]: Leaving directory '/tmp/work/src/flex-2.5.39/po'
Making install in tests
make[2]: Entering directory '/tmp/work/src/flex-2.5.39/tests'
Making install in test-concatenated-options
make[3]: Entering directory '/tmp/work/src/flex-2.5.39/tests/test-concatenated-options'
make[4]: Entering directory '/tmp/work/src/flex-2.5.39/tests/test-concatenated-options'
make[4]: Nothing to be done for 'install-exec-am'.
make[4]: Nothing to be done for 'install-data-am'.
make[4]: Leaving directory '/tmp/work/src/flex-2.5.39/tests/test-concatenated-options'
make[3]: Leaving directory '/tmp/work/src/flex-2.5.39/tests/test-concatenated-options'
Making install in test-c++-yywrap
make[3]: Entering directory '/tmp/work/src/flex-2.5.39/tests/test-c++-yywrap'
make[4]: Entering directory '/tmp/work/src/flex-2.5.39/tests/test-c++-yywrap'
make[4]: Nothing to be done for 'install-exec-am'.
make[4]: Nothing to be done for 'install-data-am'.
make[4]: Leaving directory '/tmp/work/src/flex-2.5.39/tests/test-c++-yywrap'
make[3]: Leaving directory '/tmp/work/src/flex-2.5.39/tests/test-c++-yywrap'
Making install in test-extended
make[3]: Entering directory '/tmp/work/src/flex-2.5.39/tests/test-extended'
make[4]: Entering directory '/tmp/work/src/flex-2.5.39/tests/test-extended'
make[4]: Nothing to be done for 'install-exec-am'.
make[4]: Nothing to be done for 'install-data-am'.
make[4]: Leaving directory '/tmp/work/src/flex-2.5.39/tests/test-extended'
make[3]: Leaving directory '/tmp/work/src/flex-2.5.39/tests/test-extended'
Making install in test-ccl
make[3]: Entering directory '/tmp/work/src/flex-2.5.39/tests/test-ccl'
make[4]: Entering directory '/tmp/work/src/flex-2.5.39/tests/test-ccl'
make[4]: Nothing to be done for 'install-exec-am'.
make[4]: Nothing to be done for 'install-data-am'.
make[4]: Leaving directory '/tmp/work/src/flex-2.5.39/tests/test-ccl'
make[3]: Leaving directory '/tmp/work/src/flex-2.5.39/tests/test-ccl'
Making install in test-quotes
make[3]: Entering directory '/tmp/work/src/flex-2.5.39/tests/test-quotes'
make[4]: Entering directory '/tmp/work/src/flex-2.5.39/tests/test-quotes'
make[4]: Nothing to be done for 'install-exec-am'.
make[4]: Nothing to be done for 'install-data-am'.
make[4]: Leaving directory '/tmp/work/src/flex-2.5.39/tests/test-quotes'
make[3]: Leaving directory '/tmp/work/src/flex-2.5.39/tests/test-quotes'
Making install in test-rescan-r
make[3]: Entering directory '/tmp/work/src/flex-2.5.39/tests/test-rescan-r'
make[4]: Entering directory '/tmp/work/src/flex-2.5.39/tests/test-rescan-r'
make[4]: Nothing to be done for 'install-exec-am'.
make[4]: Nothing to be done for 'install-data-am'.
make[4]: Leaving directory '/tmp/work/src/flex-2.5.39/tests/test-rescan-r'
make[3]: Leaving directory '/tmp/work/src/flex-2.5.39/tests/test-rescan-r'
Making install in test-rescan-nr
make[3]: Entering directory '/tmp/work/src/flex-2.5.39/tests/test-rescan-nr'
make[4]: Entering directory '/tmp/work/src/flex-2.5.39/tests/test-rescan-nr'
make[4]: Nothing to be done for 'install-exec-am'.
make[4]: Nothing to be done for 'install-data-am'.
make[4]: Leaving directory '/tmp/work/src/flex-2.5.39/tests/test-rescan-nr'
make[3]: Leaving directory '/tmp/work/src/flex-2.5.39/tests/test-rescan-nr'
Making install in test-basic-nr
make[3]: Entering directory '/tmp/work/src/flex-2.5.39/tests/test-basic-nr'
make[4]: Entering directory '/tmp/work/src/flex-2.5.39/tests/test-basic-nr'
make[4]: Nothing to be done for 'install-exec-am'.
make[4]: Nothing to be done for 'install-data-am'.
make[4]: Leaving directory '/tmp/work/src/flex-2.5.39/tests/test-basic-nr'
make[3]: Leaving directory '/tmp/work/src/flex-2.5.39/tests/test-basic-nr'
Making install in test-basic-r
make[3]: Entering directory '/tmp/work/src/flex-2.5.39/tests/test-basic-r'
make[4]: Entering directory '/tmp/work/src/flex-2.5.39/tests/test-basic-r'
make[4]: Nothing to be done for 'install-exec-am'.
make[4]: Nothing to be done for 'install-data-am'.
make[4]: Leaving directory '/tmp/work/src/flex-2.5.39/tests/test-basic-r'
make[3]: Leaving directory '/tmp/work/src/flex-2.5.39/tests/test-basic-r'
Making install in test-multiple-scanners-nr
make[3]: Entering directory '/tmp/work/src/flex-2.5.39/tests/test-multiple-scanners-nr'
make[4]: Entering directory '/tmp/work/src/flex-2.5.39/tests/test-multiple-scanners-nr'
make[4]: Nothing to be done for 'install-exec-am'.
make[4]: Nothing to be done for 'install-data-am'.
make[4]: Leaving directory '/tmp/work/src/flex-2.5.39/tests/test-multiple-scanners-nr'
make[3]: Leaving directory '/tmp/work/src/flex-2.5.39/tests/test-multiple-scanners-nr'
Making install in test-multiple-scanners-r
make[3]: Entering directory '/tmp/work/src/flex-2.5.39/tests/test-multiple-scanners-r'
make[4]: Entering directory '/tmp/work/src/flex-2.5.39/tests/test-multiple-scanners-r'
make[4]: Nothing to be done for 'install-exec-am'.
make[4]: Nothing to be done for 'install-data-am'.
make[4]: Leaving directory '/tmp/work/src/flex-2.5.39/tests/test-multiple-scanners-r'
make[3]: Leaving directory '/tmp/work/src/flex-2.5.39/tests/test-multiple-scanners-r'
Making install in test-header-nr
make[3]: Entering directory '/tmp/work/src/flex-2.5.39/tests/test-header-nr'
make[4]: Entering directory '/tmp/work/src/flex-2.5.39/tests/test-header-nr'
make[4]: Nothing to be done for 'install-exec-am'.
make[4]: Nothing to be done for 'install-data-am'.
make[4]: Leaving directory '/tmp/work/src/flex-2.5.39/tests/test-header-nr'
make[3]: Leaving directory '/tmp/work/src/flex-2.5.39/tests/test-header-nr'
Making install in test-header-r
make[3]: Entering directory '/tmp/work/src/flex-2.5.39/tests/test-header-r'
make[4]: Entering directory '/tmp/work/src/flex-2.5.39/tests/test-header-r'
make[4]: Nothing to be done for 'install-exec-am'.
make[4]: Nothing to be done for 'install-data-am'.
make[4]: Leaving directory '/tmp/work/src/flex-2.5.39/tests/test-header-r'
make[3]: Leaving directory '/tmp/work/src/flex-2.5.39/tests/test-header-r'
Making install in test-reject
make[3]: Entering directory '/tmp/work/src/flex-2.5.39/tests/test-reject'
make[4]: Entering directory '/tmp/work/src/flex-2.5.39/tests/test-reject'
make[4]: Nothing to be done for 'install-exec-am'.
make[4]: Nothing to be done for 'install-data-am'.
make[4]: Leaving directory '/tmp/work/src/flex-2.5.39/tests/test-reject'
make[3]: Leaving directory '/tmp/work/src/flex-2.5.39/tests/test-reject'
Making install in test-c++-multiple-scanners
make[3]: Entering directory '/tmp/work/src/flex-2.5.39/tests/test-c++-multiple-scanners'
make[4]: Entering directory '/tmp/work/src/flex-2.5.39/tests/test-c++-multiple-scanners'
make[4]: Nothing to be done for 'install-exec-am'.
make[4]: Nothing to be done for 'install-data-am'.
make[4]: Leaving directory '/tmp/work/src/flex-2.5.39/tests/test-c++-multiple-scanners'
make[3]: Leaving directory '/tmp/work/src/flex-2.5.39/tests/test-c++-multiple-scanners'
Making install in test-c++-basic
make[3]: Entering directory '/tmp/work/src/flex-2.5.39/tests/test-c++-basic'
make[4]: Entering directory '/tmp/work/src/flex-2.5.39/tests/test-c++-basic'
make[4]: Nothing to be done for 'install-exec-am'.
make[4]: Nothing to be done for 'install-data-am'.
make[4]: Leaving directory '/tmp/work/src/flex-2.5.39/tests/test-c++-basic'
make[3]: Leaving directory '/tmp/work/src/flex-2.5.39/tests/test-c++-basic'
Making install in test-posixly-correct
make[3]: Entering directory '/tmp/work/src/flex-2.5.39/tests/test-posixly-correct'
make[4]: Entering directory '/tmp/work/src/flex-2.5.39/tests/test-posixly-correct'
make[4]: Nothing to be done for 'install-exec-am'.
make[4]: Nothing to be done for 'install-data-am'.
make[4]: Leaving directory '/tmp/work/src/flex-2.5.39/tests/test-posixly-correct'
make[3]: Leaving directory '/tmp/work/src/flex-2.5.39/tests/test-posixly-correct'
Making install in test-posix
make[3]: Entering directory '/tmp/work/src/flex-2.5.39/tests/test-posix'
make[4]: Entering directory '/tmp/work/src/flex-2.5.39/tests/test-posix'
make[4]: Nothing to be done for 'install-exec-am'.
make[4]: Nothing to be done for 'install-data-am'.
make[4]: Leaving directory '/tmp/work/src/flex-2.5.39/tests/test-posix'
make[3]: Leaving directory '/tmp/work/src/flex-2.5.39/tests/test-posix'
Making install in test-mem-r
make[3]: Entering directory '/tmp/work/src/flex-2.5.39/tests/test-mem-r'
make[4]: Entering directory '/tmp/work/src/flex-2.5.39/tests/test-mem-r'
make[4]: Nothing to be done for 'install-exec-am'.
make[4]: Nothing to be done for 'install-data-am'.
make[4]: Leaving directory '/tmp/work/src/flex-2.5.39/tests/test-mem-r'
make[3]: Leaving directory '/tmp/work/src/flex-2.5.39/tests/test-mem-r'
Making install in test-mem-nr
make[3]: Entering directory '/tmp/work/src/flex-2.5.39/tests/test-mem-nr'
make[4]: Entering directory '/tmp/work/src/flex-2.5.39/tests/test-mem-nr'
make[4]: Nothing to be done for 'install-exec-am'.
make[4]: Nothing to be done for 'install-data-am'.
make[4]: Leaving directory '/tmp/work/src/flex-2.5.39/tests/test-mem-nr'
make[3]: Leaving directory '/tmp/work/src/flex-2.5.39/tests/test-mem-nr'
Making install in test-debug-nr
make[3]: Entering directory '/tmp/work/src/flex-2.5.39/tests/test-debug-nr'
make[4]: Entering directory '/tmp/work/src/flex-2.5.39/tests/test-debug-nr'
make[4]: Nothing to be done for 'install-exec-am'.
make[4]: Nothing to be done for 'install-data-am'.
make[4]: Leaving directory '/tmp/work/src/flex-2.5.39/tests/test-debug-nr'
make[3]: Leaving directory '/tmp/work/src/flex-2.5.39/tests/test-debug-nr'
Making install in test-debug-r
make[3]: Entering directory '/tmp/work/src/flex-2.5.39/tests/test-debug-r'
make[4]: Entering directory '/tmp/work/src/flex-2.5.39/tests/test-debug-r'
make[4]: Nothing to be done for 'install-exec-am'.
make[4]: Nothing to be done for 'install-data-am'.
make[4]: Leaving directory '/tmp/work/src/flex-2.5.39/tests/test-debug-r'
make[3]: Leaving directory '/tmp/work/src/flex-2.5.39/tests/test-debug-r'
Making install in test-lineno-r
make[3]: Entering directory '/tmp/work/src/flex-2.5.39/tests/test-lineno-r'
make[4]: Entering directory '/tmp/work/src/flex-2.5.39/tests/test-lineno-r'
make[4]: Nothing to be done for 'install-exec-am'.
make[4]: Nothing to be done for 'install-data-am'.
make[4]: Leaving directory '/tmp/work/src/flex-2.5.39/tests/test-lineno-r'
make[3]: Leaving directory '/tmp/work/src/flex-2.5.39/tests/test-lineno-r'
Making install in test-lineno-nr
make[3]: Entering directory '/tmp/work/src/flex-2.5.39/tests/test-lineno-nr'
make[4]: Entering directory '/tmp/work/src/flex-2.5.39/tests/test-lineno-nr'
make[4]: Nothing to be done for 'install-exec-am'.
make[4]: Nothing to be done for 'install-data-am'.
make[4]: Leaving directory '/tmp/work/src/flex-2.5.39/tests/test-lineno-nr'
make[3]: Leaving directory '/tmp/work/src/flex-2.5.39/tests/test-lineno-nr'
Making install in test-lineno-trailing
make[3]: Entering directory '/tmp/work/src/flex-2.5.39/tests/test-lineno-trailing'
make[4]: Entering directory '/tmp/work/src/flex-2.5.39/tests/test-lineno-trailing'
make[4]: Nothing to be done for 'install-exec-am'.
make[4]: Nothing to be done for 'install-data-am'.
make[4]: Leaving directory '/tmp/work/src/flex-2.5.39/tests/test-lineno-trailing'
make[3]: Leaving directory '/tmp/work/src/flex-2.5.39/tests/test-lineno-trailing'
Making install in test-linedir-r
make[3]: Entering directory '/tmp/work/src/flex-2.5.39/tests/test-linedir-r'
make[4]: Entering directory '/tmp/work/src/flex-2.5.39/tests/test-linedir-r'
make[4]: Nothing to be done for 'install-exec-am'.
make[4]: Nothing to be done for 'install-data-am'.
make[4]: Leaving directory '/tmp/work/src/flex-2.5.39/tests/test-linedir-r'
make[3]: Leaving directory '/tmp/work/src/flex-2.5.39/tests/test-linedir-r'
Making install in test-array-nr
make[3]: Entering directory '/tmp/work/src/flex-2.5.39/tests/test-array-nr'
make[4]: Entering directory '/tmp/work/src/flex-2.5.39/tests/test-array-nr'
make[4]: Nothing to be done for 'install-exec-am'.
make[4]: Nothing to be done for 'install-data-am'.
make[4]: Leaving directory '/tmp/work/src/flex-2.5.39/tests/test-array-nr'
make[3]: Leaving directory '/tmp/work/src/flex-2.5.39/tests/test-array-nr'
Making install in test-array-r
make[3]: Entering directory '/tmp/work/src/flex-2.5.39/tests/test-array-r'
make[4]: Entering directory '/tmp/work/src/flex-2.5.39/tests/test-array-r'
make[4]: Nothing to be done for 'install-exec-am'.
make[4]: Nothing to be done for 'install-data-am'.
make[4]: Leaving directory '/tmp/work/src/flex-2.5.39/tests/test-array-r'
make[3]: Leaving directory '/tmp/work/src/flex-2.5.39/tests/test-array-r'
Making install in test-c-cpp-nr
make[3]: Entering directory '/tmp/work/src/flex-2.5.39/tests/test-c-cpp-nr'
make[4]: Entering directory '/tmp/work/src/flex-2.5.39/tests/test-c-cpp-nr'
make[4]: Nothing to be done for 'install-exec-am'.
make[4]: Nothing to be done for 'install-data-am'.
make[4]: Leaving directory '/tmp/work/src/flex-2.5.39/tests/test-c-cpp-nr'
make[3]: Leaving directory '/tmp/work/src/flex-2.5.39/tests/test-c-cpp-nr'
Making install in test-c-cpp-r
make[3]: Entering directory '/tmp/work/src/flex-2.5.39/tests/test-c-cpp-r'
make[4]: Entering directory '/tmp/work/src/flex-2.5.39/tests/test-c-cpp-r'
make[4]: Nothing to be done for 'install-exec-am'.
make[4]: Nothing to be done for 'install-data-am'.
make[4]: Leaving directory '/tmp/work/src/flex-2.5.39/tests/test-c-cpp-r'
make[3]: Leaving directory '/tmp/work/src/flex-2.5.39/tests/test-c-cpp-r'
Making install in test-include-by-buffer
make[3]: Entering directory '/tmp/work/src/flex-2.5.39/tests/test-include-by-buffer'
make[4]: Entering directory '/tmp/work/src/flex-2.5.39/tests/test-include-by-buffer'
make[4]: Nothing to be done for 'install-exec-am'.
make[4]: Nothing to be done for 'install-data-am'.
make[4]: Leaving directory '/tmp/work/src/flex-2.5.39/tests/test-include-by-buffer'
make[3]: Leaving directory '/tmp/work/src/flex-2.5.39/tests/test-include-by-buffer'
Making install in test-include-by-push
make[3]: Entering directory '/tmp/work/src/flex-2.5.39/tests/test-include-by-push'
make[4]: Entering directory '/tmp/work/src/flex-2.5.39/tests/test-include-by-push'
make[4]: Nothing to be done for 'install-exec-am'.
make[4]: Nothing to be done for 'install-data-am'.
make[4]: Leaving directory '/tmp/work/src/flex-2.5.39/tests/test-include-by-push'
make[3]: Leaving directory '/tmp/work/src/flex-2.5.39/tests/test-include-by-push'
Making install in test-include-by-reentrant
make[3]: Entering directory '/tmp/work/src/flex-2.5.39/tests/test-include-by-reentrant'
make[4]: Entering directory '/tmp/work/src/flex-2.5.39/tests/test-include-by-reentrant'
make[4]: Nothing to be done for 'install-exec-am'.
make[4]: Nothing to be done for 'install-data-am'.
make[4]: Leaving directory '/tmp/work/src/flex-2.5.39/tests/test-include-by-reentrant'
make[3]: Leaving directory '/tmp/work/src/flex-2.5.39/tests/test-include-by-reentrant'
Making install in test-prefix-nr
make[3]: Entering directory '/tmp/work/src/flex-2.5.39/tests/test-prefix-nr'
make[4]: Entering directory '/tmp/work/src/flex-2.5.39/tests/test-prefix-nr'
make[4]: Nothing to be done for 'install-exec-am'.
make[4]: Nothing to be done for 'install-data-am'.
make[4]: Leaving directory '/tmp/work/src/flex-2.5.39/tests/test-prefix-nr'
make[3]: Leaving directory '/tmp/work/src/flex-2.5.39/tests/test-prefix-nr'
Making install in test-prefix-r
make[3]: Entering directory '/tmp/work/src/flex-2.5.39/tests/test-prefix-r'
make[4]: Entering directory '/tmp/work/src/flex-2.5.39/tests/test-prefix-r'
make[4]: Nothing to be done for 'install-exec-am'.
make[4]: Nothing to be done for 'install-data-am'.
make[4]: Leaving directory '/tmp/work/src/flex-2.5.39/tests/test-prefix-r'
make[3]: Leaving directory '/tmp/work/src/flex-2.5.39/tests/test-prefix-r'
Making install in test-pthread
make[3]: Entering directory '/tmp/work/src/flex-2.5.39/tests/test-pthread'
make[4]: Entering directory '/tmp/work/src/flex-2.5.39/tests/test-pthread'
make[4]: Nothing to be done for 'install-exec-am'.
make[4]: Nothing to be done for 'install-data-am'.
make[4]: Leaving directory '/tmp/work/src/flex-2.5.39/tests/test-pthread'
make[3]: Leaving directory '/tmp/work/src/flex-2.5.39/tests/test-pthread'
Making install in test-string-nr
make[3]: Entering directory '/tmp/work/src/flex-2.5.39/tests/test-string-nr'
make[4]: Entering directory '/tmp/work/src/flex-2.5.39/tests/test-string-nr'
make[4]: Nothing to be done for 'install-exec-am'.
make[4]: Nothing to be done for 'install-data-am'.
make[4]: Leaving directory '/tmp/work/src/flex-2.5.39/tests/test-string-nr'
make[3]: Leaving directory '/tmp/work/src/flex-2.5.39/tests/test-string-nr'
Making install in test-string-r
make[3]: Entering directory '/tmp/work/src/flex-2.5.39/tests/test-string-r'
make[4]: Entering directory '/tmp/work/src/flex-2.5.39/tests/test-string-r'
make[4]: Nothing to be done for 'install-exec-am'.
make[4]: Nothing to be done for 'install-data-am'.
make[4]: Leaving directory '/tmp/work/src/flex-2.5.39/tests/test-string-r'
make[3]: Leaving directory '/tmp/work/src/flex-2.5.39/tests/test-string-r'
Making install in test-yyextra
make[3]: Entering directory '/tmp/work/src/flex-2.5.39/tests/test-yyextra'
make[4]: Entering directory '/tmp/work/src/flex-2.5.39/tests/test-yyextra'
make[4]: Nothing to be done for 'install-exec-am'.
make[4]: Nothing to be done for 'install-data-am'.
make[4]: Leaving directory '/tmp/work/src/flex-2.5.39/tests/test-yyextra'
make[3]: Leaving directory '/tmp/work/src/flex-2.5.39/tests/test-yyextra'
Making install in test-alloc-extra
make[3]: Entering directory '/tmp/work/src/flex-2.5.39/tests/test-alloc-extra'
make[4]: Entering directory '/tmp/work/src/flex-2.5.39/tests/test-alloc-extra'
make[4]: Nothing to be done for 'install-exec-am'.
make[4]: Nothing to be done for 'install-data-am'.
make[4]: Leaving directory '/tmp/work/src/flex-2.5.39/tests/test-alloc-extra'
make[3]: Leaving directory '/tmp/work/src/flex-2.5.39/tests/test-alloc-extra'
Making install in test-noansi-nr
make[3]: Entering directory '/tmp/work/src/flex-2.5.39/tests/test-noansi-nr'
make[4]: Entering directory '/tmp/work/src/flex-2.5.39/tests/test-noansi-nr'
make[4]: Nothing to be done for 'install-exec-am'.
make[4]: Nothing to be done for 'install-data-am'.
make[4]: Leaving directory '/tmp/work/src/flex-2.5.39/tests/test-noansi-nr'
make[3]: Leaving directory '/tmp/work/src/flex-2.5.39/tests/test-noansi-nr'
Making install in test-noansi-r
make[3]: Entering directory '/tmp/work/src/flex-2.5.39/tests/test-noansi-r'
make[4]: Entering directory '/tmp/work/src/flex-2.5.39/tests/test-noansi-r'
make[4]: Nothing to be done for 'install-exec-am'.
make[4]: Nothing to be done for 'install-data-am'.
make[4]: Leaving directory '/tmp/work/src/flex-2.5.39/tests/test-noansi-r'
make[3]: Leaving directory '/tmp/work/src/flex-2.5.39/tests/test-noansi-r'
Making install in test-top
make[3]: Entering directory '/tmp/work/src/flex-2.5.39/tests/test-top'
make[4]: Entering directory '/tmp/work/src/flex-2.5.39/tests/test-top'
make[4]: Nothing to be done for 'install-exec-am'.
make[4]: Nothing to be done for 'install-data-am'.
make[4]: Leaving directory '/tmp/work/src/flex-2.5.39/tests/test-top'
make[3]: Leaving directory '/tmp/work/src/flex-2.5.39/tests/test-top'
Making install in test-table-opts
make[3]: Entering directory '/tmp/work/src/flex-2.5.39/tests/test-table-opts'
make[4]: Entering directory '/tmp/work/src/flex-2.5.39/tests/test-table-opts'
make[4]: Nothing to be done for 'install-exec-am'.
make[4]: Nothing to be done for 'install-data-am'.
make[4]: Leaving directory '/tmp/work/src/flex-2.5.39/tests/test-table-opts'
make[3]: Leaving directory '/tmp/work/src/flex-2.5.39/tests/test-table-opts'
make[3]: Entering directory '/tmp/work/src/flex-2.5.39/tests'
make[4]: Entering directory '/tmp/work/src/flex-2.5.39/tests'
make[4]: Nothing to be done for 'install-exec-am'.
make[4]: Nothing to be done for 'install-data-am'.
make[4]: Leaving directory '/tmp/work/src/flex-2.5.39/tests'
make[3]: Leaving directory '/tmp/work/src/flex-2.5.39/tests'
make[2]: Leaving directory '/tmp/work/src/flex-2.5.39/tests'
make[1]: Leaving directory '/tmp/work/src/flex-2.5.39'
'/tmp/work/pkg/lib/libl.a' -> 'libfl.a'
mode of '/tmp/work/pkg/bin/lex' changed from 0644 (rw-r--r--) to 0755 (rwxr-xr-x)
=======> flex arşivine üstbilgiler ekleniyor.
=======> flex#2.5.39-armv7l.mps sıkıştırılıyor.
