=======> isim: gpm
=======> surum: 1.20.7
=======> devir: 2
hash kontrol dosyası yok-hash kontrolü yapılmayacak.
=======> Derleniyor '/root/milis-arm/yedek/gpm/gpm#1.20.7-armv7l.mps.lz'.
tar -p -C /tmp/work/src -xf /sources/gpm-1.20.7.tar.bz2
=======> isim: gpm
=======> surum: 1.20.7
=======> devir: 2
hash kontrol dosyası yok-hash kontrolü yapılmayacak.
=======> Derleniyor '/root/milis-arm/yedek/gpm/gpm#1.20.7-armv7l.mps.lz'.
tar -p -C /tmp/work/src -xf /sources/gpm-1.20.7.tar.bz2
=======> isim: gpm
=======> surum: 1.20.7
=======> devir: 2
hash kontrol dosyası yok-hash kontrolü yapılmayacak.
=======> Derleniyor '/root/milis-arm/yedek/gpm/gpm#1.20.7-armv7l.mps.lz'.
tar -p -C /tmp/work/src -xf /sources/gpm-1.20.7.tar.bz2
=======> isim: gpm
=======> surum: 1.20.7
=======> devir: 2
hash kontrol dosyası yok-hash kontrolü yapılmayacak.
=======> Derleniyor '/root/milis-arm/yedek/gpm/gpm#1.20.7-armv7l.mps.lz'.
tar -p -C /tmp/work/src -xf /sources/gpm-1.20.7.tar.bz2
=======> isim: gpm
=======> surum: 1.20.7
=======> devir: 2
hash kontrol dosyası yok-hash kontrolü yapılmayacak.
=======> Derleniyor '/root/milis-arm/yedek/gpm/gpm#1.20.7-armv7l.mps.lz'.
tar -p -C /tmp/work/src -xf /sources/gpm-1.20.7.tar.bz2
