=======> isim: iptables
=======> surum: 1.6.0
=======> devir: 1
=======> İndiriliyor ftp://ftp.netfilter.org/pub/iptables/iptables-1.6.0.tar.bz2
=======> kayıt:/sources/iptables-1.6.0.tar.bz2
hash kontrol dosyası yok-hash kontrolü yapılmayacak.
=======> Derleniyor '/root/milis-arm/genel/iptables/iptables#1.6.0-armv7l.mps.lz'.
tar -p -C /tmp/work/src -xf /sources/iptables-1.6.0.tar.bz2
checking for a BSD-compatible install... /usr/bin/install -c
checking whether build environment is sane... yes
checking for a thread-safe mkdir -p... /bin/mkdir -p
checking for gawk... gawk
checking whether make sets $(MAKE)... yes
checking whether make supports nested variables... yes
checking for gcc... gcc
checking whether the C compiler works... yes
checking for C compiler default output file name... a.out
checking for suffix of executables... 
checking whether we are cross compiling... no
checking for suffix of object files... o
checking whether we are using the GNU C compiler... yes
checking whether gcc accepts -g... yes
checking for gcc option to accept ISO C89... none needed
checking whether gcc understands -c and -o together... yes
checking for style of include used by make... GNU
checking dependency style of gcc... gcc3
checking for ar... ar
checking the archiver (ar) interface... ar
checking build system type... armv7l-unknown-linux-gnueabihf
checking host system type... armv7l-unknown-linux-gnueabihf
checking how to print strings... printf
checking for a sed that does not truncate output... /bin/sed
checking for grep that handles long lines and -e... /bin/grep
checking for egrep... /bin/grep -E
checking for fgrep... /bin/grep -F
checking for ld used by gcc... /bin/ld
checking if the linker (/bin/ld) is GNU ld... yes
checking for BSD- or MS-compatible name lister (nm)... /bin/nm -B
checking the name lister (/bin/nm -B) interface... BSD nm
checking whether ln -s works... yes
checking the maximum length of command line arguments... 1572864
checking whether the shell understands some XSI constructs... yes
checking whether the shell understands "+="... yes
checking how to convert armv7l-unknown-linux-gnueabihf file names to armv7l-unknown-linux-gnueabihf format... func_convert_file_noop
checking how to convert armv7l-unknown-linux-gnueabihf file names to toolchain format... func_convert_file_noop
checking for /bin/ld option to reload object files... -r
checking for objdump... objdump
checking how to recognize dependent libraries... pass_all
checking for dlltool... no
checking how to associate runtime and link libraries... printf %s\n
checking for archiver @FILE support... @
checking for strip... strip
checking for ranlib... ranlib
checking command to parse /bin/nm -B output from gcc object... ok
checking for sysroot... no
checking for mt... mt
checking if mt is a manifest tool... no
checking how to run the C preprocessor... gcc -E
checking for ANSI C header files... yes
checking for sys/types.h... yes
checking for sys/stat.h... yes
checking for stdlib.h... yes
checking for string.h... yes
checking for memory.h... yes
checking for strings.h... yes
checking for inttypes.h... yes
checking for stdint.h... yes
checking for unistd.h... yes
checking for dlfcn.h... yes
checking for objdir... .libs
checking if gcc supports -fno-rtti -fno-exceptions... no
checking for gcc option to produce PIC... -fPIC -DPIC
checking if gcc PIC flag -fPIC -DPIC works... yes
checking if gcc static flag -static works... yes
checking if gcc supports -c -o file.o... yes
checking if gcc supports -c -o file.o... (cached) yes
checking whether the gcc linker (/bin/ld) supports shared libraries... yes
checking whether -lc should be explicitly linked in... no
checking dynamic linker characteristics... GNU/Linux ld.so
checking how to hardcode library paths into programs... immediate
checking whether stripping libraries is possible... yes
checking if libtool supports shared libraries... yes
checking whether to build shared libraries... yes
checking whether to build static libraries... no
checking whether the linker accepts -Wl,--no-as-needed... yes
checking whether /bin/ld knows -Wl,--no-undefined... yes
checking linux/dccp.h usability... yes
checking linux/dccp.h presence... yes
checking for linux/dccp.h... yes
checking linux/ip_vs.h usability... yes
checking linux/ip_vs.h presence... yes
checking for linux/ip_vs.h... yes
checking linux/magic.h usability... yes
checking linux/magic.h presence... yes
checking for linux/magic.h... yes
checking linux/proc_fs.h usability... no
checking linux/proc_fs.h presence... no
checking for linux/proc_fs.h... no
checking for pkg-config... /usr/bin/pkg-config
checking pkg-config is at least version 0.9.0... yes
checking for libnetfilter_conntrack... no
WARNING: libnetfilter_conntrack not found, connlabel match will not be built
checking size of struct ip6_hdr... 40
checking for libnfnetlink... no
checking that generated files are newer than configure... done
configure: creating ./config.status
config.status: creating Makefile
config.status: creating extensions/GNUmakefile
config.status: creating include/Makefile
config.status: creating iptables/Makefile
config.status: creating iptables/xtables.pc
config.status: creating iptables/iptables.8
config.status: creating iptables/iptables-extensions.8.tmpl
config.status: creating iptables/iptables-save.8
config.status: creating iptables/iptables-restore.8
config.status: creating iptables/iptables-apply.8
config.status: creating iptables/iptables-xml.1
config.status: creating libipq/Makefile
config.status: creating libipq/libipq.pc
config.status: creating libiptc/Makefile
config.status: creating libiptc/libiptc.pc
config.status: creating libiptc/libip4tc.pc
config.status: creating libiptc/libip6tc.pc
config.status: creating libxtables/Makefile
config.status: creating utils/Makefile
config.status: creating include/xtables-version.h
config.status: creating include/iptables/internal.h
config.status: creating config.h
config.status: executing depfiles commands
config.status: executing libtool commands

Iptables Configuration:
  IPv4 support:				yes
  IPv6 support:				yes
  Devel support:			yes
  IPQ support:				yes
  Large file support:			yes
  BPF utils support:			no
  nfsynproxy util support:		no
  nftables support:			no

Build parameters:
  Put plugins into executable (static):	no
  Support plugins via dlopen (shared):	yes
  Installation prefix (--prefix):	/usr
  Xtables extension directory:		/lib/xtables
  Pkg-config directory:			/usr/lib/pkgconfig
  Host:					armv7l-unknown-linux-gnueabihf
  GCC binary:				gcc

Iptables modules that will not be built:  connlabel
/usr/bin/make  all-recursive
make[1]: Entering directory '/tmp/work/src/iptables-1.6.0'
Making all in libiptc
make[2]: Entering directory '/tmp/work/src/iptables-1.6.0/libiptc'
/bin/sh ../libtool  --tag=CC   --mode=compile gcc -DHAVE_CONFIG_H -I. -I..  -D_LARGEFILE_SOURCE=1 -D_LARGE_FILES -D_FILE_OFFSET_BITS=64 -D_REENTRANT 	-DXTABLES_LIBDIR=\"/lib/xtables\" -DXTABLES_INTERNAL -I../include -I../include   -Wall -Waggregate-return -Wmissing-declarations 	-Wmissing-prototypes -Wredundant-decls -Wshadow -Wstrict-prototypes 	-Winline -pipe -U_FORTIFY_SOURCE -march=armv7-a -mfloat-abi=hard -mfpu=vfpv3-d16 -O2 -pipe  -MT libip4tc.lo -MD -MP -MF .deps/libip4tc.Tpo -c -o libip4tc.lo libip4tc.c
/bin/sh ../libtool  --tag=CC   --mode=compile gcc -DHAVE_CONFIG_H -I. -I..  -D_LARGEFILE_SOURCE=1 -D_LARGE_FILES -D_FILE_OFFSET_BITS=64 -D_REENTRANT 	-DXTABLES_LIBDIR=\"/lib/xtables\" -DXTABLES_INTERNAL -I../include -I../include   -Wall -Waggregate-return -Wmissing-declarations 	-Wmissing-prototypes -Wredundant-decls -Wshadow -Wstrict-prototypes 	-Winline -pipe -U_FORTIFY_SOURCE -march=armv7-a -mfloat-abi=hard -mfpu=vfpv3-d16 -O2 -pipe  -MT libip6tc.lo -MD -MP -MF .deps/libip6tc.Tpo -c -o libip6tc.lo libip6tc.c
libtool: compile:  gcc -DHAVE_CONFIG_H -I. -I.. -D_LARGEFILE_SOURCE=1 -D_LARGE_FILES -D_FILE_OFFSET_BITS=64 -D_REENTRANT -DXTABLES_LIBDIR=\"/lib/xtables\" -DXTABLES_INTERNAL -I../include -I../include -Wall -Waggregate-return -Wmissing-declarations -Wmissing-prototypes -Wredundant-decls -Wshadow -Wstrict-prototypes -Winline -pipe -U_FORTIFY_SOURCE -march=armv7-a -mfloat-abi=hard -mfpu=vfpv3-d16 -O2 -pipe -MT libip6tc.lo -MD -MP -MF .deps/libip6tc.Tpo -c libip6tc.c  -fPIC -DPIC -o .libs/libip6tc.o
libtool: compile:  gcc -DHAVE_CONFIG_H -I. -I.. -D_LARGEFILE_SOURCE=1 -D_LARGE_FILES -D_FILE_OFFSET_BITS=64 -D_REENTRANT -DXTABLES_LIBDIR=\"/lib/xtables\" -DXTABLES_INTERNAL -I../include -I../include -Wall -Waggregate-return -Wmissing-declarations -Wmissing-prototypes -Wredundant-decls -Wshadow -Wstrict-prototypes -Winline -pipe -U_FORTIFY_SOURCE -march=armv7-a -mfloat-abi=hard -mfpu=vfpv3-d16 -O2 -pipe -MT libip4tc.lo -MD -MP -MF .deps/libip4tc.Tpo -c libip4tc.c  -fPIC -DPIC -o .libs/libip4tc.o
mv -f .deps/libip4tc.Tpo .deps/libip4tc.Plo
/bin/sh ../libtool  --tag=CC   --mode=link gcc -Wall -Waggregate-return -Wmissing-declarations 	-Wmissing-prototypes -Wredundant-decls -Wshadow -Wstrict-prototypes 	-Winline -pipe -U_FORTIFY_SOURCE -march=armv7-a -mfloat-abi=hard -mfpu=vfpv3-d16 -O2 -pipe  -version-info 1:0:1  -o libip4tc.la -rpath /usr/lib libip4tc.lo  
mv -f .deps/libip6tc.Tpo .deps/libip6tc.Plo
/bin/sh ../libtool  --tag=CC   --mode=link gcc -Wall -Waggregate-return -Wmissing-declarations 	-Wmissing-prototypes -Wredundant-decls -Wshadow -Wstrict-prototypes 	-Winline -pipe -U_FORTIFY_SOURCE -march=armv7-a -mfloat-abi=hard -mfpu=vfpv3-d16 -O2 -pipe  -version-info 1:0:1 -Wl,--no-as-needed  -o libip6tc.la -rpath /usr/lib libip6tc.lo  
libtool: link: gcc -shared  -fPIC -DPIC  .libs/libip4tc.o    -march=armv7-a -mfloat-abi=hard -mfpu=vfpv3-d16 -O2   -Wl,-soname -Wl,libip4tc.so.0 -o .libs/libip4tc.so.0.1.0
libtool: link: gcc -shared  -fPIC -DPIC  .libs/libip6tc.o    -march=armv7-a -mfloat-abi=hard -mfpu=vfpv3-d16 -O2 -Wl,--no-as-needed   -Wl,-soname -Wl,libip6tc.so.0 -o .libs/libip6tc.so.0.1.0
libtool: link: (cd ".libs" && rm -f "libip4tc.so.0" && ln -s "libip4tc.so.0.1.0" "libip4tc.so.0")
libtool: link: (cd ".libs" && rm -f "libip4tc.so" && ln -s "libip4tc.so.0.1.0" "libip4tc.so")
libtool: link: (cd ".libs" && rm -f "libip6tc.so.0" && ln -s "libip6tc.so.0.1.0" "libip6tc.so.0")
libtool: link: (cd ".libs" && rm -f "libip6tc.so" && ln -s "libip6tc.so.0.1.0" "libip6tc.so")
libtool: link: ( cd ".libs" && rm -f "libip4tc.la" && ln -s "../libip4tc.la" "libip4tc.la" )
libtool: link: ( cd ".libs" && rm -f "libip6tc.la" && ln -s "../libip6tc.la" "libip6tc.la" )
/bin/sh ../libtool  --tag=CC   --mode=link gcc -Wall -Waggregate-return -Wmissing-declarations 	-Wmissing-prototypes -Wredundant-decls -Wshadow -Wstrict-prototypes 	-Winline -pipe -U_FORTIFY_SOURCE -march=armv7-a -mfloat-abi=hard -mfpu=vfpv3-d16 -O2 -pipe  -version-info 0:0:0 -Wl,--no-as-needed  -o libiptc.la -rpath /usr/lib  libip4tc.la libip6tc.la 
libtool: link: gcc -shared  -fPIC -DPIC   -Wl,-rpath -Wl,/tmp/work/src/iptables-1.6.0/libiptc/.libs ./.libs/libip4tc.so ./.libs/libip6tc.so  -march=armv7-a -mfloat-abi=hard -mfpu=vfpv3-d16 -O2 -Wl,--no-as-needed   -Wl,-soname -Wl,libiptc.so.0 -o .libs/libiptc.so.0.0.0
libtool: link: (cd ".libs" && rm -f "libiptc.so.0" && ln -s "libiptc.so.0.0.0" "libiptc.so.0")
libtool: link: (cd ".libs" && rm -f "libiptc.so" && ln -s "libiptc.so.0.0.0" "libiptc.so")
libtool: link: ( cd ".libs" && rm -f "libiptc.la" && ln -s "../libiptc.la" "libiptc.la" )
make[2]: Leaving directory '/tmp/work/src/iptables-1.6.0/libiptc'
Making all in libxtables
make[2]: Entering directory '/tmp/work/src/iptables-1.6.0/libxtables'
/bin/sh ../libtool  --tag=CC   --mode=compile gcc -DHAVE_CONFIG_H -I. -I..  -D_LARGEFILE_SOURCE=1 -D_LARGE_FILES -D_FILE_OFFSET_BITS=64 -D_REENTRANT 	-DXTABLES_LIBDIR=\"/lib/xtables\" -DXTABLES_INTERNAL -I../include -I../include -I../iptables   -Wall -Waggregate-return -Wmissing-declarations 	-Wmissing-prototypes -Wredundant-decls -Wshadow -Wstrict-prototypes 	-Winline -pipe -U_FORTIFY_SOURCE -march=armv7-a -mfloat-abi=hard -mfpu=vfpv3-d16 -O2 -pipe  -MT libxtables_la-xtables.lo -MD -MP -MF .deps/libxtables_la-xtables.Tpo -c -o libxtables_la-xtables.lo `test -f 'xtables.c' || echo './'`xtables.c
/bin/sh ../libtool  --tag=CC   --mode=compile gcc -DHAVE_CONFIG_H -I. -I..  -D_LARGEFILE_SOURCE=1 -D_LARGE_FILES -D_FILE_OFFSET_BITS=64 -D_REENTRANT 	-DXTABLES_LIBDIR=\"/lib/xtables\" -DXTABLES_INTERNAL -I../include -I../include -I../iptables   -Wall -Waggregate-return -Wmissing-declarations 	-Wmissing-prototypes -Wredundant-decls -Wshadow -Wstrict-prototypes 	-Winline -pipe -U_FORTIFY_SOURCE -march=armv7-a -mfloat-abi=hard -mfpu=vfpv3-d16 -O2 -pipe  -MT libxtables_la-xtoptions.lo -MD -MP -MF .deps/libxtables_la-xtoptions.Tpo -c -o libxtables_la-xtoptions.lo `test -f 'xtoptions.c' || echo './'`xtoptions.c
libtool: compile:  gcc -DHAVE_CONFIG_H -I. -I.. -D_LARGEFILE_SOURCE=1 -D_LARGE_FILES -D_FILE_OFFSET_BITS=64 -D_REENTRANT -DXTABLES_LIBDIR=\"/lib/xtables\" -DXTABLES_INTERNAL -I../include -I../include -I../iptables -Wall -Waggregate-return -Wmissing-declarations -Wmissing-prototypes -Wredundant-decls -Wshadow -Wstrict-prototypes -Winline -pipe -U_FORTIFY_SOURCE -march=armv7-a -mfloat-abi=hard -mfpu=vfpv3-d16 -O2 -pipe -MT libxtables_la-xtoptions.lo -MD -MP -MF .deps/libxtables_la-xtoptions.Tpo -c xtoptions.c  -fPIC -DPIC -o .libs/libxtables_la-xtoptions.o
libtool: compile:  gcc -DHAVE_CONFIG_H -I. -I.. -D_LARGEFILE_SOURCE=1 -D_LARGE_FILES -D_FILE_OFFSET_BITS=64 -D_REENTRANT -DXTABLES_LIBDIR=\"/lib/xtables\" -DXTABLES_INTERNAL -I../include -I../include -I../iptables -Wall -Waggregate-return -Wmissing-declarations -Wmissing-prototypes -Wredundant-decls -Wshadow -Wstrict-prototypes -Winline -pipe -U_FORTIFY_SOURCE -march=armv7-a -mfloat-abi=hard -mfpu=vfpv3-d16 -O2 -pipe -MT libxtables_la-xtables.lo -MD -MP -MF .deps/libxtables_la-xtables.Tpo -c xtables.c  -fPIC -DPIC -o .libs/libxtables_la-xtables.o
mv -f .deps/libxtables_la-xtoptions.Tpo .deps/libxtables_la-xtoptions.Plo
mv -f .deps/libxtables_la-xtables.Tpo .deps/libxtables_la-xtables.Plo
/bin/sh ../libtool  --tag=CC   --mode=link gcc -Wall -Waggregate-return -Wmissing-declarations 	-Wmissing-prototypes -Wredundant-decls -Wshadow -Wstrict-prototypes 	-Winline -pipe -U_FORTIFY_SOURCE -march=armv7-a -mfloat-abi=hard -mfpu=vfpv3-d16 -O2 -pipe  -version-info 11:0:0  -o libxtables.la -rpath /usr/lib libxtables_la-xtables.lo libxtables_la-xtoptions.lo  -ldl 
libtool: link: gcc -shared  -fPIC -DPIC  .libs/libxtables_la-xtables.o .libs/libxtables_la-xtoptions.o   -ldl  -march=armv7-a -mfloat-abi=hard -mfpu=vfpv3-d16 -O2   -Wl,-soname -Wl,libxtables.so.11 -o .libs/libxtables.so.11.0.0
libtool: link: (cd ".libs" && rm -f "libxtables.so.11" && ln -s "libxtables.so.11.0.0" "libxtables.so.11")
libtool: link: (cd ".libs" && rm -f "libxtables.so" && ln -s "libxtables.so.11.0.0" "libxtables.so")
libtool: link: ( cd ".libs" && rm -f "libxtables.la" && ln -s "../libxtables.la" "libxtables.la" )
make[2]: Leaving directory '/tmp/work/src/iptables-1.6.0/libxtables'
Making all in include
make[2]: Entering directory '/tmp/work/src/iptables-1.6.0/include'
make[2]: Nothing to be done for 'all'.
make[2]: Leaving directory '/tmp/work/src/iptables-1.6.0/include'
Making all in libipq
make[2]: Entering directory '/tmp/work/src/iptables-1.6.0/libipq'
/bin/sh ../libtool  --tag=CC   --mode=compile gcc -DHAVE_CONFIG_H -I. -I..  -D_LARGEFILE_SOURCE=1 -D_LARGE_FILES -D_FILE_OFFSET_BITS=64 -D_REENTRANT 	-DXTABLES_LIBDIR=\"/lib/xtables\" -DXTABLES_INTERNAL -I../include -I../include  -Wall -Waggregate-return -Wmissing-declarations 	-Wmissing-prototypes -Wredundant-decls -Wshadow -Wstrict-prototypes 	-Winline -pipe -U_FORTIFY_SOURCE -march=armv7-a -mfloat-abi=hard -mfpu=vfpv3-d16 -O2 -pipe  -MT libipq.lo -MD -MP -MF .deps/libipq.Tpo -c -o libipq.lo libipq.c
libtool: compile:  gcc -DHAVE_CONFIG_H -I. -I.. -D_LARGEFILE_SOURCE=1 -D_LARGE_FILES -D_FILE_OFFSET_BITS=64 -D_REENTRANT -DXTABLES_LIBDIR=\"/lib/xtables\" -DXTABLES_INTERNAL -I../include -I../include -Wall -Waggregate-return -Wmissing-declarations -Wmissing-prototypes -Wredundant-decls -Wshadow -Wstrict-prototypes -Winline -pipe -U_FORTIFY_SOURCE -march=armv7-a -mfloat-abi=hard -mfpu=vfpv3-d16 -O2 -pipe -MT libipq.lo -MD -MP -MF .deps/libipq.Tpo -c libipq.c  -fPIC -DPIC -o .libs/libipq.o
mv -f .deps/libipq.Tpo .deps/libipq.Plo
/bin/sh ../libtool  --tag=CC   --mode=link gcc -Wall -Waggregate-return -Wmissing-declarations 	-Wmissing-prototypes -Wredundant-decls -Wshadow -Wstrict-prototypes 	-Winline -pipe -U_FORTIFY_SOURCE -march=armv7-a -mfloat-abi=hard -mfpu=vfpv3-d16 -O2 -pipe    -o libipq.la -rpath /usr/lib libipq.lo  
libtool: link: gcc -shared  -fPIC -DPIC  .libs/libipq.o    -march=armv7-a -mfloat-abi=hard -mfpu=vfpv3-d16 -O2   -Wl,-soname -Wl,libipq.so.0 -o .libs/libipq.so.0.0.0
libtool: link: (cd ".libs" && rm -f "libipq.so.0" && ln -s "libipq.so.0.0.0" "libipq.so.0")
libtool: link: (cd ".libs" && rm -f "libipq.so" && ln -s "libipq.so.0.0.0" "libipq.so")
libtool: link: ( cd ".libs" && rm -f "libipq.la" && ln -s "../libipq.la" "libipq.la" )
make[2]: Leaving directory '/tmp/work/src/iptables-1.6.0/libipq'
Making all in utils
make[2]: Entering directory '/tmp/work/src/iptables-1.6.0/utils'
make[2]: Nothing to be done for 'all'.
make[2]: Leaving directory '/tmp/work/src/iptables-1.6.0/utils'
Making all in extensions
make[2]: Entering directory '/tmp/work/src/iptables-1.6.0/extensions'
  CC       libxt_AUDIT.oo
  CC       libxt_CHECKSUM.oo
  CC       libxt_CLASSIFY.oo
  CC       libxt_CONNMARK.oo
  CC       libxt_CONNSECMARK.oo
  CC       libxt_CT.oo
  CC       libxt_DSCP.oo
  CC       libxt_HMARK.oo
  CC       libxt_IDLETIMER.oo
  CC       libxt_LED.oo
  CC       libxt_MARK.oo
  CC       libxt_NFLOG.oo
  CC       libxt_NFQUEUE.oo
  CC       libxt_RATEEST.oo
  CC       libxt_SECMARK.oo
  CC       libxt_SET.oo
  CC       libxt_SYNPROXY.oo
  CC       libxt_TCPMSS.oo
  CC       libxt_TCPOPTSTRIP.oo
  CC       libxt_TEE.oo
  CC       libxt_TOS.oo
  CC       libxt_TPROXY.oo
  CC       libxt_TRACE.oo
  CC       libxt_addrtype.oo
  CC       libxt_bpf.oo
  CC       libxt_cgroup.oo
  CC       libxt_cluster.oo
  CC       libxt_comment.oo
  CC       libxt_connbytes.oo
  CC       libxt_connlimit.oo
  CC       libxt_connmark.oo
  CC       libxt_conntrack.oo
  CC       libxt_cpu.oo
  CC       libxt_dccp.oo
  CC       libxt_devgroup.oo
  CC       libxt_dscp.oo
  CC       libxt_ecn.oo
  CC       libxt_esp.oo
  CC       libxt_hashlimit.oo
  CC       libxt_helper.oo
  CC       libxt_ipcomp.oo
  CC       libxt_iprange.oo
  CC       libxt_ipvs.oo
  CC       libxt_length.oo
  CC       libxt_limit.oo
  CC       libxt_mac.oo
  CC       libxt_mangle.oo
  CC       libxt_mark.oo
  CC       libxt_multiport.oo
  CC       libxt_nfacct.oo
  CC       libxt_osf.oo
  CC       libxt_owner.oo
  CC       libxt_physdev.oo
  CC       libxt_pkttype.oo
  CC       libxt_policy.oo
  CC       libxt_quota.oo
  CC       libxt_rateest.oo
  CC       libxt_recent.oo
  CC       libxt_rpfilter.oo
  CC       libxt_sctp.oo
  CC       libxt_set.oo
  CC       libxt_socket.oo
  CC       libxt_standard.oo
  CC       libxt_statistic.oo
  CC       libxt_string.oo
  CC       libxt_tcp.oo
  CC       libxt_tcpmss.oo
  CC       libxt_time.oo
  CC       libxt_tos.oo
  CC       libxt_u32.oo
  CC       libxt_udp.oo
  CCLD     libxt_CT.so
  CCLD     libxt_conntrack.so
  CC       libebt_802_3.oo
  CC       libebt_ip.oo
  CC       libebt_log.oo
  CC       libebt_mark_m.oo
  CC       libipt_CLUSTERIP.oo
  CC       libipt_DNAT.oo
  CC       libipt_ECN.oo
  CC       libipt_LOG.oo
  CC       libipt_MASQUERADE.oo
  CC       libipt_NETMAP.oo
  CC       libipt_REDIRECT.oo
  CC       libipt_REJECT.oo
  CC       libipt_SNAT.oo
  CC       libipt_TTL.oo
  CC       libipt_ULOG.oo
  CC       libipt_ah.oo
  CC       libipt_icmp.oo
  CC       libipt_realm.oo
  CC       libipt_ttl.oo
  CC       libip6t_DNAT.oo
  CC       libip6t_DNPT.oo
  CC       libip6t_HL.oo
  CC       libip6t_LOG.oo
  CC       libip6t_MASQUERADE.oo
  CC       libip6t_NETMAP.oo
  CC       libip6t_REDIRECT.oo
  CC       libip6t_REJECT.oo
  CC       libip6t_SNAT.oo
  CC       libip6t_SNPT.oo
  CC       libip6t_ah.oo
  CC       libip6t_dst.oo
  CC       libip6t_eui64.oo
  CC       libip6t_frag.oo
  CC       libip6t_hbh.oo
  CC       libip6t_hl.oo
  CC       libip6t_icmp6.oo
  CC       libip6t_ipv6header.oo
  CC       libip6t_mh.oo
  CC       libip6t_rt.oo
  GEN      initext.c
  GEN      initext4.c
  GEN      initext6.c
  GEN      initextb.c
  GEN      initexta.c
  GEN      matches.man
  GEN      targets.man
  CCLD     libxt_AUDIT.so
  CCLD     libxt_CHECKSUM.so
  CCLD     libxt_CLASSIFY.so
  CCLD     libxt_CONNMARK.so
  CCLD     libxt_CONNSECMARK.so
  CCLD     libxt_DSCP.so
  CCLD     libxt_HMARK.so
  CCLD     libxt_IDLETIMER.so
  CCLD     libxt_LED.so
  CCLD     libxt_MARK.so
  CCLD     libxt_NFLOG.so
  CCLD     libxt_NFQUEUE.so
  CCLD     libxt_RATEEST.so
  CCLD     libxt_SECMARK.so
  CCLD     libxt_SET.so
  CCLD     libxt_SYNPROXY.so
  CCLD     libxt_TCPMSS.so
  CCLD     libxt_TCPOPTSTRIP.so
  CCLD     libxt_TEE.so
  CCLD     libxt_TOS.so
  CCLD     libxt_TPROXY.so
  CCLD     libxt_TRACE.so
  CCLD     libxt_addrtype.so
  CCLD     libxt_bpf.so
  CCLD     libxt_cgroup.so
  CCLD     libxt_cluster.so
  CCLD     libxt_comment.so
  CCLD     libxt_connbytes.so
  CCLD     libxt_connlimit.so
  CCLD     libxt_connmark.so
  CCLD     libxt_cpu.so
  CCLD     libxt_dccp.so
  CCLD     libxt_devgroup.so
  CCLD     libxt_dscp.so
  CCLD     libxt_ecn.so
  CCLD     libxt_esp.so
  CCLD     libxt_hashlimit.so
  CCLD     libxt_helper.so
  CCLD     libxt_ipcomp.so
  CCLD     libxt_iprange.so
  CCLD     libxt_ipvs.so
  CCLD     libxt_length.so
  CCLD     libxt_limit.so
  CCLD     libxt_mac.so
  CCLD     libxt_mangle.so
  CCLD     libxt_mark.so
  CCLD     libxt_multiport.so
  CCLD     libxt_nfacct.so
  CCLD     libxt_osf.so
  CCLD     libxt_owner.so
  CCLD     libxt_physdev.so
  CCLD     libxt_pkttype.so
  CCLD     libxt_policy.so
  CCLD     libxt_quota.so
  CCLD     libxt_rateest.so
  CCLD     libxt_recent.so
  CCLD     libxt_rpfilter.so
  CCLD     libxt_sctp.so
  CCLD     libxt_set.so
  CCLD     libxt_socket.so
  CCLD     libxt_standard.so
  CCLD     libxt_statistic.so
  CCLD     libxt_string.so
  CCLD     libxt_tcp.so
  CCLD     libxt_tcpmss.so
  CCLD     libxt_time.so
  CCLD     libxt_tos.so
  CCLD     libxt_u32.so
  CCLD     libxt_udp.so
ln -fs libxt_CT.so libxt_NOTRACK.so
ln -fs libxt_conntrack.so libxt_state.so
  CCLD     libebt_802_3.so
  CCLD     libebt_ip.so
  CCLD     libebt_log.so
  CCLD     libebt_mark_m.so
  CCLD     libipt_CLUSTERIP.so
  CCLD     libipt_DNAT.so
  CCLD     libipt_ECN.so
  CCLD     libipt_LOG.so
  CCLD     libipt_MASQUERADE.so
  CCLD     libipt_NETMAP.so
  CCLD     libipt_REDIRECT.so
  CCLD     libipt_REJECT.so
  CCLD     libipt_SNAT.so
  CCLD     libipt_TTL.so
  CCLD     libipt_ULOG.so
  CCLD     libipt_ah.so
  CCLD     libipt_icmp.so
  CCLD     libipt_realm.so
  CCLD     libipt_ttl.so
  CCLD     libip6t_DNAT.so
  CCLD     libip6t_DNPT.so
  CCLD     libip6t_HL.so
  CCLD     libip6t_LOG.so
  CCLD     libip6t_MASQUERADE.so
  CCLD     libip6t_NETMAP.so
  CCLD     libip6t_REDIRECT.so
  CCLD     libip6t_REJECT.so
  CCLD     libip6t_SNAT.so
  CCLD     libip6t_SNPT.so
  CCLD     libip6t_ah.so
  CCLD     libip6t_dst.so
  CCLD     libip6t_eui64.so
  CCLD     libip6t_frag.so
  CCLD     libip6t_hbh.so
  CCLD     libip6t_hl.so
  CCLD     libip6t_icmp6.so
  CCLD     libip6t_ipv6header.so
  CCLD     libip6t_mh.so
  CCLD     libip6t_rt.so
  CC       initext.o
  CC       initext4.o
  CC       initext6.o
  CC       initextb.o
  CC       initexta.o
  AR       libext.a
  AR       libext4.a
  AR       libext6.a
  AR       libext_ebt.a
  AR       libext_arpt.a
make[2]: Leaving directory '/tmp/work/src/iptables-1.6.0/extensions'
Making all in iptables
make[2]: Entering directory '/tmp/work/src/iptables-1.6.0/iptables'
gcc -DHAVE_CONFIG_H -I. -I..  -D_LARGEFILE_SOURCE=1 -D_LARGE_FILES -D_FILE_OFFSET_BITS=64 -D_REENTRANT 	-DXTABLES_LIBDIR=\"/lib/xtables\" -DXTABLES_INTERNAL -I../include -I../include      -Wall -Waggregate-return -Wmissing-declarations 	-Wmissing-prototypes -Wredundant-decls -Wshadow -Wstrict-prototypes 	-Winline -pipe  -DENABLE_IPV4 -DENABLE_IPV6 -U_FORTIFY_SOURCE -march=armv7-a -mfloat-abi=hard -mfpu=vfpv3-d16 -O2 -pipe  -MT xtables_multi-xtables-multi.o -MD -MP -MF .deps/xtables_multi-xtables-multi.Tpo -c -o xtables_multi-xtables-multi.o `test -f 'xtables-multi.c' || echo './'`xtables-multi.c
gcc -DHAVE_CONFIG_H -I. -I..  -D_LARGEFILE_SOURCE=1 -D_LARGE_FILES -D_FILE_OFFSET_BITS=64 -D_REENTRANT 	-DXTABLES_LIBDIR=\"/lib/xtables\" -DXTABLES_INTERNAL -I../include -I../include      -Wall -Waggregate-return -Wmissing-declarations 	-Wmissing-prototypes -Wredundant-decls -Wshadow -Wstrict-prototypes 	-Winline -pipe  -DENABLE_IPV4 -DENABLE_IPV6 -U_FORTIFY_SOURCE -march=armv7-a -mfloat-abi=hard -mfpu=vfpv3-d16 -O2 -pipe  -MT xtables_multi-iptables-xml.o -MD -MP -MF .deps/xtables_multi-iptables-xml.Tpo -c -o xtables_multi-iptables-xml.o `test -f 'iptables-xml.c' || echo './'`iptables-xml.c
mv -f .deps/xtables_multi-xtables-multi.Tpo .deps/xtables_multi-xtables-multi.Po
gcc -DHAVE_CONFIG_H -I. -I..  -D_LARGEFILE_SOURCE=1 -D_LARGE_FILES -D_FILE_OFFSET_BITS=64 -D_REENTRANT 	-DXTABLES_LIBDIR=\"/lib/xtables\" -DXTABLES_INTERNAL -I../include -I../include      -Wall -Waggregate-return -Wmissing-declarations 	-Wmissing-prototypes -Wredundant-decls -Wshadow -Wstrict-prototypes 	-Winline -pipe  -DENABLE_IPV4 -DENABLE_IPV6 -U_FORTIFY_SOURCE -march=armv7-a -mfloat-abi=hard -mfpu=vfpv3-d16 -O2 -pipe  -MT xtables_multi-iptables-save.o -MD -MP -MF .deps/xtables_multi-iptables-save.Tpo -c -o xtables_multi-iptables-save.o `test -f 'iptables-save.c' || echo './'`iptables-save.c
mv -f .deps/xtables_multi-iptables-save.Tpo .deps/xtables_multi-iptables-save.Po
gcc -DHAVE_CONFIG_H -I. -I..  -D_LARGEFILE_SOURCE=1 -D_LARGE_FILES -D_FILE_OFFSET_BITS=64 -D_REENTRANT 	-DXTABLES_LIBDIR=\"/lib/xtables\" -DXTABLES_INTERNAL -I../include -I../include      -Wall -Waggregate-return -Wmissing-declarations 	-Wmissing-prototypes -Wredundant-decls -Wshadow -Wstrict-prototypes 	-Winline -pipe  -DENABLE_IPV4 -DENABLE_IPV6 -U_FORTIFY_SOURCE -march=armv7-a -mfloat-abi=hard -mfpu=vfpv3-d16 -O2 -pipe  -MT xtables_multi-iptables-restore.o -MD -MP -MF .deps/xtables_multi-iptables-restore.Tpo -c -o xtables_multi-iptables-restore.o `test -f 'iptables-restore.c' || echo './'`iptables-restore.c
mv -f .deps/xtables_multi-iptables-xml.Tpo .deps/xtables_multi-iptables-xml.Po
gcc -DHAVE_CONFIG_H -I. -I..  -D_LARGEFILE_SOURCE=1 -D_LARGE_FILES -D_FILE_OFFSET_BITS=64 -D_REENTRANT 	-DXTABLES_LIBDIR=\"/lib/xtables\" -DXTABLES_INTERNAL -I../include -I../include      -Wall -Waggregate-return -Wmissing-declarations 	-Wmissing-prototypes -Wredundant-decls -Wshadow -Wstrict-prototypes 	-Winline -pipe  -DENABLE_IPV4 -DENABLE_IPV6 -U_FORTIFY_SOURCE -march=armv7-a -mfloat-abi=hard -mfpu=vfpv3-d16 -O2 -pipe  -MT xtables_multi-iptables-standalone.o -MD -MP -MF .deps/xtables_multi-iptables-standalone.Tpo -c -o xtables_multi-iptables-standalone.o `test -f 'iptables-standalone.c' || echo './'`iptables-standalone.c
mv -f .deps/xtables_multi-iptables-restore.Tpo .deps/xtables_multi-iptables-restore.Po
gcc -DHAVE_CONFIG_H -I. -I..  -D_LARGEFILE_SOURCE=1 -D_LARGE_FILES -D_FILE_OFFSET_BITS=64 -D_REENTRANT 	-DXTABLES_LIBDIR=\"/lib/xtables\" -DXTABLES_INTERNAL -I../include -I../include      -Wall -Waggregate-return -Wmissing-declarations 	-Wmissing-prototypes -Wredundant-decls -Wshadow -Wstrict-prototypes 	-Winline -pipe  -DENABLE_IPV4 -DENABLE_IPV6 -U_FORTIFY_SOURCE -march=armv7-a -mfloat-abi=hard -mfpu=vfpv3-d16 -O2 -pipe  -MT xtables_multi-iptables.o -MD -MP -MF .deps/xtables_multi-iptables.Tpo -c -o xtables_multi-iptables.o `test -f 'iptables.c' || echo './'`iptables.c
mv -f .deps/xtables_multi-iptables-standalone.Tpo .deps/xtables_multi-iptables-standalone.Po
gcc -DHAVE_CONFIG_H -I. -I..  -D_LARGEFILE_SOURCE=1 -D_LARGE_FILES -D_FILE_OFFSET_BITS=64 -D_REENTRANT 	-DXTABLES_LIBDIR=\"/lib/xtables\" -DXTABLES_INTERNAL -I../include -I../include      -Wall -Waggregate-return -Wmissing-declarations 	-Wmissing-prototypes -Wredundant-decls -Wshadow -Wstrict-prototypes 	-Winline -pipe  -DENABLE_IPV4 -DENABLE_IPV6 -U_FORTIFY_SOURCE -march=armv7-a -mfloat-abi=hard -mfpu=vfpv3-d16 -O2 -pipe  -MT xtables_multi-ip6tables-save.o -MD -MP -MF .deps/xtables_multi-ip6tables-save.Tpo -c -o xtables_multi-ip6tables-save.o `test -f 'ip6tables-save.c' || echo './'`ip6tables-save.c
mv -f .deps/xtables_multi-ip6tables-save.Tpo .deps/xtables_multi-ip6tables-save.Po
gcc -DHAVE_CONFIG_H -I. -I..  -D_LARGEFILE_SOURCE=1 -D_LARGE_FILES -D_FILE_OFFSET_BITS=64 -D_REENTRANT 	-DXTABLES_LIBDIR=\"/lib/xtables\" -DXTABLES_INTERNAL -I../include -I../include      -Wall -Waggregate-return -Wmissing-declarations 	-Wmissing-prototypes -Wredundant-decls -Wshadow -Wstrict-prototypes 	-Winline -pipe  -DENABLE_IPV4 -DENABLE_IPV6 -U_FORTIFY_SOURCE -march=armv7-a -mfloat-abi=hard -mfpu=vfpv3-d16 -O2 -pipe  -MT xtables_multi-ip6tables-restore.o -MD -MP -MF .deps/xtables_multi-ip6tables-restore.Tpo -c -o xtables_multi-ip6tables-restore.o `test -f 'ip6tables-restore.c' || echo './'`ip6tables-restore.c
mv -f .deps/xtables_multi-ip6tables-restore.Tpo .deps/xtables_multi-ip6tables-restore.Po
gcc -DHAVE_CONFIG_H -I. -I..  -D_LARGEFILE_SOURCE=1 -D_LARGE_FILES -D_FILE_OFFSET_BITS=64 -D_REENTRANT 	-DXTABLES_LIBDIR=\"/lib/xtables\" -DXTABLES_INTERNAL -I../include -I../include      -Wall -Waggregate-return -Wmissing-declarations 	-Wmissing-prototypes -Wredundant-decls -Wshadow -Wstrict-prototypes 	-Winline -pipe  -DENABLE_IPV4 -DENABLE_IPV6 -U_FORTIFY_SOURCE -march=armv7-a -mfloat-abi=hard -mfpu=vfpv3-d16 -O2 -pipe  -MT xtables_multi-ip6tables-standalone.o -MD -MP -MF .deps/xtables_multi-ip6tables-standalone.Tpo -c -o xtables_multi-ip6tables-standalone.o `test -f 'ip6tables-standalone.c' || echo './'`ip6tables-standalone.c
mv -f .deps/xtables_multi-ip6tables-standalone.Tpo .deps/xtables_multi-ip6tables-standalone.Po
gcc -DHAVE_CONFIG_H -I. -I..  -D_LARGEFILE_SOURCE=1 -D_LARGE_FILES -D_FILE_OFFSET_BITS=64 -D_REENTRANT 	-DXTABLES_LIBDIR=\"/lib/xtables\" -DXTABLES_INTERNAL -I../include -I../include      -Wall -Waggregate-return -Wmissing-declarations 	-Wmissing-prototypes -Wredundant-decls -Wshadow -Wstrict-prototypes 	-Winline -pipe  -DENABLE_IPV4 -DENABLE_IPV6 -U_FORTIFY_SOURCE -march=armv7-a -mfloat-abi=hard -mfpu=vfpv3-d16 -O2 -pipe  -MT xtables_multi-ip6tables.o -MD -MP -MF .deps/xtables_multi-ip6tables.Tpo -c -o xtables_multi-ip6tables.o `test -f 'ip6tables.c' || echo './'`ip6tables.c
mv -f .deps/xtables_multi-iptables.Tpo .deps/xtables_multi-iptables.Po
gcc -DHAVE_CONFIG_H -I. -I..  -D_LARGEFILE_SOURCE=1 -D_LARGE_FILES -D_FILE_OFFSET_BITS=64 -D_REENTRANT 	-DXTABLES_LIBDIR=\"/lib/xtables\" -DXTABLES_INTERNAL -I../include -I../include      -Wall -Waggregate-return -Wmissing-declarations 	-Wmissing-prototypes -Wredundant-decls -Wshadow -Wstrict-prototypes 	-Winline -pipe  -DENABLE_IPV4 -DENABLE_IPV6 -U_FORTIFY_SOURCE -march=armv7-a -mfloat-abi=hard -mfpu=vfpv3-d16 -O2 -pipe  -MT xtables_multi-xshared.o -MD -MP -MF .deps/xtables_multi-xshared.Tpo -c -o xtables_multi-xshared.o `test -f 'xshared.c' || echo './'`xshared.c
mv -f .deps/xtables_multi-xshared.Tpo .deps/xtables_multi-xshared.Po
sed \
	-e '/@MATCH@/ r ../extensions/matches.man' \
	-e '/@TARGET@/ r ../extensions/targets.man' iptables-extensions.8.tmpl >iptables-extensions.8;
mv -f .deps/xtables_multi-ip6tables.Tpo .deps/xtables_multi-ip6tables.Po
/bin/sh ../libtool  --tag=CC   --mode=link gcc -Wall -Waggregate-return -Wmissing-declarations 	-Wmissing-prototypes -Wredundant-decls -Wshadow -Wstrict-prototypes 	-Winline -pipe  -DENABLE_IPV4 -DENABLE_IPV6 -U_FORTIFY_SOURCE -march=armv7-a -mfloat-abi=hard -mfpu=vfpv3-d16 -O2 -pipe    -o xtables-multi xtables_multi-xtables-multi.o xtables_multi-iptables-xml.o xtables_multi-iptables-save.o xtables_multi-iptables-restore.o xtables_multi-iptables-standalone.o xtables_multi-iptables.o xtables_multi-ip6tables-save.o xtables_multi-ip6tables-restore.o xtables_multi-ip6tables-standalone.o xtables_multi-ip6tables.o xtables_multi-xshared.o ../extensions/libext.a ../libiptc/libip4tc.la ../extensions/libext4.a ../libiptc/libip6tc.la ../extensions/libext6.a ../libxtables/libxtables.la -lm 
libtool: link: gcc -Wall -Waggregate-return -Wmissing-declarations -Wmissing-prototypes -Wredundant-decls -Wshadow -Wstrict-prototypes -Winline -pipe -DENABLE_IPV4 -DENABLE_IPV6 -U_FORTIFY_SOURCE -march=armv7-a -mfloat-abi=hard -mfpu=vfpv3-d16 -O2 -pipe -o .libs/xtables-multi xtables_multi-xtables-multi.o xtables_multi-iptables-xml.o xtables_multi-iptables-save.o xtables_multi-iptables-restore.o xtables_multi-iptables-standalone.o xtables_multi-iptables.o xtables_multi-ip6tables-save.o xtables_multi-ip6tables-restore.o xtables_multi-ip6tables-standalone.o xtables_multi-ip6tables.o xtables_multi-xshared.o  ../extensions/libext.a ../libiptc/.libs/libip4tc.so ../extensions/libext4.a ../libiptc/.libs/libip6tc.so ../extensions/libext6.a ../libxtables/.libs/libxtables.so -lm
make[2]: Leaving directory '/tmp/work/src/iptables-1.6.0/iptables'
make[2]: Entering directory '/tmp/work/src/iptables-1.6.0'
make[2]: Nothing to be done for 'all-am'.
make[2]: Leaving directory '/tmp/work/src/iptables-1.6.0'
make[1]: Leaving directory '/tmp/work/src/iptables-1.6.0'
Making install in libiptc
make[1]: Entering directory '/tmp/work/src/iptables-1.6.0/libiptc'
make[2]: Entering directory '/tmp/work/src/iptables-1.6.0/libiptc'
 /bin/mkdir -p '/tmp/work/pkg/usr/lib'
 /bin/mkdir -p '/tmp/work/pkg/usr/lib/pkgconfig'
 /bin/sh ../libtool   --mode=install /usr/bin/install -c   libip4tc.la libip6tc.la libiptc.la '/tmp/work/pkg/usr/lib'
 /usr/bin/install -c -m 644 libiptc.pc libip4tc.pc libip6tc.pc '/tmp/work/pkg/usr/lib/pkgconfig'
libtool: install: /usr/bin/install -c .libs/libip4tc.so.0.1.0 /tmp/work/pkg/usr/lib/libip4tc.so.0.1.0
libtool: install: (cd /tmp/work/pkg/usr/lib && { ln -s -f libip4tc.so.0.1.0 libip4tc.so.0 || { rm -f libip4tc.so.0 && ln -s libip4tc.so.0.1.0 libip4tc.so.0; }; })
libtool: install: (cd /tmp/work/pkg/usr/lib && { ln -s -f libip4tc.so.0.1.0 libip4tc.so || { rm -f libip4tc.so && ln -s libip4tc.so.0.1.0 libip4tc.so; }; })
libtool: install: /usr/bin/install -c .libs/libip4tc.lai /tmp/work/pkg/usr/lib/libip4tc.la
libtool: install: /usr/bin/install -c .libs/libip6tc.so.0.1.0 /tmp/work/pkg/usr/lib/libip6tc.so.0.1.0
libtool: install: (cd /tmp/work/pkg/usr/lib && { ln -s -f libip6tc.so.0.1.0 libip6tc.so.0 || { rm -f libip6tc.so.0 && ln -s libip6tc.so.0.1.0 libip6tc.so.0; }; })
libtool: install: (cd /tmp/work/pkg/usr/lib && { ln -s -f libip6tc.so.0.1.0 libip6tc.so || { rm -f libip6tc.so && ln -s libip6tc.so.0.1.0 libip6tc.so; }; })
libtool: install: /usr/bin/install -c .libs/libip6tc.lai /tmp/work/pkg/usr/lib/libip6tc.la
libtool: install: (cd /tmp/work/src/iptables-1.6.0/libiptc; /bin/sh /tmp/work/src/iptables-1.6.0/libtool  --tag CC --mode=relink gcc -Wall -Waggregate-return -Wmissing-declarations -Wmissing-prototypes -Wredundant-decls -Wshadow -Wstrict-prototypes -Winline -pipe -U_FORTIFY_SOURCE -march=armv7-a -mfloat-abi=hard -mfpu=vfpv3-d16 -O2 -pipe -version-info 0:0:0 -Wl,--no-as-needed -o libiptc.la -rpath /usr/lib libip4tc.la libip6tc.la -inst-prefix-dir /tmp/work/pkg)
libtool: relink: gcc -shared  -fPIC -DPIC   -L/tmp/work/pkg/usr/lib -L/usr/lib -lip4tc -lip6tc  -march=armv7-a -mfloat-abi=hard -mfpu=vfpv3-d16 -O2 -Wl,--no-as-needed   -Wl,-soname -Wl,libiptc.so.0 -o .libs/libiptc.so.0.0.0
libtool: install: /usr/bin/install -c .libs/libiptc.so.0.0.0T /tmp/work/pkg/usr/lib/libiptc.so.0.0.0
libtool: install: (cd /tmp/work/pkg/usr/lib && { ln -s -f libiptc.so.0.0.0 libiptc.so.0 || { rm -f libiptc.so.0 && ln -s libiptc.so.0.0.0 libiptc.so.0; }; })
libtool: install: (cd /tmp/work/pkg/usr/lib && { ln -s -f libiptc.so.0.0.0 libiptc.so || { rm -f libiptc.so && ln -s libiptc.so.0.0.0 libiptc.so; }; })
libtool: install: /usr/bin/install -c .libs/libiptc.lai /tmp/work/pkg/usr/lib/libiptc.la
make[2]: Leaving directory '/tmp/work/src/iptables-1.6.0/libiptc'
make[1]: Leaving directory '/tmp/work/src/iptables-1.6.0/libiptc'
Making install in libxtables
make[1]: Entering directory '/tmp/work/src/iptables-1.6.0/libxtables'
make[2]: Entering directory '/tmp/work/src/iptables-1.6.0/libxtables'
make[2]: Nothing to be done for 'install-data-am'.
 /bin/mkdir -p '/tmp/work/pkg/usr/lib'
 /bin/sh ../libtool   --mode=install /usr/bin/install -c   libxtables.la '/tmp/work/pkg/usr/lib'
libtool: install: /usr/bin/install -c .libs/libxtables.so.11.0.0 /tmp/work/pkg/usr/lib/libxtables.so.11.0.0
libtool: install: (cd /tmp/work/pkg/usr/lib && { ln -s -f libxtables.so.11.0.0 libxtables.so.11 || { rm -f libxtables.so.11 && ln -s libxtables.so.11.0.0 libxtables.so.11; }; })
libtool: install: (cd /tmp/work/pkg/usr/lib && { ln -s -f libxtables.so.11.0.0 libxtables.so || { rm -f libxtables.so && ln -s libxtables.so.11.0.0 libxtables.so; }; })
libtool: install: /usr/bin/install -c .libs/libxtables.lai /tmp/work/pkg/usr/lib/libxtables.la
make[2]: Leaving directory '/tmp/work/src/iptables-1.6.0/libxtables'
make[1]: Leaving directory '/tmp/work/src/iptables-1.6.0/libxtables'
Making install in include
make[1]: Entering directory '/tmp/work/src/iptables-1.6.0/include'
make[2]: Entering directory '/tmp/work/src/iptables-1.6.0/include'
make[2]: Nothing to be done for 'install-exec-am'.
 /bin/mkdir -p '/tmp/work/pkg/usr/include'
 /bin/mkdir -p '/tmp/work/pkg/usr/include'
 /usr/bin/install -c -m 644 libipq/libipq.h '/tmp/work/pkg/usr/include'
 /bin/mkdir -p '/tmp/work/pkg/usr/include/libiptc'
 /usr/bin/install -c -m 644  libiptc/ipt_kernel_headers.h libiptc/libiptc.h libiptc/libip6tc.h libiptc/libxtc.h libiptc/xtcshared.h '/tmp/work/pkg/usr/include/libiptc'
 /usr/bin/install -c -m 644  xtables.h xtables-version.h '/tmp/work/pkg/usr/include/.'
make[2]: Leaving directory '/tmp/work/src/iptables-1.6.0/include'
make[1]: Leaving directory '/tmp/work/src/iptables-1.6.0/include'
Making install in libipq
make[1]: Entering directory '/tmp/work/src/iptables-1.6.0/libipq'
make[2]: Entering directory '/tmp/work/src/iptables-1.6.0/libipq'
 /bin/mkdir -p '/tmp/work/pkg/usr/lib'
 /bin/mkdir -p '/tmp/work/pkg/usr/share/man/man3'
 /bin/sh ../libtool   --mode=install /usr/bin/install -c   libipq.la '/tmp/work/pkg/usr/lib'
 /usr/bin/install -c -m 644 ipq_create_handle.3 ipq_destroy_handle.3 ipq_errstr.3 ipq_get_msgerr.3 ipq_get_packet.3 ipq_message_type.3 ipq_perror.3 ipq_read.3 ipq_set_mode.3 ipq_set_verdict.3 libipq.3 '/tmp/work/pkg/usr/share/man/man3'
 /bin/mkdir -p '/tmp/work/pkg/usr/lib/pkgconfig'
libtool: install: /usr/bin/install -c .libs/libipq.so.0.0.0 /tmp/work/pkg/usr/lib/libipq.so.0.0.0
 /usr/bin/install -c -m 644 libipq.pc '/tmp/work/pkg/usr/lib/pkgconfig'
libtool: install: (cd /tmp/work/pkg/usr/lib && { ln -s -f libipq.so.0.0.0 libipq.so.0 || { rm -f libipq.so.0 && ln -s libipq.so.0.0.0 libipq.so.0; }; })
libtool: install: (cd /tmp/work/pkg/usr/lib && { ln -s -f libipq.so.0.0.0 libipq.so || { rm -f libipq.so && ln -s libipq.so.0.0.0 libipq.so; }; })
libtool: install: /usr/bin/install -c .libs/libipq.lai /tmp/work/pkg/usr/lib/libipq.la
make[2]: Leaving directory '/tmp/work/src/iptables-1.6.0/libipq'
make[1]: Leaving directory '/tmp/work/src/iptables-1.6.0/libipq'
Making install in utils
make[1]: Entering directory '/tmp/work/src/iptables-1.6.0/utils'
make[2]: Entering directory '/tmp/work/src/iptables-1.6.0/utils'
 /bin/mkdir -p '/tmp/work/pkg/usr/sbin'
make[2]: Leaving directory '/tmp/work/src/iptables-1.6.0/utils'
make[1]: Leaving directory '/tmp/work/src/iptables-1.6.0/utils'
Making install in extensions
make[1]: Entering directory '/tmp/work/src/iptables-1.6.0/extensions'
if test -n " libxt_AUDIT.so libxt_CHECKSUM.so libxt_CLASSIFY.so libxt_CONNMARK.so libxt_CONNSECMARK.so libxt_CT.so libxt_DSCP.so libxt_HMARK.so libxt_IDLETIMER.so libxt_LED.so libxt_MARK.so libxt_NFLOG.so libxt_NFQUEUE.so libxt_RATEEST.so libxt_SECMARK.so libxt_SET.so libxt_SYNPROXY.so libxt_TCPMSS.so libxt_TCPOPTSTRIP.so libxt_TEE.so libxt_TOS.so libxt_TPROXY.so libxt_TRACE.so libxt_addrtype.so libxt_bpf.so libxt_cgroup.so libxt_cluster.so libxt_comment.so libxt_connbytes.so libxt_connlimit.so libxt_connmark.so libxt_conntrack.so libxt_cpu.so libxt_dccp.so libxt_devgroup.so libxt_dscp.so libxt_ecn.so libxt_esp.so libxt_hashlimit.so libxt_helper.so libxt_ipcomp.so libxt_iprange.so libxt_ipvs.so libxt_length.so libxt_limit.so libxt_mac.so libxt_mangle.so libxt_mark.so libxt_multiport.so libxt_nfacct.so libxt_osf.so libxt_owner.so libxt_physdev.so libxt_pkttype.so libxt_policy.so libxt_quota.so libxt_rateest.so libxt_recent.so libxt_rpfilter.so libxt_sctp.so libxt_set.so libxt_socket.so libxt_standard.so libxt_statistic.so libxt_string.so libxt_tcp.so libxt_tcpmss.so libxt_time.so libxt_tos.so libxt_u32.so libxt_udp.so libxt_NOTRACK.so libxt_state.so libebt_802_3.so libebt_ip.so libebt_log.so libebt_mark_m.so libipt_CLUSTERIP.so libipt_DNAT.so libipt_ECN.so libipt_LOG.so libipt_MASQUERADE.so libipt_NETMAP.so libipt_REDIRECT.so libipt_REJECT.so libipt_SNAT.so libipt_TTL.so libipt_ULOG.so libipt_ah.so libipt_icmp.so libipt_realm.so libipt_ttl.so libip6t_DNAT.so libip6t_DNPT.so libip6t_HL.so libip6t_LOG.so libip6t_MASQUERADE.so libip6t_NETMAP.so libip6t_REDIRECT.so libip6t_REJECT.so libip6t_SNAT.so libip6t_SNPT.so libip6t_ah.so libip6t_dst.so libip6t_eui64.so libip6t_frag.so libip6t_hbh.so libip6t_hl.so libip6t_icmp6.so libip6t_ipv6header.so libip6t_mh.so libip6t_rt.so "; then install -pm0755 libxt_AUDIT.so libxt_CHECKSUM.so libxt_CLASSIFY.so libxt_CONNMARK.so libxt_CONNSECMARK.so libxt_CT.so libxt_DSCP.so libxt_HMARK.so libxt_IDLETIMER.so libxt_LED.so libxt_MARK.so libxt_NFLOG.so libxt_NFQUEUE.so libxt_RATEEST.so libxt_SECMARK.so libxt_SET.so libxt_SYNPROXY.so libxt_TCPMSS.so libxt_TCPOPTSTRIP.so libxt_TEE.so libxt_TOS.so libxt_TPROXY.so libxt_TRACE.so libxt_addrtype.so libxt_bpf.so libxt_cgroup.so libxt_cluster.so libxt_comment.so libxt_connbytes.so libxt_connlimit.so libxt_connmark.so libxt_conntrack.so libxt_cpu.so libxt_dccp.so libxt_devgroup.so libxt_dscp.so libxt_ecn.so libxt_esp.so libxt_hashlimit.so libxt_helper.so libxt_ipcomp.so libxt_iprange.so libxt_ipvs.so libxt_length.so libxt_limit.so libxt_mac.so libxt_mangle.so libxt_mark.so libxt_multiport.so libxt_nfacct.so libxt_osf.so libxt_owner.so libxt_physdev.so libxt_pkttype.so libxt_policy.so libxt_quota.so libxt_rateest.so libxt_recent.so libxt_rpfilter.so libxt_sctp.so libxt_set.so libxt_socket.so libxt_standard.so libxt_statistic.so libxt_string.so libxt_tcp.so libxt_tcpmss.so libxt_time.so libxt_tos.so libxt_u32.so libxt_udp.so libxt_NOTRACK.so libxt_state.so libebt_802_3.so libebt_ip.so libebt_log.so libebt_mark_m.so libipt_CLUSTERIP.so libipt_DNAT.so libipt_ECN.so libipt_LOG.so libipt_MASQUERADE.so libipt_NETMAP.so libipt_REDIRECT.so libipt_REJECT.so libipt_SNAT.so libipt_TTL.so libipt_ULOG.so libipt_ah.so libipt_icmp.so libipt_realm.so libipt_ttl.so libip6t_DNAT.so libip6t_DNPT.so libip6t_HL.so libip6t_LOG.so libip6t_MASQUERADE.so libip6t_NETMAP.so libip6t_REDIRECT.so libip6t_REJECT.so libip6t_SNAT.so libip6t_SNPT.so libip6t_ah.so libip6t_dst.so libip6t_eui64.so libip6t_frag.so libip6t_hbh.so libip6t_hl.so libip6t_icmp6.so libip6t_ipv6header.so libip6t_mh.so libip6t_rt.so "/tmp/work/pkg/lib/xtables/"; fi;
make[1]: Leaving directory '/tmp/work/src/iptables-1.6.0/extensions'
Making install in iptables
make[1]: Entering directory '/tmp/work/src/iptables-1.6.0/iptables'
make[2]: Entering directory '/tmp/work/src/iptables-1.6.0/iptables'
 /bin/mkdir -p '/tmp/work/pkg/usr/share/man/man1'
 /bin/mkdir -p '/tmp/work/pkg/usr/sbin'
  /bin/sh ../libtool   --mode=install /usr/bin/install -c xtables-multi '/tmp/work/pkg/usr/sbin'
 /usr/bin/install -c -m 644 iptables-xml.1 '/tmp/work/pkg/usr/share/man/man1'
 /bin/mkdir -p '/tmp/work/pkg/usr/share/man/man8'
 /usr/bin/install -c -m 644 iptables.8 iptables-restore.8 iptables-save.8 ip6tables.8 ip6tables-restore.8 ip6tables-save.8 iptables-extensions.8 '/tmp/work/pkg/usr/share/man/man8'
 /bin/mkdir -p '/tmp/work/pkg/usr/lib/pkgconfig'
 /usr/bin/install -c -m 644 xtables.pc '/tmp/work/pkg/usr/lib/pkgconfig'
libtool: install: /usr/bin/install -c .libs/xtables-multi /tmp/work/pkg/usr/sbin/xtables-multi
/usr/bin/make  install-exec-hook
make[3]: Entering directory '/tmp/work/src/iptables-1.6.0/iptables'
if test -z "/tmp/work/pkg"; then /sbin/ldconfig; fi;
/usr/bin/install -c -dm0755 "/tmp/work/pkg/usr/bin";
for i in iptables-xml; do ln -s -f "/usr/sbin/xtables-multi" "/tmp/work/pkg/usr/bin/$i"; done;
for i in iptables iptables-restore iptables-save; do ln -s -f xtables-multi "/tmp/work/pkg/usr/sbin/$i"; done;
for i in ip6tables ip6tables-restore ip6tables-save; do ln -s -f xtables-multi "/tmp/work/pkg/usr/sbin/$i"; done;
for i in ; do ln -s -f xtables-compat-multi "/tmp/work/pkg/usr/sbin/$i"; done;
make[3]: Leaving directory '/tmp/work/src/iptables-1.6.0/iptables'
make[2]: Leaving directory '/tmp/work/src/iptables-1.6.0/iptables'
make[1]: Leaving directory '/tmp/work/src/iptables-1.6.0/iptables'
make[1]: Entering directory '/tmp/work/src/iptables-1.6.0'
make[2]: Entering directory '/tmp/work/src/iptables-1.6.0'
make[2]: Nothing to be done for 'install-exec-am'.
make[2]: Leaving directory '/tmp/work/src/iptables-1.6.0'
make[1]: Leaving directory '/tmp/work/src/iptables-1.6.0'
=======> iptables arşivine üstbilgiler ekleniyor.
=======> iptables#1.6.0-armv7l.mps sıkıştırılıyor.
