=======> isim: libffi
=======> surum: 3.2.1
=======> devir: 1
=======> İndiriliyor ftp://sourceware.org/pub/libffi/libffi-3.2.1.tar.gz
=======> kayıt:/sources/libffi-3.2.1.tar.gz
hash kontrol dosyası yok-hash kontrolü yapılmayacak.
=======> Derleniyor '/root/milis-arm/genel/libffi/libffi#3.2.1-armv7l.mps.lz'.
tar -p -C /tmp/work/src -xf /sources/libffi-3.2.1.tar.gz
checking build system type... armv7l-unknown-linux-gnueabihf
checking host system type... armv7l-unknown-linux-gnueabihf
checking target system type... armv7l-unknown-linux-gnueabihf
continue configure in default builddir "./armv7l-unknown-linux-gnueabihf"
....exec /bin/sh .././configure "--srcdir=.." "--enable-builddir=armv7l-unknown-linux-gnueabihf" "linux
gnueabihf"
checking build system type... armv7l-unknown-linux-gnueabihf
checking host system type... armv7l-unknown-linux-gnueabihf
checking target system type... armv7l-unknown-linux-gnueabihf
checking for gsed... sed
checking for a BSD-compatible install... /usr/bin/install -c
checking whether build environment is sane... yes
checking for a thread-safe mkdir -p... /bin/mkdir -p
checking for gawk... gawk
checking whether make sets $(MAKE)... yes
checking whether make supports nested variables... yes
checking for gcc... gcc
checking whether the C compiler works... yes
checking for C compiler default output file name... a.out
checking for suffix of executables... 
checking whether we are cross compiling... no
checking for suffix of object files... o
checking whether we are using the GNU C compiler... yes
checking whether gcc accepts -g... yes
checking for gcc option to accept ISO C89... none needed
checking for style of include used by make... GNU
checking dependency style of gcc... gcc3
checking for g++... g++
checking whether we are using the GNU C++ compiler... yes
checking whether g++ accepts -g... yes
checking dependency style of g++... gcc3
checking dependency style of gcc... gcc3
checking whether gcc and cc understand -c and -o together... yes
checking how to print strings... printf
checking for a sed that does not truncate output... /bin/sed
checking for grep that handles long lines and -e... /bin/grep
checking for egrep... /bin/grep -E
checking for fgrep... /bin/grep -F
checking for ld used by gcc... /bin/ld
checking if the linker (/bin/ld) is GNU ld... yes
checking for BSD- or MS-compatible name lister (nm)... /bin/nm -B
checking the name lister (/bin/nm -B) interface... BSD nm
checking whether ln -s works... yes
checking the maximum length of command line arguments... 1572864
checking whether the shell understands some XSI constructs... yes
checking whether the shell understands "+="... yes
checking how to convert armv7l-unknown-linux-gnueabihf file names to armv7l-unknown-linux-gnueabihf format... func_convert_file_noop
checking how to convert armv7l-unknown-linux-gnueabihf file names to toolchain format... func_convert_file_noop
checking for /bin/ld option to reload object files... -r
checking for objdump... objdump
checking how to recognize dependent libraries... pass_all
checking for dlltool... no
checking how to associate runtime and link libraries... printf %s\n
checking for ar... ar
checking for archiver @FILE support... @
checking for strip... strip
checking for ranlib... ranlib
checking command to parse /bin/nm -B output from gcc object... ok
checking for sysroot... no
checking for mt... mt
checking if mt is a manifest tool... no
checking how to run the C preprocessor... gcc -E
checking for ANSI C header files... yes
checking for sys/types.h... yes
checking for sys/stat.h... yes
checking for stdlib.h... yes
checking for string.h... yes
checking for memory.h... yes
checking for strings.h... yes
checking for inttypes.h... yes
checking for stdint.h... yes
checking for unistd.h... yes
checking for dlfcn.h... yes
checking for objdir... .libs
checking if gcc supports -fno-rtti -fno-exceptions... no
checking for gcc option to produce PIC... -fPIC -DPIC
checking if gcc PIC flag -fPIC -DPIC works... yes
checking if gcc static flag -static works... yes
checking if gcc supports -c -o file.o... yes
checking if gcc supports -c -o file.o... (cached) yes
checking whether the gcc linker (/bin/ld) supports shared libraries... yes
checking whether -lc should be explicitly linked in... no
checking dynamic linker characteristics... GNU/Linux ld.so
checking how to hardcode library paths into programs... immediate
checking whether stripping libraries is possible... yes
checking if libtool supports shared libraries... yes
checking whether to build shared libraries... yes
checking whether to build static libraries... yes
checking how to run the C++ preprocessor... g++ -E
checking for ld used by g++... /bin/ld
checking if the linker (/bin/ld) is GNU ld... yes
checking whether the g++ linker (/bin/ld) supports shared libraries... yes
checking for g++ option to produce PIC... -fPIC -DPIC
checking if g++ PIC flag -fPIC -DPIC works... yes
checking if g++ static flag -static works... yes
checking if g++ supports -c -o file.o... yes
checking if g++ supports -c -o file.o... (cached) yes
checking whether the g++ linker (/bin/ld) supports shared libraries... yes
checking dynamic linker characteristics... (cached) GNU/Linux ld.so
checking how to hardcode library paths into programs... immediate
checking size of size_t... 4
checking for C compiler vendor... gnu
checking CFLAGS for maximum warnings... -Wall
checking whether to enable maintainer-specific portions of Makefiles... no
checking sys/mman.h usability... yes
checking sys/mman.h presence... yes
checking for sys/mman.h... yes
checking for mmap... yes
checking for mkostemp... yes
checking for sys/mman.h... (cached) yes
checking for mmap... (cached) yes
checking whether read-only mmap of a plain file works... yes
checking whether mmap from /dev/zero works... yes
checking for MAP_ANON(YMOUS)... yes
checking whether mmap with MAP_ANON(YMOUS) works... yes
checking for ANSI C header files... (cached) yes
checking for memcpy... yes
checking for size_t... yes
checking for working alloca.h... yes
checking for alloca... yes
checking size of double... 8
checking size of long double... 8
checking whether byte ordering is bigendian... no
checking assembler .cfi pseudo-op support... yes
checking for _ prefix in compiled symbols... no
checking whether .eh_frame section should be read-only... no
checking for __attribute__((visibility("hidden")))... yes
checking that generated files are newer than configure... done
configure: creating ./config.status
config.status: creating include/Makefile
config.status: creating include/ffi.h
config.status: creating Makefile
config.status: creating testsuite/Makefile
config.status: creating man/Makefile
config.status: creating libffi.pc
config.status: creating fficonfig.h
config.status: linking ../src/arm/ffitarget.h to include/ffitarget.h
config.status: executing buildir commands
config.status: create top_srcdir/Makefile guessed from local Makefile
config.status: build in armv7l-unknown-linux-gnueabihf (HOST=)
config.status: executing depfiles commands
config.status: executing libtool commands
config.status: executing include commands
config.status: executing src commands
MAKE armv7l-unknown-linux-gnueabihf : 0 * all-all
make[1]: Entering directory '/tmp/work/src/libffi-3.2.1/armv7l-unknown-linux-gnueabihf'
/usr/bin/make 'AR_FLAGS=' 'CC_FOR_BUILD=' 'CFLAGS=-U_FORTIFY_SOURCE -march=armv7-a -mfloat-abi=hard -mfpu=vfpv3-d16 -O2 -pipe  -Wall -fexceptions' 'CXXFLAGS=-U_FORTIFY_SOURCE -march=armv7-a -mfloat-abi=hard -mfpu=vfpv3-d16 -O2 -pipe ' 'CFLAGS_FOR_BUILD=' 'CFLAGS_FOR_TARGET=' 'INSTALL=/usr/bin/install -c' 'INSTALL_DATA=/usr/bin/install -c -m 644' 'INSTALL_PROGRAM=/usr/bin/install -c' 'INSTALL_SCRIPT=/usr/bin/install -c' 'JC1FLAGS=' 'LDFLAGS=' 'LIBCFLAGS=' 'LIBCFLAGS_FOR_TARGET=' 'MAKE=/usr/bin/make' 'MAKEINFO=/bin/sh /tmp/work/src/libffi-3.2.1/missing makeinfo ' 'PICFLAG=' 'PICFLAG_FOR_TARGET=' 'RUNTESTFLAGS=' 'SHELL=/bin/sh' 'exec_prefix=/usr' 'infodir=/usr/share/info' 'libdir=/usr/lib' 'mandir=/usr/share/man' 'prefix=/usr' 'AR=ar' 'AS=as' 'CC=gcc' 'CXX=g++' 'LD=/bin/ld' 'NM=/bin/nm -B' 'RANLIB=ranlib' 'DESTDIR=' all-recursive
make[2]: Entering directory '/tmp/work/src/libffi-3.2.1/armv7l-unknown-linux-gnueabihf'
Making all in include
make[3]: Entering directory '/tmp/work/src/libffi-3.2.1/armv7l-unknown-linux-gnueabihf/include'
make[3]: Nothing to be done for 'all'.
make[3]: Leaving directory '/tmp/work/src/libffi-3.2.1/armv7l-unknown-linux-gnueabihf/include'
Making all in testsuite
make[3]: Entering directory '/tmp/work/src/libffi-3.2.1/armv7l-unknown-linux-gnueabihf/testsuite'
make[3]: Nothing to be done for 'all'.
make[3]: Leaving directory '/tmp/work/src/libffi-3.2.1/armv7l-unknown-linux-gnueabihf/testsuite'
Making all in man
make[3]: Entering directory '/tmp/work/src/libffi-3.2.1/armv7l-unknown-linux-gnueabihf/man'
make[3]: Nothing to be done for 'all'.
make[3]: Leaving directory '/tmp/work/src/libffi-3.2.1/armv7l-unknown-linux-gnueabihf/man'
make[3]: Entering directory '/tmp/work/src/libffi-3.2.1/armv7l-unknown-linux-gnueabihf'
depbase=`echo src/prep_cif.lo | sed 's|[^/]*$|.deps/&|;s|\.lo$||'`;\
/bin/sh ./libtool  --tag=CC   --mode=compile gcc -DHAVE_CONFIG_H -I. -I..  -I. -I../include -Iinclude -I../src   -U_FORTIFY_SOURCE -march=armv7-a -mfloat-abi=hard -mfpu=vfpv3-d16 -O2 -pipe  -Wall -fexceptions -MT src/prep_cif.lo -MD -MP -MF $depbase.Tpo -c -o src/prep_cif.lo ../src/prep_cif.c &&\
mv -f $depbase.Tpo $depbase.Plo
depbase=`echo src/types.lo | sed 's|[^/]*$|.deps/&|;s|\.lo$||'`;\
/bin/sh ./libtool  --tag=CC   --mode=compile gcc -DHAVE_CONFIG_H -I. -I..  -I. -I../include -Iinclude -I../src   -U_FORTIFY_SOURCE -march=armv7-a -mfloat-abi=hard -mfpu=vfpv3-d16 -O2 -pipe  -Wall -fexceptions -MT src/types.lo -MD -MP -MF $depbase.Tpo -c -o src/types.lo ../src/types.c &&\
mv -f $depbase.Tpo $depbase.Plo
libtool: compile:  gcc -DHAVE_CONFIG_H -I. -I.. -I. -I../include -Iinclude -I../src -U_FORTIFY_SOURCE -march=armv7-a -mfloat-abi=hard -mfpu=vfpv3-d16 -O2 -pipe -Wall -fexceptions -MT src/prep_cif.lo -MD -MP -MF src/.deps/prep_cif.Tpo -c ../src/prep_cif.c  -fPIC -DPIC -o src/.libs/prep_cif.o
libtool: compile:  gcc -DHAVE_CONFIG_H -I. -I.. -I. -I../include -Iinclude -I../src -U_FORTIFY_SOURCE -march=armv7-a -mfloat-abi=hard -mfpu=vfpv3-d16 -O2 -pipe -Wall -fexceptions -MT src/types.lo -MD -MP -MF src/.deps/types.Tpo -c ../src/types.c  -fPIC -DPIC -o src/.libs/types.o
libtool: compile:  gcc -DHAVE_CONFIG_H -I. -I.. -I. -I../include -Iinclude -I../src -U_FORTIFY_SOURCE -march=armv7-a -mfloat-abi=hard -mfpu=vfpv3-d16 -O2 -pipe -Wall -fexceptions -MT src/types.lo -MD -MP -MF src/.deps/types.Tpo -c ../src/types.c -o src/types.o >/dev/null 2>&1
depbase=`echo src/raw_api.lo | sed 's|[^/]*$|.deps/&|;s|\.lo$||'`;\
/bin/sh ./libtool  --tag=CC   --mode=compile gcc -DHAVE_CONFIG_H -I. -I..  -I. -I../include -Iinclude -I../src   -U_FORTIFY_SOURCE -march=armv7-a -mfloat-abi=hard -mfpu=vfpv3-d16 -O2 -pipe  -Wall -fexceptions -MT src/raw_api.lo -MD -MP -MF $depbase.Tpo -c -o src/raw_api.lo ../src/raw_api.c &&\
mv -f $depbase.Tpo $depbase.Plo
libtool: compile:  gcc -DHAVE_CONFIG_H -I. -I.. -I. -I../include -Iinclude -I../src -U_FORTIFY_SOURCE -march=armv7-a -mfloat-abi=hard -mfpu=vfpv3-d16 -O2 -pipe -Wall -fexceptions -MT src/prep_cif.lo -MD -MP -MF src/.deps/prep_cif.Tpo -c ../src/prep_cif.c -o src/prep_cif.o >/dev/null 2>&1
libtool: compile:  gcc -DHAVE_CONFIG_H -I. -I.. -I. -I../include -Iinclude -I../src -U_FORTIFY_SOURCE -march=armv7-a -mfloat-abi=hard -mfpu=vfpv3-d16 -O2 -pipe -Wall -fexceptions -MT src/raw_api.lo -MD -MP -MF src/.deps/raw_api.Tpo -c ../src/raw_api.c  -fPIC -DPIC -o src/.libs/raw_api.o
depbase=`echo src/java_raw_api.lo | sed 's|[^/]*$|.deps/&|;s|\.lo$||'`;\
/bin/sh ./libtool  --tag=CC   --mode=compile gcc -DHAVE_CONFIG_H -I. -I..  -I. -I../include -Iinclude -I../src   -U_FORTIFY_SOURCE -march=armv7-a -mfloat-abi=hard -mfpu=vfpv3-d16 -O2 -pipe  -Wall -fexceptions -MT src/java_raw_api.lo -MD -MP -MF $depbase.Tpo -c -o src/java_raw_api.lo ../src/java_raw_api.c &&\
mv -f $depbase.Tpo $depbase.Plo
libtool: compile:  gcc -DHAVE_CONFIG_H -I. -I.. -I. -I../include -Iinclude -I../src -U_FORTIFY_SOURCE -march=armv7-a -mfloat-abi=hard -mfpu=vfpv3-d16 -O2 -pipe -Wall -fexceptions -MT src/raw_api.lo -MD -MP -MF src/.deps/raw_api.Tpo -c ../src/raw_api.c -o src/raw_api.o >/dev/null 2>&1
libtool: compile:  gcc -DHAVE_CONFIG_H -I. -I.. -I. -I../include -Iinclude -I../src -U_FORTIFY_SOURCE -march=armv7-a -mfloat-abi=hard -mfpu=vfpv3-d16 -O2 -pipe -Wall -fexceptions -MT src/java_raw_api.lo -MD -MP -MF src/.deps/java_raw_api.Tpo -c ../src/java_raw_api.c  -fPIC -DPIC -o src/.libs/java_raw_api.o
depbase=`echo src/closures.lo | sed 's|[^/]*$|.deps/&|;s|\.lo$||'`;\
/bin/sh ./libtool  --tag=CC   --mode=compile gcc -DHAVE_CONFIG_H -I. -I..  -I. -I../include -Iinclude -I../src   -U_FORTIFY_SOURCE -march=armv7-a -mfloat-abi=hard -mfpu=vfpv3-d16 -O2 -pipe  -Wall -fexceptions -MT src/closures.lo -MD -MP -MF $depbase.Tpo -c -o src/closures.lo ../src/closures.c &&\
mv -f $depbase.Tpo $depbase.Plo
libtool: compile:  gcc -DHAVE_CONFIG_H -I. -I.. -I. -I../include -Iinclude -I../src -U_FORTIFY_SOURCE -march=armv7-a -mfloat-abi=hard -mfpu=vfpv3-d16 -O2 -pipe -Wall -fexceptions -MT src/java_raw_api.lo -MD -MP -MF src/.deps/java_raw_api.Tpo -c ../src/java_raw_api.c -o src/java_raw_api.o >/dev/null 2>&1
libtool: compile:  gcc -DHAVE_CONFIG_H -I. -I.. -I. -I../include -Iinclude -I../src -U_FORTIFY_SOURCE -march=armv7-a -mfloat-abi=hard -mfpu=vfpv3-d16 -O2 -pipe -Wall -fexceptions -MT src/closures.lo -MD -MP -MF src/.deps/closures.Tpo -c ../src/closures.c  -fPIC -DPIC -o src/.libs/closures.o
depbase=`echo src/arm/sysv.lo | sed 's|[^/]*$|.deps/&|;s|\.lo$||'`;\
/bin/sh ./libtool    --mode=compile gcc -DHAVE_CONFIG_H -I. -I..  -I. -I../include -Iinclude -I../src  -I. -I../include -Iinclude -I../src -U_FORTIFY_SOURCE -march=armv7-a -mfloat-abi=hard -mfpu=vfpv3-d16 -O2 -pipe  -MT src/arm/sysv.lo -MD -MP -MF $depbase.Tpo -c -o src/arm/sysv.lo ../src/arm/sysv.S &&\
mv -f $depbase.Tpo $depbase.Plo
libtool: compile:  gcc -DHAVE_CONFIG_H -I. -I.. -I. -I../include -Iinclude -I../src -I. -I../include -Iinclude -I../src -U_FORTIFY_SOURCE -march=armv7-a -mfloat-abi=hard -mfpu=vfpv3-d16 -O2 -pipe -MT src/arm/sysv.lo -MD -MP -MF src/arm/.deps/sysv.Tpo -c ../src/arm/sysv.S  -fPIC -DPIC -o src/arm/.libs/sysv.o
libtool: compile:  gcc -DHAVE_CONFIG_H -I. -I.. -I. -I../include -Iinclude -I../src -I. -I../include -Iinclude -I../src -U_FORTIFY_SOURCE -march=armv7-a -mfloat-abi=hard -mfpu=vfpv3-d16 -O2 -pipe -MT src/arm/sysv.lo -MD -MP -MF src/arm/.deps/sysv.Tpo -c ../src/arm/sysv.S -o src/arm/sysv.o >/dev/null 2>&1
depbase=`echo src/arm/ffi.lo | sed 's|[^/]*$|.deps/&|;s|\.lo$||'`;\
/bin/sh ./libtool  --tag=CC   --mode=compile gcc -DHAVE_CONFIG_H -I. -I..  -I. -I../include -Iinclude -I../src   -U_FORTIFY_SOURCE -march=armv7-a -mfloat-abi=hard -mfpu=vfpv3-d16 -O2 -pipe  -Wall -fexceptions -MT src/arm/ffi.lo -MD -MP -MF $depbase.Tpo -c -o src/arm/ffi.lo ../src/arm/ffi.c &&\
mv -f $depbase.Tpo $depbase.Plo
libtool: compile:  gcc -DHAVE_CONFIG_H -I. -I.. -I. -I../include -Iinclude -I../src -U_FORTIFY_SOURCE -march=armv7-a -mfloat-abi=hard -mfpu=vfpv3-d16 -O2 -pipe -Wall -fexceptions -MT src/arm/ffi.lo -MD -MP -MF src/arm/.deps/ffi.Tpo -c ../src/arm/ffi.c  -fPIC -DPIC -o src/arm/.libs/ffi.o
libtool: compile:  gcc -DHAVE_CONFIG_H -I. -I.. -I. -I../include -Iinclude -I../src -U_FORTIFY_SOURCE -march=armv7-a -mfloat-abi=hard -mfpu=vfpv3-d16 -O2 -pipe -Wall -fexceptions -MT src/arm/ffi.lo -MD -MP -MF src/arm/.deps/ffi.Tpo -c ../src/arm/ffi.c -o src/arm/ffi.o >/dev/null 2>&1
libtool: compile:  gcc -DHAVE_CONFIG_H -I. -I.. -I. -I../include -Iinclude -I../src -U_FORTIFY_SOURCE -march=armv7-a -mfloat-abi=hard -mfpu=vfpv3-d16 -O2 -pipe -Wall -fexceptions -MT src/closures.lo -MD -MP -MF src/.deps/closures.Tpo -c ../src/closures.c -o src/closures.o >/dev/null 2>&1
/bin/sh ./libtool  --tag=CC   --mode=link gcc  -U_FORTIFY_SOURCE -march=armv7-a -mfloat-abi=hard -mfpu=vfpv3-d16 -O2 -pipe  -Wall -fexceptions   -o libffi_convenience.la  src/prep_cif.lo src/types.lo src/raw_api.lo src/java_raw_api.lo src/closures.lo                          src/arm/sysv.lo src/arm/ffi.lo                
/bin/sh ./libtool  --tag=CC   --mode=link gcc  -U_FORTIFY_SOURCE -march=armv7-a -mfloat-abi=hard -mfpu=vfpv3-d16 -O2 -pipe  -Wall -fexceptions -no-undefined -version-info `grep -v '^#' ../libtool-version`    -o libffi.la -rpath /usr/lib src/prep_cif.lo src/types.lo src/raw_api.lo src/java_raw_api.lo src/closures.lo                          src/arm/sysv.lo src/arm/ffi.lo                
libtool: link: ar cru .libs/libffi_convenience.a src/.libs/prep_cif.o src/.libs/types.o src/.libs/raw_api.o src/.libs/java_raw_api.o src/.libs/closures.o src/arm/.libs/sysv.o src/arm/.libs/ffi.o 
libtool: link: ranlib .libs/libffi_convenience.a
libtool: link: gcc -shared  -fPIC -DPIC  src/.libs/prep_cif.o src/.libs/types.o src/.libs/raw_api.o src/.libs/java_raw_api.o src/.libs/closures.o src/arm/.libs/sysv.o src/arm/.libs/ffi.o    -march=armv7-a -mfloat-abi=hard -mfpu=vfpv3-d16 -O2   -Wl,-soname -Wl,libffi.so.6 -o .libs/libffi.so.6.0.4
libtool: link: ( cd ".libs" && rm -f "libffi_convenience.la" && ln -s "../libffi_convenience.la" "libffi_convenience.la" )
libtool: link: (cd ".libs" && rm -f "libffi.so.6" && ln -s "libffi.so.6.0.4" "libffi.so.6")
libtool: link: (cd ".libs" && rm -f "libffi.so" && ln -s "libffi.so.6.0.4" "libffi.so")
libtool: link: ar cru .libs/libffi.a  src/prep_cif.o src/types.o src/raw_api.o src/java_raw_api.o src/closures.o src/arm/sysv.o src/arm/ffi.o
libtool: link: ranlib .libs/libffi.a
libtool: link: ( cd ".libs" && rm -f "libffi.la" && ln -s "../libffi.la" "libffi.la" )
make[3]: Leaving directory '/tmp/work/src/libffi-3.2.1/armv7l-unknown-linux-gnueabihf'
make[2]: Leaving directory '/tmp/work/src/libffi-3.2.1/armv7l-unknown-linux-gnueabihf'
make[1]: Leaving directory '/tmp/work/src/libffi-3.2.1/armv7l-unknown-linux-gnueabihf'
MAKE armv7l-unknown-linux-gnueabihf : 0 * install
make[1]: Entering directory '/tmp/work/src/libffi-3.2.1/armv7l-unknown-linux-gnueabihf'
Making install in include
make[2]: Entering directory '/tmp/work/src/libffi-3.2.1/armv7l-unknown-linux-gnueabihf/include'
make[3]: Entering directory '/tmp/work/src/libffi-3.2.1/armv7l-unknown-linux-gnueabihf/include'
make[3]: Nothing to be done for 'install-exec-am'.
 /bin/mkdir -p '/tmp/work/pkg/usr/include'
 /usr/bin/install -c -m 644 ffi.h ffitarget.h '/tmp/work/pkg/usr/include'
make[3]: Leaving directory '/tmp/work/src/libffi-3.2.1/armv7l-unknown-linux-gnueabihf/include'
make[2]: Leaving directory '/tmp/work/src/libffi-3.2.1/armv7l-unknown-linux-gnueabihf/include'
Making install in testsuite
make[2]: Entering directory '/tmp/work/src/libffi-3.2.1/armv7l-unknown-linux-gnueabihf/testsuite'
make[3]: Entering directory '/tmp/work/src/libffi-3.2.1/armv7l-unknown-linux-gnueabihf/testsuite'
make[3]: Nothing to be done for 'install-exec-am'.
make[3]: Nothing to be done for 'install-data-am'.
make[3]: Leaving directory '/tmp/work/src/libffi-3.2.1/armv7l-unknown-linux-gnueabihf/testsuite'
make[2]: Leaving directory '/tmp/work/src/libffi-3.2.1/armv7l-unknown-linux-gnueabihf/testsuite'
Making install in man
make[2]: Entering directory '/tmp/work/src/libffi-3.2.1/armv7l-unknown-linux-gnueabihf/man'
make[3]: Entering directory '/tmp/work/src/libffi-3.2.1/armv7l-unknown-linux-gnueabihf/man'
make[3]: Nothing to be done for 'install-exec-am'.
 /bin/mkdir -p '/tmp/work/pkg/usr/share/man/man3'
 /usr/bin/install -c -m 644 ../../man/ffi.3 ../../man/ffi_call.3 ../../man/ffi_prep_cif.3 ../../man/ffi_prep_cif_var.3 '/tmp/work/pkg/usr/share/man/man3'
make[3]: Leaving directory '/tmp/work/src/libffi-3.2.1/armv7l-unknown-linux-gnueabihf/man'
make[2]: Leaving directory '/tmp/work/src/libffi-3.2.1/armv7l-unknown-linux-gnueabihf/man'
make[2]: Entering directory '/tmp/work/src/libffi-3.2.1/armv7l-unknown-linux-gnueabihf'
make[3]: Entering directory '/tmp/work/src/libffi-3.2.1/armv7l-unknown-linux-gnueabihf'
 /bin/mkdir -p '/tmp/work/pkg/usr/lib'
 /bin/sh ./libtool   --mode=install /usr/bin/install -c   libffi.la '/tmp/work/pkg/usr/lib'
 /bin/mkdir -p '/tmp/work/pkg/usr/share/info'
 /usr/bin/install -c -m 644 ../doc/libffi.info '/tmp/work/pkg/usr/share/info'
libtool: install: /usr/bin/install -c .libs/libffi.so.6.0.4 /tmp/work/pkg/usr/lib/libffi.so.6.0.4
 install-info --info-dir='/tmp/work/pkg/usr/share/info' '/tmp/work/pkg/usr/share/info/libffi.info'
libtool: install: (cd /tmp/work/pkg/usr/lib && { ln -s -f libffi.so.6.0.4 libffi.so.6 || { rm -f libffi.so.6 && ln -s libffi.so.6.0.4 libffi.so.6; }; })
libtool: install: (cd /tmp/work/pkg/usr/lib && { ln -s -f libffi.so.6.0.4 libffi.so || { rm -f libffi.so && ln -s libffi.so.6.0.4 libffi.so; }; })
libtool: install: /usr/bin/install -c .libs/libffi.lai /tmp/work/pkg/usr/lib/libffi.la
 /bin/mkdir -p '/tmp/work/pkg/usr/lib/pkgconfig'
libtool: install: /usr/bin/install -c .libs/libffi.a /tmp/work/pkg/usr/lib/libffi.a
libtool: install: chmod 644 /tmp/work/pkg/usr/lib/libffi.a
 /usr/bin/install -c -m 644 libffi.pc '/tmp/work/pkg/usr/lib/pkgconfig'
libtool: install: ranlib /tmp/work/pkg/usr/lib/libffi.a
make[3]: Leaving directory '/tmp/work/src/libffi-3.2.1/armv7l-unknown-linux-gnueabihf'
make[2]: Leaving directory '/tmp/work/src/libffi-3.2.1/armv7l-unknown-linux-gnueabihf'
make[1]: Leaving directory '/tmp/work/src/libffi-3.2.1/armv7l-unknown-linux-gnueabihf'
=======> libffi arşivine üstbilgiler ekleniyor.
=======> libffi#3.2.1-armv7l.mps sıkıştırılıyor.
