=======> isim: mpfr
=======> surum: 3.1.3
=======> devir: 2
=======> İndiriliyor http://www.linuxfromscratch.org/patches/downloads/mpfr/mpfr-3.1.3-upstream_fixes-1.patch
=======> kayıt:/sources/mpfr-3.1.3-upstream_fixes-1.patch
hash kontrol dosyası yok-hash kontrolü yapılmayacak.
=======> Derleniyor '/root/milis-arm/temel/mpfr/mpfr#3.1.3-armv7l.mps.lz'.
tar -p -C /tmp/work/src -xf /sources/mpfr-3.1.3.tar.xz
cp /sources/mpfr-3.1.3-upstream_fixes-1.patch /tmp/work/src
patching file PATCHES
patching file VERSION
patching file doc/mpfr.texi
patching file doc/mpfr.info
patching file src/lngamma.c
patching file src/mpfr.h
patching file src/version.c
patching file tests/tlngamma.c
patching file PATCHES
patching file VERSION
patching file src/div_2si.c
patching file src/div_2ui.c
patching file src/mpfr.h
patching file src/mul_2si.c
patching file src/version.c
patching file tests/tmul_2exp.c
patching file PATCHES
patching file VERSION
patching file src/div_2si.c
patching file src/div_2ui.c
patching file src/mpfr.h
patching file src/mul_2si.c
patching file src/version.c
patching file tests/tmul_2exp.c
patching file PATCHES
patching file VERSION
patching file src/frexp.c
patching file src/mpfr.h
patching file src/version.c
patching file tests/tfrexp.c
checking for a BSD-compatible install... /usr/bin/install -c
checking whether build environment is sane... yes
checking for a thread-safe mkdir -p... /bin/mkdir -p
checking for gawk... gawk
checking whether make sets $(MAKE)... yes
checking whether make supports nested variables... yes
checking whether to enable maintainer-specific portions of Makefiles... yes
checking build system type... armv7l-unknown-linux-gnueabihf
checking host system type... armv7l-unknown-linux-gnueabihf
checking for grep that handles long lines and -e... /bin/grep
checking for egrep... /bin/grep -E
checking for a sed that does not truncate output... /bin/sed
checking for gcc... gcc
checking whether the C compiler works... yes
checking for C compiler default output file name... a.out
checking for suffix of executables... 
checking whether we are cross compiling... no
checking for suffix of object files... o
checking whether we are using the GNU C compiler... yes
checking whether gcc accepts -g... yes
checking for gcc option to accept ISO C89... none needed
checking whether gcc understands -c and -o together... yes
checking for style of include used by make... GNU
checking dependency style of gcc... gcc3
checking how to run the C preprocessor... gcc -E
checking for ar... ar
checking the archiver (ar) interface... ar
checking for ICC... no
checking for an ANSI C-conforming const... yes
checking for working volatile... yes
checking for main in -lm... yes
checking whether time.h and sys/time.h may both be included... yes
checking for ANSI C header files... yes
checking for sys/types.h... yes
checking for sys/stat.h... yes
checking for stdlib.h... yes
checking for string.h... yes
checking for memory.h... yes
checking for strings.h... yes
checking for inttypes.h... yes
checking for stdint.h... yes
checking for unistd.h... yes
checking for size_t... yes
checking limits.h usability... yes
checking limits.h presence... yes
checking for limits.h... yes
checking float.h usability... yes
checking float.h presence... yes
checking for float.h... yes
checking for string.h... (cached) yes
checking locale.h usability... yes
checking locale.h presence... yes
checking for locale.h... yes
checking wchar.h usability... yes
checking wchar.h presence... yes
checking for wchar.h... yes
checking stdarg.h usability... yes
checking stdarg.h presence... yes
checking for stdarg.h... yes
checking sys/time.h usability... yes
checking sys/time.h presence... yes
checking for sys/time.h... yes
checking sys/fpu.h usability... no
checking sys/fpu.h presence... no
checking for sys/fpu.h... no
checking for struct lconv.decimal_point... yes
checking for struct lconv.thousands_sep... yes
checking for working alloca.h... yes
checking for alloca... yes
checking for stdint.h... (cached) yes
checking for SIZE_MAX... yes
checking how to copy va_list... va_copy
checking for memmove... yes
checking for memset... yes
checking for setlocale... yes
