=======> isim: nasm
=======> surum: 2.11.06
=======> devir: 1
=======> İndiriliyor http://www.nasm.us/pub/nasm/releasebuilds/2.11.06/nasm-2.11.06-xdoc.tar.xz
=======> kayıt:/sources/nasm-2.11.06-xdoc.tar.xz
hash kontrol dosyası yok-hash kontrolü yapılmayacak.
=======> Derleniyor '/root/milis-arm/temel/nasm/nasm#2.11.06-armv7l.mps.lz'.
tar -p -C /tmp/work/src -xf /sources/nasm_2.11.06-1really2.11.05.orig.tar.xz
tar -p -C /tmp/work/src -xf /sources/nasm-2.11.06-xdoc.tar.xz
=======> isim: nasm
=======> surum: 2.11.06
=======> devir: 1
hash kontrol dosyası yok-hash kontrolü yapılmayacak.
=======> Derleniyor '/root/milis-arm/temel/nasm/nasm#2.11.06-armv7l.mps.lz'.
tar -p -C /tmp/work/src -xf /sources/nasm_2.11.06-1really2.11.05.orig.tar.xz
tar -p -C /tmp/work/src -xf /sources/nasm-2.11.06-xdoc.tar.xz
=======> isim: nasm
=======> surum: 2.11.06
=======> devir: 1
hash kontrol dosyası yok-hash kontrolü yapılmayacak.
=======> Derleniyor '/root/milis-arm/temel/nasm/nasm#2.11.06-armv7l.mps.lz'.
tar -p -C /tmp/work/src -xf /sources/nasm_2.11.06-1really2.11.05.orig.tar.xz
tar -p -C /tmp/work/src -xf /sources/nasm-2.11.06-xdoc.tar.xz
=======> isim: nasm
=======> surum: 2.11.06
=======> devir: 1
hash kontrol dosyası yok-hash kontrolü yapılmayacak.
=======> Derleniyor '/root/milis-arm/temel/nasm/nasm#2.11.06-armv7l.mps.lz'.
tar -p -C /tmp/work/src -xf /sources/nasm_2.11.06-1really2.11.05.orig.tar.xz
tar -p -C /tmp/work/src -xf /sources/nasm-2.11.06-xdoc.tar.xz
