=======> isim: newt
=======> surum: 0.52.18
=======> devir: 1
=======> İndiriliyor http://fedorahosted.org/releases/n/e/newt/newt-0.52.18.tar.gz
=======> kayıt:/sources/newt-0.52.18.tar.gz
hash kontrol dosyası yok-hash kontrolü yapılmayacak.
=======> Derleniyor '/root/milis-arm/genel/newt/newt#0.52.18-armv7l.mps.lz'.
tar -p -C /tmp/work/src -xf /sources/newt-0.52.18.tar.gz
checking for gcc... gcc
checking whether the C compiler works... yes
checking for C compiler default output file name... a.out
checking for suffix of executables... 
checking whether we are cross compiling... no
checking for suffix of object files... o
checking whether we are using the GNU C compiler... yes
checking whether gcc accepts -g... yes
checking for gcc option to accept ISO C89... none needed
checking for a BSD-compatible install... /usr/bin/install -c
checking whether ln -s works... yes
checking for grep that handles long lines and -e... /bin/grep
checking for special C compiler options needed for large files... no
checking for _FILE_OFFSET_BITS value needed for large files... 64
checking how to run the C preprocessor... gcc -E
checking for egrep... /bin/grep -E
checking for ANSI C header files... yes
checking for sys/types.h... yes
checking for sys/stat.h... yes
checking for stdlib.h... yes
checking for string.h... yes
checking for memory.h... yes
checking for strings.h... yes
checking for inttypes.h... yes
checking for stdint.h... yes
checking for unistd.h... yes
checking size of long... 4
checking size of long long... 8
checking size of void *... 4
checking for GNU ld... yes
checking sys/select.h usability... yes
checking sys/select.h presence... yes
checking for sys/select.h... yes
checking alloca.h usability... yes
checking alloca.h presence... yes
checking for alloca.h... yes
checking slang.h usability... no
checking slang.h presence... no
checking for slang.h... no
checking slang.h usability... no
checking slang.h presence... no
checking for slang.h... no
checking popt.h usability... no
checking popt.h presence... no
checking for popt.h... no
checking libintl.h usability... yes
checking libintl.h presence... yes
checking for libintl.h... yes
checking for python versions... 
checking for tcl configuration... NOT found
checking for gettext in -lc... yes
configure: creating ./config.status
config.status: creating Makefile
config.status: creating libnewt.pc
config.status: creating config.h
gcc -E -U_FORTIFY_SOURCE -march=armv7-a -mfloat-abi=hard -mfpu=vfpv3-d16 -O2 -pipe  -D_GNU_SOURCE -I/usr/include/slang  -I/opt/local/include  -M test.c testgrid.c testtree.c showchars.c showkey.c whiptail.c dialogboxes.c newt.c button.c form.c checkbox.c entry.c label.c listbox.c scrollbar.c textbox.c scale.c grid.c windows.c buttonbar.c checkboxtree.c > .depend
gcc -U_FORTIFY_SOURCE -march=armv7-a -mfloat-abi=hard -mfpu=vfpv3-d16 -O2 -pipe  -D_GNU_SOURCE -I/usr/include/slang  -I/opt/local/include   -c -o test.o test.c
gcc -U_FORTIFY_SOURCE -march=armv7-a -mfloat-abi=hard -mfpu=vfpv3-d16 -O2 -pipe  -D_GNU_SOURCE -I/usr/include/slang  -I/opt/local/include   -c -o newt.o newt.c
=======> isim: newt
=======> surum: 0.52.18
=======> devir: 1
hash kontrol dosyası yok-hash kontrolü yapılmayacak.
=======> Derleniyor '/root/milis-arm/genel/newt/newt#0.52.18-armv7l.mps.lz'.
tar -p -C /tmp/work/src -xf /sources/newt-0.52.18.tar.gz
checking for gcc... gcc
checking whether the C compiler works... yes
checking for C compiler default output file name... a.out
checking for suffix of executables... 
checking whether we are cross compiling... no
checking for suffix of object files... o
checking whether we are using the GNU C compiler... yes
checking whether gcc accepts -g... yes
checking for gcc option to accept ISO C89... none needed
checking for a BSD-compatible install... /usr/bin/install -c
checking whether ln -s works... yes
checking for grep that handles long lines and -e... /bin/grep
checking for special C compiler options needed for large files... no
checking for _FILE_OFFSET_BITS value needed for large files... 64
checking how to run the C preprocessor... gcc -E
checking for egrep... /bin/grep -E
checking for ANSI C header files... yes
checking for sys/types.h... yes
checking for sys/stat.h... yes
checking for stdlib.h... yes
checking for string.h... yes
checking for memory.h... yes
checking for strings.h... yes
checking for inttypes.h... yes
checking for stdint.h... yes
checking for unistd.h... yes
checking size of long... 4
checking size of long long... 8
checking size of void *... 4
checking for GNU ld... yes
checking sys/select.h usability... yes
checking sys/select.h presence... yes
checking for sys/select.h... yes
checking alloca.h usability... yes
checking alloca.h presence... yes
checking for alloca.h... yes
checking slang.h usability... yes
checking slang.h presence... yes
checking for slang.h... yes
checking popt.h usability... yes
checking popt.h presence... yes
checking for popt.h... yes
checking libintl.h usability... yes
checking libintl.h presence... yes
checking for libintl.h... yes
checking for python versions... python2.7 
checking for tcl configuration... NOT found
checking for gettext in -lc... yes
configure: creating ./config.status
config.status: creating Makefile
config.status: creating libnewt.pc
config.status: creating config.h
gcc -E -U_FORTIFY_SOURCE -march=armv7-a -mfloat-abi=hard -mfpu=vfpv3-d16 -O2 -pipe  -D_GNU_SOURCE -I/usr/include/slang   -M test.c testgrid.c testtree.c showchars.c showkey.c whiptail.c dialogboxes.c newt.c button.c form.c checkbox.c entry.c label.c listbox.c scrollbar.c textbox.c scale.c grid.c windows.c buttonbar.c checkboxtree.c > .depend
gcc -U_FORTIFY_SOURCE -march=armv7-a -mfloat-abi=hard -mfpu=vfpv3-d16 -O2 -pipe  -D_GNU_SOURCE -I/usr/include/slang    -c -o test.o test.c
gcc -U_FORTIFY_SOURCE -march=armv7-a -mfloat-abi=hard -mfpu=vfpv3-d16 -O2 -pipe  -D_GNU_SOURCE -I/usr/include/slang    -c -o newt.o newt.c
gcc -U_FORTIFY_SOURCE -march=armv7-a -mfloat-abi=hard -mfpu=vfpv3-d16 -O2 -pipe  -D_GNU_SOURCE -I/usr/include/slang    -c -o button.o button.c
gcc -U_FORTIFY_SOURCE -march=armv7-a -mfloat-abi=hard -mfpu=vfpv3-d16 -O2 -pipe  -D_GNU_SOURCE -I/usr/include/slang    -c -o form.o form.c
gcc -U_FORTIFY_SOURCE -march=armv7-a -mfloat-abi=hard -mfpu=vfpv3-d16 -O2 -pipe  -D_GNU_SOURCE -I/usr/include/slang    -c -o checkbox.o checkbox.c
gcc -U_FORTIFY_SOURCE -march=armv7-a -mfloat-abi=hard -mfpu=vfpv3-d16 -O2 -pipe  -D_GNU_SOURCE -I/usr/include/slang    -c -o entry.o entry.c
gcc -U_FORTIFY_SOURCE -march=armv7-a -mfloat-abi=hard -mfpu=vfpv3-d16 -O2 -pipe  -D_GNU_SOURCE -I/usr/include/slang    -c -o label.o label.c
gcc -U_FORTIFY_SOURCE -march=armv7-a -mfloat-abi=hard -mfpu=vfpv3-d16 -O2 -pipe  -D_GNU_SOURCE -I/usr/include/slang    -c -o listbox.o listbox.c
gcc -U_FORTIFY_SOURCE -march=armv7-a -mfloat-abi=hard -mfpu=vfpv3-d16 -O2 -pipe  -D_GNU_SOURCE -I/usr/include/slang    -c -o scrollbar.o scrollbar.c
gcc -U_FORTIFY_SOURCE -march=armv7-a -mfloat-abi=hard -mfpu=vfpv3-d16 -O2 -pipe  -D_GNU_SOURCE -I/usr/include/slang    -c -o textbox.o textbox.c
gcc -U_FORTIFY_SOURCE -march=armv7-a -mfloat-abi=hard -mfpu=vfpv3-d16 -O2 -pipe  -D_GNU_SOURCE -I/usr/include/slang    -c -o scale.o scale.c
gcc -U_FORTIFY_SOURCE -march=armv7-a -mfloat-abi=hard -mfpu=vfpv3-d16 -O2 -pipe  -D_GNU_SOURCE -I/usr/include/slang    -c -o grid.o grid.c
gcc -U_FORTIFY_SOURCE -march=armv7-a -mfloat-abi=hard -mfpu=vfpv3-d16 -O2 -pipe  -D_GNU_SOURCE -I/usr/include/slang    -c -o windows.o windows.c
gcc -U_FORTIFY_SOURCE -march=armv7-a -mfloat-abi=hard -mfpu=vfpv3-d16 -O2 -pipe  -D_GNU_SOURCE -I/usr/include/slang    -c -o buttonbar.o buttonbar.c
gcc -U_FORTIFY_SOURCE -march=armv7-a -mfloat-abi=hard -mfpu=vfpv3-d16 -O2 -pipe  -D_GNU_SOURCE -I/usr/include/slang    -c -o checkboxtree.o checkboxtree.c
gcc -U_FORTIFY_SOURCE -march=armv7-a -mfloat-abi=hard -mfpu=vfpv3-d16 -O2 -pipe  -D_GNU_SOURCE -I/usr/include/slang    -c -o whiptail.o whiptail.c
gcc -U_FORTIFY_SOURCE -march=armv7-a -mfloat-abi=hard -mfpu=vfpv3-d16 -O2 -pipe  -D_GNU_SOURCE -I/usr/include/slang    -c -o dialogboxes.o dialogboxes.c
mkdir -p shared
gcc -fPIC -c -U_FORTIFY_SOURCE -march=armv7-a -mfloat-abi=hard -mfpu=vfpv3-d16 -O2 -pipe  -D_GNU_SOURCE -I/usr/include/slang   -o shared/newt.o newt.c
gcc -fPIC -c -U_FORTIFY_SOURCE -march=armv7-a -mfloat-abi=hard -mfpu=vfpv3-d16 -O2 -pipe  -D_GNU_SOURCE -I/usr/include/slang   -o shared/button.o button.c
gcc -fPIC -c -U_FORTIFY_SOURCE -march=armv7-a -mfloat-abi=hard -mfpu=vfpv3-d16 -O2 -pipe  -D_GNU_SOURCE -I/usr/include/slang   -o shared/form.o form.c
gcc -fPIC -c -U_FORTIFY_SOURCE -march=armv7-a -mfloat-abi=hard -mfpu=vfpv3-d16 -O2 -pipe  -D_GNU_SOURCE -I/usr/include/slang   -o shared/checkbox.o checkbox.c
gcc -fPIC -c -U_FORTIFY_SOURCE -march=armv7-a -mfloat-abi=hard -mfpu=vfpv3-d16 -O2 -pipe  -D_GNU_SOURCE -I/usr/include/slang   -o shared/entry.o entry.c
gcc -fPIC -c -U_FORTIFY_SOURCE -march=armv7-a -mfloat-abi=hard -mfpu=vfpv3-d16 -O2 -pipe  -D_GNU_SOURCE -I/usr/include/slang   -o shared/label.o label.c
gcc -fPIC -c -U_FORTIFY_SOURCE -march=armv7-a -mfloat-abi=hard -mfpu=vfpv3-d16 -O2 -pipe  -D_GNU_SOURCE -I/usr/include/slang   -o shared/listbox.o listbox.c
gcc -fPIC -c -U_FORTIFY_SOURCE -march=armv7-a -mfloat-abi=hard -mfpu=vfpv3-d16 -O2 -pipe  -D_GNU_SOURCE -I/usr/include/slang   -o shared/scrollbar.o scrollbar.c
gcc -fPIC -c -U_FORTIFY_SOURCE -march=armv7-a -mfloat-abi=hard -mfpu=vfpv3-d16 -O2 -pipe  -D_GNU_SOURCE -I/usr/include/slang   -o shared/textbox.o textbox.c
gcc -fPIC -c -U_FORTIFY_SOURCE -march=armv7-a -mfloat-abi=hard -mfpu=vfpv3-d16 -O2 -pipe  -D_GNU_SOURCE -I/usr/include/slang   -o shared/scale.o scale.c
gcc -fPIC -c -U_FORTIFY_SOURCE -march=armv7-a -mfloat-abi=hard -mfpu=vfpv3-d16 -O2 -pipe  -D_GNU_SOURCE -I/usr/include/slang   -o shared/grid.o grid.c
gcc -fPIC -c -U_FORTIFY_SOURCE -march=armv7-a -mfloat-abi=hard -mfpu=vfpv3-d16 -O2 -pipe  -D_GNU_SOURCE -I/usr/include/slang   -o shared/windows.o windows.c
gcc -fPIC -c -U_FORTIFY_SOURCE -march=armv7-a -mfloat-abi=hard -mfpu=vfpv3-d16 -O2 -pipe  -D_GNU_SOURCE -I/usr/include/slang   -o shared/buttonbar.o buttonbar.c
gcc -fPIC -c -U_FORTIFY_SOURCE -march=armv7-a -mfloat-abi=hard -mfpu=vfpv3-d16 -O2 -pipe  -D_GNU_SOURCE -I/usr/include/slang   -o shared/checkboxtree.o checkboxtree.c
gcc -U_FORTIFY_SOURCE -march=armv7-a -mfloat-abi=hard -mfpu=vfpv3-d16 -O2 -pipe  -D_GNU_SOURCE -I/usr/include/slang    -c -o testgrid.o testgrid.c
gcc -U_FORTIFY_SOURCE -march=armv7-a -mfloat-abi=hard -mfpu=vfpv3-d16 -O2 -pipe  -D_GNU_SOURCE -I/usr/include/slang    -c -o testtree.o testtree.c
gcc -U_FORTIFY_SOURCE -march=armv7-a -mfloat-abi=hard -mfpu=vfpv3-d16 -O2 -pipe  -D_GNU_SOURCE -I/usr/include/slang    -c -o showchars.o showchars.c
gcc -U_FORTIFY_SOURCE -march=armv7-a -mfloat-abi=hard -mfpu=vfpv3-d16 -O2 -pipe  -D_GNU_SOURCE -I/usr/include/slang    -c -o showkey.o showkey.c
ar rv libnewt.so.0.52 newt.o button.o form.o checkbox.o entry.o label.o listbox.o scrollbar.o textbox.o scale.o grid.o windows.o buttonbar.o checkboxtree.o
a - newt.o
a - button.o
a - form.o
a - checkbox.o
a - entry.o
a - label.o
a - listbox.o
a - scrollbar.o
a - textbox.o
a - scale.o
a - grid.o
a - windows.o
a - buttonbar.o
a - checkboxtree.o
gcc -shared -o libnewt.so.0.52.18 -Wl,--version-script,newt.0.52.ver -Wl,-soname,libnewt.so.0.52 shared/newt.o shared/button.o shared/form.o shared/checkbox.o shared/entry.o shared/label.o shared/listbox.o shared/scrollbar.o shared/textbox.o shared/scale.o shared/grid.o shared/windows.o shared/buttonbar.o shared/checkboxtree.o  -lslang 
ln -fs libnewt.so.0.52 libnewt.so
ln -fs libnewt.so.0.52.18 libnewt.so.0.52
gcc -g -o testgrid testgrid.o libnewt.so.0.52  -lslang 
gcc -g -o testtree testtree.o libnewt.so.0.52  -lslang 
gcc -g -o showchars showchars.o libnewt.so.0.52  -lslang 
gcc -g -o showkey showkey.o libnewt.so.0.52  -lslang 
gcc -g -o test test.o libnewt.so.0.52  -lslang 
gcc -g -o whiptail whiptail.o dialogboxes.o -L.  -lnewt -lslang  -lpopt
gcc -fPIC -D_GNU_SOURCE -I/usr/include/slang -I/usr/include/python2.7 -I/usr/include/python2.7 -I/usr/include/python2.7 -I/usr/include/python2.7 -fno-strict-aliasing -U_FORTIFY_SOURCE -march=armv7-a -mfloat-abi=hard -mfpu=vfpv3-d16 -O2 -pipe -DNDEBUG -g -fwrapv -O3 -Wall -Wstrict-prototypes -c -o python2.7/snack.o snack.c
gcc --shared -lpython2.7 -lpthread -ldl -lutil -lm -Xlinker -export-dynamic -lpython2.7 -lpthread -ldl -lutil -lm -o python2.7/_snack.so python2.7/snack.o -L. -lnewt -lslang
touch _snack.so
[ -d /tmp/work/pkg//usr/lib ] || install -m 755 -d /tmp/work/pkg//usr/lib
install -m 755 libnewt.so.0.52.18 /tmp/work/pkg//usr/lib
ln -sf libnewt.so.0.52 /tmp/work/pkg//usr/lib/libnewt.so
ln -sf libnewt.so.0.52.18 /tmp/work/pkg//usr/lib/libnewt.so.0.52
[ -n "" ] && install -m 755 whiptcl.so /tmp/work/pkg//usr/lib || :
[ -n "python2.7 " ] && for ver in python2.7  ; do \
   [ -d /tmp/work/pkg//usr/lib/$ver/site-packages ] || install -m 755 -d /tmp/work/pkg//usr/lib/$ver/site-packages ;\
   install -m 755 $ver/_snack.so /tmp/work/pkg//usr/lib/$ver/site-packages ;\
   install -m 644 snack.py /tmp/work/pkg//usr/lib/$ver/site-packages ;\
done || :
[ -d /tmp/work/pkg//usr/bin ] || install -m 755 -d /tmp/work/pkg//usr/bin
[ -d /tmp/work/pkg//usr/lib ] || install -m 755 -d /tmp/work/pkg//usr/lib
[ -d /tmp/work/pkg//usr/include ] || install -m 755 -d /tmp/work/pkg//usr/include
[ -d /tmp/work/pkg//usr/share/man/man1 ] || install -m 755 -d /tmp/work/pkg//usr/share/man/man1
[ -d /tmp/work/pkg//usr/lib/pkgconfig ] || install -m 755 -d /tmp/work/pkg//usr/lib/pkgconfig
install -m 644 newt.h /tmp/work/pkg//usr/include
install -m 755 whiptail /tmp/work/pkg//usr/bin
install -m 644 whiptail.1 /tmp/work/pkg//usr/share/man/man1
make -C po datadir=/tmp/work/pkg//usr/share install
make[1]: Entering directory '/tmp/work/src/newt-0.52.18/po'
mkdir -p /tmp/work/pkg//usr/share/locale
for n in ar.po as.po ast.po bal.po bg.po bn.po bn_IN.po bs.po ca.po cs.po cy.po da.po de.po dz.po el.po eo.po es.po et.po eu.po fa.po fi.po fr.po ga.po gl.po gu.po he.po hi.po hr.po hu.po ia.po id.po it.po ja.po km.po kn.po ko.po ku.po lt.po lv.po mg.po mk.po ml.po mr.po ms.po nb.po nds.po ne.po nl.po nn.po pa.po pl.po pt.po pt_BR.po ro.po ru.po sk.po sl.po sq.po sr.po sr@latin.po sv.po ta.po te.po tg.po th.po tl.po tr.po uk.po vi.po wo.po xh.po zh_CN.po zh_TW.po; do \
    l=`basename $n .po`; \
    mo=$l.mo; \
    /usr/bin/install -c -m 755 -d /tmp/work/pkg//usr/share/locale/$l; \
    /usr/bin/install -c -m 755 -d /tmp/work/pkg//usr/share/locale/$l/LC_MESSAGES; \
    if [ -f $n ]; then \
        /usr/bin/install -c -m 644 $mo /tmp/work/pkg//usr/share/locale/$l/LC_MESSAGES/newt.mo; \
    fi; \
done
make[1]: Leaving directory '/tmp/work/src/newt-0.52.18/po'
install -m 644 libnewt.pc /tmp/work/pkg//usr/lib/pkgconfig
=======> newt arşivine üstbilgiler ekleniyor.
=======> newt#0.52.18-armv7l.mps sıkıştırılıyor.
