=======> isim: nspr
=======> surum: 4.16
=======> devir: 1
=======> İndiriliyor http://ftp.mozilla.org/pub/mozilla.org/nspr/releases/v4.16/src/nspr-4.16.tar.gz
=======> kayıt:/sources/nspr-4.16.tar.gz
hash kontrol dosyası yok-hash kontrolü yapılmayacak.
=======> Derleniyor '/root/milis-arm/genel/nspr/nspr#4.16-armv7l.mps.lz'.
tar -p -C /tmp/work/src -xf /sources/nspr-4.16.tar.gz
checking build system type... armv7l-unknown-linux-gnueabihf
checking host system type... armv7l-unknown-linux-gnueabihf
checking target system type... armv7l-unknown-linux-gnueabihf
checking for whoami... /bin/whoami
checking for gcc... gcc
checking whether the C compiler works... yes
checking for C compiler default output file name... a.out
checking for suffix of executables... 
checking whether we are cross compiling... no
checking for suffix of object files... o
checking whether we are using the GNU C compiler... yes
checking whether gcc accepts -g... yes
checking for gcc option to accept ISO C89... none needed
checking for ranlib... ranlib
checking for as... /bin/as
checking for ar... /bin/ar
checking for ld... /bin/ld
checking for strip... /bin/strip
checking for windres... no
checking how to run the C preprocessor... gcc -E
checking for gcc -pipe support... no
checking for pragma diagnostic... no
checking whether C compiler supports -fprofile-generate... yes
checking for visibility(hidden) attribute... yes
checking for visibility pragma support... yes
checking for perl5... no
checking for perl... /usr/bin/perl
checking for dlopen in -ldl... yes
checking dlfcn.h usability... yes
checking dlfcn.h presence... yes
checking for dlfcn.h... yes
checking whether gcc needs -traditional... no
checking for dladdr... yes
checking for gettid... no
checking for lchown... yes
checking for setpriority... yes
checking for strerror... yes
checking for syscall... yes
checking for secure_getenv... yes
checking for __secure_getenv... no
checking for pthread_create in -lpthreads... no
checking for pthread_create in -lpthread... yes
checking whether gcc accepts -pthread... yes
configure: creating ./config.status
config.status: creating Makefile
config.status: creating config/Makefile
config.status: creating config/autoconf.mk
config.status: creating config/nsprincl.mk
config.status: creating config/nsprincl.sh
config.status: creating config/nspr-config
config.status: creating config/nspr.pc
config.status: creating lib/Makefile
config.status: creating lib/ds/Makefile
config.status: creating lib/libc/Makefile
config.status: creating lib/libc/include/Makefile
config.status: creating lib/libc/src/Makefile
config.status: creating lib/tests/Makefile
config.status: creating pkg/Makefile
config.status: creating pr/Makefile
config.status: creating pr/include/Makefile
config.status: creating pr/include/md/Makefile
config.status: creating pr/include/obsolete/Makefile
config.status: creating pr/include/private/Makefile
config.status: creating pr/src/Makefile
config.status: creating pr/src/io/Makefile
config.status: creating pr/src/linking/Makefile
config.status: creating pr/src/malloc/Makefile
config.status: creating pr/src/md/Makefile
config.status: creating pr/src/md/unix/Makefile
config.status: creating pr/src/memory/Makefile
config.status: creating pr/src/misc/Makefile
config.status: creating pr/src/threads/Makefile
config.status: creating pr/tests/Makefile
config.status: creating pr/tests/dll/Makefile
config.status: creating pkg/linux/Makefile
config.status: creating pr/src/pthreads/Makefile
config.status: executing default commands
/usr/bin/make -C config export
make[1]: Entering directory '/tmp/work/src/nspr-4.16/nspr/config'
gcc -o now.o -c     -U_FORTIFY_SOURCE -march=armv7-a -mfloat-abi=hard -mfpu=vfpv3-d16 -O2 -pipe  -Wall -pthread -g -fno-inline -fPIC  -UNDEBUG -DDEBUG_root -DPACKAGE_NAME=\"\" -DPACKAGE_TARNAME=\"\" -DPACKAGE_VERSION=\"\" -DPACKAGE_STRING=\"\" -DPACKAGE_BUGREPORT=\"\" -DPACKAGE_URL=\"\" -DMOZILLA_CLIENT=1 -DDEBUG=1 -DHAVE_VISIBILITY_HIDDEN_ATTRIBUTE=1 -DHAVE_VISIBILITY_PRAGMA=1 -DXP_UNIX=1 -D_GNU_SOURCE=1 -DHAVE_FCNTL_FILE_LOCKING=1 -DHAVE_POINTER_LOCALTIME_R=1 -DLINUX=1 -DHAVE_DLADDR=1 -DHAVE_LCHOWN=1 -DHAVE_SETPRIORITY=1 -DHAVE_STRERROR=1 -DHAVE_SYSCALL=1 -DHAVE_SECURE_GETENV=1 -D_REENTRANT=1 -DFORCE_PR_LOG -D_PR_PTHREADS -UHAVE_CVAR_BUILT_ON_SEM   now.c
gcc  now.o   -o now
gcc -o nsinstall.o -c     -U_FORTIFY_SOURCE -march=armv7-a -mfloat-abi=hard -mfpu=vfpv3-d16 -O2 -pipe  -Wall -pthread -g -fno-inline -fPIC  -UNDEBUG -DDEBUG_root -DPACKAGE_NAME=\"\" -DPACKAGE_TARNAME=\"\" -DPACKAGE_VERSION=\"\" -DPACKAGE_STRING=\"\" -DPACKAGE_BUGREPORT=\"\" -DPACKAGE_URL=\"\" -DMOZILLA_CLIENT=1 -DDEBUG=1 -DHAVE_VISIBILITY_HIDDEN_ATTRIBUTE=1 -DHAVE_VISIBILITY_PRAGMA=1 -DXP_UNIX=1 -D_GNU_SOURCE=1 -DHAVE_FCNTL_FILE_LOCKING=1 -DHAVE_POINTER_LOCALTIME_R=1 -DLINUX=1 -DHAVE_DLADDR=1 -DHAVE_LCHOWN=1 -DHAVE_SETPRIORITY=1 -DHAVE_STRERROR=1 -DHAVE_SYSCALL=1 -DHAVE_SECURE_GETENV=1 -D_REENTRANT=1 -DFORCE_PR_LOG -D_PR_PTHREADS -UHAVE_CVAR_BUILT_ON_SEM   nsinstall.c
gcc  nsinstall.o   -o nsinstall
rm -f nfspwd; cp nfspwd.pl nfspwd; chmod +x nfspwd
rm -f ../dist/bin/nspr-config
make[1]: Leaving directory '/tmp/work/src/nspr-4.16/nspr/config'
/usr/bin/make -C pr export
make[1]: Entering directory '/tmp/work/src/nspr-4.16/nspr/pr'
/usr/bin/make -C include export
make[2]: Entering directory '/tmp/work/src/nspr-4.16/nspr/pr/include'
/usr/bin/make -C md export
make[3]: Entering directory '/tmp/work/src/nspr-4.16/nspr/pr/include/md'
../../../config/./nsinstall -R -m 444 ./_scoos.cfg ./_nto.cfg ./_riscos.cfg ./_dgux.cfg ./_aix32.cfg ./_hpux64.cfg ./_os2.cfg ./_linux.cfg ./_qnx.cfg ./_darwin.cfg ./_bsdi.cfg ./_beos.cfg ./_irix64.cfg ./_openbsd.cfg ./_win95.cfg ./_aix64.cfg ./_solaris.cfg ./_unixware7.cfg ./_netbsd.cfg ./_freebsd.cfg ./_winnt.cfg ./_osf1.cfg ./_irix32.cfg ./_unixware.cfg ./_symbian.cfg ./_hpux32.cfg ../../../dist/include/nspr/md
../../../config/./nsinstall -R -m 444 ./_linux.cfg ../../../dist/include/nspr
mv -f ../../../dist/include/nspr/_linux.cfg ../../../dist/include/nspr/prcpucfg.h
make[3]: Leaving directory '/tmp/work/src/nspr-4.16/nspr/pr/include/md'
/usr/bin/make -C private export
make[3]: Entering directory '/tmp/work/src/nspr-4.16/nspr/pr/include/private'
../../../config/./nsinstall -R -m 444 ./pprio.h ./pprthred.h ./prpriv.h ../../../dist/include/nspr/private
make[3]: Leaving directory '/tmp/work/src/nspr-4.16/nspr/pr/include/private'
/usr/bin/make -C obsolete export
make[3]: Entering directory '/tmp/work/src/nspr-4.16/nspr/pr/include/obsolete'
../../../config/./nsinstall -R -m 444 ./pralarm.h ./probslet.h ./protypes.h ./prsem.h ../../../dist/include/nspr/obsolete
make[3]: Leaving directory '/tmp/work/src/nspr-4.16/nspr/pr/include/obsolete'
../../config/./nsinstall -R -m 444 ./prcvar.h ./prbit.h ./prrng.h ./prtypes.h ./prrwlock.h ./prlink.h ./prdtoa.h ./prtrace.h ./prmem.h ./prprf.h ./prsystem.h ./prshm.h ./prolock.h ./prlog.h ./prinrval.h ./prcountr.h ./prtime.h ./prwin16.h ./prinet.h ./prcmon.h ./prtpool.h ./prinit.h ./prerr.h ./prclist.h ./prmon.h ./prmwait.h ./prproces.h ./prlock.h ./prio.h ./pratom.h ./prpdce.h ./prenv.h ./prshma.h ./prvrsion.h ./prlong.h ./nspr.h ./pripcsem.h ./prnetdb.h ./prthread.h ./prerror.h ../../dist/include/nspr
make[2]: Leaving directory '/tmp/work/src/nspr-4.16/nspr/pr/include'
/usr/bin/make -C src export
make[2]: Entering directory '/tmp/work/src/nspr-4.16/nspr/pr/src'
/usr/bin/make -C io export
make[3]: Entering directory '/tmp/work/src/nspr-4.16/nspr/pr/src/io'
gcc -o prfdcach.o -c -fvisibility=hidden    -U_FORTIFY_SOURCE -march=armv7-a -mfloat-abi=hard -mfpu=vfpv3-d16 -O2 -pipe  -Wall -pthread -g -fno-inline -fPIC  -UNDEBUG -DDEBUG_root -DPACKAGE_NAME=\"\" -DPACKAGE_TARNAME=\"\" -DPACKAGE_VERSION=\"\" -DPACKAGE_STRING=\"\" -DPACKAGE_BUGREPORT=\"\" -DPACKAGE_URL=\"\" -DMOZILLA_CLIENT=1 -DDEBUG=1 -DHAVE_VISIBILITY_HIDDEN_ATTRIBUTE=1 -DHAVE_VISIBILITY_PRAGMA=1 -DXP_UNIX=1 -D_GNU_SOURCE=1 -DHAVE_FCNTL_FILE_LOCKING=1 -DHAVE_POINTER_LOCALTIME_R=1 -DLINUX=1 -DHAVE_DLADDR=1 -DHAVE_LCHOWN=1 -DHAVE_SETPRIORITY=1 -DHAVE_STRERROR=1 -DHAVE_SYSCALL=1 -DHAVE_SECURE_GETENV=1 -D_REENTRANT=1 -DFORCE_PR_LOG -D_PR_PTHREADS -UHAVE_CVAR_BUILT_ON_SEM -D_NSPR_BUILD_ -I../../../dist/include/nspr -I../../../pr/include -I../../../pr/include/private  prfdcach.c
gcc -o prmwait.o -c -fvisibility=hidden    -U_FORTIFY_SOURCE -march=armv7-a -mfloat-abi=hard -mfpu=vfpv3-d16 -O2 -pipe  -Wall -pthread -g -fno-inline -fPIC  -UNDEBUG -DDEBUG_root -DPACKAGE_NAME=\"\" -DPACKAGE_TARNAME=\"\" -DPACKAGE_VERSION=\"\" -DPACKAGE_STRING=\"\" -DPACKAGE_BUGREPORT=\"\" -DPACKAGE_URL=\"\" -DMOZILLA_CLIENT=1 -DDEBUG=1 -DHAVE_VISIBILITY_HIDDEN_ATTRIBUTE=1 -DHAVE_VISIBILITY_PRAGMA=1 -DXP_UNIX=1 -D_GNU_SOURCE=1 -DHAVE_FCNTL_FILE_LOCKING=1 -DHAVE_POINTER_LOCALTIME_R=1 -DLINUX=1 -DHAVE_DLADDR=1 -DHAVE_LCHOWN=1 -DHAVE_SETPRIORITY=1 -DHAVE_STRERROR=1 -DHAVE_SYSCALL=1 -DHAVE_SECURE_GETENV=1 -D_REENTRANT=1 -DFORCE_PR_LOG -D_PR_PTHREADS -UHAVE_CVAR_BUILT_ON_SEM -D_NSPR_BUILD_ -I../../../dist/include/nspr -I../../../pr/include -I../../../pr/include/private  prmwait.c
gcc -o priometh.o -c -fvisibility=hidden    -U_FORTIFY_SOURCE -march=armv7-a -mfloat-abi=hard -mfpu=vfpv3-d16 -O2 -pipe  -Wall -pthread -g -fno-inline -fPIC  -UNDEBUG -DDEBUG_root -DPACKAGE_NAME=\"\" -DPACKAGE_TARNAME=\"\" -DPACKAGE_VERSION=\"\" -DPACKAGE_STRING=\"\" -DPACKAGE_BUGREPORT=\"\" -DPACKAGE_URL=\"\" -DMOZILLA_CLIENT=1 -DDEBUG=1 -DHAVE_VISIBILITY_HIDDEN_ATTRIBUTE=1 -DHAVE_VISIBILITY_PRAGMA=1 -DXP_UNIX=1 -D_GNU_SOURCE=1 -DHAVE_FCNTL_FILE_LOCKING=1 -DHAVE_POINTER_LOCALTIME_R=1 -DLINUX=1 -DHAVE_DLADDR=1 -DHAVE_LCHOWN=1 -DHAVE_SETPRIORITY=1 -DHAVE_STRERROR=1 -DHAVE_SYSCALL=1 -DHAVE_SECURE_GETENV=1 -D_REENTRANT=1 -DFORCE_PR_LOG -D_PR_PTHREADS -UHAVE_CVAR_BUILT_ON_SEM -D_NSPR_BUILD_ -I../../../dist/include/nspr -I../../../pr/include -I../../../pr/include/private  priometh.c
gcc -o pripv6.o -c -fvisibility=hidden    -U_FORTIFY_SOURCE -march=armv7-a -mfloat-abi=hard -mfpu=vfpv3-d16 -O2 -pipe  -Wall -pthread -g -fno-inline -fPIC  -UNDEBUG -DDEBUG_root -DPACKAGE_NAME=\"\" -DPACKAGE_TARNAME=\"\" -DPACKAGE_VERSION=\"\" -DPACKAGE_STRING=\"\" -DPACKAGE_BUGREPORT=\"\" -DPACKAGE_URL=\"\" -DMOZILLA_CLIENT=1 -DDEBUG=1 -DHAVE_VISIBILITY_HIDDEN_ATTRIBUTE=1 -DHAVE_VISIBILITY_PRAGMA=1 -DXP_UNIX=1 -D_GNU_SOURCE=1 -DHAVE_FCNTL_FILE_LOCKING=1 -DHAVE_POINTER_LOCALTIME_R=1 -DLINUX=1 -DHAVE_DLADDR=1 -DHAVE_LCHOWN=1 -DHAVE_SETPRIORITY=1 -DHAVE_STRERROR=1 -DHAVE_SYSCALL=1 -DHAVE_SECURE_GETENV=1 -D_REENTRANT=1 -DFORCE_PR_LOG -D_PR_PTHREADS -UHAVE_CVAR_BUILT_ON_SEM -D_NSPR_BUILD_ -I../../../dist/include/nspr -I../../../pr/include -I../../../pr/include/private  pripv6.c
gcc -o prmapopt.o -c -fvisibility=hidden    -U_FORTIFY_SOURCE -march=armv7-a -mfloat-abi=hard -mfpu=vfpv3-d16 -O2 -pipe  -Wall -pthread -g -fno-inline -fPIC  -UNDEBUG -DDEBUG_root -DPACKAGE_NAME=\"\" -DPACKAGE_TARNAME=\"\" -DPACKAGE_VERSION=\"\" -DPACKAGE_STRING=\"\" -DPACKAGE_BUGREPORT=\"\" -DPACKAGE_URL=\"\" -DMOZILLA_CLIENT=1 -DDEBUG=1 -DHAVE_VISIBILITY_HIDDEN_ATTRIBUTE=1 -DHAVE_VISIBILITY_PRAGMA=1 -DXP_UNIX=1 -D_GNU_SOURCE=1 -DHAVE_FCNTL_FILE_LOCKING=1 -DHAVE_POINTER_LOCALTIME_R=1 -DLINUX=1 -DHAVE_DLADDR=1 -DHAVE_LCHOWN=1 -DHAVE_SETPRIORITY=1 -DHAVE_STRERROR=1 -DHAVE_SYSCALL=1 -DHAVE_SECURE_GETENV=1 -D_REENTRANT=1 -DFORCE_PR_LOG -D_PR_PTHREADS -UHAVE_CVAR_BUILT_ON_SEM -D_NSPR_BUILD_ -I../../../dist/include/nspr -I../../../pr/include -I../../../pr/include/private  prmapopt.c
gcc -o prlayer.o -c -fvisibility=hidden    -U_FORTIFY_SOURCE -march=armv7-a -mfloat-abi=hard -mfpu=vfpv3-d16 -O2 -pipe  -Wall -pthread -g -fno-inline -fPIC  -UNDEBUG -DDEBUG_root -DPACKAGE_NAME=\"\" -DPACKAGE_TARNAME=\"\" -DPACKAGE_VERSION=\"\" -DPACKAGE_STRING=\"\" -DPACKAGE_BUGREPORT=\"\" -DPACKAGE_URL=\"\" -DMOZILLA_CLIENT=1 -DDEBUG=1 -DHAVE_VISIBILITY_HIDDEN_ATTRIBUTE=1 -DHAVE_VISIBILITY_PRAGMA=1 -DXP_UNIX=1 -D_GNU_SOURCE=1 -DHAVE_FCNTL_FILE_LOCKING=1 -DHAVE_POINTER_LOCALTIME_R=1 -DLINUX=1 -DHAVE_DLADDR=1 -DHAVE_LCHOWN=1 -DHAVE_SETPRIORITY=1 -DHAVE_STRERROR=1 -DHAVE_SYSCALL=1 -DHAVE_SECURE_GETENV=1 -D_REENTRANT=1 -DFORCE_PR_LOG -D_PR_PTHREADS -UHAVE_CVAR_BUILT_ON_SEM -D_NSPR_BUILD_ -I../../../dist/include/nspr -I../../../pr/include -I../../../pr/include/private  prlayer.c
gcc -o prlog.o -c -fvisibility=hidden    -U_FORTIFY_SOURCE -march=armv7-a -mfloat-abi=hard -mfpu=vfpv3-d16 -O2 -pipe  -Wall -pthread -g -fno-inline -fPIC  -UNDEBUG -DDEBUG_root -DPACKAGE_NAME=\"\" -DPACKAGE_TARNAME=\"\" -DPACKAGE_VERSION=\"\" -DPACKAGE_STRING=\"\" -DPACKAGE_BUGREPORT=\"\" -DPACKAGE_URL=\"\" -DMOZILLA_CLIENT=1 -DDEBUG=1 -DHAVE_VISIBILITY_HIDDEN_ATTRIBUTE=1 -DHAVE_VISIBILITY_PRAGMA=1 -DXP_UNIX=1 -D_GNU_SOURCE=1 -DHAVE_FCNTL_FILE_LOCKING=1 -DHAVE_POINTER_LOCALTIME_R=1 -DLINUX=1 -DHAVE_DLADDR=1 -DHAVE_LCHOWN=1 -DHAVE_SETPRIORITY=1 -DHAVE_STRERROR=1 -DHAVE_SYSCALL=1 -DHAVE_SECURE_GETENV=1 -D_REENTRANT=1 -DFORCE_PR_LOG -D_PR_PTHREADS -UHAVE_CVAR_BUILT_ON_SEM -D_NSPR_BUILD_ -I../../../dist/include/nspr -I../../../pr/include -I../../../pr/include/private  prlog.c
gcc -o prmmap.o -c -fvisibility=hidden    -U_FORTIFY_SOURCE -march=armv7-a -mfloat-abi=hard -mfpu=vfpv3-d16 -O2 -pipe  -Wall -pthread -g -fno-inline -fPIC  -UNDEBUG -DDEBUG_root -DPACKAGE_NAME=\"\" -DPACKAGE_TARNAME=\"\" -DPACKAGE_VERSION=\"\" -DPACKAGE_STRING=\"\" -DPACKAGE_BUGREPORT=\"\" -DPACKAGE_URL=\"\" -DMOZILLA_CLIENT=1 -DDEBUG=1 -DHAVE_VISIBILITY_HIDDEN_ATTRIBUTE=1 -DHAVE_VISIBILITY_PRAGMA=1 -DXP_UNIX=1 -D_GNU_SOURCE=1 -DHAVE_FCNTL_FILE_LOCKING=1 -DHAVE_POINTER_LOCALTIME_R=1 -DLINUX=1 -DHAVE_DLADDR=1 -DHAVE_LCHOWN=1 -DHAVE_SETPRIORITY=1 -DHAVE_STRERROR=1 -DHAVE_SYSCALL=1 -DHAVE_SECURE_GETENV=1 -D_REENTRANT=1 -DFORCE_PR_LOG -D_PR_PTHREADS -UHAVE_CVAR_BUILT_ON_SEM -D_NSPR_BUILD_ -I../../../dist/include/nspr -I../../../pr/include -I../../../pr/include/private  prmmap.c
gcc -o prpolevt.o -c -fvisibility=hidden    -U_FORTIFY_SOURCE -march=armv7-a -mfloat-abi=hard -mfpu=vfpv3-d16 -O2 -pipe  -Wall -pthread -g -fno-inline -fPIC  -UNDEBUG -DDEBUG_root -DPACKAGE_NAME=\"\" -DPACKAGE_TARNAME=\"\" -DPACKAGE_VERSION=\"\" -DPACKAGE_STRING=\"\" -DPACKAGE_BUGREPORT=\"\" -DPACKAGE_URL=\"\" -DMOZILLA_CLIENT=1 -DDEBUG=1 -DHAVE_VISIBILITY_HIDDEN_ATTRIBUTE=1 -DHAVE_VISIBILITY_PRAGMA=1 -DXP_UNIX=1 -D_GNU_SOURCE=1 -DHAVE_FCNTL_FILE_LOCKING=1 -DHAVE_POINTER_LOCALTIME_R=1 -DLINUX=1 -DHAVE_DLADDR=1 -DHAVE_LCHOWN=1 -DHAVE_SETPRIORITY=1 -DHAVE_STRERROR=1 -DHAVE_SYSCALL=1 -DHAVE_SECURE_GETENV=1 -D_REENTRANT=1 -DFORCE_PR_LOG -D_PR_PTHREADS -UHAVE_CVAR_BUILT_ON_SEM -D_NSPR_BUILD_ -I../../../dist/include/nspr -I../../../pr/include -I../../../pr/include/private  prpolevt.c
gcc -o prprf.o -c -fvisibility=hidden    -U_FORTIFY_SOURCE -march=armv7-a -mfloat-abi=hard -mfpu=vfpv3-d16 -O2 -pipe  -Wall -pthread -g -fno-inline -fPIC  -UNDEBUG -DDEBUG_root -DPACKAGE_NAME=\"\" -DPACKAGE_TARNAME=\"\" -DPACKAGE_VERSION=\"\" -DPACKAGE_STRING=\"\" -DPACKAGE_BUGREPORT=\"\" -DPACKAGE_URL=\"\" -DMOZILLA_CLIENT=1 -DDEBUG=1 -DHAVE_VISIBILITY_HIDDEN_ATTRIBUTE=1 -DHAVE_VISIBILITY_PRAGMA=1 -DXP_UNIX=1 -D_GNU_SOURCE=1 -DHAVE_FCNTL_FILE_LOCKING=1 -DHAVE_POINTER_LOCALTIME_R=1 -DLINUX=1 -DHAVE_DLADDR=1 -DHAVE_LCHOWN=1 -DHAVE_SETPRIORITY=1 -DHAVE_STRERROR=1 -DHAVE_SYSCALL=1 -DHAVE_SECURE_GETENV=1 -D_REENTRANT=1 -DFORCE_PR_LOG -D_PR_PTHREADS -UHAVE_CVAR_BUILT_ON_SEM -D_NSPR_BUILD_ -I../../../dist/include/nspr -I../../../pr/include -I../../../pr/include/private  prprf.c
gcc -o prscanf.o -c -fvisibility=hidden    -U_FORTIFY_SOURCE -march=armv7-a -mfloat-abi=hard -mfpu=vfpv3-d16 -O2 -pipe  -Wall -pthread -g -fno-inline -fPIC  -UNDEBUG -DDEBUG_root -DPACKAGE_NAME=\"\" -DPACKAGE_TARNAME=\"\" -DPACKAGE_VERSION=\"\" -DPACKAGE_STRING=\"\" -DPACKAGE_BUGREPORT=\"\" -DPACKAGE_URL=\"\" -DMOZILLA_CLIENT=1 -DDEBUG=1 -DHAVE_VISIBILITY_HIDDEN_ATTRIBUTE=1 -DHAVE_VISIBILITY_PRAGMA=1 -DXP_UNIX=1 -D_GNU_SOURCE=1 -DHAVE_FCNTL_FILE_LOCKING=1 -DHAVE_POINTER_LOCALTIME_R=1 -DLINUX=1 -DHAVE_DLADDR=1 -DHAVE_LCHOWN=1 -DHAVE_SETPRIORITY=1 -DHAVE_STRERROR=1 -DHAVE_SYSCALL=1 -DHAVE_SECURE_GETENV=1 -D_REENTRANT=1 -DFORCE_PR_LOG -D_PR_PTHREADS -UHAVE_CVAR_BUILT_ON_SEM -D_NSPR_BUILD_ -I../../../dist/include/nspr -I../../../pr/include -I../../../pr/include/private  prscanf.c
gcc -o prstdio.o -c -fvisibility=hidden    -U_FORTIFY_SOURCE -march=armv7-a -mfloat-abi=hard -mfpu=vfpv3-d16 -O2 -pipe  -Wall -pthread -g -fno-inline -fPIC  -UNDEBUG -DDEBUG_root -DPACKAGE_NAME=\"\" -DPACKAGE_TARNAME=\"\" -DPACKAGE_VERSION=\"\" -DPACKAGE_STRING=\"\" -DPACKAGE_BUGREPORT=\"\" -DPACKAGE_URL=\"\" -DMOZILLA_CLIENT=1 -DDEBUG=1 -DHAVE_VISIBILITY_HIDDEN_ATTRIBUTE=1 -DHAVE_VISIBILITY_PRAGMA=1 -DXP_UNIX=1 -D_GNU_SOURCE=1 -DHAVE_FCNTL_FILE_LOCKING=1 -DHAVE_POINTER_LOCALTIME_R=1 -DLINUX=1 -DHAVE_DLADDR=1 -DHAVE_LCHOWN=1 -DHAVE_SETPRIORITY=1 -DHAVE_STRERROR=1 -DHAVE_SYSCALL=1 -DHAVE_SECURE_GETENV=1 -D_REENTRANT=1 -DFORCE_PR_LOG -D_PR_PTHREADS -UHAVE_CVAR_BUILT_ON_SEM -D_NSPR_BUILD_ -I../../../dist/include/nspr -I../../../pr/include -I../../../pr/include/private  prstdio.c
make[3]: Leaving directory '/tmp/work/src/nspr-4.16/nspr/pr/src/io'
/usr/bin/make -C linking export
make[3]: Entering directory '/tmp/work/src/nspr-4.16/nspr/pr/src/linking'
gcc -o prlink.o -c -fvisibility=hidden    -U_FORTIFY_SOURCE -march=armv7-a -mfloat-abi=hard -mfpu=vfpv3-d16 -O2 -pipe  -Wall -pthread -g -fno-inline -fPIC  -UNDEBUG -DDEBUG_root -DPACKAGE_NAME=\"\" -DPACKAGE_TARNAME=\"\" -DPACKAGE_VERSION=\"\" -DPACKAGE_STRING=\"\" -DPACKAGE_BUGREPORT=\"\" -DPACKAGE_URL=\"\" -DMOZILLA_CLIENT=1 -DDEBUG=1 -DHAVE_VISIBILITY_HIDDEN_ATTRIBUTE=1 -DHAVE_VISIBILITY_PRAGMA=1 -DXP_UNIX=1 -D_GNU_SOURCE=1 -DHAVE_FCNTL_FILE_LOCKING=1 -DHAVE_POINTER_LOCALTIME_R=1 -DLINUX=1 -DHAVE_DLADDR=1 -DHAVE_LCHOWN=1 -DHAVE_SETPRIORITY=1 -DHAVE_STRERROR=1 -DHAVE_SYSCALL=1 -DHAVE_SECURE_GETENV=1 -D_REENTRANT=1 -DFORCE_PR_LOG -D_PR_PTHREADS -UHAVE_CVAR_BUILT_ON_SEM -D_NSPR_BUILD_ -I../../../dist/include/nspr -I../../../pr/include -I../../../pr/include/private  prlink.c
make[3]: Leaving directory '/tmp/work/src/nspr-4.16/nspr/pr/src/linking'
/usr/bin/make -C malloc export
make[3]: Entering directory '/tmp/work/src/nspr-4.16/nspr/pr/src/malloc'
gcc -o prmalloc.o -c -fvisibility=hidden    -U_FORTIFY_SOURCE -march=armv7-a -mfloat-abi=hard -mfpu=vfpv3-d16 -O2 -pipe  -Wall -pthread -g -fno-inline -fPIC  -UNDEBUG -DDEBUG_root -DPACKAGE_NAME=\"\" -DPACKAGE_TARNAME=\"\" -DPACKAGE_VERSION=\"\" -DPACKAGE_STRING=\"\" -DPACKAGE_BUGREPORT=\"\" -DPACKAGE_URL=\"\" -DMOZILLA_CLIENT=1 -DDEBUG=1 -DHAVE_VISIBILITY_HIDDEN_ATTRIBUTE=1 -DHAVE_VISIBILITY_PRAGMA=1 -DXP_UNIX=1 -D_GNU_SOURCE=1 -DHAVE_FCNTL_FILE_LOCKING=1 -DHAVE_POINTER_LOCALTIME_R=1 -DLINUX=1 -DHAVE_DLADDR=1 -DHAVE_LCHOWN=1 -DHAVE_SETPRIORITY=1 -DHAVE_STRERROR=1 -DHAVE_SYSCALL=1 -DHAVE_SECURE_GETENV=1 -D_REENTRANT=1 -DFORCE_PR_LOG -D_PR_PTHREADS -UHAVE_CVAR_BUILT_ON_SEM -D_NSPR_BUILD_ -I../../../dist/include/nspr -I../../../pr/include -I../../../pr/include/private  prmalloc.c
gcc -o prmem.o -c -fvisibility=hidden    -U_FORTIFY_SOURCE -march=armv7-a -mfloat-abi=hard -mfpu=vfpv3-d16 -O2 -pipe  -Wall -pthread -g -fno-inline -fPIC  -UNDEBUG -DDEBUG_root -DPACKAGE_NAME=\"\" -DPACKAGE_TARNAME=\"\" -DPACKAGE_VERSION=\"\" -DPACKAGE_STRING=\"\" -DPACKAGE_BUGREPORT=\"\" -DPACKAGE_URL=\"\" -DMOZILLA_CLIENT=1 -DDEBUG=1 -DHAVE_VISIBILITY_HIDDEN_ATTRIBUTE=1 -DHAVE_VISIBILITY_PRAGMA=1 -DXP_UNIX=1 -D_GNU_SOURCE=1 -DHAVE_FCNTL_FILE_LOCKING=1 -DHAVE_POINTER_LOCALTIME_R=1 -DLINUX=1 -DHAVE_DLADDR=1 -DHAVE_LCHOWN=1 -DHAVE_SETPRIORITY=1 -DHAVE_STRERROR=1 -DHAVE_SYSCALL=1 -DHAVE_SECURE_GETENV=1 -D_REENTRANT=1 -DFORCE_PR_LOG -D_PR_PTHREADS -UHAVE_CVAR_BUILT_ON_SEM -D_NSPR_BUILD_ -I../../../dist/include/nspr -I../../../pr/include -I../../../pr/include/private  prmem.c
make[3]: Leaving directory '/tmp/work/src/nspr-4.16/nspr/pr/src/malloc'
/usr/bin/make -C md export
make[3]: Entering directory '/tmp/work/src/nspr-4.16/nspr/pr/src/md'
/usr/bin/make -C unix export
make[4]: Entering directory '/tmp/work/src/nspr-4.16/nspr/pr/src/md/unix'
gcc -o unix.o -c -fvisibility=hidden    -U_FORTIFY_SOURCE -march=armv7-a -mfloat-abi=hard -mfpu=vfpv3-d16 -O2 -pipe  -Wall -pthread -g -fno-inline -fPIC  -UNDEBUG -DDEBUG_root -DPACKAGE_NAME=\"\" -DPACKAGE_TARNAME=\"\" -DPACKAGE_VERSION=\"\" -DPACKAGE_STRING=\"\" -DPACKAGE_BUGREPORT=\"\" -DPACKAGE_URL=\"\" -DMOZILLA_CLIENT=1 -DDEBUG=1 -DHAVE_VISIBILITY_HIDDEN_ATTRIBUTE=1 -DHAVE_VISIBILITY_PRAGMA=1 -DXP_UNIX=1 -D_GNU_SOURCE=1 -DHAVE_FCNTL_FILE_LOCKING=1 -DHAVE_POINTER_LOCALTIME_R=1 -DLINUX=1 -DHAVE_DLADDR=1 -DHAVE_LCHOWN=1 -DHAVE_SETPRIORITY=1 -DHAVE_STRERROR=1 -DHAVE_SYSCALL=1 -DHAVE_SECURE_GETENV=1 -D_REENTRANT=1 -DFORCE_PR_LOG -D_PR_PTHREADS -UHAVE_CVAR_BUILT_ON_SEM -D_NSPR_BUILD_ -I../../../../dist/include/nspr -I../../../../pr/include -I../../../../pr/include/private  unix.c
gcc -o unix_errors.o -c -fvisibility=hidden    -U_FORTIFY_SOURCE -march=armv7-a -mfloat-abi=hard -mfpu=vfpv3-d16 -O2 -pipe  -Wall -pthread -g -fno-inline -fPIC  -UNDEBUG -DDEBUG_root -DPACKAGE_NAME=\"\" -DPACKAGE_TARNAME=\"\" -DPACKAGE_VERSION=\"\" -DPACKAGE_STRING=\"\" -DPACKAGE_BUGREPORT=\"\" -DPACKAGE_URL=\"\" -DMOZILLA_CLIENT=1 -DDEBUG=1 -DHAVE_VISIBILITY_HIDDEN_ATTRIBUTE=1 -DHAVE_VISIBILITY_PRAGMA=1 -DXP_UNIX=1 -D_GNU_SOURCE=1 -DHAVE_FCNTL_FILE_LOCKING=1 -DHAVE_POINTER_LOCALTIME_R=1 -DLINUX=1 -DHAVE_DLADDR=1 -DHAVE_LCHOWN=1 -DHAVE_SETPRIORITY=1 -DHAVE_STRERROR=1 -DHAVE_SYSCALL=1 -DHAVE_SECURE_GETENV=1 -D_REENTRANT=1 -DFORCE_PR_LOG -D_PR_PTHREADS -UHAVE_CVAR_BUILT_ON_SEM -D_NSPR_BUILD_ -I../../../../dist/include/nspr -I../../../../pr/include -I../../../../pr/include/private  unix_errors.c
gcc -o uxproces.o -c -fvisibility=hidden    -U_FORTIFY_SOURCE -march=armv7-a -mfloat-abi=hard -mfpu=vfpv3-d16 -O2 -pipe  -Wall -pthread -g -fno-inline -fPIC  -UNDEBUG -DDEBUG_root -DPACKAGE_NAME=\"\" -DPACKAGE_TARNAME=\"\" -DPACKAGE_VERSION=\"\" -DPACKAGE_STRING=\"\" -DPACKAGE_BUGREPORT=\"\" -DPACKAGE_URL=\"\" -DMOZILLA_CLIENT=1 -DDEBUG=1 -DHAVE_VISIBILITY_HIDDEN_ATTRIBUTE=1 -DHAVE_VISIBILITY_PRAGMA=1 -DXP_UNIX=1 -D_GNU_SOURCE=1 -DHAVE_FCNTL_FILE_LOCKING=1 -DHAVE_POINTER_LOCALTIME_R=1 -DLINUX=1 -DHAVE_DLADDR=1 -DHAVE_LCHOWN=1 -DHAVE_SETPRIORITY=1 -DHAVE_STRERROR=1 -DHAVE_SYSCALL=1 -DHAVE_SECURE_GETENV=1 -D_REENTRANT=1 -DFORCE_PR_LOG -D_PR_PTHREADS -UHAVE_CVAR_BUILT_ON_SEM -D_NSPR_BUILD_ -I../../../../dist/include/nspr -I../../../../pr/include -I../../../../pr/include/private  uxproces.c
gcc -o uxrng.o -c -fvisibility=hidden    -U_FORTIFY_SOURCE -march=armv7-a -mfloat-abi=hard -mfpu=vfpv3-d16 -O2 -pipe  -Wall -pthread -g -fno-inline -fPIC  -UNDEBUG -DDEBUG_root -DPACKAGE_NAME=\"\" -DPACKAGE_TARNAME=\"\" -DPACKAGE_VERSION=\"\" -DPACKAGE_STRING=\"\" -DPACKAGE_BUGREPORT=\"\" -DPACKAGE_URL=\"\" -DMOZILLA_CLIENT=1 -DDEBUG=1 -DHAVE_VISIBILITY_HIDDEN_ATTRIBUTE=1 -DHAVE_VISIBILITY_PRAGMA=1 -DXP_UNIX=1 -D_GNU_SOURCE=1 -DHAVE_FCNTL_FILE_LOCKING=1 -DHAVE_POINTER_LOCALTIME_R=1 -DLINUX=1 -DHAVE_DLADDR=1 -DHAVE_LCHOWN=1 -DHAVE_SETPRIORITY=1 -DHAVE_STRERROR=1 -DHAVE_SYSCALL=1 -DHAVE_SECURE_GETENV=1 -D_REENTRANT=1 -DFORCE_PR_LOG -D_PR_PTHREADS -UHAVE_CVAR_BUILT_ON_SEM -D_NSPR_BUILD_ -I../../../../dist/include/nspr -I../../../../pr/include -I../../../../pr/include/private  uxrng.c
gcc -o uxshm.o -c -fvisibility=hidden    -U_FORTIFY_SOURCE -march=armv7-a -mfloat-abi=hard -mfpu=vfpv3-d16 -O2 -pipe  -Wall -pthread -g -fno-inline -fPIC  -UNDEBUG -DDEBUG_root -DPACKAGE_NAME=\"\" -DPACKAGE_TARNAME=\"\" -DPACKAGE_VERSION=\"\" -DPACKAGE_STRING=\"\" -DPACKAGE_BUGREPORT=\"\" -DPACKAGE_URL=\"\" -DMOZILLA_CLIENT=1 -DDEBUG=1 -DHAVE_VISIBILITY_HIDDEN_ATTRIBUTE=1 -DHAVE_VISIBILITY_PRAGMA=1 -DXP_UNIX=1 -D_GNU_SOURCE=1 -DHAVE_FCNTL_FILE_LOCKING=1 -DHAVE_POINTER_LOCALTIME_R=1 -DLINUX=1 -DHAVE_DLADDR=1 -DHAVE_LCHOWN=1 -DHAVE_SETPRIORITY=1 -DHAVE_STRERROR=1 -DHAVE_SYSCALL=1 -DHAVE_SECURE_GETENV=1 -D_REENTRANT=1 -DFORCE_PR_LOG -D_PR_PTHREADS -UHAVE_CVAR_BUILT_ON_SEM -D_NSPR_BUILD_ -I../../../../dist/include/nspr -I../../../../pr/include -I../../../../pr/include/private  uxshm.c
gcc -o uxwrap.o -c -fvisibility=hidden    -U_FORTIFY_SOURCE -march=armv7-a -mfloat-abi=hard -mfpu=vfpv3-d16 -O2 -pipe  -Wall -pthread -g -fno-inline -fPIC  -UNDEBUG -DDEBUG_root -DPACKAGE_NAME=\"\" -DPACKAGE_TARNAME=\"\" -DPACKAGE_VERSION=\"\" -DPACKAGE_STRING=\"\" -DPACKAGE_BUGREPORT=\"\" -DPACKAGE_URL=\"\" -DMOZILLA_CLIENT=1 -DDEBUG=1 -DHAVE_VISIBILITY_HIDDEN_ATTRIBUTE=1 -DHAVE_VISIBILITY_PRAGMA=1 -DXP_UNIX=1 -D_GNU_SOURCE=1 -DHAVE_FCNTL_FILE_LOCKING=1 -DHAVE_POINTER_LOCALTIME_R=1 -DLINUX=1 -DHAVE_DLADDR=1 -DHAVE_LCHOWN=1 -DHAVE_SETPRIORITY=1 -DHAVE_STRERROR=1 -DHAVE_SYSCALL=1 -DHAVE_SECURE_GETENV=1 -D_REENTRANT=1 -DFORCE_PR_LOG -D_PR_PTHREADS -UHAVE_CVAR_BUILT_ON_SEM -D_NSPR_BUILD_ -I../../../../dist/include/nspr -I../../../../pr/include -I../../../../pr/include/private  uxwrap.c
gcc -o linux.o -c -fvisibility=hidden    -U_FORTIFY_SOURCE -march=armv7-a -mfloat-abi=hard -mfpu=vfpv3-d16 -O2 -pipe  -Wall -pthread -g -fno-inline -fPIC  -UNDEBUG -DDEBUG_root -DPACKAGE_NAME=\"\" -DPACKAGE_TARNAME=\"\" -DPACKAGE_VERSION=\"\" -DPACKAGE_STRING=\"\" -DPACKAGE_BUGREPORT=\"\" -DPACKAGE_URL=\"\" -DMOZILLA_CLIENT=1 -DDEBUG=1 -DHAVE_VISIBILITY_HIDDEN_ATTRIBUTE=1 -DHAVE_VISIBILITY_PRAGMA=1 -DXP_UNIX=1 -D_GNU_SOURCE=1 -DHAVE_FCNTL_FILE_LOCKING=1 -DHAVE_POINTER_LOCALTIME_R=1 -DLINUX=1 -DHAVE_DLADDR=1 -DHAVE_LCHOWN=1 -DHAVE_SETPRIORITY=1 -DHAVE_STRERROR=1 -DHAVE_SYSCALL=1 -DHAVE_SECURE_GETENV=1 -D_REENTRANT=1 -DFORCE_PR_LOG -D_PR_PTHREADS -UHAVE_CVAR_BUILT_ON_SEM -D_NSPR_BUILD_ -I../../../../dist/include/nspr -I../../../../pr/include -I../../../../pr/include/private  linux.c
make[4]: Leaving directory '/tmp/work/src/nspr-4.16/nspr/pr/src/md/unix'
gcc -o prosdep.o -c -fvisibility=hidden    -U_FORTIFY_SOURCE -march=armv7-a -mfloat-abi=hard -mfpu=vfpv3-d16 -O2 -pipe  -Wall -pthread -g -fno-inline -fPIC  -UNDEBUG -DDEBUG_root -DPACKAGE_NAME=\"\" -DPACKAGE_TARNAME=\"\" -DPACKAGE_VERSION=\"\" -DPACKAGE_STRING=\"\" -DPACKAGE_BUGREPORT=\"\" -DPACKAGE_URL=\"\" -DMOZILLA_CLIENT=1 -DDEBUG=1 -DHAVE_VISIBILITY_HIDDEN_ATTRIBUTE=1 -DHAVE_VISIBILITY_PRAGMA=1 -DXP_UNIX=1 -D_GNU_SOURCE=1 -DHAVE_FCNTL_FILE_LOCKING=1 -DHAVE_POINTER_LOCALTIME_R=1 -DLINUX=1 -DHAVE_DLADDR=1 -DHAVE_LCHOWN=1 -DHAVE_SETPRIORITY=1 -DHAVE_STRERROR=1 -DHAVE_SYSCALL=1 -DHAVE_SECURE_GETENV=1 -D_REENTRANT=1 -DFORCE_PR_LOG -D_PR_PTHREADS -UHAVE_CVAR_BUILT_ON_SEM -D_NSPR_BUILD_ -I../../../dist/include/nspr -I../../../pr/include  prosdep.c
make[3]: Leaving directory '/tmp/work/src/nspr-4.16/nspr/pr/src/md'
/usr/bin/make -C memory export
make[3]: Entering directory '/tmp/work/src/nspr-4.16/nspr/pr/src/memory'
gcc -o prseg.o -c -fvisibility=hidden    -U_FORTIFY_SOURCE -march=armv7-a -mfloat-abi=hard -mfpu=vfpv3-d16 -O2 -pipe  -Wall -pthread -g -fno-inline -fPIC  -UNDEBUG -DDEBUG_root -DPACKAGE_NAME=\"\" -DPACKAGE_TARNAME=\"\" -DPACKAGE_VERSION=\"\" -DPACKAGE_STRING=\"\" -DPACKAGE_BUGREPORT=\"\" -DPACKAGE_URL=\"\" -DMOZILLA_CLIENT=1 -DDEBUG=1 -DHAVE_VISIBILITY_HIDDEN_ATTRIBUTE=1 -DHAVE_VISIBILITY_PRAGMA=1 -DXP_UNIX=1 -D_GNU_SOURCE=1 -DHAVE_FCNTL_FILE_LOCKING=1 -DHAVE_POINTER_LOCALTIME_R=1 -DLINUX=1 -DHAVE_DLADDR=1 -DHAVE_LCHOWN=1 -DHAVE_SETPRIORITY=1 -DHAVE_STRERROR=1 -DHAVE_SYSCALL=1 -DHAVE_SECURE_GETENV=1 -D_REENTRANT=1 -DFORCE_PR_LOG -D_PR_PTHREADS -UHAVE_CVAR_BUILT_ON_SEM -D_NSPR_BUILD_ -I../../../dist/include/nspr -I../../../pr/include -I../../../pr/include/private  prseg.c
gcc -o prshm.o -c -fvisibility=hidden    -U_FORTIFY_SOURCE -march=armv7-a -mfloat-abi=hard -mfpu=vfpv3-d16 -O2 -pipe  -Wall -pthread -g -fno-inline -fPIC  -UNDEBUG -DDEBUG_root -DPACKAGE_NAME=\"\" -DPACKAGE_TARNAME=\"\" -DPACKAGE_VERSION=\"\" -DPACKAGE_STRING=\"\" -DPACKAGE_BUGREPORT=\"\" -DPACKAGE_URL=\"\" -DMOZILLA_CLIENT=1 -DDEBUG=1 -DHAVE_VISIBILITY_HIDDEN_ATTRIBUTE=1 -DHAVE_VISIBILITY_PRAGMA=1 -DXP_UNIX=1 -D_GNU_SOURCE=1 -DHAVE_FCNTL_FILE_LOCKING=1 -DHAVE_POINTER_LOCALTIME_R=1 -DLINUX=1 -DHAVE_DLADDR=1 -DHAVE_LCHOWN=1 -DHAVE_SETPRIORITY=1 -DHAVE_STRERROR=1 -DHAVE_SYSCALL=1 -DHAVE_SECURE_GETENV=1 -D_REENTRANT=1 -DFORCE_PR_LOG -D_PR_PTHREADS -UHAVE_CVAR_BUILT_ON_SEM -D_NSPR_BUILD_ -I../../../dist/include/nspr -I../../../pr/include -I../../../pr/include/private  prshm.c
gcc -o prshma.o -c -fvisibility=hidden    -U_FORTIFY_SOURCE -march=armv7-a -mfloat-abi=hard -mfpu=vfpv3-d16 -O2 -pipe  -Wall -pthread -g -fno-inline -fPIC  -UNDEBUG -DDEBUG_root -DPACKAGE_NAME=\"\" -DPACKAGE_TARNAME=\"\" -DPACKAGE_VERSION=\"\" -DPACKAGE_STRING=\"\" -DPACKAGE_BUGREPORT=\"\" -DPACKAGE_URL=\"\" -DMOZILLA_CLIENT=1 -DDEBUG=1 -DHAVE_VISIBILITY_HIDDEN_ATTRIBUTE=1 -DHAVE_VISIBILITY_PRAGMA=1 -DXP_UNIX=1 -D_GNU_SOURCE=1 -DHAVE_FCNTL_FILE_LOCKING=1 -DHAVE_POINTER_LOCALTIME_R=1 -DLINUX=1 -DHAVE_DLADDR=1 -DHAVE_LCHOWN=1 -DHAVE_SETPRIORITY=1 -DHAVE_STRERROR=1 -DHAVE_SYSCALL=1 -DHAVE_SECURE_GETENV=1 -D_REENTRANT=1 -DFORCE_PR_LOG -D_PR_PTHREADS -UHAVE_CVAR_BUILT_ON_SEM -D_NSPR_BUILD_ -I../../../dist/include/nspr -I../../../pr/include -I../../../pr/include/private  prshma.c
make[3]: Leaving directory '/tmp/work/src/nspr-4.16/nspr/pr/src/memory'
/usr/bin/make -C misc export
make[3]: Entering directory '/tmp/work/src/nspr-4.16/nspr/pr/src/misc'
gcc -o pralarm.o -c -fvisibility=hidden    -U_FORTIFY_SOURCE -march=armv7-a -mfloat-abi=hard -mfpu=vfpv3-d16 -O2 -pipe  -Wall -pthread -g -fno-inline -fPIC  -UNDEBUG -DDEBUG_root -DPACKAGE_NAME=\"\" -DPACKAGE_TARNAME=\"\" -DPACKAGE_VERSION=\"\" -DPACKAGE_STRING=\"\" -DPACKAGE_BUGREPORT=\"\" -DPACKAGE_URL=\"\" -DMOZILLA_CLIENT=1 -DDEBUG=1 -DHAVE_VISIBILITY_HIDDEN_ATTRIBUTE=1 -DHAVE_VISIBILITY_PRAGMA=1 -DXP_UNIX=1 -D_GNU_SOURCE=1 -DHAVE_FCNTL_FILE_LOCKING=1 -DHAVE_POINTER_LOCALTIME_R=1 -DLINUX=1 -DHAVE_DLADDR=1 -DHAVE_LCHOWN=1 -DHAVE_SETPRIORITY=1 -DHAVE_STRERROR=1 -DHAVE_SYSCALL=1 -DHAVE_SECURE_GETENV=1 -D_REENTRANT=1 -DFORCE_PR_LOG -D_PR_PTHREADS -UHAVE_CVAR_BUILT_ON_SEM -D_NSPR_BUILD_ -I../../../dist/include/nspr -I../../../pr/include -I../../../pr/include/private  pralarm.c
gcc -o pratom.o -c -fvisibility=hidden    -U_FORTIFY_SOURCE -march=armv7-a -mfloat-abi=hard -mfpu=vfpv3-d16 -O2 -pipe  -Wall -pthread -g -fno-inline -fPIC  -UNDEBUG -DDEBUG_root -DPACKAGE_NAME=\"\" -DPACKAGE_TARNAME=\"\" -DPACKAGE_VERSION=\"\" -DPACKAGE_STRING=\"\" -DPACKAGE_BUGREPORT=\"\" -DPACKAGE_URL=\"\" -DMOZILLA_CLIENT=1 -DDEBUG=1 -DHAVE_VISIBILITY_HIDDEN_ATTRIBUTE=1 -DHAVE_VISIBILITY_PRAGMA=1 -DXP_UNIX=1 -D_GNU_SOURCE=1 -DHAVE_FCNTL_FILE_LOCKING=1 -DHAVE_POINTER_LOCALTIME_R=1 -DLINUX=1 -DHAVE_DLADDR=1 -DHAVE_LCHOWN=1 -DHAVE_SETPRIORITY=1 -DHAVE_STRERROR=1 -DHAVE_SYSCALL=1 -DHAVE_SECURE_GETENV=1 -D_REENTRANT=1 -DFORCE_PR_LOG -D_PR_PTHREADS -UHAVE_CVAR_BUILT_ON_SEM -D_NSPR_BUILD_ -I../../../dist/include/nspr -I../../../pr/include -I../../../pr/include/private  pratom.c
gcc -o prcountr.o -c -fvisibility=hidden    -U_FORTIFY_SOURCE -march=armv7-a -mfloat-abi=hard -mfpu=vfpv3-d16 -O2 -pipe  -Wall -pthread -g -fno-inline -fPIC  -UNDEBUG -DDEBUG_root -DPACKAGE_NAME=\"\" -DPACKAGE_TARNAME=\"\" -DPACKAGE_VERSION=\"\" -DPACKAGE_STRING=\"\" -DPACKAGE_BUGREPORT=\"\" -DPACKAGE_URL=\"\" -DMOZILLA_CLIENT=1 -DDEBUG=1 -DHAVE_VISIBILITY_HIDDEN_ATTRIBUTE=1 -DHAVE_VISIBILITY_PRAGMA=1 -DXP_UNIX=1 -D_GNU_SOURCE=1 -DHAVE_FCNTL_FILE_LOCKING=1 -DHAVE_POINTER_LOCALTIME_R=1 -DLINUX=1 -DHAVE_DLADDR=1 -DHAVE_LCHOWN=1 -DHAVE_SETPRIORITY=1 -DHAVE_STRERROR=1 -DHAVE_SYSCALL=1 -DHAVE_SECURE_GETENV=1 -D_REENTRANT=1 -DFORCE_PR_LOG -D_PR_PTHREADS -UHAVE_CVAR_BUILT_ON_SEM -D_NSPR_BUILD_ -I../../../dist/include/nspr -I../../../pr/include -I../../../pr/include/private  prcountr.c
gcc -o prdtoa.o -c -fvisibility=hidden    -U_FORTIFY_SOURCE -march=armv7-a -mfloat-abi=hard -mfpu=vfpv3-d16 -O2 -pipe  -Wall -pthread -g -fno-inline -fPIC  -UNDEBUG -DDEBUG_root -DPACKAGE_NAME=\"\" -DPACKAGE_TARNAME=\"\" -DPACKAGE_VERSION=\"\" -DPACKAGE_STRING=\"\" -DPACKAGE_BUGREPORT=\"\" -DPACKAGE_URL=\"\" -DMOZILLA_CLIENT=1 -DDEBUG=1 -DHAVE_VISIBILITY_HIDDEN_ATTRIBUTE=1 -DHAVE_VISIBILITY_PRAGMA=1 -DXP_UNIX=1 -D_GNU_SOURCE=1 -DHAVE_FCNTL_FILE_LOCKING=1 -DHAVE_POINTER_LOCALTIME_R=1 -DLINUX=1 -DHAVE_DLADDR=1 -DHAVE_LCHOWN=1 -DHAVE_SETPRIORITY=1 -DHAVE_STRERROR=1 -DHAVE_SYSCALL=1 -DHAVE_SECURE_GETENV=1 -D_REENTRANT=1 -DFORCE_PR_LOG -D_PR_PTHREADS -UHAVE_CVAR_BUILT_ON_SEM -D_NSPR_BUILD_ -I../../../dist/include/nspr -I../../../pr/include -I../../../pr/include/private  prdtoa.c
gcc -o prenv.o -c -fvisibility=hidden    -U_FORTIFY_SOURCE -march=armv7-a -mfloat-abi=hard -mfpu=vfpv3-d16 -O2 -pipe  -Wall -pthread -g -fno-inline -fPIC  -UNDEBUG -DDEBUG_root -DPACKAGE_NAME=\"\" -DPACKAGE_TARNAME=\"\" -DPACKAGE_VERSION=\"\" -DPACKAGE_STRING=\"\" -DPACKAGE_BUGREPORT=\"\" -DPACKAGE_URL=\"\" -DMOZILLA_CLIENT=1 -DDEBUG=1 -DHAVE_VISIBILITY_HIDDEN_ATTRIBUTE=1 -DHAVE_VISIBILITY_PRAGMA=1 -DXP_UNIX=1 -D_GNU_SOURCE=1 -DHAVE_FCNTL_FILE_LOCKING=1 -DHAVE_POINTER_LOCALTIME_R=1 -DLINUX=1 -DHAVE_DLADDR=1 -DHAVE_LCHOWN=1 -DHAVE_SETPRIORITY=1 -DHAVE_STRERROR=1 -DHAVE_SYSCALL=1 -DHAVE_SECURE_GETENV=1 -D_REENTRANT=1 -DFORCE_PR_LOG -D_PR_PTHREADS -UHAVE_CVAR_BUILT_ON_SEM -D_NSPR_BUILD_ -I../../../dist/include/nspr -I../../../pr/include -I../../../pr/include/private  prenv.c
gcc -o prerr.o -c -fvisibility=hidden    -U_FORTIFY_SOURCE -march=armv7-a -mfloat-abi=hard -mfpu=vfpv3-d16 -O2 -pipe  -Wall -pthread -g -fno-inline -fPIC  -UNDEBUG -DDEBUG_root -DPACKAGE_NAME=\"\" -DPACKAGE_TARNAME=\"\" -DPACKAGE_VERSION=\"\" -DPACKAGE_STRING=\"\" -DPACKAGE_BUGREPORT=\"\" -DPACKAGE_URL=\"\" -DMOZILLA_CLIENT=1 -DDEBUG=1 -DHAVE_VISIBILITY_HIDDEN_ATTRIBUTE=1 -DHAVE_VISIBILITY_PRAGMA=1 -DXP_UNIX=1 -D_GNU_SOURCE=1 -DHAVE_FCNTL_FILE_LOCKING=1 -DHAVE_POINTER_LOCALTIME_R=1 -DLINUX=1 -DHAVE_DLADDR=1 -DHAVE_LCHOWN=1 -DHAVE_SETPRIORITY=1 -DHAVE_STRERROR=1 -DHAVE_SYSCALL=1 -DHAVE_SECURE_GETENV=1 -D_REENTRANT=1 -DFORCE_PR_LOG -D_PR_PTHREADS -UHAVE_CVAR_BUILT_ON_SEM -D_NSPR_BUILD_ -I../../../dist/include/nspr -I../../../pr/include -I../../../pr/include/private  prerr.c
gcc -o prerror.o -c -fvisibility=hidden    -U_FORTIFY_SOURCE -march=armv7-a -mfloat-abi=hard -mfpu=vfpv3-d16 -O2 -pipe  -Wall -pthread -g -fno-inline -fPIC  -UNDEBUG -DDEBUG_root -DPACKAGE_NAME=\"\" -DPACKAGE_TARNAME=\"\" -DPACKAGE_VERSION=\"\" -DPACKAGE_STRING=\"\" -DPACKAGE_BUGREPORT=\"\" -DPACKAGE_URL=\"\" -DMOZILLA_CLIENT=1 -DDEBUG=1 -DHAVE_VISIBILITY_HIDDEN_ATTRIBUTE=1 -DHAVE_VISIBILITY_PRAGMA=1 -DXP_UNIX=1 -D_GNU_SOURCE=1 -DHAVE_FCNTL_FILE_LOCKING=1 -DHAVE_POINTER_LOCALTIME_R=1 -DLINUX=1 -DHAVE_DLADDR=1 -DHAVE_LCHOWN=1 -DHAVE_SETPRIORITY=1 -DHAVE_STRERROR=1 -DHAVE_SYSCALL=1 -DHAVE_SECURE_GETENV=1 -D_REENTRANT=1 -DFORCE_PR_LOG -D_PR_PTHREADS -UHAVE_CVAR_BUILT_ON_SEM -D_NSPR_BUILD_ -I../../../dist/include/nspr -I../../../pr/include -I../../../pr/include/private  prerror.c
gcc -o prerrortable.o -c -fvisibility=hidden    -U_FORTIFY_SOURCE -march=armv7-a -mfloat-abi=hard -mfpu=vfpv3-d16 -O2 -pipe  -Wall -pthread -g -fno-inline -fPIC  -UNDEBUG -DDEBUG_root -DPACKAGE_NAME=\"\" -DPACKAGE_TARNAME=\"\" -DPACKAGE_VERSION=\"\" -DPACKAGE_STRING=\"\" -DPACKAGE_BUGREPORT=\"\" -DPACKAGE_URL=\"\" -DMOZILLA_CLIENT=1 -DDEBUG=1 -DHAVE_VISIBILITY_HIDDEN_ATTRIBUTE=1 -DHAVE_VISIBILITY_PRAGMA=1 -DXP_UNIX=1 -D_GNU_SOURCE=1 -DHAVE_FCNTL_FILE_LOCKING=1 -DHAVE_POINTER_LOCALTIME_R=1 -DLINUX=1 -DHAVE_DLADDR=1 -DHAVE_LCHOWN=1 -DHAVE_SETPRIORITY=1 -DHAVE_STRERROR=1 -DHAVE_SYSCALL=1 -DHAVE_SECURE_GETENV=1 -D_REENTRANT=1 -DFORCE_PR_LOG -D_PR_PTHREADS -UHAVE_CVAR_BUILT_ON_SEM -D_NSPR_BUILD_ -I../../../dist/include/nspr -I../../../pr/include -I../../../pr/include/private  prerrortable.c
gcc -o prinit.o -c -fvisibility=hidden    -U_FORTIFY_SOURCE -march=armv7-a -mfloat-abi=hard -mfpu=vfpv3-d16 -O2 -pipe  -Wall -pthread -g -fno-inline -fPIC  -UNDEBUG -DDEBUG_root -DPACKAGE_NAME=\"\" -DPACKAGE_TARNAME=\"\" -DPACKAGE_VERSION=\"\" -DPACKAGE_STRING=\"\" -DPACKAGE_BUGREPORT=\"\" -DPACKAGE_URL=\"\" -DMOZILLA_CLIENT=1 -DDEBUG=1 -DHAVE_VISIBILITY_HIDDEN_ATTRIBUTE=1 -DHAVE_VISIBILITY_PRAGMA=1 -DXP_UNIX=1 -D_GNU_SOURCE=1 -DHAVE_FCNTL_FILE_LOCKING=1 -DHAVE_POINTER_LOCALTIME_R=1 -DLINUX=1 -DHAVE_DLADDR=1 -DHAVE_LCHOWN=1 -DHAVE_SETPRIORITY=1 -DHAVE_STRERROR=1 -DHAVE_SYSCALL=1 -DHAVE_SECURE_GETENV=1 -D_REENTRANT=1 -DFORCE_PR_LOG -D_PR_PTHREADS -UHAVE_CVAR_BUILT_ON_SEM -D_NSPR_BUILD_ -I../../../dist/include/nspr -I../../../pr/include -I../../../pr/include/private  prinit.c
gcc -o prinrval.o -c -fvisibility=hidden    -U_FORTIFY_SOURCE -march=armv7-a -mfloat-abi=hard -mfpu=vfpv3-d16 -O2 -pipe  -Wall -pthread -g -fno-inline -fPIC  -UNDEBUG -DDEBUG_root -DPACKAGE_NAME=\"\" -DPACKAGE_TARNAME=\"\" -DPACKAGE_VERSION=\"\" -DPACKAGE_STRING=\"\" -DPACKAGE_BUGREPORT=\"\" -DPACKAGE_URL=\"\" -DMOZILLA_CLIENT=1 -DDEBUG=1 -DHAVE_VISIBILITY_HIDDEN_ATTRIBUTE=1 -DHAVE_VISIBILITY_PRAGMA=1 -DXP_UNIX=1 -D_GNU_SOURCE=1 -DHAVE_FCNTL_FILE_LOCKING=1 -DHAVE_POINTER_LOCALTIME_R=1 -DLINUX=1 -DHAVE_DLADDR=1 -DHAVE_LCHOWN=1 -DHAVE_SETPRIORITY=1 -DHAVE_STRERROR=1 -DHAVE_SYSCALL=1 -DHAVE_SECURE_GETENV=1 -D_REENTRANT=1 -DFORCE_PR_LOG -D_PR_PTHREADS -UHAVE_CVAR_BUILT_ON_SEM -D_NSPR_BUILD_ -I../../../dist/include/nspr -I../../../pr/include -I../../../pr/include/private  prinrval.c
gcc -o pripc.o -c -fvisibility=hidden    -U_FORTIFY_SOURCE -march=armv7-a -mfloat-abi=hard -mfpu=vfpv3-d16 -O2 -pipe  -Wall -pthread -g -fno-inline -fPIC  -UNDEBUG -DDEBUG_root -DPACKAGE_NAME=\"\" -DPACKAGE_TARNAME=\"\" -DPACKAGE_VERSION=\"\" -DPACKAGE_STRING=\"\" -DPACKAGE_BUGREPORT=\"\" -DPACKAGE_URL=\"\" -DMOZILLA_CLIENT=1 -DDEBUG=1 -DHAVE_VISIBILITY_HIDDEN_ATTRIBUTE=1 -DHAVE_VISIBILITY_PRAGMA=1 -DXP_UNIX=1 -D_GNU_SOURCE=1 -DHAVE_FCNTL_FILE_LOCKING=1 -DHAVE_POINTER_LOCALTIME_R=1 -DLINUX=1 -DHAVE_DLADDR=1 -DHAVE_LCHOWN=1 -DHAVE_SETPRIORITY=1 -DHAVE_STRERROR=1 -DHAVE_SYSCALL=1 -DHAVE_SECURE_GETENV=1 -D_REENTRANT=1 -DFORCE_PR_LOG -D_PR_PTHREADS -UHAVE_CVAR_BUILT_ON_SEM -D_NSPR_BUILD_ -I../../../dist/include/nspr -I../../../pr/include -I../../../pr/include/private  pripc.c
gcc -o prlog2.o -c -fvisibility=hidden    -U_FORTIFY_SOURCE -march=armv7-a -mfloat-abi=hard -mfpu=vfpv3-d16 -O2 -pipe  -Wall -pthread -g -fno-inline -fPIC  -UNDEBUG -DDEBUG_root -DPACKAGE_NAME=\"\" -DPACKAGE_TARNAME=\"\" -DPACKAGE_VERSION=\"\" -DPACKAGE_STRING=\"\" -DPACKAGE_BUGREPORT=\"\" -DPACKAGE_URL=\"\" -DMOZILLA_CLIENT=1 -DDEBUG=1 -DHAVE_VISIBILITY_HIDDEN_ATTRIBUTE=1 -DHAVE_VISIBILITY_PRAGMA=1 -DXP_UNIX=1 -D_GNU_SOURCE=1 -DHAVE_FCNTL_FILE_LOCKING=1 -DHAVE_POINTER_LOCALTIME_R=1 -DLINUX=1 -DHAVE_DLADDR=1 -DHAVE_LCHOWN=1 -DHAVE_SETPRIORITY=1 -DHAVE_STRERROR=1 -DHAVE_SYSCALL=1 -DHAVE_SECURE_GETENV=1 -D_REENTRANT=1 -DFORCE_PR_LOG -D_PR_PTHREADS -UHAVE_CVAR_BUILT_ON_SEM -D_NSPR_BUILD_ -I../../../dist/include/nspr -I../../../pr/include -I../../../pr/include/private  prlog2.c
gcc -o prlong.o -c -fvisibility=hidden    -U_FORTIFY_SOURCE -march=armv7-a -mfloat-abi=hard -mfpu=vfpv3-d16 -O2 -pipe  -Wall -pthread -g -fno-inline -fPIC  -UNDEBUG -DDEBUG_root -DPACKAGE_NAME=\"\" -DPACKAGE_TARNAME=\"\" -DPACKAGE_VERSION=\"\" -DPACKAGE_STRING=\"\" -DPACKAGE_BUGREPORT=\"\" -DPACKAGE_URL=\"\" -DMOZILLA_CLIENT=1 -DDEBUG=1 -DHAVE_VISIBILITY_HIDDEN_ATTRIBUTE=1 -DHAVE_VISIBILITY_PRAGMA=1 -DXP_UNIX=1 -D_GNU_SOURCE=1 -DHAVE_FCNTL_FILE_LOCKING=1 -DHAVE_POINTER_LOCALTIME_R=1 -DLINUX=1 -DHAVE_DLADDR=1 -DHAVE_LCHOWN=1 -DHAVE_SETPRIORITY=1 -DHAVE_STRERROR=1 -DHAVE_SYSCALL=1 -DHAVE_SECURE_GETENV=1 -D_REENTRANT=1 -DFORCE_PR_LOG -D_PR_PTHREADS -UHAVE_CVAR_BUILT_ON_SEM -D_NSPR_BUILD_ -I../../../dist/include/nspr -I../../../pr/include -I../../../pr/include/private  prlong.c
gcc -o prnetdb.o -c -fvisibility=hidden    -U_FORTIFY_SOURCE -march=armv7-a -mfloat-abi=hard -mfpu=vfpv3-d16 -O2 -pipe  -Wall -pthread -g -fno-inline -fPIC  -UNDEBUG -DDEBUG_root -DPACKAGE_NAME=\"\" -DPACKAGE_TARNAME=\"\" -DPACKAGE_VERSION=\"\" -DPACKAGE_STRING=\"\" -DPACKAGE_BUGREPORT=\"\" -DPACKAGE_URL=\"\" -DMOZILLA_CLIENT=1 -DDEBUG=1 -DHAVE_VISIBILITY_HIDDEN_ATTRIBUTE=1 -DHAVE_VISIBILITY_PRAGMA=1 -DXP_UNIX=1 -D_GNU_SOURCE=1 -DHAVE_FCNTL_FILE_LOCKING=1 -DHAVE_POINTER_LOCALTIME_R=1 -DLINUX=1 -DHAVE_DLADDR=1 -DHAVE_LCHOWN=1 -DHAVE_SETPRIORITY=1 -DHAVE_STRERROR=1 -DHAVE_SYSCALL=1 -DHAVE_SECURE_GETENV=1 -D_REENTRANT=1 -DFORCE_PR_LOG -D_PR_PTHREADS -UHAVE_CVAR_BUILT_ON_SEM -D_NSPR_BUILD_ -I../../../dist/include/nspr -I../../../pr/include -I../../../pr/include/private  prnetdb.c
gcc -o praton.o -c -fvisibility=hidden    -U_FORTIFY_SOURCE -march=armv7-a -mfloat-abi=hard -mfpu=vfpv3-d16 -O2 -pipe  -Wall -pthread -g -fno-inline -fPIC  -UNDEBUG -DDEBUG_root -DPACKAGE_NAME=\"\" -DPACKAGE_TARNAME=\"\" -DPACKAGE_VERSION=\"\" -DPACKAGE_STRING=\"\" -DPACKAGE_BUGREPORT=\"\" -DPACKAGE_URL=\"\" -DMOZILLA_CLIENT=1 -DDEBUG=1 -DHAVE_VISIBILITY_HIDDEN_ATTRIBUTE=1 -DHAVE_VISIBILITY_PRAGMA=1 -DXP_UNIX=1 -D_GNU_SOURCE=1 -DHAVE_FCNTL_FILE_LOCKING=1 -DHAVE_POINTER_LOCALTIME_R=1 -DLINUX=1 -DHAVE_DLADDR=1 -DHAVE_LCHOWN=1 -DHAVE_SETPRIORITY=1 -DHAVE_STRERROR=1 -DHAVE_SYSCALL=1 -DHAVE_SECURE_GETENV=1 -D_REENTRANT=1 -DFORCE_PR_LOG -D_PR_PTHREADS -UHAVE_CVAR_BUILT_ON_SEM -D_NSPR_BUILD_ -I../../../dist/include/nspr -I../../../pr/include -I../../../pr/include/private  praton.c
gcc -o prolock.o -c -fvisibility=hidden    -U_FORTIFY_SOURCE -march=armv7-a -mfloat-abi=hard -mfpu=vfpv3-d16 -O2 -pipe  -Wall -pthread -g -fno-inline -fPIC  -UNDEBUG -DDEBUG_root -DPACKAGE_NAME=\"\" -DPACKAGE_TARNAME=\"\" -DPACKAGE_VERSION=\"\" -DPACKAGE_STRING=\"\" -DPACKAGE_BUGREPORT=\"\" -DPACKAGE_URL=\"\" -DMOZILLA_CLIENT=1 -DDEBUG=1 -DHAVE_VISIBILITY_HIDDEN_ATTRIBUTE=1 -DHAVE_VISIBILITY_PRAGMA=1 -DXP_UNIX=1 -D_GNU_SOURCE=1 -DHAVE_FCNTL_FILE_LOCKING=1 -DHAVE_POINTER_LOCALTIME_R=1 -DLINUX=1 -DHAVE_DLADDR=1 -DHAVE_LCHOWN=1 -DHAVE_SETPRIORITY=1 -DHAVE_STRERROR=1 -DHAVE_SYSCALL=1 -DHAVE_SECURE_GETENV=1 -D_REENTRANT=1 -DFORCE_PR_LOG -D_PR_PTHREADS -UHAVE_CVAR_BUILT_ON_SEM -D_NSPR_BUILD_ -I../../../dist/include/nspr -I../../../pr/include -I../../../pr/include/private  prolock.c
gcc -o prrng.o -c -fvisibility=hidden    -U_FORTIFY_SOURCE -march=armv7-a -mfloat-abi=hard -mfpu=vfpv3-d16 -O2 -pipe  -Wall -pthread -g -fno-inline -fPIC  -UNDEBUG -DDEBUG_root -DPACKAGE_NAME=\"\" -DPACKAGE_TARNAME=\"\" -DPACKAGE_VERSION=\"\" -DPACKAGE_STRING=\"\" -DPACKAGE_BUGREPORT=\"\" -DPACKAGE_URL=\"\" -DMOZILLA_CLIENT=1 -DDEBUG=1 -DHAVE_VISIBILITY_HIDDEN_ATTRIBUTE=1 -DHAVE_VISIBILITY_PRAGMA=1 -DXP_UNIX=1 -D_GNU_SOURCE=1 -DHAVE_FCNTL_FILE_LOCKING=1 -DHAVE_POINTER_LOCALTIME_R=1 -DLINUX=1 -DHAVE_DLADDR=1 -DHAVE_LCHOWN=1 -DHAVE_SETPRIORITY=1 -DHAVE_STRERROR=1 -DHAVE_SYSCALL=1 -DHAVE_SECURE_GETENV=1 -D_REENTRANT=1 -DFORCE_PR_LOG -D_PR_PTHREADS -UHAVE_CVAR_BUILT_ON_SEM -D_NSPR_BUILD_ -I../../../dist/include/nspr -I../../../pr/include -I../../../pr/include/private  prrng.c
gcc -o prsystem.o -c -fvisibility=hidden    -U_FORTIFY_SOURCE -march=armv7-a -mfloat-abi=hard -mfpu=vfpv3-d16 -O2 -pipe  -Wall -pthread -g -fno-inline -fPIC  -UNDEBUG -DDEBUG_root -DPACKAGE_NAME=\"\" -DPACKAGE_TARNAME=\"\" -DPACKAGE_VERSION=\"\" -DPACKAGE_STRING=\"\" -DPACKAGE_BUGREPORT=\"\" -DPACKAGE_URL=\"\" -DMOZILLA_CLIENT=1 -DDEBUG=1 -DHAVE_VISIBILITY_HIDDEN_ATTRIBUTE=1 -DHAVE_VISIBILITY_PRAGMA=1 -DXP_UNIX=1 -D_GNU_SOURCE=1 -DHAVE_FCNTL_FILE_LOCKING=1 -DHAVE_POINTER_LOCALTIME_R=1 -DLINUX=1 -DHAVE_DLADDR=1 -DHAVE_LCHOWN=1 -DHAVE_SETPRIORITY=1 -DHAVE_STRERROR=1 -DHAVE_SYSCALL=1 -DHAVE_SECURE_GETENV=1 -D_REENTRANT=1 -DFORCE_PR_LOG -D_PR_PTHREADS -UHAVE_CVAR_BUILT_ON_SEM -D_NSPR_BUILD_ -I../../../dist/include/nspr -I../../../pr/include -I../../../pr/include/private  prsystem.c
gcc -o prtime.o -c -fvisibility=hidden    -U_FORTIFY_SOURCE -march=armv7-a -mfloat-abi=hard -mfpu=vfpv3-d16 -O2 -pipe  -Wall -pthread -g -fno-inline -fPIC  -UNDEBUG -DDEBUG_root -DPACKAGE_NAME=\"\" -DPACKAGE_TARNAME=\"\" -DPACKAGE_VERSION=\"\" -DPACKAGE_STRING=\"\" -DPACKAGE_BUGREPORT=\"\" -DPACKAGE_URL=\"\" -DMOZILLA_CLIENT=1 -DDEBUG=1 -DHAVE_VISIBILITY_HIDDEN_ATTRIBUTE=1 -DHAVE_VISIBILITY_PRAGMA=1 -DXP_UNIX=1 -D_GNU_SOURCE=1 -DHAVE_FCNTL_FILE_LOCKING=1 -DHAVE_POINTER_LOCALTIME_R=1 -DLINUX=1 -DHAVE_DLADDR=1 -DHAVE_LCHOWN=1 -DHAVE_SETPRIORITY=1 -DHAVE_STRERROR=1 -DHAVE_SYSCALL=1 -DHAVE_SECURE_GETENV=1 -D_REENTRANT=1 -DFORCE_PR_LOG -D_PR_PTHREADS -UHAVE_CVAR_BUILT_ON_SEM -D_NSPR_BUILD_ -I../../../dist/include/nspr -I../../../pr/include -I../../../pr/include/private  prtime.c
gcc -o prthinfo.o -c -fvisibility=hidden    -U_FORTIFY_SOURCE -march=armv7-a -mfloat-abi=hard -mfpu=vfpv3-d16 -O2 -pipe  -Wall -pthread -g -fno-inline -fPIC  -UNDEBUG -DDEBUG_root -DPACKAGE_NAME=\"\" -DPACKAGE_TARNAME=\"\" -DPACKAGE_VERSION=\"\" -DPACKAGE_STRING=\"\" -DPACKAGE_BUGREPORT=\"\" -DPACKAGE_URL=\"\" -DMOZILLA_CLIENT=1 -DDEBUG=1 -DHAVE_VISIBILITY_HIDDEN_ATTRIBUTE=1 -DHAVE_VISIBILITY_PRAGMA=1 -DXP_UNIX=1 -D_GNU_SOURCE=1 -DHAVE_FCNTL_FILE_LOCKING=1 -DHAVE_POINTER_LOCALTIME_R=1 -DLINUX=1 -DHAVE_DLADDR=1 -DHAVE_LCHOWN=1 -DHAVE_SETPRIORITY=1 -DHAVE_STRERROR=1 -DHAVE_SYSCALL=1 -DHAVE_SECURE_GETENV=1 -D_REENTRANT=1 -DFORCE_PR_LOG -D_PR_PTHREADS -UHAVE_CVAR_BUILT_ON_SEM -D_NSPR_BUILD_ -I../../../dist/include/nspr -I../../../pr/include -I../../../pr/include/private  prthinfo.c
gcc -o prtpool.o -c -fvisibility=hidden    -U_FORTIFY_SOURCE -march=armv7-a -mfloat-abi=hard -mfpu=vfpv3-d16 -O2 -pipe  -Wall -pthread -g -fno-inline -fPIC  -UNDEBUG -DDEBUG_root -DPACKAGE_NAME=\"\" -DPACKAGE_TARNAME=\"\" -DPACKAGE_VERSION=\"\" -DPACKAGE_STRING=\"\" -DPACKAGE_BUGREPORT=\"\" -DPACKAGE_URL=\"\" -DMOZILLA_CLIENT=1 -DDEBUG=1 -DHAVE_VISIBILITY_HIDDEN_ATTRIBUTE=1 -DHAVE_VISIBILITY_PRAGMA=1 -DXP_UNIX=1 -D_GNU_SOURCE=1 -DHAVE_FCNTL_FILE_LOCKING=1 -DHAVE_POINTER_LOCALTIME_R=1 -DLINUX=1 -DHAVE_DLADDR=1 -DHAVE_LCHOWN=1 -DHAVE_SETPRIORITY=1 -DHAVE_STRERROR=1 -DHAVE_SYSCALL=1 -DHAVE_SECURE_GETENV=1 -D_REENTRANT=1 -DFORCE_PR_LOG -D_PR_PTHREADS -UHAVE_CVAR_BUILT_ON_SEM -D_NSPR_BUILD_ -I../../../dist/include/nspr -I../../../pr/include -I../../../pr/include/private  prtpool.c
gcc -o prtrace.o -c -fvisibility=hidden    -U_FORTIFY_SOURCE -march=armv7-a -mfloat-abi=hard -mfpu=vfpv3-d16 -O2 -pipe  -Wall -pthread -g -fno-inline -fPIC  -UNDEBUG -DDEBUG_root -DPACKAGE_NAME=\"\" -DPACKAGE_TARNAME=\"\" -DPACKAGE_VERSION=\"\" -DPACKAGE_STRING=\"\" -DPACKAGE_BUGREPORT=\"\" -DPACKAGE_URL=\"\" -DMOZILLA_CLIENT=1 -DDEBUG=1 -DHAVE_VISIBILITY_HIDDEN_ATTRIBUTE=1 -DHAVE_VISIBILITY_PRAGMA=1 -DXP_UNIX=1 -D_GNU_SOURCE=1 -DHAVE_FCNTL_FILE_LOCKING=1 -DHAVE_POINTER_LOCALTIME_R=1 -DLINUX=1 -DHAVE_DLADDR=1 -DHAVE_LCHOWN=1 -DHAVE_SETPRIORITY=1 -DHAVE_STRERROR=1 -DHAVE_SYSCALL=1 -DHAVE_SECURE_GETENV=1 -D_REENTRANT=1 -DFORCE_PR_LOG -D_PR_PTHREADS -UHAVE_CVAR_BUILT_ON_SEM -D_NSPR_BUILD_ -I../../../dist/include/nspr -I../../../pr/include -I../../../pr/include/private  prtrace.c
make[3]: Leaving directory '/tmp/work/src/nspr-4.16/nspr/pr/src/misc'
/usr/bin/make -C threads export
make[3]: Entering directory '/tmp/work/src/nspr-4.16/nspr/pr/src/threads'
gcc -o prcmon.o -c -fvisibility=hidden    -U_FORTIFY_SOURCE -march=armv7-a -mfloat-abi=hard -mfpu=vfpv3-d16 -O2 -pipe  -Wall -pthread -g -fno-inline -fPIC  -UNDEBUG -DDEBUG_root -DPACKAGE_NAME=\"\" -DPACKAGE_TARNAME=\"\" -DPACKAGE_VERSION=\"\" -DPACKAGE_STRING=\"\" -DPACKAGE_BUGREPORT=\"\" -DPACKAGE_URL=\"\" -DMOZILLA_CLIENT=1 -DDEBUG=1 -DHAVE_VISIBILITY_HIDDEN_ATTRIBUTE=1 -DHAVE_VISIBILITY_PRAGMA=1 -DXP_UNIX=1 -D_GNU_SOURCE=1 -DHAVE_FCNTL_FILE_LOCKING=1 -DHAVE_POINTER_LOCALTIME_R=1 -DLINUX=1 -DHAVE_DLADDR=1 -DHAVE_LCHOWN=1 -DHAVE_SETPRIORITY=1 -DHAVE_STRERROR=1 -DHAVE_SYSCALL=1 -DHAVE_SECURE_GETENV=1 -D_REENTRANT=1 -DFORCE_PR_LOG -D_PR_PTHREADS -UHAVE_CVAR_BUILT_ON_SEM -D_NSPR_BUILD_ -I../../../dist/include/nspr -I../../../pr/include -I../../../pr/include/private  prcmon.c
gcc -o prrwlock.o -c -fvisibility=hidden    -U_FORTIFY_SOURCE -march=armv7-a -mfloat-abi=hard -mfpu=vfpv3-d16 -O2 -pipe  -Wall -pthread -g -fno-inline -fPIC  -UNDEBUG -DDEBUG_root -DPACKAGE_NAME=\"\" -DPACKAGE_TARNAME=\"\" -DPACKAGE_VERSION=\"\" -DPACKAGE_STRING=\"\" -DPACKAGE_BUGREPORT=\"\" -DPACKAGE_URL=\"\" -DMOZILLA_CLIENT=1 -DDEBUG=1 -DHAVE_VISIBILITY_HIDDEN_ATTRIBUTE=1 -DHAVE_VISIBILITY_PRAGMA=1 -DXP_UNIX=1 -D_GNU_SOURCE=1 -DHAVE_FCNTL_FILE_LOCKING=1 -DHAVE_POINTER_LOCALTIME_R=1 -DLINUX=1 -DHAVE_DLADDR=1 -DHAVE_LCHOWN=1 -DHAVE_SETPRIORITY=1 -DHAVE_STRERROR=1 -DHAVE_SYSCALL=1 -DHAVE_SECURE_GETENV=1 -D_REENTRANT=1 -DFORCE_PR_LOG -D_PR_PTHREADS -UHAVE_CVAR_BUILT_ON_SEM -D_NSPR_BUILD_ -I../../../dist/include/nspr -I../../../pr/include -I../../../pr/include/private  prrwlock.c
gcc -o prtpd.o -c -fvisibility=hidden    -U_FORTIFY_SOURCE -march=armv7-a -mfloat-abi=hard -mfpu=vfpv3-d16 -O2 -pipe  -Wall -pthread -g -fno-inline -fPIC  -UNDEBUG -DDEBUG_root -DPACKAGE_NAME=\"\" -DPACKAGE_TARNAME=\"\" -DPACKAGE_VERSION=\"\" -DPACKAGE_STRING=\"\" -DPACKAGE_BUGREPORT=\"\" -DPACKAGE_URL=\"\" -DMOZILLA_CLIENT=1 -DDEBUG=1 -DHAVE_VISIBILITY_HIDDEN_ATTRIBUTE=1 -DHAVE_VISIBILITY_PRAGMA=1 -DXP_UNIX=1 -D_GNU_SOURCE=1 -DHAVE_FCNTL_FILE_LOCKING=1 -DHAVE_POINTER_LOCALTIME_R=1 -DLINUX=1 -DHAVE_DLADDR=1 -DHAVE_LCHOWN=1 -DHAVE_SETPRIORITY=1 -DHAVE_STRERROR=1 -DHAVE_SYSCALL=1 -DHAVE_SECURE_GETENV=1 -D_REENTRANT=1 -DFORCE_PR_LOG -D_PR_PTHREADS -UHAVE_CVAR_BUILT_ON_SEM -D_NSPR_BUILD_ -I../../../dist/include/nspr -I../../../pr/include -I../../../pr/include/private  prtpd.c
make[3]: Leaving directory '/tmp/work/src/nspr-4.16/nspr/pr/src/threads'
/usr/bin/make -C pthreads export
make[3]: Entering directory '/tmp/work/src/nspr-4.16/nspr/pr/src/pthreads'
gcc -o ptio.o -c -fvisibility=hidden    -U_FORTIFY_SOURCE -march=armv7-a -mfloat-abi=hard -mfpu=vfpv3-d16 -O2 -pipe  -Wall -pthread -g -fno-inline -fPIC  -UNDEBUG -DDEBUG_root -DPACKAGE_NAME=\"\" -DPACKAGE_TARNAME=\"\" -DPACKAGE_VERSION=\"\" -DPACKAGE_STRING=\"\" -DPACKAGE_BUGREPORT=\"\" -DPACKAGE_URL=\"\" -DMOZILLA_CLIENT=1 -DDEBUG=1 -DHAVE_VISIBILITY_HIDDEN_ATTRIBUTE=1 -DHAVE_VISIBILITY_PRAGMA=1 -DXP_UNIX=1 -D_GNU_SOURCE=1 -DHAVE_FCNTL_FILE_LOCKING=1 -DHAVE_POINTER_LOCALTIME_R=1 -DLINUX=1 -DHAVE_DLADDR=1 -DHAVE_LCHOWN=1 -DHAVE_SETPRIORITY=1 -DHAVE_STRERROR=1 -DHAVE_SYSCALL=1 -DHAVE_SECURE_GETENV=1 -D_REENTRANT=1 -DFORCE_PR_LOG -D_PR_PTHREADS -UHAVE_CVAR_BUILT_ON_SEM -D_NSPR_BUILD_ -I../../../dist/include/nspr -I../../../pr/include -I../../../pr/include/private  ptio.c
gcc -o ptsynch.o -c -fvisibility=hidden    -U_FORTIFY_SOURCE -march=armv7-a -mfloat-abi=hard -mfpu=vfpv3-d16 -O2 -pipe  -Wall -pthread -g -fno-inline -fPIC  -UNDEBUG -DDEBUG_root -DPACKAGE_NAME=\"\" -DPACKAGE_TARNAME=\"\" -DPACKAGE_VERSION=\"\" -DPACKAGE_STRING=\"\" -DPACKAGE_BUGREPORT=\"\" -DPACKAGE_URL=\"\" -DMOZILLA_CLIENT=1 -DDEBUG=1 -DHAVE_VISIBILITY_HIDDEN_ATTRIBUTE=1 -DHAVE_VISIBILITY_PRAGMA=1 -DXP_UNIX=1 -D_GNU_SOURCE=1 -DHAVE_FCNTL_FILE_LOCKING=1 -DHAVE_POINTER_LOCALTIME_R=1 -DLINUX=1 -DHAVE_DLADDR=1 -DHAVE_LCHOWN=1 -DHAVE_SETPRIORITY=1 -DHAVE_STRERROR=1 -DHAVE_SYSCALL=1 -DHAVE_SECURE_GETENV=1 -D_REENTRANT=1 -DFORCE_PR_LOG -D_PR_PTHREADS -UHAVE_CVAR_BUILT_ON_SEM -D_NSPR_BUILD_ -I../../../dist/include/nspr -I../../../pr/include -I../../../pr/include/private  ptsynch.c
gcc -o ptthread.o -c -fvisibility=hidden    -U_FORTIFY_SOURCE -march=armv7-a -mfloat-abi=hard -mfpu=vfpv3-d16 -O2 -pipe  -Wall -pthread -g -fno-inline -fPIC  -UNDEBUG -DDEBUG_root -DPACKAGE_NAME=\"\" -DPACKAGE_TARNAME=\"\" -DPACKAGE_VERSION=\"\" -DPACKAGE_STRING=\"\" -DPACKAGE_BUGREPORT=\"\" -DPACKAGE_URL=\"\" -DMOZILLA_CLIENT=1 -DDEBUG=1 -DHAVE_VISIBILITY_HIDDEN_ATTRIBUTE=1 -DHAVE_VISIBILITY_PRAGMA=1 -DXP_UNIX=1 -D_GNU_SOURCE=1 -DHAVE_FCNTL_FILE_LOCKING=1 -DHAVE_POINTER_LOCALTIME_R=1 -DLINUX=1 -DHAVE_DLADDR=1 -DHAVE_LCHOWN=1 -DHAVE_SETPRIORITY=1 -DHAVE_STRERROR=1 -DHAVE_SYSCALL=1 -DHAVE_SECURE_GETENV=1 -D_REENTRANT=1 -DFORCE_PR_LOG -D_PR_PTHREADS -UHAVE_CVAR_BUILT_ON_SEM -D_NSPR_BUILD_ -I../../../dist/include/nspr -I../../../pr/include -I../../../pr/include/private  ptthread.c
gcc -o ptmisc.o -c -fvisibility=hidden    -U_FORTIFY_SOURCE -march=armv7-a -mfloat-abi=hard -mfpu=vfpv3-d16 -O2 -pipe  -Wall -pthread -g -fno-inline -fPIC  -UNDEBUG -DDEBUG_root -DPACKAGE_NAME=\"\" -DPACKAGE_TARNAME=\"\" -DPACKAGE_VERSION=\"\" -DPACKAGE_STRING=\"\" -DPACKAGE_BUGREPORT=\"\" -DPACKAGE_URL=\"\" -DMOZILLA_CLIENT=1 -DDEBUG=1 -DHAVE_VISIBILITY_HIDDEN_ATTRIBUTE=1 -DHAVE_VISIBILITY_PRAGMA=1 -DXP_UNIX=1 -D_GNU_SOURCE=1 -DHAVE_FCNTL_FILE_LOCKING=1 -DHAVE_POINTER_LOCALTIME_R=1 -DLINUX=1 -DHAVE_DLADDR=1 -DHAVE_LCHOWN=1 -DHAVE_SETPRIORITY=1 -DHAVE_STRERROR=1 -DHAVE_SYSCALL=1 -DHAVE_SECURE_GETENV=1 -D_REENTRANT=1 -DFORCE_PR_LOG -D_PR_PTHREADS -UHAVE_CVAR_BUILT_ON_SEM -D_NSPR_BUILD_ -I../../../dist/include/nspr -I../../../pr/include -I../../../pr/include/private  ptmisc.c
make[3]: Leaving directory '/tmp/work/src/nspr-4.16/nspr/pr/src/pthreads'
/usr/bin/make build
make[3]: Entering directory '/tmp/work/src/nspr-4.16/nspr/pr/src'
gcc -o prvrsion.o -c -fvisibility=hidden    -U_FORTIFY_SOURCE -march=armv7-a -mfloat-abi=hard -mfpu=vfpv3-d16 -O2 -pipe  -Wall -pthread -g -fno-inline -fPIC  -UNDEBUG -DDEBUG_root -DPACKAGE_NAME=\"\" -DPACKAGE_TARNAME=\"\" -DPACKAGE_VERSION=\"\" -DPACKAGE_STRING=\"\" -DPACKAGE_BUGREPORT=\"\" -DPACKAGE_URL=\"\" -DMOZILLA_CLIENT=1 -DDEBUG=1 -DHAVE_VISIBILITY_HIDDEN_ATTRIBUTE=1 -DHAVE_VISIBILITY_PRAGMA=1 -DXP_UNIX=1 -D_GNU_SOURCE=1 -DHAVE_FCNTL_FILE_LOCKING=1 -DHAVE_POINTER_LOCALTIME_R=1 -DLINUX=1 -DHAVE_DLADDR=1 -DHAVE_LCHOWN=1 -DHAVE_SETPRIORITY=1 -DHAVE_STRERROR=1 -DHAVE_SYSCALL=1 -DHAVE_SECURE_GETENV=1 -D_REENTRANT=1 -DFORCE_PR_LOG -D_PR_PTHREADS -UHAVE_CVAR_BUILT_ON_SEM -D_NSPR_BUILD_ -I../../dist/include/nspr -I../../pr/include -I../../pr/include/private  -I. prvrsion.c
rm -f libnspr4.so
gcc -shared -Wl,-soname -Wl,libnspr4.so -o libnspr4.so ./prvrsion.o io/./prfdcach.o io/./prmwait.o io/./prmapopt.o io/./priometh.o io/./pripv6.o io/./prlayer.o io/./prlog.o io/./prmmap.o io/./prpolevt.o io/./prprf.o io/./prscanf.o io/./prstdio.o threads/./prcmon.o threads/./prrwlock.o threads/./prtpd.o linking/./prlink.o malloc/./prmalloc.o malloc/./prmem.o md/./prosdep.o memory/./prshm.o memory/./prshma.o memory/./prseg.o misc/./pralarm.o misc/./pratom.o misc/./prcountr.o misc/./prdtoa.o misc/./prenv.o misc/./prerr.o misc/./prerror.o misc/./prerrortable.o misc/./prinit.o misc/./prinrval.o misc/./pripc.o misc/./prlog2.o misc/./prlong.o misc/./prnetdb.o misc/./praton.o misc/./prolock.o misc/./prrng.o misc/./prsystem.o misc/./prthinfo.o misc/./prtpool.o misc/./prtrace.o misc/./prtime.o pthreads/./ptsynch.o pthreads/./ptio.o pthreads/./ptthread.o pthreads/./ptmisc.o md/unix/./unix.o md/unix/./unix_errors.o md/unix/./uxproces.o md/unix/./uxrng.o md/unix/./uxshm.o md/unix/./uxwrap.o md/unix/./linux.o     -lpthread -ldl -lrt
../../config/./nsinstall -R -m 444 ./libnspr4.so ../../dist/lib
../../config/./nsinstall -R -m 444 ./libnspr4.so ../../dist/bin
make[3]: Leaving directory '/tmp/work/src/nspr-4.16/nspr/pr/src'
make[2]: Leaving directory '/tmp/work/src/nspr-4.16/nspr/pr/src'
make[1]: Leaving directory '/tmp/work/src/nspr-4.16/nspr/pr'
/usr/bin/make -C lib export
make[1]: Entering directory '/tmp/work/src/nspr-4.16/nspr/lib'
/usr/bin/make -C ds export
make[2]: Entering directory '/tmp/work/src/nspr-4.16/nspr/lib/ds'
gcc -o plarena.o -c -fvisibility=hidden    -U_FORTIFY_SOURCE -march=armv7-a -mfloat-abi=hard -mfpu=vfpv3-d16 -O2 -pipe  -Wall -pthread -g -fno-inline -fPIC  -UNDEBUG -DDEBUG_root -DPACKAGE_NAME=\"\" -DPACKAGE_TARNAME=\"\" -DPACKAGE_VERSION=\"\" -DPACKAGE_STRING=\"\" -DPACKAGE_BUGREPORT=\"\" -DPACKAGE_URL=\"\" -DMOZILLA_CLIENT=1 -DDEBUG=1 -DHAVE_VISIBILITY_HIDDEN_ATTRIBUTE=1 -DHAVE_VISIBILITY_PRAGMA=1 -DXP_UNIX=1 -D_GNU_SOURCE=1 -DHAVE_FCNTL_FILE_LOCKING=1 -DHAVE_POINTER_LOCALTIME_R=1 -DLINUX=1 -DHAVE_DLADDR=1 -DHAVE_LCHOWN=1 -DHAVE_SETPRIORITY=1 -DHAVE_STRERROR=1 -DHAVE_SYSCALL=1 -DHAVE_SECURE_GETENV=1 -D_REENTRANT=1 -DFORCE_PR_LOG -D_PR_PTHREADS -UHAVE_CVAR_BUILT_ON_SEM -I../../dist/include/nspr -I../../pr/include  plarena.c
gcc -o plhash.o -c -fvisibility=hidden    -U_FORTIFY_SOURCE -march=armv7-a -mfloat-abi=hard -mfpu=vfpv3-d16 -O2 -pipe  -Wall -pthread -g -fno-inline -fPIC  -UNDEBUG -DDEBUG_root -DPACKAGE_NAME=\"\" -DPACKAGE_TARNAME=\"\" -DPACKAGE_VERSION=\"\" -DPACKAGE_STRING=\"\" -DPACKAGE_BUGREPORT=\"\" -DPACKAGE_URL=\"\" -DMOZILLA_CLIENT=1 -DDEBUG=1 -DHAVE_VISIBILITY_HIDDEN_ATTRIBUTE=1 -DHAVE_VISIBILITY_PRAGMA=1 -DXP_UNIX=1 -D_GNU_SOURCE=1 -DHAVE_FCNTL_FILE_LOCKING=1 -DHAVE_POINTER_LOCALTIME_R=1 -DLINUX=1 -DHAVE_DLADDR=1 -DHAVE_LCHOWN=1 -DHAVE_SETPRIORITY=1 -DHAVE_STRERROR=1 -DHAVE_SYSCALL=1 -DHAVE_SECURE_GETENV=1 -D_REENTRANT=1 -DFORCE_PR_LOG -D_PR_PTHREADS -UHAVE_CVAR_BUILT_ON_SEM -I../../dist/include/nspr -I../../pr/include  plhash.c
gcc -o plvrsion.o -c -fvisibility=hidden    -U_FORTIFY_SOURCE -march=armv7-a -mfloat-abi=hard -mfpu=vfpv3-d16 -O2 -pipe  -Wall -pthread -g -fno-inline -fPIC  -UNDEBUG -DDEBUG_root -DPACKAGE_NAME=\"\" -DPACKAGE_TARNAME=\"\" -DPACKAGE_VERSION=\"\" -DPACKAGE_STRING=\"\" -DPACKAGE_BUGREPORT=\"\" -DPACKAGE_URL=\"\" -DMOZILLA_CLIENT=1 -DDEBUG=1 -DHAVE_VISIBILITY_HIDDEN_ATTRIBUTE=1 -DHAVE_VISIBILITY_PRAGMA=1 -DXP_UNIX=1 -D_GNU_SOURCE=1 -DHAVE_FCNTL_FILE_LOCKING=1 -DHAVE_POINTER_LOCALTIME_R=1 -DLINUX=1 -DHAVE_DLADDR=1 -DHAVE_LCHOWN=1 -DHAVE_SETPRIORITY=1 -DHAVE_STRERROR=1 -DHAVE_SYSCALL=1 -DHAVE_SECURE_GETENV=1 -D_REENTRANT=1 -DFORCE_PR_LOG -D_PR_PTHREADS -UHAVE_CVAR_BUILT_ON_SEM -I../../dist/include/nspr -I../../pr/include  -I. plvrsion.c
rm -f libplds4.so
gcc -shared -Wl,-soname -Wl,libplds4.so -o libplds4.so ./plarena.o ./plhash.o ./plvrsion.o     -L../../dist/lib -lnspr4
../../config/./nsinstall -R -m 444 ./plarenas.h ./plarena.h ./plhash.h ../../dist/include/nspr
../../config/./nsinstall -R -m 444 ./libplds4.so ../../dist/lib
../../config/./nsinstall -R -m 444 ./libplds4.so ../../dist/bin
make[2]: Leaving directory '/tmp/work/src/nspr-4.16/nspr/lib/ds'
/usr/bin/make -C libc export
make[2]: Entering directory '/tmp/work/src/nspr-4.16/nspr/lib/libc'
/usr/bin/make -C include export
make[3]: Entering directory '/tmp/work/src/nspr-4.16/nspr/lib/libc/include'
../../../config/./nsinstall -R -m 444 ./plbase64.h ./plstr.h ./plgetopt.h ./plerror.h ../../../dist/include/nspr
make[3]: Leaving directory '/tmp/work/src/nspr-4.16/nspr/lib/libc/include'
/usr/bin/make -C src export
make[3]: Entering directory '/tmp/work/src/nspr-4.16/nspr/lib/libc/src'
gcc -o plvrsion.o -c -fvisibility=hidden    -U_FORTIFY_SOURCE -march=armv7-a -mfloat-abi=hard -mfpu=vfpv3-d16 -O2 -pipe  -Wall -pthread -g -fno-inline -fPIC  -UNDEBUG -DDEBUG_root -DPACKAGE_NAME=\"\" -DPACKAGE_TARNAME=\"\" -DPACKAGE_VERSION=\"\" -DPACKAGE_STRING=\"\" -DPACKAGE_BUGREPORT=\"\" -DPACKAGE_URL=\"\" -DMOZILLA_CLIENT=1 -DDEBUG=1 -DHAVE_VISIBILITY_HIDDEN_ATTRIBUTE=1 -DHAVE_VISIBILITY_PRAGMA=1 -DXP_UNIX=1 -D_GNU_SOURCE=1 -DHAVE_FCNTL_FILE_LOCKING=1 -DHAVE_POINTER_LOCALTIME_R=1 -DLINUX=1 -DHAVE_DLADDR=1 -DHAVE_LCHOWN=1 -DHAVE_SETPRIORITY=1 -DHAVE_STRERROR=1 -DHAVE_SYSCALL=1 -DHAVE_SECURE_GETENV=1 -D_REENTRANT=1 -DFORCE_PR_LOG -D_PR_PTHREADS -UHAVE_CVAR_BUILT_ON_SEM -I../../../dist/include/nspr  -I. plvrsion.c
gcc -o strlen.o -c -fvisibility=hidden    -U_FORTIFY_SOURCE -march=armv7-a -mfloat-abi=hard -mfpu=vfpv3-d16 -O2 -pipe  -Wall -pthread -g -fno-inline -fPIC  -UNDEBUG -DDEBUG_root -DPACKAGE_NAME=\"\" -DPACKAGE_TARNAME=\"\" -DPACKAGE_VERSION=\"\" -DPACKAGE_STRING=\"\" -DPACKAGE_BUGREPORT=\"\" -DPACKAGE_URL=\"\" -DMOZILLA_CLIENT=1 -DDEBUG=1 -DHAVE_VISIBILITY_HIDDEN_ATTRIBUTE=1 -DHAVE_VISIBILITY_PRAGMA=1 -DXP_UNIX=1 -D_GNU_SOURCE=1 -DHAVE_FCNTL_FILE_LOCKING=1 -DHAVE_POINTER_LOCALTIME_R=1 -DLINUX=1 -DHAVE_DLADDR=1 -DHAVE_LCHOWN=1 -DHAVE_SETPRIORITY=1 -DHAVE_STRERROR=1 -DHAVE_SYSCALL=1 -DHAVE_SECURE_GETENV=1 -D_REENTRANT=1 -DFORCE_PR_LOG -D_PR_PTHREADS -UHAVE_CVAR_BUILT_ON_SEM -I../../../dist/include/nspr  strlen.c
gcc -o strcpy.o -c -fvisibility=hidden    -U_FORTIFY_SOURCE -march=armv7-a -mfloat-abi=hard -mfpu=vfpv3-d16 -O2 -pipe  -Wall -pthread -g -fno-inline -fPIC  -UNDEBUG -DDEBUG_root -DPACKAGE_NAME=\"\" -DPACKAGE_TARNAME=\"\" -DPACKAGE_VERSION=\"\" -DPACKAGE_STRING=\"\" -DPACKAGE_BUGREPORT=\"\" -DPACKAGE_URL=\"\" -DMOZILLA_CLIENT=1 -DDEBUG=1 -DHAVE_VISIBILITY_HIDDEN_ATTRIBUTE=1 -DHAVE_VISIBILITY_PRAGMA=1 -DXP_UNIX=1 -D_GNU_SOURCE=1 -DHAVE_FCNTL_FILE_LOCKING=1 -DHAVE_POINTER_LOCALTIME_R=1 -DLINUX=1 -DHAVE_DLADDR=1 -DHAVE_LCHOWN=1 -DHAVE_SETPRIORITY=1 -DHAVE_STRERROR=1 -DHAVE_SYSCALL=1 -DHAVE_SECURE_GETENV=1 -D_REENTRANT=1 -DFORCE_PR_LOG -D_PR_PTHREADS -UHAVE_CVAR_BUILT_ON_SEM -I../../../dist/include/nspr  strcpy.c
gcc -o strdup.o -c -fvisibility=hidden    -U_FORTIFY_SOURCE -march=armv7-a -mfloat-abi=hard -mfpu=vfpv3-d16 -O2 -pipe  -Wall -pthread -g -fno-inline -fPIC  -UNDEBUG -DDEBUG_root -DPACKAGE_NAME=\"\" -DPACKAGE_TARNAME=\"\" -DPACKAGE_VERSION=\"\" -DPACKAGE_STRING=\"\" -DPACKAGE_BUGREPORT=\"\" -DPACKAGE_URL=\"\" -DMOZILLA_CLIENT=1 -DDEBUG=1 -DHAVE_VISIBILITY_HIDDEN_ATTRIBUTE=1 -DHAVE_VISIBILITY_PRAGMA=1 -DXP_UNIX=1 -D_GNU_SOURCE=1 -DHAVE_FCNTL_FILE_LOCKING=1 -DHAVE_POINTER_LOCALTIME_R=1 -DLINUX=1 -DHAVE_DLADDR=1 -DHAVE_LCHOWN=1 -DHAVE_SETPRIORITY=1 -DHAVE_STRERROR=1 -DHAVE_SYSCALL=1 -DHAVE_SECURE_GETENV=1 -D_REENTRANT=1 -DFORCE_PR_LOG -D_PR_PTHREADS -UHAVE_CVAR_BUILT_ON_SEM -I../../../dist/include/nspr  strdup.c
gcc -o strcase.o -c -fvisibility=hidden    -U_FORTIFY_SOURCE -march=armv7-a -mfloat-abi=hard -mfpu=vfpv3-d16 -O2 -pipe  -Wall -pthread -g -fno-inline -fPIC  -UNDEBUG -DDEBUG_root -DPACKAGE_NAME=\"\" -DPACKAGE_TARNAME=\"\" -DPACKAGE_VERSION=\"\" -DPACKAGE_STRING=\"\" -DPACKAGE_BUGREPORT=\"\" -DPACKAGE_URL=\"\" -DMOZILLA_CLIENT=1 -DDEBUG=1 -DHAVE_VISIBILITY_HIDDEN_ATTRIBUTE=1 -DHAVE_VISIBILITY_PRAGMA=1 -DXP_UNIX=1 -D_GNU_SOURCE=1 -DHAVE_FCNTL_FILE_LOCKING=1 -DHAVE_POINTER_LOCALTIME_R=1 -DLINUX=1 -DHAVE_DLADDR=1 -DHAVE_LCHOWN=1 -DHAVE_SETPRIORITY=1 -DHAVE_STRERROR=1 -DHAVE_SYSCALL=1 -DHAVE_SECURE_GETENV=1 -D_REENTRANT=1 -DFORCE_PR_LOG -D_PR_PTHREADS -UHAVE_CVAR_BUILT_ON_SEM -I../../../dist/include/nspr  strcase.c
gcc -o strcat.o -c -fvisibility=hidden    -U_FORTIFY_SOURCE -march=armv7-a -mfloat-abi=hard -mfpu=vfpv3-d16 -O2 -pipe  -Wall -pthread -g -fno-inline -fPIC  -UNDEBUG -DDEBUG_root -DPACKAGE_NAME=\"\" -DPACKAGE_TARNAME=\"\" -DPACKAGE_VERSION=\"\" -DPACKAGE_STRING=\"\" -DPACKAGE_BUGREPORT=\"\" -DPACKAGE_URL=\"\" -DMOZILLA_CLIENT=1 -DDEBUG=1 -DHAVE_VISIBILITY_HIDDEN_ATTRIBUTE=1 -DHAVE_VISIBILITY_PRAGMA=1 -DXP_UNIX=1 -D_GNU_SOURCE=1 -DHAVE_FCNTL_FILE_LOCKING=1 -DHAVE_POINTER_LOCALTIME_R=1 -DLINUX=1 -DHAVE_DLADDR=1 -DHAVE_LCHOWN=1 -DHAVE_SETPRIORITY=1 -DHAVE_STRERROR=1 -DHAVE_SYSCALL=1 -DHAVE_SECURE_GETENV=1 -D_REENTRANT=1 -DFORCE_PR_LOG -D_PR_PTHREADS -UHAVE_CVAR_BUILT_ON_SEM -I../../../dist/include/nspr  strcat.c
gcc -o strcmp.o -c -fvisibility=hidden    -U_FORTIFY_SOURCE -march=armv7-a -mfloat-abi=hard -mfpu=vfpv3-d16 -O2 -pipe  -Wall -pthread -g -fno-inline -fPIC  -UNDEBUG -DDEBUG_root -DPACKAGE_NAME=\"\" -DPACKAGE_TARNAME=\"\" -DPACKAGE_VERSION=\"\" -DPACKAGE_STRING=\"\" -DPACKAGE_BUGREPORT=\"\" -DPACKAGE_URL=\"\" -DMOZILLA_CLIENT=1 -DDEBUG=1 -DHAVE_VISIBILITY_HIDDEN_ATTRIBUTE=1 -DHAVE_VISIBILITY_PRAGMA=1 -DXP_UNIX=1 -D_GNU_SOURCE=1 -DHAVE_FCNTL_FILE_LOCKING=1 -DHAVE_POINTER_LOCALTIME_R=1 -DLINUX=1 -DHAVE_DLADDR=1 -DHAVE_LCHOWN=1 -DHAVE_SETPRIORITY=1 -DHAVE_STRERROR=1 -DHAVE_SYSCALL=1 -DHAVE_SECURE_GETENV=1 -D_REENTRANT=1 -DFORCE_PR_LOG -D_PR_PTHREADS -UHAVE_CVAR_BUILT_ON_SEM -I../../../dist/include/nspr  strcmp.c
gcc -o strchr.o -c -fvisibility=hidden    -U_FORTIFY_SOURCE -march=armv7-a -mfloat-abi=hard -mfpu=vfpv3-d16 -O2 -pipe  -Wall -pthread -g -fno-inline -fPIC  -UNDEBUG -DDEBUG_root -DPACKAGE_NAME=\"\" -DPACKAGE_TARNAME=\"\" -DPACKAGE_VERSION=\"\" -DPACKAGE_STRING=\"\" -DPACKAGE_BUGREPORT=\"\" -DPACKAGE_URL=\"\" -DMOZILLA_CLIENT=1 -DDEBUG=1 -DHAVE_VISIBILITY_HIDDEN_ATTRIBUTE=1 -DHAVE_VISIBILITY_PRAGMA=1 -DXP_UNIX=1 -D_GNU_SOURCE=1 -DHAVE_FCNTL_FILE_LOCKING=1 -DHAVE_POINTER_LOCALTIME_R=1 -DLINUX=1 -DHAVE_DLADDR=1 -DHAVE_LCHOWN=1 -DHAVE_SETPRIORITY=1 -DHAVE_STRERROR=1 -DHAVE_SYSCALL=1 -DHAVE_SECURE_GETENV=1 -D_REENTRANT=1 -DFORCE_PR_LOG -D_PR_PTHREADS -UHAVE_CVAR_BUILT_ON_SEM -I../../../dist/include/nspr  strchr.c
gcc -o strpbrk.o -c -fvisibility=hidden    -U_FORTIFY_SOURCE -march=armv7-a -mfloat-abi=hard -mfpu=vfpv3-d16 -O2 -pipe  -Wall -pthread -g -fno-inline -fPIC  -UNDEBUG -DDEBUG_root -DPACKAGE_NAME=\"\" -DPACKAGE_TARNAME=\"\" -DPACKAGE_VERSION=\"\" -DPACKAGE_STRING=\"\" -DPACKAGE_BUGREPORT=\"\" -DPACKAGE_URL=\"\" -DMOZILLA_CLIENT=1 -DDEBUG=1 -DHAVE_VISIBILITY_HIDDEN_ATTRIBUTE=1 -DHAVE_VISIBILITY_PRAGMA=1 -DXP_UNIX=1 -D_GNU_SOURCE=1 -DHAVE_FCNTL_FILE_LOCKING=1 -DHAVE_POINTER_LOCALTIME_R=1 -DLINUX=1 -DHAVE_DLADDR=1 -DHAVE_LCHOWN=1 -DHAVE_SETPRIORITY=1 -DHAVE_STRERROR=1 -DHAVE_SYSCALL=1 -DHAVE_SECURE_GETENV=1 -D_REENTRANT=1 -DFORCE_PR_LOG -D_PR_PTHREADS -UHAVE_CVAR_BUILT_ON_SEM -I../../../dist/include/nspr  strpbrk.c
gcc -o strstr.o -c -fvisibility=hidden    -U_FORTIFY_SOURCE -march=armv7-a -mfloat-abi=hard -mfpu=vfpv3-d16 -O2 -pipe  -Wall -pthread -g -fno-inline -fPIC  -UNDEBUG -DDEBUG_root -DPACKAGE_NAME=\"\" -DPACKAGE_TARNAME=\"\" -DPACKAGE_VERSION=\"\" -DPACKAGE_STRING=\"\" -DPACKAGE_BUGREPORT=\"\" -DPACKAGE_URL=\"\" -DMOZILLA_CLIENT=1 -DDEBUG=1 -DHAVE_VISIBILITY_HIDDEN_ATTRIBUTE=1 -DHAVE_VISIBILITY_PRAGMA=1 -DXP_UNIX=1 -D_GNU_SOURCE=1 -DHAVE_FCNTL_FILE_LOCKING=1 -DHAVE_POINTER_LOCALTIME_R=1 -DLINUX=1 -DHAVE_DLADDR=1 -DHAVE_LCHOWN=1 -DHAVE_SETPRIORITY=1 -DHAVE_STRERROR=1 -DHAVE_SYSCALL=1 -DHAVE_SECURE_GETENV=1 -D_REENTRANT=1 -DFORCE_PR_LOG -D_PR_PTHREADS -UHAVE_CVAR_BUILT_ON_SEM -I../../../dist/include/nspr  strstr.c
gcc -o strtok.o -c -fvisibility=hidden    -U_FORTIFY_SOURCE -march=armv7-a -mfloat-abi=hard -mfpu=vfpv3-d16 -O2 -pipe  -Wall -pthread -g -fno-inline -fPIC  -UNDEBUG -DDEBUG_root -DPACKAGE_NAME=\"\" -DPACKAGE_TARNAME=\"\" -DPACKAGE_VERSION=\"\" -DPACKAGE_STRING=\"\" -DPACKAGE_BUGREPORT=\"\" -DPACKAGE_URL=\"\" -DMOZILLA_CLIENT=1 -DDEBUG=1 -DHAVE_VISIBILITY_HIDDEN_ATTRIBUTE=1 -DHAVE_VISIBILITY_PRAGMA=1 -DXP_UNIX=1 -D_GNU_SOURCE=1 -DHAVE_FCNTL_FILE_LOCKING=1 -DHAVE_POINTER_LOCALTIME_R=1 -DLINUX=1 -DHAVE_DLADDR=1 -DHAVE_LCHOWN=1 -DHAVE_SETPRIORITY=1 -DHAVE_STRERROR=1 -DHAVE_SYSCALL=1 -DHAVE_SECURE_GETENV=1 -D_REENTRANT=1 -DFORCE_PR_LOG -D_PR_PTHREADS -UHAVE_CVAR_BUILT_ON_SEM -I../../../dist/include/nspr  strtok.c
gcc -o base64.o -c -fvisibility=hidden    -U_FORTIFY_SOURCE -march=armv7-a -mfloat-abi=hard -mfpu=vfpv3-d16 -O2 -pipe  -Wall -pthread -g -fno-inline -fPIC  -UNDEBUG -DDEBUG_root -DPACKAGE_NAME=\"\" -DPACKAGE_TARNAME=\"\" -DPACKAGE_VERSION=\"\" -DPACKAGE_STRING=\"\" -DPACKAGE_BUGREPORT=\"\" -DPACKAGE_URL=\"\" -DMOZILLA_CLIENT=1 -DDEBUG=1 -DHAVE_VISIBILITY_HIDDEN_ATTRIBUTE=1 -DHAVE_VISIBILITY_PRAGMA=1 -DXP_UNIX=1 -D_GNU_SOURCE=1 -DHAVE_FCNTL_FILE_LOCKING=1 -DHAVE_POINTER_LOCALTIME_R=1 -DLINUX=1 -DHAVE_DLADDR=1 -DHAVE_LCHOWN=1 -DHAVE_SETPRIORITY=1 -DHAVE_STRERROR=1 -DHAVE_SYSCALL=1 -DHAVE_SECURE_GETENV=1 -D_REENTRANT=1 -DFORCE_PR_LOG -D_PR_PTHREADS -UHAVE_CVAR_BUILT_ON_SEM -I../../../dist/include/nspr  base64.c
gcc -o plerror.o -c -fvisibility=hidden    -U_FORTIFY_SOURCE -march=armv7-a -mfloat-abi=hard -mfpu=vfpv3-d16 -O2 -pipe  -Wall -pthread -g -fno-inline -fPIC  -UNDEBUG -DDEBUG_root -DPACKAGE_NAME=\"\" -DPACKAGE_TARNAME=\"\" -DPACKAGE_VERSION=\"\" -DPACKAGE_STRING=\"\" -DPACKAGE_BUGREPORT=\"\" -DPACKAGE_URL=\"\" -DMOZILLA_CLIENT=1 -DDEBUG=1 -DHAVE_VISIBILITY_HIDDEN_ATTRIBUTE=1 -DHAVE_VISIBILITY_PRAGMA=1 -DXP_UNIX=1 -D_GNU_SOURCE=1 -DHAVE_FCNTL_FILE_LOCKING=1 -DHAVE_POINTER_LOCALTIME_R=1 -DLINUX=1 -DHAVE_DLADDR=1 -DHAVE_LCHOWN=1 -DHAVE_SETPRIORITY=1 -DHAVE_STRERROR=1 -DHAVE_SYSCALL=1 -DHAVE_SECURE_GETENV=1 -D_REENTRANT=1 -DFORCE_PR_LOG -D_PR_PTHREADS -UHAVE_CVAR_BUILT_ON_SEM -I../../../dist/include/nspr  plerror.c
gcc -o plgetopt.o -c -fvisibility=hidden    -U_FORTIFY_SOURCE -march=armv7-a -mfloat-abi=hard -mfpu=vfpv3-d16 -O2 -pipe  -Wall -pthread -g -fno-inline -fPIC  -UNDEBUG -DDEBUG_root -DPACKAGE_NAME=\"\" -DPACKAGE_TARNAME=\"\" -DPACKAGE_VERSION=\"\" -DPACKAGE_STRING=\"\" -DPACKAGE_BUGREPORT=\"\" -DPACKAGE_URL=\"\" -DMOZILLA_CLIENT=1 -DDEBUG=1 -DHAVE_VISIBILITY_HIDDEN_ATTRIBUTE=1 -DHAVE_VISIBILITY_PRAGMA=1 -DXP_UNIX=1 -D_GNU_SOURCE=1 -DHAVE_FCNTL_FILE_LOCKING=1 -DHAVE_POINTER_LOCALTIME_R=1 -DLINUX=1 -DHAVE_DLADDR=1 -DHAVE_LCHOWN=1 -DHAVE_SETPRIORITY=1 -DHAVE_STRERROR=1 -DHAVE_SYSCALL=1 -DHAVE_SECURE_GETENV=1 -D_REENTRANT=1 -DFORCE_PR_LOG -D_PR_PTHREADS -UHAVE_CVAR_BUILT_ON_SEM -I../../../dist/include/nspr  plgetopt.c
rm -f libplc4.so
gcc -shared -Wl,-soname -Wl,libplc4.so -o libplc4.so ./plvrsion.o ./strlen.o ./strcpy.o ./strdup.o ./strcase.o ./strcat.o ./strcmp.o ./strchr.o ./strpbrk.o ./strstr.o ./strtok.o ./base64.o ./plerror.o ./plgetopt.o     -L../../../dist/lib -lnspr4
../../../config/./nsinstall -R -m 444 ./libplc4.so ../../../dist/lib
../../../config/./nsinstall -R -m 444 ./libplc4.so ../../../dist/bin
make[3]: Leaving directory '/tmp/work/src/nspr-4.16/nspr/lib/libc/src'
make[2]: Leaving directory '/tmp/work/src/nspr-4.16/nspr/lib/libc'
make[1]: Leaving directory '/tmp/work/src/nspr-4.16/nspr/lib'
/usr/bin/make -C config install
make[1]: Entering directory '/tmp/work/src/nspr-4.16/nspr/config'
../config/./nsinstall -t -m 0755 nspr-config /tmp/work/pkg/usr/bin
../config/./nsinstall -D /tmp/work/pkg/usr/share/aclocal
../config/./nsinstall -t -m 0644 nspr.m4 /tmp/work/pkg/usr/share/aclocal
../config/./nsinstall -D /tmp/work/pkg/usr/lib/pkgconfig
../config/./nsinstall -t -m 0644 nspr.pc /tmp/work/pkg/usr/lib/pkgconfig
make[1]: Leaving directory '/tmp/work/src/nspr-4.16/nspr/config'
/usr/bin/make -C pr install
make[1]: Entering directory '/tmp/work/src/nspr-4.16/nspr/pr'
/usr/bin/make -C include install
make[2]: Entering directory '/tmp/work/src/nspr-4.16/nspr/pr/include'
../../config/./nsinstall -t -m 0644 ./prcvar.h ./prbit.h ./prrng.h ./prtypes.h ./prrwlock.h ./prlink.h ./prdtoa.h ./prtrace.h ./prmem.h ./prprf.h ./prsystem.h ./prshm.h ./prolock.h ./prlog.h ./prinrval.h ./prcountr.h ./prtime.h ./prwin16.h ./prinet.h ./prcmon.h ./prtpool.h ./prinit.h ./prerr.h ./prclist.h ./prmon.h ./prmwait.h ./prproces.h ./prlock.h ./prio.h ./pratom.h ./prpdce.h ./prenv.h ./prshma.h ./prvrsion.h ./prlong.h ./nspr.h ./pripcsem.h ./prnetdb.h ./prthread.h ./prerror.h /tmp/work/pkg/usr/include/nspr/
/usr/bin/make -C md install
make[3]: Entering directory '/tmp/work/src/nspr-4.16/nspr/pr/include/md'
../../../config/./nsinstall -D /tmp/work/pkg/usr/include/nspr/md
../../../config/./nsinstall -t -m 644 ./_scoos.cfg ./_nto.cfg ./_riscos.cfg ./_dgux.cfg ./_aix32.cfg ./_hpux64.cfg ./_os2.cfg ./_linux.cfg ./_qnx.cfg ./_darwin.cfg ./_bsdi.cfg ./_beos.cfg ./_irix64.cfg ./_openbsd.cfg ./_win95.cfg ./_aix64.cfg ./_solaris.cfg ./_unixware7.cfg ./_netbsd.cfg ./_freebsd.cfg ./_winnt.cfg ./_osf1.cfg ./_irix32.cfg ./_unixware.cfg ./_symbian.cfg ./_hpux32.cfg /tmp/work/pkg/usr/include/nspr/md
../../../config/./nsinstall -t -m 644 ./_linux.cfg /tmp/work/pkg/usr/include/nspr
mv -f /tmp/work/pkg/usr/include/nspr/_linux.cfg /tmp/work/pkg/usr/include/nspr/prcpucfg.h
make[3]: Leaving directory '/tmp/work/src/nspr-4.16/nspr/pr/include/md'
/usr/bin/make -C private install
make[3]: Entering directory '/tmp/work/src/nspr-4.16/nspr/pr/include/private'
../../../config/./nsinstall -t -m 0644 ./pprio.h ./pprthred.h ./prpriv.h /tmp/work/pkg/usr/include/nspr/private
make[3]: Leaving directory '/tmp/work/src/nspr-4.16/nspr/pr/include/private'
/usr/bin/make -C obsolete install
make[3]: Entering directory '/tmp/work/src/nspr-4.16/nspr/pr/include/obsolete'
../../../config/./nsinstall -t -m 0644 ./pralarm.h ./probslet.h ./protypes.h ./prsem.h /tmp/work/pkg/usr/include/nspr/obsolete
make[3]: Leaving directory '/tmp/work/src/nspr-4.16/nspr/pr/include/obsolete'
make[2]: Leaving directory '/tmp/work/src/nspr-4.16/nspr/pr/include'
/usr/bin/make -C src install
make[2]: Entering directory '/tmp/work/src/nspr-4.16/nspr/pr/src'
../../config/./nsinstall -t -m 0755 ./libnspr4.so /tmp/work/pkg/usr/lib/
/usr/bin/make -C io install
make[3]: Entering directory '/tmp/work/src/nspr-4.16/nspr/pr/src/io'
make[3]: Nothing to be done for 'install'.
make[3]: Leaving directory '/tmp/work/src/nspr-4.16/nspr/pr/src/io'
/usr/bin/make -C linking install
make[3]: Entering directory '/tmp/work/src/nspr-4.16/nspr/pr/src/linking'
make[3]: Nothing to be done for 'install'.
make[3]: Leaving directory '/tmp/work/src/nspr-4.16/nspr/pr/src/linking'
/usr/bin/make -C malloc install
make[3]: Entering directory '/tmp/work/src/nspr-4.16/nspr/pr/src/malloc'
make[3]: Nothing to be done for 'install'.
make[3]: Leaving directory '/tmp/work/src/nspr-4.16/nspr/pr/src/malloc'
/usr/bin/make -C md install
make[3]: Entering directory '/tmp/work/src/nspr-4.16/nspr/pr/src/md'
/usr/bin/make -C unix install
make[4]: Entering directory '/tmp/work/src/nspr-4.16/nspr/pr/src/md/unix'
make[4]: Nothing to be done for 'install'.
make[4]: Leaving directory '/tmp/work/src/nspr-4.16/nspr/pr/src/md/unix'
make[3]: Leaving directory '/tmp/work/src/nspr-4.16/nspr/pr/src/md'
/usr/bin/make -C memory install
make[3]: Entering directory '/tmp/work/src/nspr-4.16/nspr/pr/src/memory'
make[3]: Nothing to be done for 'install'.
make[3]: Leaving directory '/tmp/work/src/nspr-4.16/nspr/pr/src/memory'
/usr/bin/make -C misc install
make[3]: Entering directory '/tmp/work/src/nspr-4.16/nspr/pr/src/misc'
make[3]: Nothing to be done for 'install'.
make[3]: Leaving directory '/tmp/work/src/nspr-4.16/nspr/pr/src/misc'
/usr/bin/make -C threads install
make[3]: Entering directory '/tmp/work/src/nspr-4.16/nspr/pr/src/threads'
make[3]: Nothing to be done for 'install'.
make[3]: Leaving directory '/tmp/work/src/nspr-4.16/nspr/pr/src/threads'
/usr/bin/make -C pthreads install
make[3]: Entering directory '/tmp/work/src/nspr-4.16/nspr/pr/src/pthreads'
make[3]: Nothing to be done for 'install'.
make[3]: Leaving directory '/tmp/work/src/nspr-4.16/nspr/pr/src/pthreads'
make[2]: Leaving directory '/tmp/work/src/nspr-4.16/nspr/pr/src'
make[1]: Leaving directory '/tmp/work/src/nspr-4.16/nspr/pr'
/usr/bin/make -C lib install
make[1]: Entering directory '/tmp/work/src/nspr-4.16/nspr/lib'
/usr/bin/make -C ds install
make[2]: Entering directory '/tmp/work/src/nspr-4.16/nspr/lib/ds'
../../config/./nsinstall -t -m 0644 ./plarenas.h ./plarena.h ./plhash.h /tmp/work/pkg/usr/include/nspr/
../../config/./nsinstall -t -m 0755 ./libplds4.so /tmp/work/pkg/usr/lib/
make[2]: Leaving directory '/tmp/work/src/nspr-4.16/nspr/lib/ds'
/usr/bin/make -C libc install
make[2]: Entering directory '/tmp/work/src/nspr-4.16/nspr/lib/libc'
/usr/bin/make -C include install
make[3]: Entering directory '/tmp/work/src/nspr-4.16/nspr/lib/libc/include'
../../../config/./nsinstall -t -m 0644 ./plbase64.h ./plstr.h ./plgetopt.h ./plerror.h /tmp/work/pkg/usr/include/nspr/
make[3]: Leaving directory '/tmp/work/src/nspr-4.16/nspr/lib/libc/include'
/usr/bin/make -C src install
make[3]: Entering directory '/tmp/work/src/nspr-4.16/nspr/lib/libc/src'
../../../config/./nsinstall -t -m 0755 ./libplc4.so /tmp/work/pkg/usr/lib/
make[3]: Leaving directory '/tmp/work/src/nspr-4.16/nspr/lib/libc/src'
make[2]: Leaving directory '/tmp/work/src/nspr-4.16/nspr/lib/libc'
make[1]: Leaving directory '/tmp/work/src/nspr-4.16/nspr/lib'
=======> nspr arşivine üstbilgiler ekleniyor.
=======> nspr#4.16-armv7l.mps sıkıştırılıyor.
