=======> isim: popt
=======> surum: 1.16
=======> devir: 1
=======> İndiriliyor http://rpm5.org/files/popt/popt-1.16.tar.gz
=======> kayıt:/sources/popt-1.16.tar.gz
hash kontrol dosyası yok-hash kontrolü yapılmayacak.
=======> Derleniyor '/root/milis-arm/genel/popt/popt#1.16-armv7l.mps.lz'.
tar -p -C /tmp/work/src -xf /sources/popt-1.16.tar.gz
checking build system type... armv7l-unknown-linux-gnueabi
checking host system type... armv7l-unknown-linux-gnueabi
checking target system type... armv7l-unknown-linux-gnueabi
checking for a BSD-compatible install... /usr/bin/install -c
checking whether build environment is sane... yes
checking for a thread-safe mkdir -p... /bin/mkdir -p
checking for gawk... gawk
checking whether make sets $(MAKE)... yes
checking whether to enable maintainer-specific portions of Makefiles... no
checking for style of include used by make... GNU
checking for gcc... gcc
checking for C compiler default output file name... a.out
checking whether the C compiler works... yes
checking whether we are cross compiling... no
checking for suffix of executables... 
checking for suffix of object files... o
checking whether we are using the GNU C compiler... yes
checking whether gcc accepts -g... yes
checking for gcc option to accept ISO C89... none needed
checking dependency style of gcc... gcc3
checking for gcc option to accept ISO C99... none needed
checking for gcc option to accept ISO Standard C... (cached) none needed
checking for gcc... (cached) gcc
checking whether we are using the GNU C compiler... (cached) yes
checking whether gcc accepts -g... (cached) yes
checking for gcc option to accept ISO C89... (cached) none needed
checking dependency style of gcc... (cached) gcc3
checking for a BSD-compatible install... /usr/bin/install -c
checking for a sed that does not truncate output... /bin/sed
checking for grep that handles long lines and -e... /bin/grep
checking for egrep... /bin/grep -E
checking for fgrep... /bin/grep -F
checking for ld used by gcc... /bin/ld
checking if the linker (/bin/ld) is GNU ld... yes
checking for BSD- or MS-compatible name lister (nm)... /bin/nm -B
checking the name lister (/bin/nm -B) interface... BSD nm
checking whether ln -s works... yes
checking the maximum length of command line arguments... 1572864
checking whether the shell understands some XSI constructs... yes
checking whether the shell understands "+="... yes
checking for /bin/ld option to reload object files... -r
checking for objdump... objdump
checking how to recognize dependent libraries... pass_all
checking for ar... ar
checking for strip... strip
checking for ranlib... ranlib
checking command to parse /bin/nm -B output from gcc object... ok
checking how to run the C preprocessor... gcc -E
checking for ANSI C header files... yes
checking for sys/types.h... yes
checking for sys/stat.h... yes
checking for stdlib.h... yes
checking for string.h... yes
checking for memory.h... yes
checking for strings.h... yes
checking for inttypes.h... yes
checking for stdint.h... yes
checking for unistd.h... yes
checking for dlfcn.h... yes
checking for objdir... .libs
checking if gcc supports -fno-rtti -fno-exceptions... no
checking for gcc option to produce PIC... -fPIC -DPIC
checking if gcc PIC flag -fPIC -DPIC works... yes
checking if gcc static flag -static works... yes
checking if gcc supports -c -o file.o... yes
checking if gcc supports -c -o file.o... (cached) yes
checking whether the gcc linker (/bin/ld) supports shared libraries... yes
checking whether -lc should be explicitly linked in... no
checking dynamic linker characteristics... GNU/Linux ld.so
checking how to hardcode library paths into programs... immediate
checking whether stripping libraries is possible... yes
checking if libtool supports shared libraries... yes
checking whether to build shared libraries... yes
checking whether to build static libraries... yes
checking whether gcc needs -traditional... no
checking for special C compiler options needed for large files... no
checking for _FILE_OFFSET_BITS value needed for large files... 64
checking for library containing strerror... none required
checking for function prototypes... yes
checking for string.h... (cached) yes
checking float.h usability... yes
checking float.h presence... yes
checking for float.h... yes
checking fnmatch.h usability... yes
checking fnmatch.h presence... yes
checking for fnmatch.h... yes
checking glob.h usability... yes
checking glob.h presence... yes
checking for glob.h... yes
checking langinfo.h usability... yes
checking langinfo.h presence... yes
checking for langinfo.h... yes
checking libintl.h usability... yes
checking libintl.h presence... yes
checking for libintl.h... yes
checking mcheck.h usability... yes
checking mcheck.h presence... yes
checking for mcheck.h... yes
checking for unistd.h... (cached) yes
checking for setreuid... yes
checking for getuid... yes
checking for geteuid... yes
checking for iconv... yes
checking for mtrace... yes
checking for __secure_getenv... no
checking for setregid... yes
checking for stpcpy... yes
checking for strerror... yes
checking for vasprintf... yes
checking for srandom... yes
checking whether NLS is requested... yes
checking for msgfmt... /usr/bin/msgfmt
checking for gmsgfmt... /usr/bin/msgfmt
checking for xgettext... /usr/bin/xgettext
checking for msgmerge... /usr/bin/msgmerge
checking for ld used by GCC... /bin/ld
checking if the linker (/bin/ld) is GNU ld... yes
checking for shared library run path origin... done
checking for CFPreferencesCopyAppValue... no
checking for CFLocaleCopyCurrent... no
checking for GNU gettext in libc... yes
checking whether to use NLS... yes
checking where the gettext function comes from... libc
checking for iconv... yes
checking for working iconv... yes
configure: creating ./config.status
config.status: creating po/Makefile.in
config.status: creating m4/Makefile
config.status: creating Doxyfile
config.status: creating Makefile
config.status: creating popt.pc
config.status: creating popt.spec
config.status: creating test-poptrc
config.status: creating auto/Makefile
config.status: creating auto/desc
config.status: creating auto/types
config.status: creating config.h
config.status: executing depfiles commands
config.status: executing libtool commands
config.status: executing po-directories commands
config.status: creating po/POTFILES
config.status: creating po/Makefile
/usr/bin/make  all-recursive
make[1]: Entering directory '/tmp/work/src/popt-1.16'
Making all in po
make[2]: Entering directory '/tmp/work/src/popt-1.16/po'
make[2]: Leaving directory '/tmp/work/src/popt-1.16/po'
Making all in .
make[2]: Entering directory '/tmp/work/src/popt-1.16'
/bin/sh ./libtool --tag=CC   --mode=compile gcc -DHAVE_CONFIG_H -I.  -I. -I.   -U_FORTIFY_SOURCE -march=armv7-a -mfloat-abi=hard -mfpu=vfpv3-d16 -O2 -pipe  -Wall -W -D_GNU_SOURCE -D_REENTRANT -MT popt.lo -MD -MP -MF .deps/popt.Tpo -c -o popt.lo popt.c
/bin/sh ./libtool --tag=CC   --mode=compile gcc -DHAVE_CONFIG_H -I.  -I. -I.   -U_FORTIFY_SOURCE -march=armv7-a -mfloat-abi=hard -mfpu=vfpv3-d16 -O2 -pipe  -Wall -W -D_GNU_SOURCE -D_REENTRANT -MT poptparse.lo -MD -MP -MF .deps/poptparse.Tpo -c -o poptparse.lo poptparse.c
libtool: compile:  gcc -DHAVE_CONFIG_H -I. -I. -I. -U_FORTIFY_SOURCE -march=armv7-a -mfloat-abi=hard -mfpu=vfpv3-d16 -O2 -pipe -Wall -W -D_GNU_SOURCE -D_REENTRANT -MT popt.lo -MD -MP -MF .deps/popt.Tpo -c popt.c  -fPIC -DPIC -o .libs/popt.o
libtool: compile:  gcc -DHAVE_CONFIG_H -I. -I. -I. -U_FORTIFY_SOURCE -march=armv7-a -mfloat-abi=hard -mfpu=vfpv3-d16 -O2 -pipe -Wall -W -D_GNU_SOURCE -D_REENTRANT -MT poptparse.lo -MD -MP -MF .deps/poptparse.Tpo -c poptparse.c  -fPIC -DPIC -o .libs/poptparse.o
libtool: compile:  gcc -DHAVE_CONFIG_H -I. -I. -I. -U_FORTIFY_SOURCE -march=armv7-a -mfloat-abi=hard -mfpu=vfpv3-d16 -O2 -pipe -Wall -W -D_GNU_SOURCE -D_REENTRANT -MT poptparse.lo -MD -MP -MF .deps/poptparse.Tpo -c poptparse.c -o poptparse.o >/dev/null 2>&1
mv -f .deps/poptparse.Tpo .deps/poptparse.Plo
/bin/sh ./libtool --tag=CC   --mode=compile gcc -DHAVE_CONFIG_H -I.  -I. -I.   -U_FORTIFY_SOURCE -march=armv7-a -mfloat-abi=hard -mfpu=vfpv3-d16 -O2 -pipe  -Wall -W -D_GNU_SOURCE -D_REENTRANT -MT poptconfig.lo -MD -MP -MF .deps/poptconfig.Tpo -c -o poptconfig.lo poptconfig.c
libtool: compile:  gcc -DHAVE_CONFIG_H -I. -I. -I. -U_FORTIFY_SOURCE -march=armv7-a -mfloat-abi=hard -mfpu=vfpv3-d16 -O2 -pipe -Wall -W -D_GNU_SOURCE -D_REENTRANT -MT poptconfig.lo -MD -MP -MF .deps/poptconfig.Tpo -c poptconfig.c  -fPIC -DPIC -o .libs/poptconfig.o
libtool: compile:  gcc -DHAVE_CONFIG_H -I. -I. -I. -U_FORTIFY_SOURCE -march=armv7-a -mfloat-abi=hard -mfpu=vfpv3-d16 -O2 -pipe -Wall -W -D_GNU_SOURCE -D_REENTRANT -MT popt.lo -MD -MP -MF .deps/popt.Tpo -c popt.c -o popt.o >/dev/null 2>&1
libtool: compile:  gcc -DHAVE_CONFIG_H -I. -I. -I. -U_FORTIFY_SOURCE -march=armv7-a -mfloat-abi=hard -mfpu=vfpv3-d16 -O2 -pipe -Wall -W -D_GNU_SOURCE -D_REENTRANT -MT poptconfig.lo -MD -MP -MF .deps/poptconfig.Tpo -c poptconfig.c -o poptconfig.o >/dev/null 2>&1
mv -f .deps/poptconfig.Tpo .deps/poptconfig.Plo
/bin/sh ./libtool --tag=CC   --mode=compile gcc -DHAVE_CONFIG_H -I.  -I. -I.   -U_FORTIFY_SOURCE -march=armv7-a -mfloat-abi=hard -mfpu=vfpv3-d16 -O2 -pipe  -Wall -W -D_GNU_SOURCE -D_REENTRANT -MT popthelp.lo -MD -MP -MF .deps/popthelp.Tpo -c -o popthelp.lo popthelp.c
libtool: compile:  gcc -DHAVE_CONFIG_H -I. -I. -I. -U_FORTIFY_SOURCE -march=armv7-a -mfloat-abi=hard -mfpu=vfpv3-d16 -O2 -pipe -Wall -W -D_GNU_SOURCE -D_REENTRANT -MT popthelp.lo -MD -MP -MF .deps/popthelp.Tpo -c popthelp.c  -fPIC -DPIC -o .libs/popthelp.o
mv -f .deps/popt.Tpo .deps/popt.Plo
/bin/sh ./libtool --tag=CC   --mode=compile gcc -DHAVE_CONFIG_H -I.  -I. -I.   -U_FORTIFY_SOURCE -march=armv7-a -mfloat-abi=hard -mfpu=vfpv3-d16 -O2 -pipe  -Wall -W -D_GNU_SOURCE -D_REENTRANT -MT poptint.lo -MD -MP -MF .deps/poptint.Tpo -c -o poptint.lo poptint.c
libtool: compile:  gcc -DHAVE_CONFIG_H -I. -I. -I. -U_FORTIFY_SOURCE -march=armv7-a -mfloat-abi=hard -mfpu=vfpv3-d16 -O2 -pipe -Wall -W -D_GNU_SOURCE -D_REENTRANT -MT popthelp.lo -MD -MP -MF .deps/popthelp.Tpo -c popthelp.c -o popthelp.o >/dev/null 2>&1
libtool: compile:  gcc -DHAVE_CONFIG_H -I. -I. -I. -U_FORTIFY_SOURCE -march=armv7-a -mfloat-abi=hard -mfpu=vfpv3-d16 -O2 -pipe -Wall -W -D_GNU_SOURCE -D_REENTRANT -MT poptint.lo -MD -MP -MF .deps/poptint.Tpo -c poptint.c  -fPIC -DPIC -o .libs/poptint.o
libtool: compile:  gcc -DHAVE_CONFIG_H -I. -I. -I. -U_FORTIFY_SOURCE -march=armv7-a -mfloat-abi=hard -mfpu=vfpv3-d16 -O2 -pipe -Wall -W -D_GNU_SOURCE -D_REENTRANT -MT poptint.lo -MD -MP -MF .deps/poptint.Tpo -c poptint.c -o poptint.o >/dev/null 2>&1
mv -f .deps/popthelp.Tpo .deps/popthelp.Plo
gcc -DHAVE_CONFIG_H -I.  -I. -I.   -U_FORTIFY_SOURCE -march=armv7-a -mfloat-abi=hard -mfpu=vfpv3-d16 -O2 -pipe  -Wall -W -D_GNU_SOURCE -D_REENTRANT -MT test1.o -MD -MP -MF .deps/test1.Tpo -c -o test1.o test1.c
mv -f .deps/poptint.Tpo .deps/poptint.Plo
gcc -DHAVE_CONFIG_H -I.  -I. -I.   -U_FORTIFY_SOURCE -march=armv7-a -mfloat-abi=hard -mfpu=vfpv3-d16 -O2 -pipe  -Wall -W -D_GNU_SOURCE -D_REENTRANT -MT test2.o -MD -MP -MF .deps/test2.Tpo -c -o test2.o test2.c
mv -f .deps/test1.Tpo .deps/test1.Po
gcc -DHAVE_CONFIG_H -I.  -I. -I.   -U_FORTIFY_SOURCE -march=armv7-a -mfloat-abi=hard -mfpu=vfpv3-d16 -O2 -pipe  -Wall -W -D_GNU_SOURCE -D_REENTRANT -MT tdict.o -MD -MP -MF .deps/tdict.Tpo -c -o tdict.o tdict.c
mv -f .deps/test2.Tpo .deps/test2.Po
/bin/sh ./libtool --tag=CC   --mode=link gcc  -U_FORTIFY_SOURCE -march=armv7-a -mfloat-abi=hard -mfpu=vfpv3-d16 -O2 -pipe  -Wall -W -D_GNU_SOURCE -D_REENTRANT -no-undefined -Wl,--version-script=./libpopt.vers  -o libpopt.la -rpath /usr/lib popt.lo poptparse.lo poptconfig.lo popthelp.lo poptint.lo  
libtool: link: gcc -shared  .libs/popt.o .libs/poptparse.o .libs/poptconfig.o .libs/popthelp.o .libs/poptint.o    -march=armv7-a -mfloat-abi=hard -mfpu=vfpv3-d16 -Wl,--version-script=./libpopt.vers   -Wl,-soname -Wl,libpopt.so.0 -o .libs/libpopt.so.0.0.0
mv -f .deps/tdict.Tpo .deps/tdict.Po
libtool: link: (cd ".libs" && rm -f "libpopt.so.0" && ln -s "libpopt.so.0.0.0" "libpopt.so.0")
libtool: link: (cd ".libs" && rm -f "libpopt.so" && ln -s "libpopt.so.0.0.0" "libpopt.so")
libtool: link: ar cru .libs/libpopt.a  popt.o poptparse.o poptconfig.o popthelp.o poptint.o
libtool: link: ranlib .libs/libpopt.a
libtool: link: ( cd ".libs" && rm -f "libpopt.la" && ln -s "../libpopt.la" "libpopt.la" )
/bin/sh ./libtool --tag=CC   --mode=link gcc  -U_FORTIFY_SOURCE -march=armv7-a -mfloat-abi=hard -mfpu=vfpv3-d16 -O2 -pipe  -Wall -W -D_GNU_SOURCE -D_REENTRANT   -o test1 test1.o libpopt.la 
/bin/sh ./libtool --tag=CC   --mode=link gcc  -U_FORTIFY_SOURCE -march=armv7-a -mfloat-abi=hard -mfpu=vfpv3-d16 -O2 -pipe  -Wall -W -D_GNU_SOURCE -D_REENTRANT   -o test2 test2.o libpopt.la 
libtool: link: gcc -U_FORTIFY_SOURCE -march=armv7-a -mfloat-abi=hard -mfpu=vfpv3-d16 -O2 -pipe -Wall -W -D_GNU_SOURCE -D_REENTRANT -o .libs/test1 test1.o  ./.libs/libpopt.so
libtool: link: gcc -U_FORTIFY_SOURCE -march=armv7-a -mfloat-abi=hard -mfpu=vfpv3-d16 -O2 -pipe -Wall -W -D_GNU_SOURCE -D_REENTRANT -o .libs/test2 test2.o  ./.libs/libpopt.so
/bin/sh ./libtool --tag=CC   --mode=link gcc  -U_FORTIFY_SOURCE -march=armv7-a -mfloat-abi=hard -mfpu=vfpv3-d16 -O2 -pipe  -Wall -W -D_GNU_SOURCE -D_REENTRANT   -o tdict tdict.o libpopt.la 
libtool: link: gcc -U_FORTIFY_SOURCE -march=armv7-a -mfloat-abi=hard -mfpu=vfpv3-d16 -O2 -pipe -Wall -W -D_GNU_SOURCE -D_REENTRANT -o .libs/tdict tdict.o  ./.libs/libpopt.so
make[2]: Leaving directory '/tmp/work/src/popt-1.16'
Making all in auto
make[2]: Entering directory '/tmp/work/src/popt-1.16/auto'
make[2]: Nothing to be done for 'all'.
make[2]: Leaving directory '/tmp/work/src/popt-1.16/auto'
make[1]: Leaving directory '/tmp/work/src/popt-1.16'
/usr/bin/make  install-recursive
make[1]: Entering directory '/tmp/work/src/popt-1.16'
Making install in po
make[2]: Entering directory '/tmp/work/src/popt-1.16/po'
/bin/mkdir -p /tmp/work/pkg/usr/share
installing cs.gmo as /tmp/work/pkg/usr/share/locale/cs/LC_MESSAGES/popt.mo
installing da.gmo as /tmp/work/pkg/usr/share/locale/da/LC_MESSAGES/popt.mo
installing de.gmo as /tmp/work/pkg/usr/share/locale/de/LC_MESSAGES/popt.mo
installing eo.gmo as /tmp/work/pkg/usr/share/locale/eo/LC_MESSAGES/popt.mo
installing es.gmo as /tmp/work/pkg/usr/share/locale/es/LC_MESSAGES/popt.mo
installing fi.gmo as /tmp/work/pkg/usr/share/locale/fi/LC_MESSAGES/popt.mo
installing fr.gmo as /tmp/work/pkg/usr/share/locale/fr/LC_MESSAGES/popt.mo
installing ga.gmo as /tmp/work/pkg/usr/share/locale/ga/LC_MESSAGES/popt.mo
installing gl.gmo as /tmp/work/pkg/usr/share/locale/gl/LC_MESSAGES/popt.mo
installing hu.gmo as /tmp/work/pkg/usr/share/locale/hu/LC_MESSAGES/popt.mo
installing id.gmo as /tmp/work/pkg/usr/share/locale/id/LC_MESSAGES/popt.mo
installing is.gmo as /tmp/work/pkg/usr/share/locale/is/LC_MESSAGES/popt.mo
installing it.gmo as /tmp/work/pkg/usr/share/locale/it/LC_MESSAGES/popt.mo
installing ja.gmo as /tmp/work/pkg/usr/share/locale/ja/LC_MESSAGES/popt.mo
installing ko.gmo as /tmp/work/pkg/usr/share/locale/ko/LC_MESSAGES/popt.mo
installing lv.gmo as /tmp/work/pkg/usr/share/locale/lv/LC_MESSAGES/popt.mo
installing nb.gmo as /tmp/work/pkg/usr/share/locale/nb/LC_MESSAGES/popt.mo
installing nl.gmo as /tmp/work/pkg/usr/share/locale/nl/LC_MESSAGES/popt.mo
installing pl.gmo as /tmp/work/pkg/usr/share/locale/pl/LC_MESSAGES/popt.mo
installing pt.gmo as /tmp/work/pkg/usr/share/locale/pt/LC_MESSAGES/popt.mo
installing ro.gmo as /tmp/work/pkg/usr/share/locale/ro/LC_MESSAGES/popt.mo
installing ru.gmo as /tmp/work/pkg/usr/share/locale/ru/LC_MESSAGES/popt.mo
installing sk.gmo as /tmp/work/pkg/usr/share/locale/sk/LC_MESSAGES/popt.mo
installing sl.gmo as /tmp/work/pkg/usr/share/locale/sl/LC_MESSAGES/popt.mo
installing sv.gmo as /tmp/work/pkg/usr/share/locale/sv/LC_MESSAGES/popt.mo
installing th.gmo as /tmp/work/pkg/usr/share/locale/th/LC_MESSAGES/popt.mo
installing tr.gmo as /tmp/work/pkg/usr/share/locale/tr/LC_MESSAGES/popt.mo
installing uk.gmo as /tmp/work/pkg/usr/share/locale/uk/LC_MESSAGES/popt.mo
installing vi.gmo as /tmp/work/pkg/usr/share/locale/vi/LC_MESSAGES/popt.mo
installing wa.gmo as /tmp/work/pkg/usr/share/locale/wa/LC_MESSAGES/popt.mo
installing zh_TW.gmo as /tmp/work/pkg/usr/share/locale/zh_TW/LC_MESSAGES/popt.mo
installing zh_CN.gmo as /tmp/work/pkg/usr/share/locale/zh_CN/LC_MESSAGES/popt.mo
if test "popt" = "gettext-tools"; then \
  /bin/mkdir -p /tmp/work/pkg/usr/share/gettext/po; \
  for file in Makefile.in.in remove-potcdate.sin quot.sed boldquot.sed en@quot.header en@boldquot.header insert-header.sin Rules-quot   Makevars.template; do \
    /usr/bin/install -c -m 644 ./$file \
		    /tmp/work/pkg/usr/share/gettext/po/$file; \
  done; \
  for file in Makevars; do \
    rm -f /tmp/work/pkg/usr/share/gettext/po/$file; \
  done; \
else \
  : ; \
fi
make[2]: Leaving directory '/tmp/work/src/popt-1.16/po'
Making install in .
make[2]: Entering directory '/tmp/work/src/popt-1.16'
make[3]: Entering directory '/tmp/work/src/popt-1.16'
make[3]: Nothing to be done for 'install-exec-am'.
test -z "/usr/include" || /bin/mkdir -p "/tmp/work/pkg/usr/include"
test -z "/usr/share/man/man3" || /bin/mkdir -p "/tmp/work/pkg/usr/share/man/man3"
 /usr/bin/install -c -m 644 popt.h '/tmp/work/pkg/usr/include'
test -z "/usr/lib/pkgconfig" || /bin/mkdir -p "/tmp/work/pkg/usr/lib/pkgconfig"
 /usr/bin/install -c -m 644 popt.3 '/tmp/work/pkg/usr/share/man/man3'
test -z "/usr/lib" || /bin/mkdir -p "/tmp/work/pkg/usr/lib"
 /usr/bin/install -c -m 644 popt.pc '/tmp/work/pkg/usr/lib/pkgconfig'
 /bin/sh ./libtool   --mode=install /usr/bin/install -c   libpopt.la '/tmp/work/pkg/usr/lib'
libtool: install: /usr/bin/install -c .libs/libpopt.so.0.0.0 /tmp/work/pkg/usr/lib/libpopt.so.0.0.0
libtool: install: (cd /tmp/work/pkg/usr/lib && { ln -s -f libpopt.so.0.0.0 libpopt.so.0 || { rm -f libpopt.so.0 && ln -s libpopt.so.0.0.0 libpopt.so.0; }; })
libtool: install: (cd /tmp/work/pkg/usr/lib && { ln -s -f libpopt.so.0.0.0 libpopt.so || { rm -f libpopt.so && ln -s libpopt.so.0.0.0 libpopt.so; }; })
libtool: install: /usr/bin/install -c .libs/libpopt.lai /tmp/work/pkg/usr/lib/libpopt.la
libtool: install: /usr/bin/install -c .libs/libpopt.a /tmp/work/pkg/usr/lib/libpopt.a
libtool: install: chmod 644 /tmp/work/pkg/usr/lib/libpopt.a
libtool: install: ranlib /tmp/work/pkg/usr/lib/libpopt.a
make[3]: Leaving directory '/tmp/work/src/popt-1.16'
make[2]: Leaving directory '/tmp/work/src/popt-1.16'
Making install in auto
make[2]: Entering directory '/tmp/work/src/popt-1.16/auto'
make[3]: Entering directory '/tmp/work/src/popt-1.16/auto'
make[3]: Nothing to be done for 'install-exec-am'.
make[3]: Nothing to be done for 'install-data-am'.
make[3]: Leaving directory '/tmp/work/src/popt-1.16/auto'
make[2]: Leaving directory '/tmp/work/src/popt-1.16/auto'
make[1]: Leaving directory '/tmp/work/src/popt-1.16'
=======> popt arşivine üstbilgiler ekleniyor.
=======> popt#1.16-armv7l.mps sıkıştırılıyor.
