=======> isim: python
=======> surum: 2.7.11
=======> devir: 1
=======> İndiriliyor http://www.python.org/ftp/python/2.7.11/Python-2.7.11.tar.xz
=======> kayıt:/sources/Python-2.7.11.tar.xz
hash kontrol dosyası yok-hash kontrolü yapılmayacak.
=======> Derleniyor '/root/milis-arm/temel/python/python#2.7.11-armv7l.mps.lz'.
tar -p -C /tmp/work/src -xf /sources/Python-2.7.11.tar.xz
cp python.png /tmp/work/src
checking build system type... armv7l-unknown-linux-gnueabihf
checking host system type... armv7l-unknown-linux-gnueabihf
checking for --enable-universalsdk... no
checking for --with-universal-archs... 32-bit
checking MACHDEP... linux2
checking EXTRAPLATDIR... 
checking for --without-gcc... no
checking for gcc... gcc
checking whether the C compiler works... yes
checking for C compiler default output file name... a.out
checking for suffix of executables... 
checking whether we are cross compiling... no
checking for suffix of object files... o
checking whether we are using the GNU C compiler... yes
checking whether gcc accepts -g... yes
checking for gcc option to accept ISO C89... none needed
checking for --with-cxx-main=<compiler>... no
checking for g++... no
checking how to run the C preprocessor... gcc -E
checking for grep that handles long lines and -e... /bin/grep
checking for egrep... /bin/grep -E
checking for ANSI C header files... yes
checking for sys/types.h... yes
checking for sys/stat.h... yes
checking for stdlib.h... yes
checking for string.h... yes
checking for memory.h... yes
checking for strings.h... =======> isim: python
=======> surum: 2.7.11
=======> devir: 1
hash kontrol dosyası yok-hash kontrolü yapılmayacak.
=======> Derleniyor '/root/milis-arm/genel/python/python#2.7.11-armv7l.mps.lz'.
tar -p -C /tmp/work/src -xf /sources/Python-2.7.11.tar.xz
cp python.png /tmp/work/src
checking build system type... armv7l-unknown-linux-gnueabihf
checking host system type... armv7l-unknown-linux-gnueabihf
checking for --enable-universalsdk... no
checking for --with-universal-archs... 32-bit
checking MACHDEP... linux2
checking EXTRAPLATDIR... 
checking for --without-gcc... no
checking for gcc... gcc
checking whether the C compiler works... yes
checking for C compiler default output file name... a.out
checking for suffix of executables... 
checking whether we are cross compiling... no
checking for suffix of object files... o
checking whether we are using the GNU C compiler... yes
checking whether gcc accepts -g... yes
checking for gcc option to accept ISO C89... none needed
checking for --with-cxx-main=<compiler>... no
checking for g++... no
checking how to run the C preprocessor... gcc -E
checking for grep that handles long lines and -e... /bin/grep
checking for egrep... /bin/grep -E
checking for ANSI C header files... yes
checking for sys/types.h... yes
checking for sys/stat.h... yes
checking for stdlib.h... yes
checking for string.h... yes
checking for memory.h... yes
checking for strings.h... yes
checking for inttypes.h... yes
checking for stdint.h... yes
checking for unistd.h... yes
checking minix/config.h usability... no
checking minix/config.h presence... no
checking for minix/config.h... no
checking whether it is safe to define __EXTENSIONS__... yes
checking for --with-suffix... 
checking for case-insensitive build directory... no
checking LIBRARY... libpython$(VERSION).a
checking LINKCC... $(PURIFY) $(MAINCC)
checking for GNU ld... yes
checking for --enable-shared... yes
checking for --enable-profiling... no
checking LDLIBRARY... libpython$(VERSION).so
checking for ranlib... ranlib
checking for ar... ar
checking for svnversion... not-found
checking for hg... not-found
checking for a BSD-compatible install... /usr/bin/install -c
checking for a thread-safe mkdir -p... /bin/mkdir -p
checking for --with-pydebug... no
checking whether gcc accepts -fno-strict-aliasing... yes
checking whether gcc accepts -OPT:Olimit=0... no
checking whether gcc accepts -Olimit 1500... no
checking whether gcc supports ParseTuple __format__... no
checking for llvm-profdata... not-found
checking whether pthreads are available without options... no
checking whether gcc accepts -Kpthread... no
checking whether gcc accepts -Kthread... no
checking whether gcc accepts -pthread... yes
checking whether g++ also accepts flags for thread support... yes
checking for ANSI C header files... (cached) yes
checking asm/types.h usability... yes
checking asm/types.h presence... yes
checking for asm/types.h... yes
checking conio.h usability... no
checking conio.h presence... no
checking for conio.h... no
checking direct.h usability... no
checking direct.h presence... no
checking for direct.h... no
checking dlfcn.h usability... yes
checking dlfcn.h presence... yes
checking for dlfcn.h... yes
checking errno.h usability... yes
checking errno.h presence... yes
checking for errno.h... yes
checking fcntl.h usability... yes
checking fcntl.h presence... yes
checking for fcntl.h... yes
checking grp.h usability... yes
checking grp.h presence... yes
checking for grp.h... yes
checking ieeefp.h usability... no
checking ieeefp.h presence... no
checking for ieeefp.h... no
checking io.h usability... no
checking io.h presence... no
checking for io.h... no
checking langinfo.h usability... yes
checking langinfo.h presence... yes
checking for langinfo.h... yes
checking libintl.h usability... yes
checking libintl.h presence... yes
checking for libintl.h... yes
checking poll.h usability... yes
checking poll.h presence... yes
checking for poll.h... yes
checking process.h usability... no
checking process.h presence... no
checking for process.h... no
checking pthread.h usability... yes
checking pthread.h presence... yes
checking for pthread.h... yes
checking shadow.h usability... yes
checking shadow.h presence... yes
checking for shadow.h... yes
checking signal.h usability... yes
checking signal.h presence... yes
checking for signal.h... yes
checking for stdint.h... (cached) yes
checking stropts.h usability... yes
checking stropts.h presence... yes
checking for stropts.h... yes
checking termios.h usability... yes
checking termios.h presence... yes
checking for termios.h... yes
checking thread.h usability... no
checking thread.h presence... no
checking for thread.h... no
checking for unistd.h... (cached) yes
checking utime.h usability... yes
checking utime.h presence... yes
checking for utime.h... yes
checking sys/audioio.h usability... no
checking sys/audioio.h presence... no
checking for sys/audioio.h... no
checking sys/bsdtty.h usability... no
checking sys/bsdtty.h presence... no
checking for sys/bsdtty.h... no
checking sys/epoll.h usability... yes
checking sys/epoll.h presence... yes
checking for sys/epoll.h... yes
checking sys/event.h usability... no
checking sys/event.h presence... no
checking for sys/event.h... no
checking sys/file.h usability... yes
checking sys/file.h presence... yes
checking for sys/file.h... yes
checking sys/loadavg.h usability... no
checking sys/loadavg.h presence... no
checking for sys/loadavg.h... no
checking sys/lock.h usability... no
checking sys/lock.h presence... no
checking for sys/lock.h... no
checking sys/mkdev.h usability... no
checking sys/mkdev.h presence... no
checking for sys/mkdev.h... no
checking sys/modem.h usability... no
checking sys/modem.h presence... no
checking for sys/modem.h... no
checking sys/param.h usability... yes
checking sys/param.h presence... yes
checking for sys/param.h... yes
checking sys/poll.h usability... yes
checking sys/poll.h presence... yes
checking for sys/poll.h... yes
checking sys/select.h usability... yes
checking sys/select.h presence... yes
checking for sys/select.h... yes
checking sys/socket.h usability... yes
checking sys/socket.h presence... yes
checking for sys/socket.h... yes
checking sys/statvfs.h usability... yes
checking sys/statvfs.h presence... yes
checking for sys/statvfs.h... yes
checking for sys/stat.h... (cached) yes
checking sys/termio.h usability... no
checking sys/termio.h presence... no
checking for sys/termio.h... no
checking sys/time.h usability... yes
checking sys/time.h presence... yes
checking for sys/time.h... yes
checking sys/times.h usability... yes
checking sys/times.h presence... yes
checking for sys/times.h... yes
checking for sys/types.h... (cached) yes
checking sys/un.h usability... yes
checking sys/un.h presence... yes
checking for sys/un.h... yes
checking sys/utsname.h usability... yes
checking sys/utsname.h presence... yes
checking for sys/utsname.h... yes
checking sys/wait.h usability... yes
checking sys/wait.h presence... yes
checking for sys/wait.h... yes
checking pty.h usability... yes
checking pty.h presence... yes
checking for pty.h... yes
checking libutil.h usability... no
checking libutil.h presence... no
checking for libutil.h... no
checking sys/resource.h usability... yes
checking sys/resource.h presence... yes
checking for sys/resource.h... yes
checking netpacket/packet.h usability... yes
checking netpacket/packet.h presence... yes
checking for netpacket/packet.h... yes
checking sysexits.h usability... yes
checking sysexits.h presence... yes
checking for sysexits.h... yes
checking bluetooth.h usability... no
checking bluetooth.h presence... no
checking for bluetooth.h... no
checking bluetooth/bluetooth.h usability... no
checking bluetooth/bluetooth.h presence... no
checking for bluetooth/bluetooth.h... no
checking linux/tipc.h usability... yes
checking linux/tipc.h presence... yes
checking for linux/tipc.h... yes
checking spawn.h usability... yes
checking spawn.h presence... yes
checking for spawn.h... yes
checking util.h usability... no
checking util.h presence... no
checking for util.h... no
checking alloca.h usability... yes
checking alloca.h presence... yes
checking for alloca.h... yes
checking for dirent.h that defines DIR... yes
checking for library containing opendir... none required
checking whether sys/types.h defines makedev... yes
checking for linux/netlink.h... yes
checking for clock_t in time.h... yes
checking for makedev... yes
checking Solaris LFS bug... no
checking for mode_t... yes
checking for off_t... yes
checking for pid_t... yes
checking for size_t... yes
checking for uid_t in sys/types.h... yes
checking for uint32_t... yes
checking for uint32_t... yes
checking for uint64_t... yes
checking for uint64_t... yes
checking for int32_t... yes
checking for int32_t... yes
checking for int64_t... yes
checking for int64_t... yes
checking for ssize_t... yes
checking size of int... 4
checking size of long... 4
checking size of void *... 4
checking size of short... 2
checking size of float... 4
checking size of double... 8
checking size of fpos_t... 16
checking size of size_t... 4
checking size of pid_t... 4
checking for long long support... yes
checking size of long long... 8
checking for long double support... yes
checking size of long double... 8
checking for _Bool support... yes
checking size of _Bool... 1
checking for uintptr_t... yes
checking size of uintptr_t... 4
checking size of off_t... 8
checking whether to enable large file support... yes
checking size of time_t... 4
checking for pthread_t... yes
checking size of pthread_t... 4
checking for --enable-toolbox-glue... no
checking for --enable-framework... no
checking for dyld... no
checking SO... .so
checking LDSHARED... $(CC) -shared
checking CCSHARED... -fPIC
checking LINKFORSHARED... -Xlinker -export-dynamic
checking CFLAGSFORSHARED... $(CCSHARED)
checking SHLIBS... $(LIBS)
checking for dlopen in -ldl... yes
checking for shl_load in -ldld... no
checking for RAND_egd in -lcrypto... yes
checking for library containing sem_init... -lpthread
checking for textdomain in -lintl... no
checking for t_open in -lnsl... no
checking for socket in -lsocket... no
checking for --with-libs... no
checking for pkg-config... /usr/bin/pkg-config
checking pkg-config is at least version 0.9.0... yes
checking for --with-system-expat... yes
checking for --with-system-ffi... yes
checking for --with-tcltk-includes... default
checking for --with-tcltk-libs... default
checking for --with-dbmliborder... 
checking for --with-signal-module... yes
checking for --with-dec-threads... no
checking for --with-threads... yes
checking if PTHREAD_SCOPE_SYSTEM is supported... yes
checking for pthread_sigmask... yes
checking for pthread_atfork... yes
checking if --enable-ipv6 is specified... yes
checking if RFC2553 API is available... yes
checking ipv6 stack type... linux-glibc
checking for OSX 10.5 SDK or later... no
checking for --with-doc-strings... yes
checking for --with-tsc... no
checking for --with-pymalloc... yes
checking for --with-valgrind... no
checking for --with-wctype-functions... no
checking for dlopen... yes
checking DYNLOADFILE... dynload_shlib.o
checking MACHDEP_OBJS... MACHDEP_OBJS
checking for alarm... yes
checking for setitimer... yes
checking for getitimer... yes
checking for bind_textdomain_codeset... yes
checking for chown... yes
checking for clock... yes
checking for confstr... yes
checking for ctermid... yes
checking for execv... yes
checking for fchmod... yes
checking for fchown... yes
checking for fork... yes
checking for fpathconf... yes
checking for ftime... yes
checking for ftruncate... yes
checking for gai_strerror... yes
checking for getgroups... yes
checking for getlogin... yes
checking for getloadavg... yes
checking for getpeername... yes
checking for getpgid... yes
checking for getpid... yes
checking for getentropy... no
checking for getpriority... yes
checking for getresuid... yes
checking for getresgid... yes
checking for getpwent... yes
checking for getspnam... yes
checking for getspent... yes
checking for getsid... yes
checking for getwd... yes
checking for initgroups... yes
checking for kill... yes
checking for killpg... yes
checking for lchmod... no
checking for lchown... yes
checking for lstat... yes
checking for mkfifo... yes
checking for mknod... yes
checking for mktime... yes
checking for mmap... yes
checking for mremap... yes
checking for nice... yes
checking for pathconf... yes
checking for pause... yes
checking for plock... no
checking for poll... yes
checking for pthread_init... no
checking for putenv... yes
checking for readlink... yes
checking for realpath... yes
checking for select... yes
checking for sem_open... yes
checking for sem_timedwait... yes
checking for sem_getvalue... yes
checking for sem_unlink... yes
checking for setegid... yes
checking for seteuid... yes
checking for setgid... yes
checking for setlocale... yes
checking for setregid... yes
checking for setreuid... yes
checking for setsid... yes
checking for setpgid... yes
checking for setpgrp... yes
checking for setuid... yes
checking for setvbuf... yes
checking for snprintf... yes
checking for setlocale... (cached) yes
checking for setregid... (cached) yes
checking for setreuid... (cached) yes
checking for setresuid... yes
checking for setresgid... yes
checking for setsid... (cached) yes
checking for setpgid... (cached) yes
checking for setpgrp... (cached) yes
checking for setuid... (cached) yes
checking for setvbuf... (cached) yes
checking for snprintf... (cached) yes
checking for sigaction... yes
checking for siginterrupt... yes
checking for sigrelse... yes
checking for strftime... yes
checking for sysconf... yes
checking for tcgetpgrp... yes
checking for tcsetpgrp... yes
checking for tempnam... yes
checking for timegm... yes
checking for times... yes
checking for tmpfile... yes
checking for tmpnam... yes
checking for tmpnam_r... yes
checking for truncate... yes
checking for uname... yes
checking for unsetenv... yes
checking for utimes... yes
checking for waitpid... yes
checking for wait3... yes
checking for wait4... yes
checking for wcscoll... yes
checking for _getpty... no
checking for chroot... yes
checking for link... yes
checking for symlink... yes
checking for fchdir... yes
checking for fsync... yes
checking for fdatasync... yes
checking for epoll... yes
checking for kqueue... no
checking for ctermid_r... no
checking for flock declaration... yes
checking for flock... yes
checking for getpagesize... yes
checking for broken unsetenv... no
checking for true... true
checking for inet_aton in -lc... yes
checking for chflags... no
checking for lchflags... no
checking for inflateCopy in -lz... yes
checking for hstrerror... yes
checking for inet_aton... yes
checking for inet_pton... yes
checking for setgroups... yes
checking for openpty... no
checking for openpty in -lutil... yes
checking for forkpty... yes
checking for memmove... yes
checking for fseek64... no
checking for fseeko... 