=======> isim: util-linux
=======> surum: 2.27.1
=======> devir: 1
=======> grup: util
hash kontrol dosyası yok-hash kontrolü yapılmayacak.
=======> Derleniyor '/root/milis-arm/temel/util-linux/util-linux#2.27.1-armv7l.mps.lz'.
tar -p -C /tmp/work/src -xf /sources/util-linux-2.27.1.tar.xz
/bin/mkdir: created directory '/tmp/work/pkg/var'
/bin/mkdir: created directory '/tmp/work/pkg/var/lib'
/bin/mkdir: created directory '/tmp/work/pkg/var/lib/hwclock'
checking for gcc... gcc
checking whether the C compiler works... yes
checking for C compiler default output file name... a.out
checking for suffix of executables... 
checking whether we are cross compiling... no
checking for suffix of object files... o
checking whether we are using the GNU C compiler... yes
checking whether gcc accepts -g... yes
checking for gcc option to accept ISO C89... none needed
checking whether gcc understands -c and -o together... yes
checking how to run the C preprocessor... gcc -E
checking for grep that handles long lines and -e... /bin/grep
checking for egrep... /bin/grep -E
checking for ANSI C header files... yes
checking for sys/types.h... yes
checking for sys/stat.h... yes
checking for stdlib.h... yes
checking for string.h... yes
checking for memory.h... yes
checking for strings.h... yes
checking for inttypes.h... yes
checking for stdint.h... yes
checking for unistd.h... yes
checking minix/config.h usability... no
checking minix/config.h presence... no
checking for minix/config.h... no
checking whether it is safe to define __EXTENSIONS__... yes
checking for a BSD-compatible install... /usr/bin/install -c
checking whether build environment is sane... yes
checking for a thread-safe mkdir -p... /bin/mkdir -p
checking for gawk... gawk
checking whether make sets $(MAKE)... yes
checking for style of include used by make... GNU
checking whether make supports nested variables... yes
checking how to create a pax tar archive... gnutar
checking dependency style of gcc... gcc3
checking whether make supports nested variables... (cached) yes
configure: Default --exec-prefix detected.
configure:   --bindir defaults to /bin
configure:   --sbindir defaults to /sbin
configure:   --libdir defaults to /lib
configure:   --localstatedir defaults to /run
checking for gcc option to accept ISO C99... none needed
checking for gcc option to accept ISO Standard C... (cached) none needed
checking build system type... armv7l-unknown-linux-gnueabihf
checking host system type... armv7l-unknown-linux-gnueabihf
checking for an ANSI C-conforming const... yes
checking for working volatile... yes
checking whether byte ordering is bigendian... no
checking whether compiler handles -fno-common... yes
checking whether compiler handles -Wall... yes
checking whether compiler handles -Werror=sequence-point... yes
checking whether compiler handles -Wextra... yes
checking whether compiler handles -Wextra-semi... no
checking whether compiler handles -Wembedded-directive... no
checking whether compiler handles -Wmissing-declarations... yes
checking whether compiler handles -Wmissing-parameter-type... yes
checking whether compiler handles -Wmissing-prototypes... yes
checking whether compiler handles -Wno-missing-field-initializers... yes
checking whether compiler handles -Wredundant-decls... yes
checking whether compiler handles -Wsign-compare... yes
checking whether compiler handles -Wtype-limits... yes
checking whether compiler handles -Wuninitialized... yes
checking whether compiler handles -Wunused-but-set-parameter... yes
checking whether compiler handles -Wunused-but-set-variable... yes
checking whether compiler handles -Wunused-parameter... yes
checking whether compiler handles -Wunused-result... yes
checking whether compiler handles -Wunused-variable... yes
checking whether compiler handles -Wnested-externs... yes
checking whether compiler handles -Wpointer-arith... yes
checking whether compiler handles -Wstrict-prototypes... yes
checking whether compiler handles -Wformat-security... no
checking whether compiler handles -Wimplicit-function-declaration... yes
checking whether compiler handles -Wno-clobbered... yes
checking how to print strings... printf
checking for a sed that does not truncate output... /bin/sed
checking for fgrep... /bin/grep -F
checking for ld used by gcc... /usr/bin/ld
checking if the linker (/usr/bin/ld) is GNU ld... yes
checking for BSD- or MS-compatible name lister (nm)... /usr/bin/nm -B
checking the name lister (/usr/bin/nm -B) interface... BSD nm
checking whether ln -s works... yes
checking the maximum length of command line arguments... 1572864
checking whether the shell understands some XSI constructs... yes
checking whether the shell understands "+="... yes
checking how to convert armv7l-unknown-linux-gnueabihf file names to armv7l-unknown-linux-gnueabihf format... func_convert_file_noop
checking how to convert armv7l-unknown-linux-gnueabihf file names to toolchain format... func_convert_file_noop
checking for /usr/bin/ld option to reload object files... -r
checking for objdump... objdump
checking how to recognize dependent libraries... pass_all
checking for dlltool... no
checking how to associate runtime and link libraries... printf %s\n
checking for ar... ar
checking for archiver @FILE support... @
checking for strip... strip
checking for ranlib... ranlib
checking command to parse /usr/bin/nm -B output from gcc object... ok
checking for sysroot... no
checking for mt... no
checking if : is a manifest tool... no
checking for dlfcn.h... yes
checking for objdir... .libs
checking if gcc supports -fno-rtti -fno-exceptions... no
checking for gcc option to produce PIC... -fPIC -DPIC
checking if gcc PIC flag -fPIC -DPIC works... yes
checking if gcc static flag -static works... yes
checking if gcc supports -c -o file.o... yes
checking if gcc supports -c -o file.o... (cached) yes
checking whether the gcc linker (/usr/bin/ld) supports shared libraries... yes
checking whether -lc should be explicitly linked in... no
checking dynamic linker characteristics... GNU/Linux ld.so
checking how to hardcode library paths into programs... immediate
checking whether stripping libraries is possible... yes
checking if libtool supports shared libraries... yes
checking whether to build shared libraries... yes
checking whether to build static libraries... no
checking for pkg-config... /usr/bin/pkg-config
checking pkg-config is at least version 0.9.0... yes
checking whether to build gtk-doc documentation... no
checking for gtkdoc-check... /usr/bin/gtkdoc-check
checking for xsltproc... /usr/bin/xsltproc
checking for special C compiler options needed for large files... no
checking for _FILE_OFFSET_BITS value needed for large files... 64
checking whether to enable assertions... yes
checking whether NLS is requested... yes
checking for msgfmt... /usr/bin/msgfmt
checking for gmsgfmt... /usr/bin/msgfmt
checking for xgettext... /usr/bin/xgettext
checking for msgmerge... /usr/bin/msgmerge
checking for ld used by gcc... /usr/bin/ld
checking if the linker (/usr/bin/ld) is GNU ld... yes
checking for shared library run path origin... done
checking for CFPreferencesCopyAppValue... no
checking for CFLocaleCopyCurrent... no
checking for GNU gettext in libc... yes
checking whether to use NLS... yes
checking where the gettext function comes from... libc
checking for linux/compiler.h... no
checking for linux/blkpg.h... yes
checking for linux/major.h... yes
checking asm/io.h usability... no
checking asm/io.h presence... no
checking for asm/io.h... no
checking err.h usability... yes
checking err.h presence... yes
checking for err.h... yes
checking errno.h usability... yes
checking errno.h presence... yes
checking for errno.h... yes
checking fcntl.h usability... yes
checking fcntl.h presence... yes
checking for fcntl.h... yes
checking getopt.h usability... yes
checking getopt.h presence... yes
checking for getopt.h... yes
checking for inttypes.h... (cached) yes
checking linux/cdrom.h usability... yes
checking linux/cdrom.h presence... yes
checking for linux/cdrom.h... yes
checking linux/falloc.h usability... yes
checking linux/falloc.h presence... yes
checking for linux/falloc.h... yes
checking linux/watchdog.h usability... yes
checking linux/watchdog.h presence... yes
checking for linux/watchdog.h... yes
checking linux/fd.h usability... yes
checking linux/fd.h presence... yes
checking for linux/fd.h... yes
checking linux/raw.h usability... yes
checking linux/raw.h presence... yes
checking for linux/raw.h... yes
checking linux/tiocl.h usability... yes
checking linux/tiocl.h presence... yes
checking for linux/tiocl.h... yes
checking linux/gsmmux.h usability... no
checking linux/gsmmux.h presence... yes
checking for linux/gsmmux.h... no
checking linux/version.h usability... yes
checking linux/version.h presence... yes
checking for linux/version.h... yes
checking linux/securebits.h usability... yes
checking linux/securebits.h presence... yes
checking for linux/securebits.h... yes
checking locale.h usability... yes
checking locale.h presence... yes
checking for locale.h... yes
checking mntent.h usability... yes
checking mntent.h presence... yes
checking for mntent.h... yes
checking net/if.h usability... yes
checking net/if.h presence... yes
checking for net/if.h... yes
checking net/if_dl.h usability... no
checking net/if_dl.h presence... no
checking for net/if_dl.h... no
checking netinet/in.h usability... yes
checking netinet/in.h presence... yes
checking for netinet/in.h... yes
checking paths.h usability... yes
checking paths.h presence... yes
checking for paths.h... yes
checking pty.h usability... yes
checking pty.h presence... yes
checking for pty.h... yes
checking security/pam_appl.h usability... yes
checking security/pam_appl.h presence... yes
checking for security/pam_appl.h... yes
checking for stdint.h... (cached) yes
checking stdio_ext.h usability... yes
checking stdio_ext.h presence... yes
checking for stdio_ext.h... yes
checking for stdlib.h... (cached) yes
checking endian.h usability... yes
checking endian.h presence... yes
checking for endian.h... yes
checking byteswap.h usability... yes
checking byteswap.h presence... yes
checking for byteswap.h... yes
checking sys/endian.h usability... no
checking sys/endian.h presence... no
checking for sys/endian.h... no
checking sys/disk.h usability... no
checking sys/disk.h presence... no
checking for sys/disk.h... no
checking sys/disklabel.h usability... no
checking sys/disklabel.h presence... no
checking for sys/disklabel.h... no
checking sys/file.h usability... yes
checking sys/file.h presence... yes
checking for sys/file.h... yes
checking sys/io.h usability... yes
checking sys/io.h presence... yes
checking for sys/io.h... yes
checking sys/ioccom.h usability... no
checking sys/ioccom.h presence... no
checking for sys/ioccom.h... no
checking sys/ioctl.h usability... yes
checking sys/ioctl.h presence... yes
checking for sys/ioctl.h... yes
checking sys/mkdev.h usability... no
checking sys/mkdev.h presence... no
checking for sys/mkdev.h... no
checking sys/param.h usability... yes
checking sys/param.h presence... yes
checking for sys/param.h... yes
checking sys/prctl.h usability... yes
checking sys/prctl.h presence... yes
checking for sys/prctl.h... yes
checking sys/queue.h usability... yes
checking sys/queue.h presence... yes
checking for sys/queue.h... yes
checking sys/resource.h usability... yes
checking sys/resource.h presence... yes
checking for sys/resource.h... yes
checking sys/socket.h usability... yes
checking sys/socket.h presence... yes
checking for sys/socket.h... yes
checking sys/sockio.h usability... no
checking sys/sockio.h presence... no
checking for sys/sockio.h... no
checking for sys/stat.h... (cached) yes
checking sys/swap.h usability... yes
checking sys/swap.h presence... yes
checking for sys/swap.h... yes
checking sys/syscall.h usability... yes
checking sys/syscall.h presence... yes
checking for sys/syscall.h... yes
checking sys/time.h usability... yes
checking sys/time.h presence... yes
checking for sys/time.h... yes
checking sys/timex.h usability... yes
checking sys/timex.h presence... yes
checking for sys/timex.h... yes
checking sys/ttydefaults.h usability... yes
checking sys/ttydefaults.h presence... yes
checking for sys/ttydefaults.h... yes
checking for sys/types.h... (cached) yes
checking sys/un.h usability... yes
checking sys/un.h presence... yes
checking for sys/un.h... yes
checking for unistd.h... (cached) yes
checking for security/pam_misc.h... yes
checking for security/openpam.h... no
checking langinfo.h usability... yes
checking langinfo.h presence... yes
checking for langinfo.h... yes
checking for struct termios.c_line... yes
checking for struct stat.st_mtim.tv_nsec... yes
checking whether _NL_TIME_WEEK_1STDAY is declared... yes
checking whether llseek is declared... no
checking whether lseek64 is declared... yes
checking whether environ is declared... yes
checking whether strsignal is declared... yes
checking for __fpending... yes
checking for secure_getenv... yes
checking for __secure_getenv... no
checking for err... yes
checking for errx... yes
checking for fsync... yes
checking for utimensat... yes
checking for getdomainname... yes
checking for getdtablesize... yes
checking for getexecname... no
checking for getmntinfo... no
checking for getrlimit... yes
checking for getsgnam... yes
checking for inotify_init... yes
checking for jrand48... yes
checking for lchown... yes
checking for llseek... yes
checking for lseek64... yes
checking for mempcpy... yes
checking for nanosleep... yes
checking for ntp_gettime... yes
checking for personality... yes
checking for posix_fadvise... yes
checking for prctl... yes
checking for qsort_r... yes
checking for rpmatch... yes
checking for scandirat... yes
checking for setresgid... yes
checking for setresuid... yes
checking for sigqueue... yes
checking for srandom... yes
checking for strnchr... no
checking for strndup... yes
checking for strnlen... yes
checking for sysconf... yes
checking for sysinfo... yes
checking for updwtmp... yes
checking for usleep... yes
checking for warn... yes
checking for warnx... yes
checking for _LARGEFILE_SOURCE value needed for large files... no
checking for openat... yes
checking for fstatat... yes
checking for unlinkat... yes
checking for ioperm... yes
checking for iopl... yes
checking for futimens... yes
checking for inotify_init1... yes
checking for open_memstream... yes
checking for clock_gettime... yes
checking for timer_createx... no
checking for timer_create in -lrt... yes
checking for struct sockaddr.sa_len... no
checking for library containing socket... none required
checking for dirfd... yes
checking whether program_invocation_short_name is defined... yes
checking whether __progname is defined... yes
checking whether the target supports thread-local storage... yes
checking scanf string alloc modifiers... (%ms) yes
checking for openpty in -lutil... yes
checking for tgetnum in -ltermcap... no
checking for union semun... no
checking for loff_t... yes
checking for cpu_set_t... yes
checking for sighandler_t... yes
checking whether CPU_ALLOC is declared... yes
checking crypt.h usability... yes
checking crypt.h presence... yes
checking for crypt.h... yes
checking for udev_new in -ludev... yes
checking for NCURSESW... yes
checking ncurses.h usability... yes
checking ncurses.h presence... yes
checking for ncurses.h... yes
checking for use_default_colors in -lncursesw... yes
checking for resizeterm in -lncursesw... yes
checking for TINFO... no
checking for tgetent in -ltinfo... no
checking for readline in -lreadline... yes
checking for syscall fallocate... SYS_fallocate
checking for valid fallocate() function... yes
checking for syscall unshare... SYS_unshare
checking for unshare... yes
checking for syscall setns... SYS_setns
checking for setns... yes
checking for capng_apply in -lcap-ng... yes
checking for crc32 in -lz... yes
checking for syscall prlimit64... SYS_prlimit64
checking for prlimit... yes
checking for syscall pivot_root... SYS_pivot_root
checking for LIBUSER... yes
checking for syscall ioprio_set... SYS_ioprio_set
checking for syscall ioprio_get... SYS_ioprio_get
checking for syscall sched_getaffinity... SYS_sched_getaffinity
checking that generated files are newer than configure... done
configure: creating ./config.status
config.status: creating Makefile
config.status: creating libblkid/docs/Makefile
config.status: creating libblkid/docs/version.xml
config.status: creating libblkid/src/blkid.h
config.status: creating libfdisk/docs/Makefile
config.status: creating libfdisk/docs/version.xml
config.status: creating libfdisk/src/libfdisk.h
config.status: creating libmount/docs/Makefile
config.status: creating libmount/docs/version.xml
config.status: creating libmount/src/libmount.h
config.status: creating libsmartcols/docs/Makefile
config.status: creating libsmartcols/docs/version.xml
config.status: creating libsmartcols/src/libsmartcols.h
config.status: creating po/Makefile.in
config.status: creating config.h
config.status: executing depfiles commands
config.status: executing libtool commands
config.status: executing po-directories commands
config.status: creating po/POTFILES
config.status: creating po/Makefile

	util-linux  2.27.1

	prefix:            /usr
	exec prefix:       ${prefix}

	localstatedir:     /run
	bindir:            /bin
	sbindir:           /sbin
	libdir:            /lib
	includedir:        ${prefix}/include
	usrbin_execdir:    ${exec_prefix}/bin
	usrsbin_execdir:   ${exec_prefix}/sbin
	usrlib_execdir:    ${exec_prefix}/lib

	compiler:          gcc
	cflags:            -U_FORTIFY_SOURCE -march=armv7-a -mfloat-abi=hard -mfpu=vfpv3-d16 -O2 -pipe 
	suid cflags:       
	ldflags:           
	suid ldflags:      

	Python:            
	Python version:    
	Python libs:       

	Bash completions:  /usr/share/bash-completion/completions
	Systemd support:   no

	warnings:

 -fno-common -Wall -Werror=sequence-point -Wextra -Wmissing-declarations -Wmissing-parameter-type -Wmissing-prototypes -Wno-missing-field-initializers -Wredundant-decls -Wsign-compare -Wtype-limits -Wuninitialized -Wunused-but-set-parameter -Wunused-but-set-variable -Wunused-parameter -Wunused-result -Wunused-variable -Wnested-externs -Wpointer-arith -Wstrict-prototypes -Wimplicit-function-declaration

	Type 'make' or 'make <utilname>' to compile.

/usr/bin/make  all-recursive
make[1]: Entering directory '/tmp/work/src/util-linux-2.27.1'
Making all in po
make[2]: Entering directory '/tmp/work/src/util-linux-2.27.1/po'
make[2]: Nothing to be done for 'all'.
make[2]: Leaving directory '/tmp/work/src/util-linux-2.27.1/po'
make[2]: Entering directory '/tmp/work/src/util-linux-2.27.1'
  CC       lib/libmount_la-monotonic.lo
  CC       lib/dmesg-monotonic.o
  CC       sys-utils/ctrlaltdel.o
  CC       sys-utils/fstrim-fstrim.o
  CC       sys-utils/fsfreeze.o
  CC       sys-utils/blkdiscard.o
  CC       lib/monotonic.o
  CC       sys-utils/losetup-losetup.o
  CC       sys-utils/zramctl-zramctl.o
  CC       sys-utils/swapon-swapon.o
  CC       sys-utils/swapon-swapon-common.o
  CC       lib/swapon-swapprober.o
  CC       sys-utils/swapoff-swapoff.o
  CC       sys-utils/swapoff-swapon-common.o
  CC       lib/swapoff-swapprober.o
  CC       sys-utils/chcpu.o
  CC       sys-utils/pivot_root.o
  CC       sys-utils/switch_root.o
  CC       sys-utils/hwclock.o
  CC       sys-utils/hwclock-cmos.o
  CC       sys-utils/hwclock-rtc.o
  CC       misc-utils/blkid-blkid.o
  CC       misc-utils/findfs-findfs.o
  CC       misc-utils/wipefs-wipefs.o
  CC       lib/swaplabel-swapprober.o
  CC       disk-utils/fsck-fsck.o
  CC       lib/fsck-monotonic.o
  CC       disk-utils/raw.o
  CC       disk-utils/fsck.cramfs.o
  CC       disk-utils/cramfs_common.o
  CC       disk-utils/mkfs.cramfs.o
  CC       disk-utils/blockdev.o
  CC       disk-utils/fdisk-fdisk.o
  CC       disk-utils/fdisk-fdisk-menu.o
  CC       disk-utils/fdisk-fdisk-list.o
  CC       disk-utils/sfdisk-sfdisk.o
  CC       disk-utils/sfdisk-fdisk-list.o
  CC       disk-utils/cfdisk-cfdisk.o
  CC       text-utils/col.o
  CC       text-utils/colcrt.o
  CC       text-utils/colrm.o
  CC       text-utils/column.o
  CC       text-utils/hexdump-conv.o
  CC       text-utils/hexdump-display.o
  CC       text-utils/hexdump.o
  CC       text-utils/hexdump-parse.o
  CC       text-utils/rev.o
  CC       text-utils/tailf.o
  CC       text-utils/pg-pg.o
  CC       text-utils/ul-ul.o
  CC       term-utils/script-script.o
  CC       lib/script-monotonic.o
  CC       term-utils/scriptreplay.o
  CC       term-utils/setterm-setterm.o
  CC       term-utils/mesg.o
  CC       term-utils/wall-wall.o
  CC       term-utils/wall-ttymsg.o
  CC       login-utils/last.o
  CC       login-utils/utmpdump.o
  CC       login-utils/lslogins-lslogins.o
  CC       login-utils/lslogins-logindefs.o
  CC       sys-utils/flock.o
  CC       lib/timer.o
  CC       sys-utils/ipcmk.o
  CC       sys-utils/ipcrm.o
  CC       sys-utils/ipcs.o
  CC       sys-utils/ipcutils.o
  CC       sys-utils/lsipc-lsipc.o
  CC       sys-utils/lsipc-ipcutils.o
  CC       sys-utils/renice.o
  CC       sys-utils/setsid.o
  CC       sys-utils/setarch.o
  CC       sys-utils/eject-eject.o
  CC       lib/eject-monotonic.o
  CC       sys-utils/prlimit-prlimit.o
  CC       sys-utils/lscpu-lscpu.o
  CC       sys-utils/lscpu-lscpu-dmi.o
  CC       sys-utils/fallocate.o
  CC       sys-utils/unshare-unshare.o
  CC       sys-utils/nsenter.o
  CC       misc-utils/cal-cal.o
  CC       lib/cal-mbsalign.o
  CC       lib/cal-strutils.o
  CC       misc-utils/logger-logger.o
  CC       lib/logger-strutils.o
  CC       misc-utils/look.o
  CC       misc-utils/mcookie.o
  CC       lib/md5.o
  CC       misc-utils/namei.o
  CC       lib/strutils.o
  CC       misc-utils/whereis.o
  CC       misc-utils/lslocks-lslocks.o
  CC       misc-utils/uuidgen-uuidgen.o
  CC       misc-utils/rename.o
  CC       misc-utils/getopt.o
  CC       disk-utils/isosize.o
  CC       sys-utils/readprofile.o
  CC       sys-utils/ldattach.o
  CC       sys-utils/rtcwake.o
  CC       misc-utils/uuidd-uuidd.o
  CC       disk-utils/fdformat.o
  CC       disk-utils/partx-partx.o
  CC       disk-utils/addpart.o
  CC       disk-utils/delpart.o
  CC       disk-utils/resizepart.o
  GEN      sys-utils/rtcwake.8
  GEN      sys-utils/hwclock.8
  GEN      misc-utils/uuidd.8
  GEN      sys-utils/uname26.8
  GEN      sys-utils/linux32.8
  GEN      sys-utils/linux64.8
  GEN      libuuid/uuid.pc
  GEN      libblkid/blkid.pc
  GEN      libmount/mount.pc
  CC       lib/libcommon_la-at.lo
  GEN      libsmartcols/smartcols.pc
  GEN      libfdisk/fdisk.pc
  CC       lib/libcommon_la-blkdev.lo
  CC       lib/libcommon_la-canonicalize.lo
  CC       lib/libcommon_la-crc32.lo
  CC       lib/libcommon_la-crc64.lo
  CC       lib/libcommon_la-env.lo
  CC       lib/libcommon_la-fileutils.lo
  CC       lib/libcommon_la-ismounted.lo
  CC       lib/libcommon_la-color-names.lo
  CC       lib/libcommon_la-mangle.lo
  CC       lib/libcommon_la-match.lo
  CC       lib/libcommon_la-mbsalign.lo
  CC       lib/libcommon_la-md5.lo
  CC       lib/libcommon_la-pager.lo
  CC       lib/libcommon_la-path.lo
  CC       lib/libcommon_la-procutils.lo
  CC       lib/libcommon_la-randutils.lo
  CC       lib/libcommon_la-setproctitle.lo
  CC       lib/libcommon_la-strutils.lo
  CC       lib/libcommon_la-sysfs.lo
  CC       lib/libcommon_la-timeutils.lo
  CC       lib/libcommon_la-ttyutils.lo
  CC       lib/libcommon_la-exec_shell.lo
  CC       lib/libcommon_la-strv.lo
  CC       lib/libcommon_la-linux_version.lo
  CC       lib/libcommon_la-loopdev.lo
  CC       lib/libcommon_la-cpuset.lo
  CC       lib/libtcolors_la-colors.lo
  CC       lib/libtcolors_la-color-names.lo
  CC       libuuid/src/libuuid_la-clear.lo
  CC       libuuid/src/libuuid_la-compare.lo
  CC       libuuid/src/libuuid_la-copy.lo
  CC       libuuid/src/libuuid_la-gen_uuid.lo
  CC       libuuid/src/libuuid_la-isnull.lo
  CC       libuuid/src/libuuid_la-pack.lo
  CC       libuuid/src/libuuid_la-parse.lo
  CC       libuuid/src/libuuid_la-unpack.lo
  CC       libuuid/src/libuuid_la-unparse.lo
  CC       libuuid/src/libuuid_la-uuid_time.lo
  CC       lib/libuuid_la-randutils.lo
  CC       libblkid/src/libblkid_la-init.lo
  CC       libblkid/src/libblkid_la-cache.lo
  CC       libblkid/src/libblkid_la-config.lo
  CC       libblkid/src/libblkid_la-dev.lo
  CC       libblkid/src/libblkid_la-devname.lo
  CC       libblkid/src/libblkid_la-devno.lo
  CC       libblkid/src/libblkid_la-encode.lo
  CC       libblkid/src/libblkid_la-evaluate.lo
  CC       libblkid/src/libblkid_la-getsize.lo
  CC       libblkid/src/libblkid_la-llseek.lo
  CC       libblkid/src/libblkid_la-probe.lo
  CC       libblkid/src/libblkid_la-read.lo
  CC       libblkid/src/libblkid_la-resolve.lo
  CC       libblkid/src/libblkid_la-save.lo
  CC       libblkid/src/libblkid_la-tag.lo
  CC       libblkid/src/libblkid_la-verify.lo
  CC       libblkid/src/libblkid_la-version.lo
  CC       libblkid/src/partitions/libblkid_la-aix.lo
  CC       libblkid/src/partitions/libblkid_la-bsd.lo
  CC       libblkid/src/partitions/libblkid_la-dos.lo
  CC       libblkid/src/partitions/libblkid_la-gpt.lo
  CC       libblkid/src/partitions/libblkid_la-mac.lo
  CC       libblkid/src/partitions/libblkid_la-minix.lo
  CC       libblkid/src/partitions/libblkid_la-partitions.lo
  CC       libblkid/src/partitions/libblkid_la-sgi.lo
  CC       libblkid/src/partitions/libblkid_la-solaris_x86.lo
  CC       libblkid/src/partitions/libblkid_la-sun.lo
  CC       libblkid/src/partitions/libblkid_la-ultrix.lo
  CC       libblkid/src/partitions/libblkid_la-unixware.lo
  CC       libblkid/src/superblocks/libblkid_la-adaptec_raid.lo
  CC       libblkid/src/superblocks/libblkid_la-bcache.lo
  CC       libblkid/src/superblocks/libblkid_la-befs.lo
  CC       libblkid/src/superblocks/libblkid_la-bfs.lo
  CC       libblkid/src/superblocks/libblkid_la-btrfs.lo
  CC       libblkid/src/superblocks/libblkid_la-cramfs.lo
  CC       libblkid/src/superblocks/libblkid_la-ddf_raid.lo
  CC       libblkid/src/superblocks/libblkid_la-drbd.lo
  CC       libblkid/src/superblocks/libblkid_la-drbdproxy_datalog.lo
  CC       libblkid/src/superblocks/libblkid_la-drbdmanage.lo
  CC       libblkid/src/superblocks/libblkid_la-exfat.lo
  CC       libblkid/src/superblocks/libblkid_la-ext.lo
  CC       libblkid/src/superblocks/libblkid_la-f2fs.lo
  CC       libblkid/src/superblocks/libblkid_la-gfs.lo
  CC       libblkid/src/superblocks/libblkid_la-hfs.lo
  CC       libblkid/src/superblocks/libblkid_la-highpoint_raid.lo
  CC       libblkid/src/superblocks/libblkid_la-hpfs.lo
  CC       libblkid/src/superblocks/libblkid_la-iso9660.lo
  CC       libblkid/src/superblocks/libblkid_la-isw_raid.lo
  CC       libblkid/src/superblocks/libblkid_la-jfs.lo
  CC       libblkid/src/superblocks/libblkid_la-jmicron_raid.lo
  CC       libblkid/src/superblocks/libblkid_la-linux_raid.lo
  CC       libblkid/src/superblocks/libblkid_la-lsi_raid.lo
  CC       libblkid/src/superblocks/libblkid_la-luks.lo
  CC       libblkid/src/superblocks/libblkid_la-lvm.lo
  CC       libblkid/src/superblocks/libblkid_la-minix.lo
  CC       libblkid/src/superblocks/libblkid_la-netware.lo
  CC       libblkid/src/superblocks/libblkid_la-nilfs.lo
  CC       libblkid/src/superblocks/libblkid_la-ntfs.lo
  CC       libblkid/src/superblocks/libblkid_la-refs.lo
  CC       libblkid/src/superblocks/libblkid_la-nvidia_raid.lo
  CC       libblkid/src/superblocks/libblkid_la-ocfs.lo
  CC       libblkid/src/superblocks/libblkid_la-promise_raid.lo
  CC       libblkid/src/superblocks/libblkid_la-reiserfs.lo
  CC       libblkid/src/superblocks/libblkid_la-romfs.lo
  CC       libblkid/src/superblocks/libblkid_la-silicon_raid.lo
  CC       libblkid/src/superblocks/libblkid_la-squashfs.lo
  CC       libblkid/src/superblocks/libblkid_la-superblocks.lo
  CC       libblkid/src/superblocks/libblkid_la-swap.lo
  CC       libblkid/src/superblocks/libblkid_la-sysv.lo
  CC       libblkid/src/superblocks/libblkid_la-ubifs.lo
  CC       libblkid/src/superblocks/libblkid_la-udf.lo
  CC       libblkid/src/superblocks/libblkid_la-ufs.lo
  CC       libblkid/src/superblocks/libblkid_la-vfat.lo
  CC       libblkid/src/superblocks/libblkid_la-via_raid.lo
  CC       libblkid/src/superblocks/libblkid_la-vmfs.lo
  CC       libblkid/src/superblocks/libblkid_la-vxfs.lo
  CC       libblkid/src/superblocks/libblkid_la-xfs.lo
  CC       libblkid/src/superblocks/libblkid_la-zfs.lo
  CC       libblkid/src/topology/libblkid_la-topology.lo
  CC       libblkid/src/topology/libblkid_la-dm.lo
  CC       libblkid/src/topology/libblkid_la-evms.lo
  CC       libblkid/src/topology/libblkid_la-ioctl.lo
  CC       libblkid/src/topology/libblkid_la-lvm.lo
  CC       libblkid/src/topology/libblkid_la-md.lo
  CC       libblkid/src/topology/libblkid_la-sysfs.lo
  CC       libmount/src/libmount_la-cache.lo
  CC       libmount/src/libmount_la-fs.lo
  CC       libmount/src/libmount_la-init.lo
  CC       libmount/src/libmount_la-iter.lo
  CC       libmount/src/libmount_la-lock.lo
  CC       libmount/src/libmount_la-optmap.lo
  CC       libmount/src/libmount_la-optstr.lo
  CC       libmount/src/libmount_la-tab.lo
  CC       libmount/src/libmount_la-tab_diff.lo
  CC       libmount/src/libmount_la-tab_parse.lo
  CC       libmount/src/libmount_la-tab_update.lo
  CC       libmount/src/libmount_la-test.lo
  CC       libmount/src/libmount_la-utils.lo
  CC       libmount/src/libmount_la-version.lo
  CC       libmount/src/libmount_la-context.lo
  CC       libmount/src/libmount_la-context_loopdev.lo
  CC       libmount/src/libmount_la-context_mount.lo
  CC       libmount/src/libmount_la-context_umount.lo
  CC       libmount/src/libmount_la-monitor.lo
  CC       libsmartcols/src/libsmartcols_la-iter.lo
  CC       libsmartcols/src/libsmartcols_la-symbols.lo
  CC       libsmartcols/src/libsmartcols_la-cell.lo
  CC       libsmartcols/src/libsmartcols_la-column.lo
  CC       libsmartcols/src/libsmartcols_la-line.lo
  CC       libsmartcols/src/libsmartcols_la-table.lo
  CC       libsmartcols/src/libsmartcols_la-table_print.lo
  CC       libsmartcols/src/libsmartcols_la-version.lo
  CC       libsmartcols/src/libsmartcols_la-init.lo
  CC       libfdisk/src/libfdisk_la-init.lo
  CC       libfdisk/src/libfdisk_la-test.lo
  CC       libfdisk/src/libfdisk_la-ask.lo
  CC       libfdisk/src/libfdisk_la-alignment.lo
  CC       libfdisk/src/libfdisk_la-label.lo
  CC       libfdisk/src/libfdisk_la-utils.lo
  CC       libfdisk/src/libfdisk_la-context.lo
  CC       libfdisk/src/libfdisk_la-parttype.lo
  CC       libfdisk/src/libfdisk_la-partition.lo
  CC       libfdisk/src/libfdisk_la-table.lo
  CC       libfdisk/src/libfdisk_la-iter.lo
  CC       libfdisk/src/libfdisk_la-script.lo
  CC       libfdisk/src/libfdisk_la-version.lo
  CC       libfdisk/src/libfdisk_la-sun.lo
  CC       libfdisk/src/libfdisk_la-sgi.lo
  CC       libfdisk/src/libfdisk_la-dos.lo
  CC       libfdisk/src/libfdisk_la-bsd.lo
  CC       libfdisk/src/libfdisk_la-gpt.lo
  CC       text-utils/more-more.o
  CC       sys-utils/dmesg-dmesg.o
  CC       sys-utils/mount-mount.o
  CC       sys-utils/umount-umount.o
  CC       sys-utils/wdctl-wdctl.o
  CC       sys-utils/mountpoint-mountpoint.o
  CC       misc-utils/lsblk-lsblk.o
  CC       misc-utils/findmnt-findmnt.o
  CC       misc-utils/kill.o
  CC       term-utils/agetty.o
  CC       login-utils/sulogin.o
  CC       login-utils/sulogin-consoles.o
  CCLD     ctrlaltdel
  CCLD     fsfreeze
  CCLD     pivot_root
  CC       disk-utils/fsck.minix.o
  CCLD     switch_root
  CC       disk-utils/mkfs.minix.o
  CC       disk-utils/mkfs.o
  CC       disk-utils/mkfs.bfs.o
  CC       disk-utils/mkswap-mkswap.o
  CC       disk-utils/swaplabel-swaplabel.o
  CCLD     raw
  CC       schedutils/chrt.o
  CC       schedutils/ionice.o
  CC       schedutils/taskset.o
  CCLD     colcrt
  CCLD     rev
  CCLD     ul
  CCLD     scriptreplay
  CCLD     mesg
  CCLD     utmpdump
  CCLD     renice
  CCLD     setsid
  CCLD     setarch
  CCLD     logger
  CCLD     look
  CCLD     namei
  CCLD     rename
  CCLD     getopt
  CCLD     readprofile
  CCLD     libcommon.la
  CCLD     libtcolors.la
  CCLD     libuuid.la
  CCLD     more
  CCLD     mkfs
  CCLD     libsmartcols.la
  CCLD     dmesg
  CCLD     kill
  CCLD     agetty
  CCLD     sulogin
  CCLD     blkdiscard
  CCLD     chcpu
  CCLD     hwclock
  CCLD     fsck.minix
  CCLD     mkfs.minix
  CCLD     mkfs.bfs
  CCLD     fsck.cramfs
  CCLD     mkfs.cramfs
  CCLD     blockdev
  CCLD     chrt
  CCLD     ionice
  CCLD     taskset
  CCLD     col
  CCLD     colrm
  CCLD     column
  CCLD     hexdump
  CCLD     tailf
  CCLD     pg
  CCLD     script
  CCLD     setterm
  CCLD     wall
  CCLD     last
  CCLD     lslogins
  CCLD     flock
  CCLD     ipcmk
  CCLD     ipcrm
  CCLD     ipcs
  CCLD     lsipc
  CCLD     prlimit
  CCLD     lscpu
  CCLD     fallocate
  CCLD     unshare
  CCLD     nsenter
  CCLD     cal
  CCLD     mcookie
  CCLD     whereis
  CCLD     uuidgen
  CCLD     isosize
  CCLD     ldattach
  CCLD     rtcwake
  CCLD     uuidd
  CCLD     fdformat
  CCLD     addpart
  CCLD     delpart
  CCLD     resizepart
  CCLD     libblkid.la
  CCLD     wdctl
  CCLD     losetup
  CCLD     zramctl
  CCLD     libmount.la
  CCLD     libfdisk.la
  CCLD     blkid
  CCLD     findfs
  CCLD     wipefs
  CCLD     mkswap
  CCLD     swaplabel
  CCLD     partx
  CCLD     mount
  CCLD     umount
  CCLD     mountpoint
  CCLD     lsblk
  CCLD     findmnt
  CCLD     fstrim
  CCLD     swapon
  CCLD     swapoff
  CCLD     fsck
  CCLD     fdisk
  CCLD     sfdisk
  CCLD     cfdisk
  CCLD     eject
  CCLD     lslocks
make[2]: Leaving directory '/tmp/work/src/util-linux-2.27.1'
make[1]: Leaving directory '/tmp/work/src/util-linux-2.27.1'
/usr/bin/make  install-recursive
make[1]: Entering directory '/tmp/work/src/util-linux-2.27.1'
Making install in po
make[2]: Entering directory '/tmp/work/src/util-linux-2.27.1/po'
installing ca.gmo as /tmp/work/pkg/usr/share/locale/ca/LC_MESSAGES/util-linux.mo
installing cs.gmo as /tmp/work/pkg/usr/share/locale/cs/LC_MESSAGES/util-linux.mo
installing da.gmo as /tmp/work/pkg/usr/share/locale/da/LC_MESSAGES/util-linux.mo
installing de.gmo as /tmp/work/pkg/usr/share/locale/de/LC_MESSAGES/util-linux.mo
installing es.gmo as /tmp/work/pkg/usr/share/locale/es/LC_MESSAGES/util-linux.mo
installing et.gmo as /tmp/work/pkg/usr/share/locale/et/LC_MESSAGES/util-linux.mo
installing eu.gmo as /tmp/work/pkg/usr/share/locale/eu/LC_MESSAGES/util-linux.mo
installing fi.gmo as /tmp/work/pkg/usr/share/locale/fi/LC_MESSAGES/util-linux.mo
installing fr.gmo as /tmp/work/pkg/usr/share/locale/fr/LC_MESSAGES/util-linux.mo
installing gl.gmo as /tmp/work/pkg/usr/share/locale/gl/LC_MESSAGES/util-linux.mo
installing hr.gmo as /tmp/work/pkg/usr/share/locale/hr/LC_MESSAGES/util-linux.mo
installing hu.gmo as /tmp/work/pkg/usr/share/locale/hu/LC_MESSAGES/util-linux.mo
installing id.gmo as /tmp/work/pkg/usr/share/locale/id/LC_MESSAGES/util-linux.mo
installing it.gmo as /tmp/work/pkg/usr/share/locale/it/LC_MESSAGES/util-linux.mo
installing ja.gmo as /tmp/work/pkg/usr/share/locale/ja/LC_MESSAGES/util-linux.mo
installing nl.gmo as /tmp/work/pkg/usr/share/locale/nl/LC_MESSAGES/util-linux.mo
installing pl.gmo as /tmp/work/pkg/usr/share/locale/pl/LC_MESSAGES/util-linux.mo
installing pt_BR.gmo as /tmp/work/pkg/usr/share/locale/pt_BR/LC_MESSAGES/util-linux.mo
installing ru.gmo as /tmp/work/pkg/usr/share/locale/ru/LC_MESSAGES/util-linux.mo
installing sl.gmo as /tmp/work/pkg/usr/share/locale/sl/LC_MESSAGES/util-linux.mo
installing sv.gmo as /tmp/work/pkg/usr/share/locale/sv/LC_MESSAGES/util-linux.mo
installing tr.gmo as /tmp/work/pkg/usr/share/locale/tr/LC_MESSAGES/util-linux.mo
installing uk.gmo as /tmp/work/pkg/usr/share/locale/uk/LC_MESSAGES/util-linux.mo
installing vi.gmo as /tmp/work/pkg/usr/share/locale/vi/LC_MESSAGES/util-linux.mo
installing zh_CN.gmo as /tmp/work/pkg/usr/share/locale/zh_CN/LC_MESSAGES/util-linux.mo
installing zh_TW.gmo as /tmp/work/pkg/usr/share/locale/zh_TW/LC_MESSAGES/util-linux.mo
if test "util-linux" = "gettext-tools"; then \
  /bin/mkdir -p /tmp/work/pkg/usr/share/gettext/po; \
  for file in Makefile.in.in remove-potcdate.sin quot.sed boldquot.sed en@quot.header en@boldquot.header insert-header.sin Rules-quot   Makevars.template; do \
    /usr/bin/install -c -m 644 ./$file \
		    /tmp/work/pkg/usr/share/gettext/po/$file; \
  done; \
  for file in Makevars; do \
    rm -f /tmp/work/pkg/usr/share/gettext/po/$file; \
  done; \
else \
  : ; \
fi
make[2]: Leaving directory '/tmp/work/src/util-linux-2.27.1/po'
make[2]: Entering directory '/tmp/work/src/util-linux-2.27.1'
make[3]: Entering directory '/tmp/work/src/util-linux-2.27.1'
 /bin/mkdir -p '/tmp/work/pkg/bin'
 /bin/mkdir -p '/tmp/work/pkg/sbin'
  /bin/sh ./libtool   --mode=install /usr/bin/install -c more dmesg mount umount wdctl mountpoint lsblk findmnt kill '/tmp/work/pkg/bin'
 /bin/mkdir -p '/tmp/work/pkg/usr/bin'
 /bin/mkdir -p '/tmp/work/pkg/usr/lib'
 /bin/mkdir -p '/tmp/work/pkg/usr/sbin'
 /bin/sh ./libtool   --mode=install /usr/bin/install -c   libuuid.la libblkid.la libmount.la libsmartcols.la libfdisk.la '/tmp/work/pkg/usr/lib'
  /bin/sh ./libtool   --mode=install /usr/bin/install -c agetty sulogin fstrim ctrlaltdel fsfreeze blkdiscard losetup zramctl swapon swapoff chcpu pivot_root switch_root hwclock blkid findfs wipefs fsck.minix mkfs.minix mkfs mkfs.bfs mkswap swaplabel fsck raw fsck.cramfs mkfs.cramfs blockdev fdisk sfdisk cfdisk '/tmp/work/pkg/sbin'
  /bin/sh ./libtool   --mode=install /usr/bin/install -c readprofile ldattach rtcwake uuidd fdformat partx addpart delpart resizepart '/tmp/work/pkg/usr/sbin'
  /bin/sh ./libtool   --mode=install /usr/bin/install -c chrt ionice taskset col colcrt colrm column hexdump rev tailf pg ul script scriptreplay setterm mesg wall last utmpdump lslogins flock ipcmk ipcrm ipcs lsipc renice setsid setarch eject prlimit lscpu fallocate unshare nsenter cal logger look mcookie namei whereis lslocks uuidgen rename getopt isosize '/tmp/work/pkg/usr/bin'
libtool: install: /usr/bin/install -c more /tmp/work/pkg/bin/more
libtool: install: /usr/bin/install -c .libs/libuuid.so.1.3.0 /tmp/work/pkg/usr/lib/libuuid.so.1.3.0
libtool: install: /usr/bin/install -c agetty /tmp/work/pkg/sbin/agetty
libtool: install: (cd /tmp/work/pkg/usr/lib && { ln -s -f libuuid.so.1.3.0 libuuid.so.1 || { rm -f libuuid.so.1 && ln -s libuuid.so.1.3.0 libuuid.so.1; }; })
libtool: install: /usr/bin/install -c readprofile /tmp/work/pkg/usr/sbin/readprofile
libtool: install: /usr/bin/install -c dmesg /tmp/work/pkg/bin/dmesg
libtool: install: (cd /tmp/work/pkg/usr/lib && { ln -s -f libuuid.so.1.3.0 libuuid.so || { rm -f libuuid.so && ln -s libuuid.so.1.3.0 libuuid.so; }; })
libtool: install: /usr/bin/install -c sulogin /tmp/work/pkg/sbin/sulogin
libtool: install: /usr/bin/install -c .libs/libuuid.lai /tmp/work/pkg/usr/lib/libuuid.la
libtool: install: /usr/bin/install -c chrt /tmp/work/pkg/usr/bin/chrt
libtool: install: /usr/bin/install -c ldattach /tmp/work/pkg/usr/sbin/ldattach
libtool: install: /usr/bin/install -c ionice /tmp/work/pkg/usr/bin/ionice
libtool: install: /usr/bin/install -c rtcwake /tmp/work/pkg/usr/sbin/rtcwake
libtool: install: (cd /tmp/work/src/util-linux-2.27.1; /bin/sh /tmp/work/src/util-linux-2.27.1/libtool  --silent --tag CC --mode=relink gcc -I./libblkid/src -I./libblkid/src -I./libuuid/src -U_FORTIFY_SOURCE -march=armv7-a -mfloat-abi=hard -mfpu=vfpv3-d16 -O2 -pipe -Wl,--version-script=./libblkid/src/libblkid.sym -version-info 2:0:1 -o libblkid.la -rpath /usr/lib libblkid/src/libblkid_la-init.lo libblkid/src/libblkid_la-cache.lo libblkid/src/libblkid_la-config.lo libblkid/src/libblkid_la-dev.lo libblkid/src/libblkid_la-devname.lo libblkid/src/libblkid_la-devno.lo libblkid/src/libblkid_la-encode.lo libblkid/src/libblkid_la-evaluate.lo libblkid/src/libblkid_la-getsize.lo libblkid/src/libblkid_la-llseek.lo libblkid/src/libblkid_la-probe.lo libblkid/src/libblkid_la-read.lo libblkid/src/libblkid_la-resolve.lo libblkid/src/libblkid_la-save.lo libblkid/src/libblkid_la-tag.lo libblkid/src/libblkid_la-verify.lo libblkid/src/libblkid_la-version.lo libblkid/src/partitions/libblkid_la-aix.lo libblkid/src/partitions/libblkid_la-bsd.lo libblkid/src/partitions/libblkid_la-dos.lo libblkid/src/partitions/libblkid_la-gpt.lo libblkid/src/partitions/libblkid_la-mac.lo libblkid/src/partitions/libblkid_la-minix.lo libblkid/src/partitions/libblkid_la-partitions.lo libblkid/src/partitions/libblkid_la-sgi.lo libblkid/src/partitions/libblkid_la-solaris_x86.lo libblkid/src/partitions/libblkid_la-sun.lo libblkid/src/partitions/libblkid_la-ultrix.lo libblkid/src/partitions/libblkid_la-unixware.lo libblkid/src/superblocks/libblkid_la-adaptec_raid.lo libblkid/src/superblocks/libblkid_la-bcache.lo libblkid/src/superblocks/libblkid_la-befs.lo libblkid/src/superblocks/libblkid_la-bfs.lo libblkid/src/superblocks/libblkid_la-btrfs.lo libblkid/src/superblocks/libblkid_la-cramfs.lo libblkid/src/superblocks/libblkid_la-ddf_raid.lo libblkid/src/superblocks/libblkid_la-drbd.lo libblkid/src/superblocks/libblkid_la-drbdproxy_datalog.lo libblkid/src/superblocks/libblkid_la-drbdmanage.lo libblkid/src/superblocks/libblkid_la-exfat.lo libblkid/src/superblocks/libblkid_la-ext.lo libblkid/src/superblocks/libblkid_la-f2fs.lo libblkid/src/superblocks/libblkid_la-gfs.lo libblkid/src/superblocks/libblkid_la-hfs.lo libblkid/src/superblocks/libblkid_la-highpoint_raid.lo libblkid/src/superblocks/libblkid_la-hpfs.lo libblkid/src/superblocks/libblkid_la-iso9660.lo libblkid/src/superblocks/libblkid_la-isw_raid.lo libblkid/src/superblocks/libblkid_la-jfs.lo libblkid/src/superblocks/libblkid_la-jmicron_raid.lo libblkid/src/superblocks/libblkid_la-linux_raid.lo libblkid/src/superblocks/libblkid_la-lsi_raid.lo libblkid/src/superblocks/libblkid_la-luks.lo libblkid/src/superblocks/libblkid_la-lvm.lo libblkid/src/superblocks/libblkid_la-minix.lo libblkid/src/superblocks/libblkid_la-netware.lo libblkid/src/superblocks/libblkid_la-nilfs.lo libblkid/src/superblocks/libblkid_la-ntfs.lo libblkid/src/superblocks/libblkid_la-refs.lo libblkid/src/superblocks/libblkid_la-nvidia_raid.lo libblkid/src/superblocks/libblkid_la-ocfs.lo libblkid/src/superblocks/libblkid_la-promise_raid.lo libblkid/src/superblocks/libblkid_la-reiserfs.lo libblkid/src/superblocks/libblkid_la-romfs.lo libblkid/src/superblocks/libblkid_la-silicon_raid.lo libblkid/src/superblocks/libblkid_la-squashfs.lo libblkid/src/superblocks/libblkid_la-superblocks.lo libblkid/src/superblocks/libblkid_la-swap.lo libblkid/src/superblocks/libblkid_la-sysv.lo libblkid/src/superblocks/libblkid_la-ubifs.lo libblkid/src/superblocks/libblkid_la-udf.lo libblkid/src/superblocks/libblkid_la-ufs.lo libblkid/src/superblocks/libblkid_la-vfat.lo libblkid/src/superblocks/libblkid_la-via_raid.lo libblkid/src/superblocks/libblkid_la-vmfs.lo libblkid/src/superblocks/libblkid_la-vxfs.lo libblkid/src/superblocks/libblkid_la-xfs.lo libblkid/src/superblocks/libblkid_la-zfs.lo libblkid/src/topology/libblkid_la-topology.lo libblkid/src/topology/libblkid_la-dm.lo libblkid/src/topology/libblkid_la-evms.lo libblkid/src/topology/libblkid_la-ioctl.lo libblkid/src/topology/libblkid_la-lvm.lo libblkid/src/topology/libblkid_la-md.lo libblkid/src/topology/libblkid_la-sysfs.lo libcommon.la libuuid.la -inst-prefix-dir /tmp/work/pkg)
libtool: install: /usr/bin/install -c taskset /tmp/work/pkg/usr/bin/taskset
libtool: install: /usr/bin/install -c col /tmp/work/pkg/usr/bin/col
libtool: install: /usr/bin/install -c colcrt /tmp/work/pkg/usr/bin/colcrt
libtool: install: /usr/bin/install -c .libs/fstrim /tmp/work/pkg/sbin/fstrim
libtool: install: /usr/bin/install -c .libs/mount /tmp/work/pkg/bin/mount
libtool: install: /usr/bin/install -c .libs/uuidd /tmp/work/pkg/usr/sbin/uuidd
libtool: install: /usr/bin/install -c ctrlaltdel /tmp/work/pkg/sbin/ctrlaltdel
libtool: install: /usr/bin/install -c colrm /tmp/work/pkg/usr/bin/colrm
libtool: install: /usr/bin/install -c fdformat /tmp/work/pkg/usr/sbin/fdformat
libtool: install: /usr/bin/install -c fsfreeze /tmp/work/pkg/sbin/fsfreeze
libtool: install: /usr/bin/install -c column /tmp/work/pkg/usr/bin/column
libtool: install: /usr/bin/install -c blkdiscard /tmp/work/pkg/sbin/blkdiscard
libtool: install: /usr/bin/install -c hexdump /tmp/work/pkg/usr/bin/hexdump
libtool: install: /usr/bin/install -c rev /tmp/work/pkg/usr/bin/rev
libtool: install: /usr/bin/install -c .libs/umount /tmp/work/pkg/bin/umount
libtool: install: /usr/bin/install -c tailf /tmp/work/pkg/usr/bin/tailf
libtool: install: /usr/bin/install -c .libs/partx /tmp/work/pkg/usr/sbin/partx
libtool: install: /usr/bin/install -c .libs/losetup /tmp/work/pkg/sbin/losetup
libtool: install: /usr/bin/install -c pg /tmp/work/pkg/usr/bin/pg
libtool: install: /usr/bin/install -c addpart /tmp/work/pkg/usr/sbin/addpart
libtool: install: /usr/bin/install -c ul /tmp/work/pkg/usr/bin/ul
libtool: install: /usr/bin/install -c delpart /tmp/work/pkg/usr/sbin/delpart
libtool: install: /usr/bin/install -c script /tmp/work/pkg/usr/bin/script
libtool: install: /usr/bin/install -c .libs/wdctl /tmp/work/pkg/bin/wdctl
libtool: install: /usr/bin/install -c resizepart /tmp/work/pkg/usr/sbin/resizepart
libtool: install: /usr/bin/install -c .libs/zramctl /tmp/work/pkg/sbin/zramctl
libtool: install: /usr/bin/install -c scriptreplay /tmp/work/pkg/usr/bin/scriptreplay
 /bin/mkdir -p '/tmp/work/pkg/usr/share/bash-completion/completions'
libtool: install: /usr/bin/install -c setterm /tmp/work/pkg/usr/bin/setterm
 /usr/bin/install -c -m 644 bash-completion/blkid bash-completion/cal bash-completion/col bash-completion/colcrt bash-completion/colrm bash-completion/column bash-completion/findmnt bash-completion/flock bash-completion/getopt bash-completion/hexdump bash-completion/ipcrm bash-completion/ipcs bash-completion/isosize bash-completion/logger bash-completion/look bash-completion/lsipc bash-completion/mcookie bash-completion/mkfs bash-completion/mkswap bash-completion/namei bash-completion/prlimit bash-completion/readprofile bash-completion/renice bash-completion/rev bash-completion/script bash-completion/scriptreplay bash-completion/setsid bash-completion/tailf bash-completion/whereis bash-completion/wipefs bash-completion/fsck bash-completion/mkfs.bfs bash-completion/fsck.minix bash-completion/mkfs.minix bash-completion/fsck.cramfs bash-completion/mkfs.cramfs bash-completion/addpart bash-completion/delpart bash-completion/resizepart bash-completion/partx '/tmp/work/pkg/usr/share/bash-completion/completions'
 /usr/bin/install -c -m 644 bash-completion/raw bash-completion/swaplabel bash-completion/fdformat bash-completion/blockdev bash-completion/fdisk bash-completion/sfdisk bash-completion/cfdisk bash-completion/last bash-completion/utmpdump bash-completion/uuidgen bash-completion/uuidd bash-completion/lsblk bash-completion/lslocks bash-completion/rename bash-completion/chrt bash-completion/ionice bash-completion/taskset bash-completion/chcpu bash-completion/eject bash-completion/fallocate bash-completion/hwclock bash-completion/lscpu bash-completion/losetup bash-completion/mountpoint bash-completion/nsenter bash-completion/pivot_root bash-completion/swapon bash-completion/unshare bash-completion/wdctl bash-completion/blkdiscard bash-completion/ctrlaltdel bash-completion/dmesg bash-completion/fsfreeze bash-completion/fstrim bash-completion/ldattach bash-completion/rtcwake bash-completion/setarch bash-completion/zramctl bash-completion/mesg bash-completion/wall '/tmp/work/pkg/usr/share/bash-completion/completions'
libtool: install: /usr/bin/install -c mesg /tmp/work/pkg/usr/bin/mesg
 /usr/bin/install -c -m 644 bash-completion/setterm bash-completion/more bash-completion/pg bash-completion/ul '/tmp/work/pkg/usr/share/bash-completion/completions'
libtool: install: /usr/bin/install -c wall /tmp/work/pkg/usr/bin/wall
libtool: install: /usr/bin/install -c .libs/mountpoint /tmp/work/pkg/bin/mountpoint
 /bin/mkdir -p '/tmp/work/pkg/usr/share/doc/util-linux-2.27.1/getopt/'
libtool: install: /usr/bin/install -c last /tmp/work/pkg/usr/bin/last
 /usr/bin/install -c misc-utils/getopt-parse.bash misc-utils/getopt-parse.tcsh '/tmp/work/pkg/usr/share/doc/util-linux-2.27.1/getopt/'
libtool: install: /usr/bin/install -c .libs/swapon /tmp/work/pkg/sbin/swapon
libtool: install: /usr/bin/install -c utmpdump /tmp/work/pkg/usr/bin/utmpdump
 /bin/mkdir -p '/tmp/work/pkg/usr/share/man/man1'
 /usr/bin/install -c -m 644 schedutils/chrt.1 schedutils/ionice.1 schedutils/taskset.1 text-utils/col.1 text-utils/colcrt.1 text-utils/colrm.1 text-utils/column.1 text-utils/hexdump.1 text-utils/rev.1 text-utils/tailf.1 text-utils/pg.1 text-utils/ul.1 text-utils/more.1 term-utils/script.1 term-utils/scriptreplay.1 term-utils/setterm.1 term-utils/mesg.1 term-utils/wall.1 login-utils/last.1 login-utils/lastb.1 login-utils/utmpdump.1 login-utils/lslogins.1 sys-utils/flock.1 sys-utils/ipcmk.1 sys-utils/ipcrm.1 sys-utils/ipcs.1 sys-utils/lsipc.1 sys-utils/renice.1 sys-utils/setsid.1 sys-utils/dmesg.1 sys-utils/eject.1 sys-utils/prlimit.1 sys-utils/lscpu.1 sys-utils/mountpoint.1 sys-utils/fallocate.1 sys-utils/unshare.1 sys-utils/nsenter.1 misc-utils/cal.1 misc-utils/logger.1 misc-utils/look.1 '/tmp/work/pkg/usr/share/man/man1'
 /usr/bin/install -c -m 644 misc-utils/mcookie.1 misc-utils/namei.1 misc-utils/whereis.1 misc-utils/uuidgen.1 misc-utils/kill.1 misc-utils/rename.1 misc-utils/getopt.1 '/tmp/work/pkg/usr/share/man/man1'
libtool: install: /usr/bin/install -c .libs/lslogins /tmp/work/pkg/usr/bin/lslogins
libtool: install: /usr/bin/install -c .libs/lsblk /tmp/work/pkg/bin/lsblk
 /bin/mkdir -p '/tmp/work/pkg/usr/share/man/man3'
libtool: install: /usr/bin/install -c .libs/swapoff /tmp/work/pkg/sbin/swapoff
libtool: install: /usr/bin/install -c flock /tmp/work/pkg/usr/bin/flock
libtool: install: /usr/bin/install -c ipcmk /tmp/work/pkg/usr/bin/ipcmk
libtool: install: /usr/bin/install -c chcpu /tmp/work/pkg/sbin/chcpu
libtool: install: /usr/bin/install -c ipcrm /tmp/work/pkg/usr/bin/ipcrm
 /usr/bin/install -c -m 644 libuuid/man/uuid.3 libuuid/man/uuid_clear.3 libuuid/man/uuid_compare.3 libuuid/man/uuid_copy.3 libuuid/man/uuid_generate.3 libuuid/man/uuid_is_null.3 libuuid/man/uuid_parse.3 libuuid/man/uuid_time.3 libuuid/man/uuid_unparse.3 libuuid/man/uuid_generate_random.3 libuuid/man/uuid_generate_time.3 libuuid/man/uuid_generate_time_safe.3 libblkid/libblkid.3 '/tmp/work/pkg/usr/share/man/man3'
libtool: install: /usr/bin/install -c pivot_root /tmp/work/pkg/sbin/pivot_root
libtool: install: /usr/bin/install -c ipcs /tmp/work/pkg/usr/bin/ipcs
libtool: install: /usr/bin/install -c switch_root /tmp/work/pkg/sbin/switch_root
 /bin/mkdir -p '/tmp/work/pkg/usr/share/man/man5'
libtool: install: /usr/bin/install -c hwclock /tmp/work/pkg/sbin/hwclock
libtool: install: /usr/bin/install -c .libs/findmnt /tmp/work/pkg/bin/findmnt
 /usr/bin/install -c -m 644 lib/terminal-colors.d.5 sys-utils/fstab.5 '/tmp/work/pkg/usr/share/man/man5'
libtool: install: /usr/bin/install -c kill /tmp/work/pkg/bin/kill
libtool: install: /usr/bin/install -c .libs/lsipc /tmp/work/pkg/usr/bin/lsipc
 /bin/mkdir -p '/tmp/work/pkg/usr/share/man/man8'
 /bin/mkdir -p '/tmp/work/pkg/usr/include/blkid'
libtool: install: /usr/bin/install -c renice /tmp/work/pkg/usr/bin/renice
 /usr/bin/install -c -m 644 ./libblkid/src/blkid.h '/tmp/work/pkg/usr/include/blkid'
libtool: install: /usr/bin/install -c setsid /tmp/work/pkg/usr/bin/setsid
libtool: install: /usr/bin/install -c .libs/blkid /tmp/work/pkg/sbin/blkid
 /bin/mkdir -p '/tmp/work/pkg/usr/include/libfdisk'
libtool: install: /usr/bin/install -c .libs/libblkid.so.1.1.0T /tmp/work/pkg/usr/lib/libblkid.so.1.1.0
 /usr/bin/install -c -m 644 term-utils/agetty.8 login-utils/sulogin.8 sys-utils/readprofile.8 sys-utils/fstrim.8 sys-utils/ctrlaltdel.8 sys-utils/fsfreeze.8 sys-utils/blkdiscard.8 sys-utils/ldattach.8 sys-utils/rtcwake.8 sys-utils/setarch.8 sys-utils/losetup.8 sys-utils/zramctl.8 sys-utils/mount.8 sys-utils/umount.8 sys-utils/swapoff.8 sys-utils/swapon.8 sys-utils/chcpu.8 sys-utils/wdctl.8 sys-utils/pivot_root.8 sys-utils/switch_root.8 sys-utils/hwclock.8 misc-utils/lslocks.8 misc-utils/lsblk.8 misc-utils/uuidd.8 misc-utils/blkid.8 misc-utils/findfs.8 misc-utils/wipefs.8 misc-utils/findmnt.8 disk-utils/fsck.minix.8 disk-utils/mkfs.minix.8 disk-utils/mkfs.8 disk-utils/isosize.8 disk-utils/mkfs.bfs.8 disk-utils/mkswap.8 disk-utils/swaplabel.8 disk-utils/fsck.8 disk-utils/raw.8 disk-utils/fsck.cramfs.8 disk-utils/mkfs.cramfs.8 disk-utils/fdformat.8 '/tmp/work/pkg/usr/share/man/man8'
libtool: install: /usr/bin/install -c setarch /tmp/work/pkg/usr/bin/setarch
libtool: install: (cd /tmp/work/pkg/usr/lib && { ln -s -f libblkid.so.1.1.0 libblkid.so.1 || { rm -f libblkid.so.1 && ln -s libblkid.so.1.1.0 libblkid.so.1; }; })
 /usr/bin/install -c -m 644 ./libfdisk/src/libfdisk.h '/tmp/work/pkg/usr/include/libfdisk'
libtool: install: (cd /tmp/work/pkg/usr/lib && { ln -s -f libblkid.so.1.1.0 libblkid.so || { rm -f libblkid.so && ln -s libblkid.so.1.1.0 libblkid.so; }; })
 /usr/bin/install -c -m 644 disk-utils/blockdev.8 disk-utils/fdisk.8 disk-utils/sfdisk.8 disk-utils/cfdisk.8 disk-utils/addpart.8 disk-utils/delpart.8 disk-utils/resizepart.8 disk-utils/partx.8 sys-utils/uname26.8 sys-utils/linux32.8 sys-utils/linux64.8 '/tmp/work/pkg/usr/share/man/man8'
libtool: install: /usr/bin/install -c .libs/libblkid.lai /tmp/work/pkg/usr/lib/libblkid.la
 /bin/mkdir -p '/tmp/work/pkg/usr/include/libmount'
 /bin/mkdir -p '/tmp/work/pkg/usr/include/libsmartcols'
 /usr/bin/install -c -m 644 ./libsmartcols/src/libsmartcols.h '/tmp/work/pkg/usr/include/libsmartcols'
 /usr/bin/install -c -m 644 ./libmount/src/libmount.h '/tmp/work/pkg/usr/include/libmount'
libtool: install: (cd /tmp/work/src/util-linux-2.27.1; /bin/sh /tmp/work/src/util-linux-2.27.1/libtool  --silent --tag CC --mode=relink gcc -I./libblkid/src -I./libmount/src -I./libmount/src -U_FORTIFY_SOURCE -march=armv7-a -mfloat-abi=hard -mfpu=vfpv3-d16 -O2 -pipe -Wl,--version-script=./libmount/src/libmount.sym -version-info 2:0:1 -o libmount.la -rpath /usr/lib lib/libmount_la-monotonic.lo libmount/src/libmount_la-cache.lo libmount/src/libmount_la-fs.lo libmount/src/libmount_la-init.lo libmount/src/libmount_la-iter.lo libmount/src/libmount_la-lock.lo libmount/src/libmount_la-optmap.lo libmount/src/libmount_la-optstr.lo libmount/src/libmount_la-tab.lo libmount/src/libmount_la-tab_diff.lo libmount/src/libmount_la-tab_parse.lo libmount/src/libmount_la-tab_update.lo libmount/src/libmount_la-test.lo libmount/src/libmount_la-utils.lo libmount/src/libmount_la-version.lo libmount/src/libmount_la-context.lo libmount/src/libmount_la-context_loopdev.lo libmount/src/libmount_la-context_mount.lo libmount/src/libmount_la-context_umount.lo libmount/src/libmount_la-monitor.lo libcommon.la libblkid.la -lrt -inst-prefix-dir /tmp/work/pkg)
 /bin/mkdir -p '/tmp/work/pkg/usr/lib/pkgconfig'
libtool: install: /usr/bin/install -c .libs/findfs /tmp/work/pkg/sbin/findfs
 /usr/bin/install -c -m 644 libuuid/uuid.pc libblkid/blkid.pc libmount/mount.pc libsmartcols/smartcols.pc libfdisk/fdisk.pc '/tmp/work/pkg/usr/lib/pkgconfig'
 /bin/mkdir -p '/tmp/work/pkg/usr/include/uuid'
libtool: install: /usr/bin/install -c .libs/eject /tmp/work/pkg/usr/bin/eject
 /usr/bin/install -c -m 644 libuuid/src/uuid.h '/tmp/work/pkg/usr/include/uuid'
/usr/bin/make  install-data-hook
libtool: install: /usr/bin/install -c .libs/wipefs /tmp/work/pkg/sbin/wipefs
libtool: install: /usr/bin/install -c .libs/prlimit /tmp/work/pkg/usr/bin/prlimit
libtool: install: /usr/bin/install -c fsck.minix /tmp/work/pkg/sbin/fsck.minix
libtool: install: /usr/bin/install -c mkfs.minix /tmp/work/pkg/sbin/mkfs.minix
libtool: install: /usr/bin/install -c mkfs /tmp/work/pkg/sbin/mkfs
libtool: install: /usr/bin/install -c mkfs.bfs /tmp/work/pkg/sbin/mkfs.bfs
libtool: install: /usr/bin/install -c .libs/lscpu /tmp/work/pkg/usr/bin/lscpu
libtool: install: /usr/bin/install -c fallocate /tmp/work/pkg/usr/bin/fallocate
libtool: install: /usr/bin/install -c unshare /tmp/work/pkg/usr/bin/unshare
libtool: install: /usr/bin/install -c nsenter /tmp/work/pkg/usr/bin/nsenter
libtool: install: /usr/bin/install -c cal /tmp/work/pkg/usr/bin/cal
libtool: install: /usr/bin/install -c .libs/mkswap /tmp/work/pkg/sbin/mkswap
libtool: install: /usr/bin/install -c logger /tmp/work/pkg/usr/bin/logger
libtool: install: /usr/bin/install -c look /tmp/work/pkg/usr/bin/look
libtool: install: /usr/bin/install -c mcookie /tmp/work/pkg/usr/bin/mcookie
libtool: install: /usr/bin/install -c namei /tmp/work/pkg/usr/bin/namei
make[4]: Entering directory '/tmp/work/src/util-linux-2.27.1'
make[4]: Nothing to be done for 'install-data-hook'.
make[4]: Leaving directory '/tmp/work/src/util-linux-2.27.1'
libtool: install: /usr/bin/install -c whereis /tmp/work/pkg/usr/bin/whereis
libtool: install: /usr/bin/install -c .libs/swaplabel /tmp/work/pkg/sbin/swaplabel
libtool: install: /usr/bin/install -c .libs/lslocks /tmp/work/pkg/usr/bin/lslocks
libtool: install: /usr/bin/install -c .libs/fsck /tmp/work/pkg/sbin/fsck
libtool: install: /usr/bin/install -c .libs/libmount.so.1.1.0T /tmp/work/pkg/usr/lib/libmount.so.1.1.0
libtool: install: /usr/bin/install -c raw /tmp/work/pkg/sbin/raw
libtool: install: (cd /tmp/work/pkg/usr/lib && { ln -s -f libmount.so.1.1.0 libmount.so.1 || { rm -f libmount.so.1 && ln -s libmount.so.1.1.0 libmount.so.1; }; })
libtool: install: (cd /tmp/work/pkg/usr/lib && { ln -s -f libmount.so.1.1.0 libmount.so || { rm -f libmount.so && ln -s libmount.so.1.1.0 libmount.so; }; })
libtool: install: /usr/bin/install -c fsck.cramfs /tmp/work/pkg/sbin/fsck.cramfs
libtool: install: /usr/bin/install -c .libs/libmount.lai /tmp/work/pkg/usr/lib/libmount.la
libtool: install: /usr/bin/install -c .libs/libsmartcols.so.1.1.0 /tmp/work/pkg/usr/lib/libsmartcols.so.1.1.0
libtool: install: /usr/bin/install -c mkfs.cramfs /tmp/work/pkg/sbin/mkfs.cramfs
libtool: install: /usr/bin/install -c .libs/uuidgen /tmp/work/pkg/usr/bin/uuidgen
libtool: install: (cd /tmp/work/pkg/usr/lib && { ln -s -f libsmartcols.so.1.1.0 libsmartcols.so.1 || { rm -f libsmartcols.so.1 && ln -s libsmartcols.so.1.1.0 libsmartcols.so.1; }; })
libtool: install: (cd /tmp/work/pkg/usr/lib && { ln -s -f libsmartcols.so.1.1.0 libsmartcols.so || { rm -f libsmartcols.so && ln -s libsmartcols.so.1.1.0 libsmartcols.so; }; })
libtool: install: /usr/bin/install -c blockdev /tmp/work/pkg/sbin/blockdev
libtool: install: /usr/bin/install -c rename /tmp/work/pkg/usr/bin/rename
libtool: install: /usr/bin/install -c .libs/libsmartcols.lai /tmp/work/pkg/usr/lib/libsmartcols.la
libtool: install: /usr/bin/install -c getopt /tmp/work/pkg/usr/bin/getopt
libtool: install: /usr/bin/install -c isosize /tmp/work/pkg/usr/bin/isosize
libtool: install: (cd /tmp/work/src/util-linux-2.27.1; /bin/sh /tmp/work/src/util-linux-2.27.1/libtool  --silent --tag CC --mode=relink gcc -I./libuuid/src -I./libfdisk/src -I./libfdisk/src -I./libblkid/src -U_FORTIFY_SOURCE -march=armv7-a -mfloat-abi=hard -mfpu=vfpv3-d16 -O2 -pipe -Wl,--version-script=./libfdisk/src/libfdisk.sym -version-info 2:0:1 -o libfdisk.la -rpath /usr/lib libfdisk/src/libfdisk_la-init.lo libfdisk/src/libfdisk_la-test.lo libfdisk/src/libfdisk_la-ask.lo libfdisk/src/libfdisk_la-alignment.lo libfdisk/src/libfdisk_la-label.lo libfdisk/src/libfdisk_la-utils.lo libfdisk/src/libfdisk_la-context.lo libfdisk/src/libfdisk_la-parttype.lo libfdisk/src/libfdisk_la-partition.lo libfdisk/src/libfdisk_la-table.lo libfdisk/src/libfdisk_la-iter.lo libfdisk/src/libfdisk_la-script.lo libfdisk/src/libfdisk_la-version.lo libfdisk/src/libfdisk_la-sun.lo libfdisk/src/libfdisk_la-sgi.lo libfdisk/src/libfdisk_la-dos.lo libfdisk/src/libfdisk_la-bsd.lo libfdisk/src/libfdisk_la-gpt.lo libcommon.la libuuid.la libblkid.la -inst-prefix-dir /tmp/work/pkg)
libtool: install: /usr/bin/install -c .libs/fdisk /tmp/work/pkg/sbin/fdisk
libtool: install: /usr/bin/install -c .libs/sfdisk /tmp/work/pkg/sbin/sfdisk
libtool: install: /usr/bin/install -c .libs/cfdisk /tmp/work/pkg/sbin/cfdisk
libtool: install: /usr/bin/install -c .libs/libfdisk.so.1.1.0T /tmp/work/pkg/usr/lib/libfdisk.so.1.1.0
libtool: install: (cd /tmp/work/pkg/usr/lib && { ln -s -f libfdisk.so.1.1.0 libfdisk.so.1 || { rm -f libfdisk.so.1 && ln -s libfdisk.so.1.1.0 libfdisk.so.1; }; })
libtool: install: (cd /tmp/work/pkg/usr/lib && { ln -s -f libfdisk.so.1.1.0 libfdisk.so || { rm -f libfdisk.so && ln -s libfdisk.so.1.1.0 libfdisk.so; }; })
libtool: install: /usr/bin/install -c .libs/libfdisk.lai /tmp/work/pkg/usr/lib/libfdisk.la
/usr/bin/make  install-exec-hook
make[4]: Entering directory '/tmp/work/src/util-linux-2.27.1'
if test "/usr/lib" != "/lib" -a -f "/tmp/work/pkg/usr/lib/libuuid.so"; then \
	mkdir -p /tmp/work/pkg/lib; \
	mv /tmp/work/pkg/usr/lib/libuuid.so.* /tmp/work/pkg/lib; \
	so_img_name=$(readlink /tmp/work/pkg/usr/lib/libuuid.so); \
	so_img_rel_target=$(echo /usr/lib | sed 's,\(^/\|\)[^/][^/]*,..,g'); \
	(cd /tmp/work/pkg/usr/lib && \
		rm -f libuuid.so && \
		ln -s $so_img_rel_target/lib/$so_img_name libuuid.so); \
fi
if test "/usr/lib" != "/lib" -a -f "/tmp/work/pkg/usr/lib/libblkid.so"; then \
	mkdir -p /tmp/work/pkg/lib; \
	mv /tmp/work/pkg/usr/lib/libblkid.so.* /tmp/work/pkg/lib; \
	so_img_name=$(readlink /tmp/work/pkg/usr/lib/libblkid.so); \
	so_img_rel_target=$(echo /usr/lib | sed 's,\(^/\|\)[^/][^/]*,..,g'); \
	(cd /tmp/work/pkg/usr/lib && \
		rm -f libblkid.so && \
		ln -s $so_img_rel_target/lib/$so_img_name libblkid.so); \
fi
if test "/usr/lib" != "/lib" -a -f "/tmp/work/pkg/usr/lib/libmount.so"; then \
	mkdir -p /tmp/work/pkg/lib; \
	mv /tmp/work/pkg/usr/lib/libmount.so.* /tmp/work/pkg/lib; \
	so_img_name=$(readlink /tmp/work/pkg/usr/lib/libmount.so); \
	so_img_rel_target=$(echo /usr/lib | sed 's,\(^/\|\)[^/][^/]*,..,g'); \
	(cd /tmp/work/pkg/usr/lib && \
		rm -f libmount.so && \
		ln -s $so_img_rel_target/lib/$so_img_name libmount.so); \
fi
if test "/usr/lib" != "/lib" -a -f "/tmp/work/pkg/usr/lib/libsmartcols.so"; then \
	mkdir -p /tmp/work/pkg/lib; \
	mv /tmp/work/pkg/usr/lib/libsmartcols.so.* /tmp/work/pkg/lib; \
	so_img_name=$(readlink /tmp/work/pkg/usr/lib/libsmartcols.so); \
	so_img_rel_target=$(echo /usr/lib | sed 's,\(^/\|\)[^/][^/]*,..,g'); \
	(cd /tmp/work/pkg/usr/lib && \
		rm -f libsmartcols.so && \
		ln -s $so_img_rel_target/lib/$so_img_name libsmartcols.so); \
fi
if test "/usr/lib" != "/lib" -a -f "/tmp/work/pkg/usr/lib/libfdisk.so"; then \
	mkdir -p /tmp/work/pkg/lib; \
	mv /tmp/work/pkg/usr/lib/libfdisk.so.* /tmp/work/pkg/lib; \
	so_img_name=$(readlink /tmp/work/pkg/usr/lib/libfdisk.so); \
	so_img_rel_target=$(echo /usr/lib | sed 's,\(^/\|\)[^/][^/]*,..,g'); \
	(cd /tmp/work/pkg/usr/lib && \
		rm -f libfdisk.so && \
		ln -s $so_img_rel_target/lib/$so_img_name libfdisk.so); \
fi
chgrp tty /tmp/work/pkg/usr/bin/wall
cd /tmp/work/pkg/usr/bin && ln -sf last lastb
for I in uname26 linux32 linux64        ; do \
	cd /tmp/work/pkg/usr/bin && ln -sf setarch $I ; \
done
chmod 4755 /tmp/work/pkg/bin/mount
chmod 4755 /tmp/work/pkg/bin/umount
chmod g+s /tmp/work/pkg/usr/bin/wall
make[4]: Leaving directory '/tmp/work/src/util-linux-2.27.1'
make[3]: Leaving directory '/tmp/work/src/util-linux-2.27.1'
make[2]: Leaving directory '/tmp/work/src/util-linux-2.27.1'
make[1]: Leaving directory '/tmp/work/src/util-linux-2.27.1'
=======> util-linux arşivine üstbilgiler ekleniyor.
=======> util-linux#2.27.1-armv7l.mps sıkıştırılıyor.
