=======> isim: wpa-supplicant
=======> surum: 2.5
=======> devir: 1
=======> grup: wpa
=======> İndiriliyor http://hostap.epitest.fi/releases/wpa_supplicant-2.5.tar.gz
=======> kayıt:/sources/wpa_supplicant-2.5.tar.gz
hash kontrol dosyası yok-hash kontrolü yapılmayacak.
=======> Derleniyor '/root/milis-arm/genel/wpa-supplicant/wpa-supplicant#2.5-armv7l.mps.lz'.
tar -p -C /tmp/work/src -xf /sources/wpa_supplicant-2.5.tar.gz
  CC  notify.c
  CC  bss.c
  CC  eap_register.c
  CC  config.c
  CC  ../src/utils/common.c
  CC  ../src/utils/wpa_debug.c
  CC  ../src/utils/wpabuf.c
  CC  ../src/utils/os_unix.c
  CC  wmm_ac.c
  CC  ../src/utils/eloop.c
  CC  config_file.c
  CC  ../src/rsn_supp/preauth.c
  CC  ../src/rsn_supp/wpa.c
  CC  ../src/rsn_supp/pmksa_cache.c
  CC  ../src/rsn_supp/wpa_ie.c
  CC  ../src/rsn_supp/peerkey.c
  CC  ../src/eap_peer/eap_tls.c
  CC  ../src/common/wpa_common.c
  CC  ../src/eap_common/eap_peap_common.c
  CC  ../src/eap_peer/eap_peap.c
  CC  ../src/eap_peer/eap_md5.c
  CC  ../src/eap_peer/eap_ttls.c
  CC  ../src/eap_peer/mschapv2.c
  CC  ../src/eap_peer/eap_mschapv2.c
  CC  ../src/eap_peer/eap_gtc.c
  CC  ../src/eap_peer/eap_otp.c
  CC  ../src/eap_peer/eap_leap.c
  CC  ../src/utils/uuid.c
  CC  ../src/eap_peer/eap_wsc.c
  CC  wps_supplicant.c
  CC  ../src/eap_common/eap_wsc_common.c
  CC  ../src/wps/wps.c
  CC  ../src/wps/wps_common.c
  CC  ../src/wps/wps_attr_parse.c
  CC  ../src/wps/wps_attr_build.c
  CC  ../src/wps/wps_attr_process.c
  CC  ../src/wps/wps_dev_attr.c
  CC  ../src/wps/wps_enrollee.c
  CC  ../src/eapol_supp/eapol_supp_sm.c
  CC  ../src/wps/wps_registrar.c
  CC  ../src/eap_peer/eap_methods.c
  CC  ../src/crypto/ms_funcs.c
  CC  ../src/eap_peer/eap.c
  CC  ../src/eap_common/chap.c
  CC  ../src/eap_peer/eap_tls_common.c
  CC  ../src/crypto/crypto_openssl.c
  CC  ../src/crypto/sha256-prf.c
  CC  ../src/crypto/tls_openssl.c
  CC  ../src/crypto/sha256-tlsprf.c
  CC  ../src/crypto/dh_groups.c
  CC  ../src/crypto/random.c
  CC  ctrl_iface_unix.c
  CC  ctrl_iface.c
=======> isim: wpa-supplicant
=======> surum: 2.5
=======> devir: 1
=======> grup: wpa
hash kontrol dosyası yok-hash kontrolü yapılmayacak.
=======> Derleniyor '/root/milis-arm/genel/wpa-supplicant/wpa-supplicant#2.5-armv7l.mps.lz'.
tar -p -C /tmp/work/src -xf /sources/wpa_supplicant-2.5.tar.gz
  CC  notify.c
  CC  bss.c
  CC  eap_register.c
  CC  config.c
  CC  ../src/utils/common.c
  CC  ../src/utils/wpa_debug.c
  CC  ../src/utils/wpabuf.c
  CC  ../src/utils/os_unix.c
  CC  wmm_ac.c
  CC  ../src/utils/eloop.c
  CC  config_file.c
  CC  ../src/rsn_supp/preauth.c
  CC  ../src/rsn_supp/wpa.c
  CC  ../src/rsn_supp/pmksa_cache.c
  CC  ../src/rsn_supp/wpa_ie.c
  CC  ../src/rsn_supp/peerkey.c
  CC  ../src/eap_peer/eap_tls.c
  CC  ../src/common/wpa_common.c
  CC  ../src/eap_common/eap_peap_common.c
  CC  ../src/eap_peer/eap_peap.c
  CC  ../src/eap_peer/eap_md5.c
  CC  ../src/eap_peer/eap_ttls.c
  CC  ../src/eap_peer/mschapv2.c
  CC  ../src/eap_peer/eap_mschapv2.c
  CC  ../src/eap_peer/eap_gtc.c
  CC  ../src/eap_peer/eap_otp.c
  CC  ../src/eap_peer/eap_leap.c
  CC  ../src/utils/uuid.c
  CC  ../src/eap_peer/eap_wsc.c
  CC  wps_supplicant.c
  CC  ../src/eap_common/eap_wsc_common.c
  CC  ../src/wps/wps.c
  CC  ../src/wps/wps_common.c
  CC  ../src/wps/wps_attr_parse.c
  CC  ../src/wps/wps_attr_build.c
  CC  ../src/wps/wps_attr_process.c
  CC  ../src/wps/wps_dev_attr.c
  CC  ../src/wps/wps_enrollee.c
  CC  ../src/eapol_supp/eapol_supp_sm.c
  CC  ../src/wps/wps_registrar.c
  CC  ../src/eap_peer/eap_methods.c
  CC  ../src/crypto/ms_funcs.c
  CC  ../src/eap_peer/eap.c
  CC  ../src/eap_common/chap.c
  CC  ../src/eap_peer/eap_tls_common.c
  CC  ../src/crypto/crypto_openssl.c
  CC  ../src/crypto/sha256-prf.c
  CC  ../src/crypto/tls_openssl.c
  CC  ../src/crypto/sha256-tlsprf.c
  CC  ../src/crypto/dh_groups.c
  CC  ../src/crypto/random.c
  CC  ctrl_iface_unix.c
  CC  dbus/dbus_old.c
  CC  dbus/dbus_old_handlers.c
  CC  dbus/dbus_old_handlers_wps.c
  CC  ctrl_iface.c
  CC  dbus/dbus_dict_helpers.c
  CC  dbus/dbus_new_helpers.c
  CC  dbus/dbus_new.c
  CC  dbus/dbus_new_handlers_wps.c
  CC  dbus/dbus_new_introspect.c
  CC  dbus/dbus_common.c
  CC  ../src/utils/base64.c
  CC  dbus/dbus_new_handlers.c
  CC  ../src/common/ieee802_11_common.c
  CC  sme.c
  CC  ../src/eap_common/eap_common.c
  CC  ../src/common/hw_features_common.c
  CC  ../src/crypto/sha1-prf.c
  CC  ../src/crypto/sha1-tlsprf.c
  CC  ../src/drivers/driver_common.c
  CC  events.c
  CC  blacklist.c
  CC  wpa_supplicant.c
  CC  wpas_glue.c
  CC  main.c
  CC  scan.c
  CC  ../src/drivers/driver_wext.c
  CC  ../src/drivers/driver_wired.c
  CC  ../src/drivers/driver_nl80211_capa.c
  CC  ../src/drivers/driver_nl80211_event.c
  CC  ../src/drivers/driver_nl80211_monitor.c
  CC  ../src/drivers/driver_nl80211_scan.c
  CC  ../src/utils/radiotap.c
  CC  ../src/drivers/netlink.c
  CC  ../src/drivers/driver_nl80211.c
  CC  ../src/drivers/linux_ioctl.c
  CC  ../src/drivers/rfkill.c
  CC  ../src/drivers/drivers.c
  CC  ../src/l2_packet/l2_packet_linux.c
  CC  ../src/common/wpa_ctrl.c
  CC  ../src/utils/edit_readline.c
  CC  wpa_passphrase.c
  sed systemd/wpa_supplicant.service.in
  sed systemd/wpa_supplicant.service.arg.in
  sed systemd/wpa_supplicant-nl80211.service.arg.in
  sed systemd/wpa_supplicant-wired.service.arg.in
  sed dbus/fi.epitest.hostap.WPASupplicant.service.in
  sed dbus/fi.w1.wpa_supplicant1.service.in
  LD  wpa_supplicant
  CC  wpa_cli.c
  LD  wpa_passphrase
  LD  wpa_cli
'wpa_cli' -> '/tmp/work/pkg/sbin/wpa_cli'
'wpa_passphrase' -> '/tmp/work/pkg/sbin/wpa_passphrase'
'wpa_supplicant' -> '/tmp/work/pkg/sbin/wpa_supplicant'
'doc/docbook/wpa_supplicant.conf.5' -> '/tmp/work/pkg/usr/share/man/man5/wpa_supplicant.conf.5'
'doc/docbook/wpa_cli.8' -> '/tmp/work/pkg/usr/share/man/man8/wpa_cli.8'
'doc/docbook/wpa_passphrase.8' -> '/tmp/work/pkg/usr/share/man/man8/wpa_passphrase.8'
'doc/docbook/wpa_supplicant.8' -> '/tmp/work/pkg/usr/share/man/man8/wpa_supplicant.8'
'dbus/fi.epitest.hostap.WPASupplicant.service' -> '/tmp/work/pkg/usr/share/dbus-1/system-services/fi.epitest.hostap.WPASupplicant.service'
'dbus/fi.w1.wpa_supplicant1.service' -> '/tmp/work/pkg/usr/share/dbus-1/system-services/fi.w1.wpa_supplicant1.service'
'dbus/dbus-wpa_supplicant.conf' -> '/tmp/work/pkg/etc/dbus-1/system.d/wpa_supplicant.conf'
=======> wpa-supplicant arşivine üstbilgiler ekleniyor.
=======> wpa-supplicant#2.5-armv7l.mps sıkıştırılıyor.
